<?xml version="1.0" encoding="UTF-8"?>
<testsuite name="com.adaptionsoft.games.trivia.SomeTest" tests="5" skipped="0" failures="0" errors="0" timestamp="2023-03-09T10:07:04" hostname="MacBook-Pro-de-Clement.local" time="0.025">
  <properties/>
  <testcase name="golden master should replace rock by techno()" classname="com.adaptionsoft.games.trivia.SomeTest" time="0.018"/>
  <testcase name="game should run if player are 2 or more and 6 or less()" classname="com.adaptionsoft.games.trivia.SomeTest" time="0.004"/>
  <testcase name="golden master()" classname="com.adaptionsoft.games.trivia.SomeTest" time="0.001"/>
  <testcase name="game should not run if player are more than 6()" classname="com.adaptionsoft.games.trivia.SomeTest" time="0.001"/>
  <testcase name="game should not run if player are less than 2()" classname="com.adaptionsoft.games.trivia.SomeTest" time="0.0"/>
  <system-out><![CDATA[Gatien was added
They are player number 1
Gatien was added
They are player number 2
Gatien is the current player
They have rolled a 5
Gatien's new location is 5
The category is SCIENCE
Science Question 0
Answer was corrent!!!!
Gatien now has 1 Gold Coins.
Gatien is the current player
They have rolled a 5
Gatien's new location is 5
The category is SCIENCE
Science Question 1
Answer was corrent!!!!
Gatien now has 1 Gold Coins.
Gatien is the current player
They have rolled a 5
Gatien's new location is 10
The category is SPORT
Sports Question 0
Answer was corrent!!!!
Gatien now has 2 Gold Coins.
Gatien is the current player
They have rolled a 5
Gatien's new location is 10
The category is SPORT
Sports Question 1
Answer was corrent!!!!
Gatien now has 2 Gold Coins.
Gatien is the current player
They have rolled a 5
Gatien's new location is 3
The category is TECHNO
Techno Question 0
Answer was corrent!!!!
Gatien now has 3 Gold Coins.
Gatien is the current player
They have rolled a 5
Gatien's new location is 3
The category is TECHNO
Techno Question 1
Answer was corrent!!!!
Gatien now has 3 Gold Coins.
Gatien is the current player
They have rolled a 5
Gatien's new location is 8
The category is POP
Pop Question 0
Answer was corrent!!!!
Gatien now has 4 Gold Coins.
Gatien is the current player
They have rolled a 5
Gatien's new location is 8
The category is POP
Pop Question 1
Answer was corrent!!!!
Gatien now has 4 Gold Coins.
Gatien is the current player
They have rolled a 5
Gatien's new location is 1
The category is SCIENCE
Science Question 2
Answer was corrent!!!!
Gatien now has 5 Gold Coins.
Gatien is the current player
They have rolled a 5
Gatien's new location is 1
The category is SCIENCE
Science Question 3
Answer was corrent!!!!
Gatien now has 5 Gold Coins.
Gatien is the current player
They have rolled a 5
Gatien's new location is 6
The category is SPORT
Sports Question 2
Answer was corrent!!!!
Gatien now has 6 Gold Coins.
Gatien was added
They are player number 1
Gatien was added
They are player number 2
Gatien was added
They are player number 3
Gatien is the current player
They have rolled a 5
Gatien's new location is 5
The category is SCIENCE
Science Question 0
Answer was corrent!!!!
Gatien now has 1 Gold Coins.
Gatien is the current player
They have rolled a 5
Gatien's new location is 5
The category is SCIENCE
Science Question 1
Answer was corrent!!!!
Gatien now has 1 Gold Coins.
Gatien is the current player
They have rolled a 5
Gatien's new location is 5
The category is SCIENCE
Science Question 2
Answer was corrent!!!!
Gatien now has 1 Gold Coins.
Gatien is the current player
They have rolled a 5
Gatien's new location is 10
The category is SPORT
Sports Question 0
Answer was corrent!!!!
Gatien now has 2 Gold Coins.
Gatien is the current player
They have rolled a 5
Gatien's new location is 10
The category is SPORT
Sports Question 1
Answer was corrent!!!!
Gatien now has 2 Gold Coins.
Gatien is the current player
They have rolled a 5
Gatien's new location is 10
The category is SPORT
Sports Question 2
Answer was corrent!!!!
Gatien now has 2 Gold Coins.
Gatien is the current player
They have rolled a 5
Gatien's new location is 3
The category is ROCK
Rock Question 0
Answer was corrent!!!!
Gatien now has 3 Gold Coins.
Gatien is the current player
They have rolled a 5
Gatien's new location is 3
The category is ROCK
Rock Question 1
Answer was corrent!!!!
Gatien now has 3 Gold Coins.
Gatien is the current player
They have rolled a 5
Gatien's new location is 3
The category is ROCK
Rock Question 2
Answer was corrent!!!!
Gatien now has 3 Gold Coins.
Gatien is the current player
They have rolled a 5
Gatien's new location is 8
The category is POP
Pop Question 0
Answer was corrent!!!!
Gatien now has 4 Gold Coins.
Gatien is the current player
They have rolled a 5
Gatien's new location is 8
The category is POP
Pop Question 1
Answer was corrent!!!!
Gatien now has 4 Gold Coins.
Gatien is the current player
They have rolled a 5
Gatien's new location is 8
The category is POP
Pop Question 2
Answer was corrent!!!!
Gatien now has 4 Gold Coins.
Gatien is the current player
They have rolled a 5
Gatien's new location is 1
The category is SCIENCE
Science Question 3
Answer was corrent!!!!
Gatien now has 5 Gold Coins.
Gatien is the current player
They have rolled a 5
Gatien's new location is 1
The category is SCIENCE
Science Question 4
Answer was corrent!!!!
Gatien now has 5 Gold Coins.
Gatien is the current player
They have rolled a 5
Gatien's new location is 1
The category is SCIENCE
Science Question 5
Answer was corrent!!!!
Gatien now has 5 Gold Coins.
Gatien is the current player
They have rolled a 5
Gatien's new location is 6
The category is SPORT
Sports Question 3
Answer was corrent!!!!
Gatien now has 6 Gold Coins.
Gatien was added
They are player number 1
Gatien was added
They are player number 2
Gatien is the current player
They have rolled a 5
Gatien's new location is 5
The category is SCIENCE
Science Question 0
Answer was corrent!!!!
Gatien now has 1 Gold Coins.
Gatien is the current player
They have rolled a 5
Gatien's new location is 5
The category is SCIENCE
Science Question 1
Answer was corrent!!!!
Gatien now has 1 Gold Coins.
Gatien is the current player
They have rolled a 5
Gatien's new location is 10
The category is SPORT
Sports Question 0
Answer was corrent!!!!
Gatien now has 2 Gold Coins.
Gatien is the current player
They have rolled a 5
Gatien's new location is 10
The category is SPORT
Sports Question 1
Answer was corrent!!!!
Gatien now has 2 Gold Coins.
Gatien is the current player
They have rolled a 5
Gatien's new location is 3
The category is ROCK
Rock Question 0
Answer was corrent!!!!
Gatien now has 3 Gold Coins.
Gatien is the current player
They have rolled a 5
Gatien's new location is 3
The category is ROCK
Rock Question 1
Answer was corrent!!!!
Gatien now has 3 Gold Coins.
Gatien is the current player
They have rolled a 5
Gatien's new location is 8
The category is POP
Pop Question 0
Answer was corrent!!!!
Gatien now has 4 Gold Coins.
Gatien is the current player
They have rolled a 5
Gatien's new location is 8
The category is POP
Pop Question 1
Answer was corrent!!!!
Gatien now has 4 Gold Coins.
Gatien is the current player
They have rolled a 5
Gatien's new location is 1
The category is SCIENCE
Science Question 2
Answer was corrent!!!!
Gatien now has 5 Gold Coins.
Gatien is the current player
They have rolled a 5
Gatien's new location is 1
The category is SCIENCE
Science Question 3
Answer was corrent!!!!
Gatien now has 5 Gold Coins.
Gatien is the current player
They have rolled a 5
Gatien's new location is 6
The category is SPORT
Sports Question 2
Answer was corrent!!!!
Gatien now has 6 Gold Coins.
Gatien was added
They are player number 1
Gatien was added
They are player number 2
Gatien was added
They are player number 3
Gatien was added
They are player number 4
Gatien was added
They are player number 5
Gatien was added
They are player number 1
]]></system-out>
  <system-err><![CDATA[]]></system-err>
</testsuite>
