<?xml version="1.0" encoding="UTF-8"?>
<testsuite name="com.adaptionsoft.games.trivia.SomeTest" tests="17" skipped="0" failures="0" errors="0" timestamp="2023-03-17T11:38:17" hostname="MacBook-Pro-de-Clement.local" time="0.078">
  <properties/>
  <testcase name="player can use joker, doesn't answer and doesn't win gold()" classname="com.adaptionsoft.games.trivia.SomeTest" time="0.017"/>
  <testcase name="game with less than 6 gold should throw()" classname="com.adaptionsoft.games.trivia.SomeTest" time="0.002"/>
  <testcase name="when using expansion pack, specific categories must be played()" classname="com.adaptionsoft.games.trivia.SomeTest" time="0.044"/>
  <testcase name="game should run if player are 2 or more and 6 or less()" classname="com.adaptionsoft.games.trivia.SomeTest" time="0.002"/>
  <testcase name="cannot replay game if no game has been played()" classname="com.adaptionsoft.games.trivia.SomeTest" time="0.001"/>
  <testcase name="should quit prison()" classname="com.adaptionsoft.games.trivia.SomeTest" time="0.001"/>
  <testcase name="game should not run if player are more than 6()" classname="com.adaptionsoft.games.trivia.SomeTest" time="0.001"/>
  <testcase name="game should not run if player are less than 2()" classname="com.adaptionsoft.games.trivia.SomeTest" time="0.0"/>
  <testcase name="player doesn't want to answer the question and leave the game()" classname="com.adaptionsoft.games.trivia.SomeTest" time="0.001"/>
  <testcase name="game with 6 gold should not throw()" classname="com.adaptionsoft.games.trivia.SomeTest" time="0.001"/>
  <testcase name="should stay in prison()" classname="com.adaptionsoft.games.trivia.SomeTest" time="0.001"/>
  <testcase name="game more than 6 gold should not throw()" classname="com.adaptionsoft.games.trivia.SomeTest" time="0.002"/>
  <testcase name="number of questions should be infinite()" classname="com.adaptionsoft.games.trivia.SomeTest" time="0.002"/>
  <testcase name="when NOT using expansion pack, specific categories MUST NOT be played()" classname="com.adaptionsoft.games.trivia.SomeTest" time="0.001"/>
  <testcase name="without replacing category is rock and not techno()" classname="com.adaptionsoft.games.trivia.SomeTest" time="0.0"/>
  <testcase name="game can be replayed()" classname="com.adaptionsoft.games.trivia.SomeTest" time="0.0"/>
  <testcase name="should replace rock by techno()" classname="com.adaptionsoft.games.trivia.SomeTest" time="0.0"/>
  <system-out><![CDATA[Gatien was added
They are player number 1
Louis was added
They are player number 2
Gatien is the current player
They have rolled a 5
Gatien's new location is 5
The category is SCIENCE
Science Question 0
Answer was corrent!!!!
Gatien now has 1 Gold Coins.
Louis is the current player
They have rolled a 2
Louis's new location is 2
The category is SPORT
Louis uses his joker
Gatien is the current player
They have rolled a 5
Gatien's new location is 10
The category is SPORT
Sports Question 0
Answer was corrent!!!!
Gatien now has 2 Gold Coins.
Louis is the current player
They have rolled a 5
Louis's new location is 7
The category is ROCK
Louis uses his joker
Gatien is the current player
They have rolled a 2
Gatien's new location is 0
The category is POP
Pop Question 0
Answer was corrent!!!!
Gatien now has 3 Gold Coins.
Louis is the current player
They have rolled a 4
Louis's new location is 11
The category is ROCK
Louis uses his joker
Gatien is the current player
They have rolled a 1
Gatien's new location is 1
The category is SCIENCE
Science Question 1
Answer was corrent!!!!
Gatien now has 4 Gold Coins.
Louis is the current player
They have rolled a 1
Louis's new location is 0
The category is POP
Louis uses his joker
Gatien is the current player
They have rolled a 4
Gatien's new location is 5
The category is SCIENCE
Science Question 2
Answer was corrent!!!!
Gatien now has 5 Gold Coins.
Louis is the current player
They have rolled a 5
Louis's new location is 5
The category is SCIENCE
Louis uses his joker
Gatien is the current player
They have rolled a 1
Gatien's new location is 6
The category is SPORT
Sports Question 1
Answer was corrent!!!!
Gatien now has 6 Gold Coins.
Gatien was added
They are player number 1
Gatien was added
They are player number 2
Gatien was added
They are player number 1
Gatien was added
They are player number 2
Gatien is the current player
They have rolled a 7
Gatien's new location is 7
The category is GEO
Question was incorrectly answered
Gatien was sent to the penalty box
Gatien is the current player
They have rolled a 7
Gatien's new location is 7
The category is GEO
Question was incorrectly answered
Gatien was sent to the penalty box
Gatien is the current player
They have rolled a 7
Gatien is getting out of the penalty box
Gatien's new location is 2
The category is SPORT
Sports Question 0
Question was incorrectly answered
Gatien was sent to the penalty box
Gatien is the current player
They have rolled a 7
Gatien is getting out of the penalty box
Gatien's new location is 2
The category is SPORT
Sports Question 1
Question was incorrectly answered
Gatien was sent to the penalty box
Gatien is the current player
They have rolled a 7
Gatien is getting out of the penalty box
Gatien's new location is 9
The category is LITTERATURE
Question was incorrectly answered
Gatien was sent to the penalty box
Gatien is the current player
They have rolled a 7
Gatien is getting out of the penalty box
Gatien's new location is 9
The category is LITTERATURE
Question was incorrectly answered
Gatien was sent to the penalty box
Gatien is the current player
They have rolled a 7
Gatien is getting out of the penalty box
Gatien's new location is 4
The category is GEO
Question was incorrectly answered
Gatien was sent to the penalty box
Gatien is the current player
They have rolled a 7
Gatien is getting out of the penalty box
Gatien's new location is 4
The category is GEO
Question was incorrectly answered
Gatien was sent to the penalty box
Gatien is the current player
They have rolled a 7
Gatien is getting out of the penalty box
Gatien's new location is 11
The category is RAP
Question was incorrectly answered
Gatien was sent to the penalty box
Gatien is the current player
They have rolled a 7
Gatien is getting out of the penalty box
Gatien's new location is 11
The category is RAP
Question was incorrectly answered
Gatien was sent to the penalty box
Gatien is the current player
They have rolled a 7
Gatien is getting out of the penalty box
Gatien's new location is 6
The category is ROCK
Rock Question 0
Question was incorrectly answered
Gatien was sent to the penalty box
Gatien is the current player
They have rolled a 7
Gatien is getting out of the penalty box
Gatien's new location is 6
The category is ROCK
Rock Question 1
Question was incorrectly answered
Gatien was sent to the penalty box
Gatien is the current player
They have rolled a 7
Gatien is getting out of the penalty box
Gatien's new location is 1
The category is SCIENCE
Science Question 0
Question was incorrectly answered
Gatien was sent to the penalty box
Gatien is the current player
They have rolled a 7
Gatien is getting out of the penalty box
Gatien's new location is 1
The category is SCIENCE
Science Question 1
Question was incorrectly answered
Gatien was sent to the penalty box
Gatien is the current player
They have rolled a 7
Gatien is getting out of the penalty box
Gatien's new location is 8
The category is PHILO
Question was incorrectly answered
Gatien was sent to the penalty box
Gatien is the current player
They have rolled a 7
Gatien is getting out of the penalty box
Gatien's new location is 8
The category is PHILO
Question was incorrectly answered
Gatien was sent to the penalty box
Gatien is the current player
They have rolled a 7
Gatien is getting out of the penalty box
Gatien's new location is 3
The category is RAP
Question was incorrectly answered
Gatien was sent to the penalty box
Gatien is the current player
They have rolled a 7
Gatien is getting out of the penalty box
Gatien's new location is 3
The category is RAP
Question was incorrectly answered
Gatien was sent to the penalty box
Gatien is the current player
They have rolled a 7
Gatien is getting out of the penalty box
Gatien's new location is 10
The category is SPORT
Sports Question 2
Question was incorrectly answered
Gatien was sent to the penalty box
Gatien is the current player
They have rolled a 7
Gatien is getting out of the penalty box
Gatien's new location is 10
The category is SPORT
Sports Question 3
Question was incorrectly answered
Gatien was sent to the penalty box
Gatien is the current player
They have rolled a 7
Gatien is getting out of the penalty box
Gatien's new location is 5
The category is ROCK
Rock Question 2
Question was incorrectly answered
Gatien was sent to the penalty box
Gatien is the current player
They have rolled a 7
Gatien is getting out of the penalty box
Gatien's new location is 5
The category is ROCK
Rock Question 3
Question was incorrectly answered
Gatien was sent to the penalty box
Gatien is the current player
They have rolled a 7
Gatien is getting out of the penalty box
Gatien's new location is 0
The category is POP
Pop Question 0
Question was incorrectly answered
Gatien was sent to the penalty box
Gatien is the current player
They have rolled a 7
Gatien is getting out of the penalty box
Gatien's new location is 0
The category is POP
Pop Question 1
Question was incorrectly answered
Gatien was sent to the penalty box
Gatien is the current player
They have rolled a 7
Gatien is getting out of the penalty box
Gatien's new location is 7
The category is GEO
Question was incorrectly answered
Gatien was sent to the penalty box
Gatien is the current player
They have rolled a 7
Gatien is getting out of the penalty box
Gatien's new location is 7
The category is GEO
Question was incorrectly answered
Gatien was sent to the penalty box
Gatien is the current player
They have rolled a 7
Gatien is getting out of the penalty box
Gatien's new location is 2
The category is SPORT
Sports Question 4
Question was incorrectly answered
Gatien was sent to the penalty box
Gatien is the current player
They have rolled a 7
Gatien is getting out of the penalty box
Gatien's new location is 2
The category is SPORT
Sports Question 5
Question was incorrectly answered
Gatien was sent to the penalty box
Gatien is the current player
They have rolled a 7
Gatien is getting out of the penalty box
Gatien's new location is 9
The category is LITTERATURE
Question was incorrectly answered
Gatien was sent to the penalty box
Gatien is the current player
They have rolled a 7
Gatien is getting out of the penalty box
Gatien's new location is 9
The category is LITTERATURE
Question was incorrectly answered
Gatien was sent to the penalty box
Gatien is the current player
They have rolled a 7
Gatien is getting out of the penalty box
Gatien's new location is 4
The category is GEO
Question was incorrectly answered
Gatien was sent to the penalty box
Gatien is the current player
They have rolled a 7
Gatien is getting out of the penalty box
Gatien's new location is 4
The category is GEO
Question was incorrectly answered
Gatien was sent to the penalty box
Gatien is the current player
They have rolled a 7
Gatien is getting out of the penalty box
Gatien's new location is 11
The category is RAP
Question was incorrectly answered
Gatien was sent to the penalty box
Gatien is the current player
They have rolled a 7
Gatien is getting out of the penalty box
Gatien's new location is 11
The category is RAP
Question was incorrectly answered
Gatien was sent to the penalty box
Gatien is the current player
They have rolled a 7
Gatien is getting out of the penalty box
Gatien's new location is 6
The category is ROCK
Rock Question 4
Question was incorrectly answered
Gatien was sent to the penalty box
Gatien is the current player
They have rolled a 7
Gatien is getting out of the penalty box
Gatien's new location is 6
The category is ROCK
Rock Question 5
Question was incorrectly answered
Gatien was sent to the penalty box
Gatien is the current player
They have rolled a 7
Gatien is getting out of the penalty box
Gatien's new location is 1
The category is SCIENCE
Science Question 2
Question was incorrectly answered
Gatien was sent to the penalty box
Gatien is the current player
They have rolled a 7
Gatien is getting out of the penalty box
Gatien's new location is 1
The category is SCIENCE
Science Question 3
Question was incorrectly answered
Gatien was sent to the penalty box
Gatien is the current player
They have rolled a 7
Gatien is getting out of the penalty box
Gatien's new location is 8
The category is PHILO
Question was incorrectly answered
Gatien was sent to the penalty box
Gatien is the current player
They have rolled a 7
Gatien is getting out of the penalty box
Gatien's new location is 8
The category is PHILO
Question was incorrectly answered
Gatien was sent to the penalty box
Gatien is the current player
They have rolled a 7
Gatien is getting out of the penalty box
Gatien's new location is 3
The category is RAP
Question was incorrectly answered
Gatien was sent to the penalty box
Gatien is the current player
They have rolled a 7
Gatien is getting out of the penalty box
Gatien's new location is 3
The category is RAP
Question was incorrectly answered
Gatien was sent to the penalty box
Gatien is the current player
They have rolled a 7
Gatien is getting out of the penalty box
Gatien's new location is 10
The category is SPORT
Sports Question 6
Question was incorrectly answered
Gatien was sent to the penalty box
Gatien is the current player
They have rolled a 7
Gatien is getting out of the penalty box
Gatien's new location is 10
The category is SPORT
Sports Question 7
Question was incorrectly answered
Gatien was sent to the penalty box
Gatien is the current player
They have rolled a 7
Gatien is getting out of the penalty box
Gatien's new location is 5
The category is ROCK
Rock Question 6
Question was incorrectly answered
Gatien was sent to the penalty box
Gatien is the current player
They have rolled a 7
Gatien is getting out of the penalty box
Gatien's new location is 5
The category is ROCK
Rock Question 7
Question was incorrectly answered
Gatien was sent to the penalty box
Gatien is the current player
They have rolled a 7
Gatien is getting out of the penalty box
Gatien's new location is 0
The category is POP
Pop Question 2
Question was incorrectly answered
Gatien was sent to the penalty box
Gatien is the current player
They have rolled a 7
Gatien is getting out of the penalty box
Gatien's new location is 0
The category is POP
Pop Question 3
Question was incorrectly answered
Gatien was sent to the penalty box
Gatien is the current player
They have rolled a 7
Gatien is getting out of the penalty box
Gatien's new location is 7
The category is GEO
Question was incorrectly answered
Gatien was sent to the penalty box
Gatien is the current player
They have rolled a 7
Gatien is getting out of the penalty box
Gatien's new location is 7
The category is GEO
Question was incorrectly answered
Gatien was sent to the penalty box
Gatien is the current player
They have rolled a 7
Gatien is getting out of the penalty box
Gatien's new location is 2
The category is SPORT
Sports Question 8
Question was incorrectly answered
Gatien was sent to the penalty box
Gatien is the current player
They have rolled a 7
Gatien is getting out of the penalty box
Gatien's new location is 2
The category is SPORT
Sports Question 9
Question was incorrectly answered
Gatien was sent to the penalty box
Gatien is the current player
They have rolled a 7
Gatien is getting out of the penalty box
Gatien's new location is 9
The category is LITTERATURE
Question was incorrectly answered
Gatien was sent to the penalty box
Gatien is the current player
They have rolled a 7
Gatien is getting out of the penalty box
Gatien's new location is 9
The category is LITTERATURE
Question was incorrectly answered
Gatien was sent to the penalty box
Gatien is the current player
They have rolled a 7
Gatien is getting out of the penalty box
Gatien's new location is 4
The category is GEO
Question was incorrectly answered
Gatien was sent to the penalty box
Gatien is the current player
They have rolled a 7
Gatien is getting out of the penalty box
Gatien's new location is 4
The category is GEO
Question was incorrectly answered
Gatien was sent to the penalty box
Gatien is the current player
They have rolled a 7
Gatien is getting out of the penalty box
Gatien's new location is 11
The category is RAP
Question was incorrectly answered
Gatien was sent to the penalty box
Gatien is the current player
They have rolled a 7
Gatien is getting out of the penalty box
Gatien's new location is 11
The category is RAP
Question was incorrectly answered
Gatien was sent to the penalty box
Gatien is the current player
They have rolled a 7
Gatien is getting out of the penalty box
Gatien's new location is 6
The category is ROCK
Rock Question 8
Question was incorrectly answered
Gatien was sent to the penalty box
Gatien is the current player
They have rolled a 7
Gatien is getting out of the penalty box
Gatien's new location is 6
The category is ROCK
Rock Question 9
Question was incorrectly answered
Gatien was sent to the penalty box
Gatien is the current player
They have rolled a 7
Gatien is getting out of the penalty box
Gatien's new location is 1
The category is SCIENCE
Science Question 4
Question was incorrectly answered
Gatien was sent to the penalty box
Gatien is the current player
They have rolled a 7
Gatien is getting out of the penalty box
Gatien's new location is 1
The category is SCIENCE
Science Question 5
Question was incorrectly answered
Gatien was sent to the penalty box
Gatien is the current player
They have rolled a 7
Gatien is getting out of the penalty box
Gatien's new location is 8
The category is PHILO
Question was incorrectly answered
Gatien was sent to the penalty box
Gatien is the current player
They have rolled a 7
Gatien is getting out of the penalty box
Gatien's new location is 8
The category is PHILO
Question was incorrectly answered
Gatien was sent to the penalty box
Gatien is the current player
They have rolled a 7
Gatien is getting out of the penalty box
Gatien's new location is 3
The category is RAP
Question was incorrectly answered
Gatien was sent to the penalty box
Gatien is the current player
They have rolled a 7
Gatien is getting out of the penalty box
Gatien's new location is 3
The category is RAP
Question was incorrectly answered
Gatien was sent to the penalty box
Gatien is the current player
They have rolled a 7
Gatien is getting out of the penalty box
Gatien's new location is 10
The category is SPORT
Sports Question 10
Question was incorrectly answered
Gatien was sent to the penalty box
Gatien is the current player
They have rolled a 7
Gatien is getting out of the penalty box
Gatien's new location is 10
The category is SPORT
Sports Question 11
Question was incorrectly answered
Gatien was sent to the penalty box
Gatien is the current player
They have rolled a 7
Gatien is getting out of the penalty box
Gatien's new location is 5
The category is ROCK
Rock Question 10
Question was incorrectly answered
Gatien was sent to the penalty box
Gatien is the current player
They have rolled a 7
Gatien is getting out of the penalty box
Gatien's new location is 5
The category is ROCK
Rock Question 11
Question was incorrectly answered
Gatien was sent to the penalty box
Gatien is the current player
They have rolled a 7
Gatien is getting out of the penalty box
Gatien's new location is 0
The category is POP
Pop Question 4
Question was incorrectly answered
Gatien was sent to the penalty box
Gatien is the current player
They have rolled a 7
Gatien is getting out of the penalty box
Gatien's new location is 0
The category is POP
Pop Question 5
Question was incorrectly answered
Gatien was sent to the penalty box
Gatien is the current player
They have rolled a 7
Gatien is getting out of the penalty box
Gatien's new location is 7
The category is GEO
Question was incorrectly answered
Gatien was sent to the penalty box
Gatien is the current player
They have rolled a 7
Gatien is getting out of the penalty box
Gatien's new location is 7
The category is GEO
Question was incorrectly answered
Gatien was sent to the penalty box
Gatien is the current player
They have rolled a 7
Gatien is getting out of the penalty box
Gatien's new location is 2
The category is SPORT
Sports Question 12
Question was incorrectly answered
Gatien was sent to the penalty box
Gatien is the current player
They have rolled a 7
Gatien is getting out of the penalty box
Gatien's new location is 2
The category is SPORT
Sports Question 13
Question was incorrectly answered
Gatien was sent to the penalty box
Gatien is the current player
They have rolled a 7
Gatien is getting out of the penalty box
Gatien's new location is 9
The category is LITTERATURE
Question was incorrectly answered
Gatien was sent to the penalty box
Gatien is the current player
They have rolled a 7
Gatien is getting out of the penalty box
Gatien's new location is 9
The category is LITTERATURE
Question was incorrectly answered
Gatien was sent to the penalty box
Gatien is the current player
They have rolled a 7
Gatien is getting out of the penalty box
Gatien's new location is 4
The category is GEO
Question was incorrectly answered
Gatien was sent to the penalty box
Gatien is the current player
They have rolled a 7
Gatien is getting out of the penalty box
Gatien's new location is 4
The category is GEO
Question was incorrectly answered
Gatien was sent to the penalty box
Gatien is the current player
They have rolled a 7
Gatien is getting out of the penalty box
Gatien's new location is 11
The category is RAP
Question was incorrectly answered
Gatien was sent to the penalty box
Gatien is the current player
They have rolled a 7
Gatien is getting out of the penalty box
Gatien's new location is 11
The category is RAP
Question was incorrectly answered
Gatien was sent to the penalty box
Gatien is the current player
They have rolled a 7
Gatien is getting out of the penalty box
Gatien's new location is 6
The category is ROCK
Rock Question 12
Question was incorrectly answered
Gatien was sent to the penalty box
Gatien is the current player
They have rolled a 7
Gatien is getting out of the penalty box
Gatien's new location is 6
The category is ROCK
Rock Question 13
Question was incorrectly answered
Gatien was sent to the penalty box
Gatien is the current player
They have rolled a 7
Gatien is getting out of the penalty box
Gatien's new location is 1
The category is SCIENCE
Science Question 6
Question was incorrectly answered
Gatien was sent to the penalty box
Gatien is the current player
They have rolled a 7
Gatien is getting out of the penalty box
Gatien's new location is 1
The category is SCIENCE
Science Question 7
Question was incorrectly answered
Gatien was sent to the penalty box
Gatien is the current player
They have rolled a 7
Gatien is getting out of the penalty box
Gatien's new location is 8
The category is PHILO
Question was incorrectly answered
Gatien was sent to the penalty box
Gatien is the current player
They have rolled a 7
Gatien is getting out of the penalty box
Gatien's new location is 8
The category is PHILO
Question was incorrectly answered
Gatien was sent to the penalty box
Gatien is the current player
They have rolled a 7
Gatien is getting out of the penalty box
Gatien's new location is 3
The category is RAP
Question was incorrectly answered
Gatien was sent to the penalty box
Gatien is the current player
They have rolled a 7
Gatien is getting out of the penalty box
Gatien's new location is 3
The category is RAP
Question was incorrectly answered
Gatien was sent to the penalty box
Gatien is the current player
They have rolled a 7
Gatien is getting out of the penalty box
Gatien's new location is 10
The category is SPORT
Sports Question 14
Question was incorrectly answered
Gatien was sent to the penalty box
Gatien is the current player
They have rolled a 7
Gatien is getting out of the penalty box
Gatien's new location is 10
The category is SPORT
Sports Question 15
Question was incorrectly answered
Gatien was sent to the penalty box
Gatien is the current player
They have rolled a 7
Gatien is getting out of the penalty box
Gatien's new location is 5
The category is ROCK
Rock Question 14
Question was incorrectly answered
Gatien was sent to the penalty box
Gatien is the current player
They have rolled a 7
Gatien is getting out of the penalty box
Gatien's new location is 5
The category is ROCK
Rock Question 15
Question was incorrectly answered
Gatien was sent to the penalty box
Gatien is the current player
They have rolled a 7
Gatien is getting out of the penalty box
Gatien's new location is 0
The category is POP
Pop Question 6
Question was incorrectly answered
Gatien was sent to the penalty box
Gatien is the current player
They have rolled a 7
Gatien is getting out of the penalty box
Gatien's new location is 0
The category is POP
Pop Question 7
Question was incorrectly answered
Gatien was sent to the penalty box
Gatien is the current player
They have rolled a 7
Gatien is getting out of the penalty box
Gatien's new location is 7
The category is GEO
Question was incorrectly answered
Gatien was sent to the penalty box
Gatien is the current player
They have rolled a 7
Gatien is getting out of the penalty box
Gatien's new location is 7
The category is GEO
Question was incorrectly answered
Gatien was sent to the penalty box
Gatien is the current player
They have rolled a 7
Gatien is getting out of the penalty box
Gatien's new location is 2
The category is SPORT
Sports Question 16
Question was incorrectly answered
Gatien was sent to the penalty box
Gatien is the current player
They have rolled a 7
Gatien is getting out of the penalty box
Gatien's new location is 2
The category is SPORT
Sports Question 17
Question was incorrectly answered
Gatien was sent to the penalty box
Gatien is the current player
They have rolled a 7
Gatien is getting out of the penalty box
Gatien's new location is 9
The category is LITTERATURE
Question was incorrectly answered
Gatien was sent to the penalty box
Gatien is the current player
They have rolled a 7
Gatien is getting out of the penalty box
Gatien's new location is 9
The category is LITTERATURE
Question was incorrectly answered
Gatien was sent to the penalty box
Gatien is the current player
They have rolled a 7
Gatien is getting out of the penalty box
Gatien's new location is 4
The category is GEO
Question was incorrectly answered
Gatien was sent to the penalty box
Gatien is the current player
They have rolled a 7
Gatien is getting out of the penalty box
Gatien's new location is 4
The category is GEO
Question was incorrectly answered
Gatien was sent to the penalty box
Gatien is the current player
They have rolled a 7
Gatien is getting out of the penalty box
Gatien's new location is 11
The category is RAP
Question was incorrectly answered
Gatien was sent to the penalty box
Gatien is the current player
They have rolled a 7
Gatien is getting out of the penalty box
Gatien's new location is 11
The category is RAP
Question was incorrectly answered
Gatien was sent to the penalty box
Gatien is the current player
They have rolled a 7
Gatien is getting out of the penalty box
Gatien's new location is 6
The category is ROCK
Rock Question 16
Question was incorrectly answered
Gatien was sent to the penalty box
Gatien is the current player
They have rolled a 7
Gatien is getting out of the penalty box
Gatien's new location is 6
The category is ROCK
Rock Question 17
Question was incorrectly answered
Gatien was sent to the penalty box
Gatien is the current player
They have rolled a 7
Gatien is getting out of the penalty box
Gatien's new location is 1
The category is SCIENCE
Science Question 8
Question was incorrectly answered
Gatien was sent to the penalty box
Gatien is the current player
They have rolled a 7
Gatien is getting out of the penalty box
Gatien's new location is 1
The category is SCIENCE
Science Question 9
Question was incorrectly answered
Gatien was sent to the penalty box
Gatien is the current player
They have rolled a 7
Gatien is getting out of the penalty box
Gatien's new location is 8
The category is PHILO
Question was incorrectly answered
Gatien was sent to the penalty box
Gatien is the current player
They have rolled a 7
Gatien is getting out of the penalty box
Gatien's new location is 8
The category is PHILO
Question was incorrectly answered
Gatien was sent to the penalty box
Gatien is the current player
They have rolled a 7
Gatien is getting out of the penalty box
Gatien's new location is 3
The category is RAP
Question was incorrectly answered
Gatien was sent to the penalty box
Gatien is the current player
They have rolled a 7
Gatien is getting out of the penalty box
Gatien's new location is 3
The category is RAP
Question was incorrectly answered
Gatien was sent to the penalty box
Gatien is the current player
They have rolled a 7
Gatien is getting out of the penalty box
Gatien's new location is 10
The category is SPORT
Sports Question 18
Question was incorrectly answered
Gatien was sent to the penalty box
Gatien is the current player
They have rolled a 7
Gatien is getting out of the penalty box
Gatien's new location is 10
The category is SPORT
Sports Question 19
Question was incorrectly answered
Gatien was sent to the penalty box
Gatien is the current player
They have rolled a 7
Gatien is getting out of the penalty box
Gatien's new location is 5
The category is ROCK
Rock Question 18
Question was incorrectly answered
Gatien was sent to the penalty box
Gatien is the current player
They have rolled a 7
Gatien is getting out of the penalty box
Gatien's new location is 5
The category is ROCK
Rock Question 19
Question was incorrectly answered
Gatien was sent to the penalty box
Gatien is the current player
They have rolled a 7
Gatien is getting out of the penalty box
Gatien's new location is 0
The category is POP
Pop Question 8
Question was incorrectly answered
Gatien was sent to the penalty box
Gatien is the current player
They have rolled a 7
Gatien is getting out of the penalty box
Gatien's new location is 0
The category is POP
Pop Question 9
Question was incorrectly answered
Gatien was sent to the penalty box
Gatien is the current player
They have rolled a 7
Gatien is getting out of the penalty box
Gatien's new location is 7
The category is GEO
Question was incorrectly answered
Gatien was sent to the penalty box
Gatien is the current player
They have rolled a 7
Gatien is getting out of the penalty box
Gatien's new location is 7
The category is GEO
Question was incorrectly answered
Gatien was sent to the penalty box
Gatien is the current player
They have rolled a 7
Gatien is getting out of the penalty box
Gatien's new location is 2
The category is SPORT
Sports Question 20
Question was incorrectly answered
Gatien was sent to the penalty box
Gatien is the current player
They have rolled a 7
Gatien is getting out of the penalty box
Gatien's new location is 2
The category is SPORT
Sports Question 21
Question was incorrectly answered
Gatien was sent to the penalty box
Gatien is the current player
They have rolled a 7
Gatien is getting out of the penalty box
Gatien's new location is 9
The category is LITTERATURE
Question was incorrectly answered
Gatien was sent to the penalty box
Gatien is the current player
They have rolled a 7
Gatien is getting out of the penalty box
Gatien's new location is 9
The category is LITTERATURE
Question was incorrectly answered
Gatien was sent to the penalty box
Gatien is the current player
They have rolled a 7
Gatien is getting out of the penalty box
Gatien's new location is 4
The category is GEO
Question was incorrectly answered
Gatien was sent to the penalty box
Gatien is the current player
They have rolled a 7
Gatien is getting out of the penalty box
Gatien's new location is 4
The category is GEO
Question was incorrectly answered
Gatien was sent to the penalty box
Gatien is the current player
They have rolled a 7
Gatien is getting out of the penalty box
Gatien's new location is 11
The category is RAP
Question was incorrectly answered
Gatien was sent to the penalty box
Gatien is the current player
They have rolled a 7
Gatien is getting out of the penalty box
Gatien's new location is 11
The category is RAP
Question was incorrectly answered
Gatien was sent to the penalty box
Gatien is the current player
They have rolled a 7
Gatien is getting out of the penalty box
Gatien's new location is 6
The category is ROCK
Rock Question 20
Question was incorrectly answered
Gatien was sent to the penalty box
Gatien is the current player
They have rolled a 7
Gatien is getting out of the penalty box
Gatien's new location is 6
The category is ROCK
Rock Question 21
Question was incorrectly answered
Gatien was sent to the penalty box
Gatien is the current player
They have rolled a 7
Gatien is getting out of the penalty box
Gatien's new location is 1
The category is SCIENCE
Science Question 10
Question was incorrectly answered
Gatien was sent to the penalty box
Gatien is the current player
They have rolled a 7
Gatien is getting out of the penalty box
Gatien's new location is 1
The category is SCIENCE
Science Question 11
Question was incorrectly answered
Gatien was sent to the penalty box
Gatien is the current player
They have rolled a 7
Gatien is getting out of the penalty box
Gatien's new location is 8
The category is PHILO
Question was incorrectly answered
Gatien was sent to the penalty box
Gatien is the current player
They have rolled a 7
Gatien is getting out of the penalty box
Gatien's new location is 8
The category is PHILO
Question was incorrectly answered
Gatien was sent to the penalty box
Gatien is the current player
They have rolled a 7
Gatien is getting out of the penalty box
Gatien's new location is 3
The category is RAP
Question was incorrectly answered
Gatien was sent to the penalty box
Gatien is the current player
They have rolled a 7
Gatien is getting out of the penalty box
Gatien's new location is 3
The category is RAP
Question was incorrectly answered
Gatien was sent to the penalty box
Gatien is the current player
They have rolled a 7
Gatien is getting out of the penalty box
Gatien's new location is 10
The category is SPORT
Sports Question 22
Question was incorrectly answered
Gatien was sent to the penalty box
Gatien is the current player
They have rolled a 7
Gatien is getting out of the penalty box
Gatien's new location is 10
The category is SPORT
Sports Question 23
Question was incorrectly answered
Gatien was sent to the penalty box
Gatien is the current player
They have rolled a 7
Gatien is getting out of the penalty box
Gatien's new location is 5
The category is ROCK
Rock Question 22
Question was incorrectly answered
Gatien was sent to the penalty box
Gatien is the current player
They have rolled a 7
Gatien is getting out of the penalty box
Gatien's new location is 5
The category is ROCK
Rock Question 23
Question was incorrectly answered
Gatien was sent to the penalty box
Gatien is the current player
They have rolled a 7
Gatien is getting out of the penalty box
Gatien's new location is 0
The category is POP
Pop Question 10
Question was incorrectly answered
Gatien was sent to the penalty box
Gatien is the current player
They have rolled a 7
Gatien is getting out of the penalty box
Gatien's new location is 0
The category is POP
Pop Question 11
Question was incorrectly answered
Gatien was sent to the penalty box
Gatien is the current player
They have rolled a 7
Gatien is getting out of the penalty box
Gatien's new location is 7
The category is GEO
Question was incorrectly answered
Gatien was sent to the penalty box
Gatien is the current player
They have rolled a 7
Gatien is getting out of the penalty box
Gatien's new location is 7
The category is GEO
Question was incorrectly answered
Gatien was sent to the penalty box
Gatien is the current player
They have rolled a 7
Gatien is getting out of the penalty box
Gatien's new location is 2
The category is SPORT
Sports Question 24
Question was incorrectly answered
Gatien was sent to the penalty box
Gatien is the current player
They have rolled a 7
Gatien is getting out of the penalty box
Gatien's new location is 2
The category is SPORT
Sports Question 25
Question was incorrectly answered
Gatien was sent to the penalty box
Gatien is the current player
They have rolled a 7
Gatien is getting out of the penalty box
Gatien's new location is 9
The category is LITTERATURE
Question was incorrectly answered
Gatien was sent to the penalty box
Gatien is the current player
They have rolled a 7
Gatien is getting out of the penalty box
Gatien's new location is 9
The category is LITTERATURE
Question was incorrectly answered
Gatien was sent to the penalty box
Gatien is the current player
They have rolled a 7
Gatien is getting out of the penalty box
Gatien's new location is 4
The category is GEO
Question was incorrectly answered
Gatien was sent to the penalty box
Gatien is the current player
They have rolled a 7
Gatien is getting out of the penalty box
Gatien's new location is 4
The category is GEO
Question was incorrectly answered
Gatien was sent to the penalty box
Gatien is the current player
They have rolled a 7
Gatien is getting out of the penalty box
Gatien's new location is 11
The category is RAP
Question was incorrectly answered
Gatien was sent to the penalty box
Gatien is the current player
They have rolled a 7
Gatien is getting out of the penalty box
Gatien's new location is 11
The category is RAP
Question was incorrectly answered
Gatien was sent to the penalty box
Gatien is the current player
They have rolled a 7
Gatien is getting out of the penalty box
Gatien's new location is 6
The category is ROCK
Rock Question 24
Question was incorrectly answered
Gatien was sent to the penalty box
Gatien is the current player
They have rolled a 7
Gatien is getting out of the penalty box
Gatien's new location is 6
The category is ROCK
Rock Question 25
Question was incorrectly answered
Gatien was sent to the penalty box
Gatien is the current player
They have rolled a 7
Gatien is getting out of the penalty box
Gatien's new location is 1
The category is SCIENCE
Science Question 12
Question was incorrectly answered
Gatien was sent to the penalty box
Gatien is the current player
They have rolled a 7
Gatien is getting out of the penalty box
Gatien's new location is 1
The category is SCIENCE
Science Question 13
Question was incorrectly answered
Gatien was sent to the penalty box
Gatien is the current player
They have rolled a 7
Gatien is getting out of the penalty box
Gatien's new location is 8
The category is PHILO
Question was incorrectly answered
Gatien was sent to the penalty box
Gatien is the current player
They have rolled a 7
Gatien is getting out of the penalty box
Gatien's new location is 8
The category is PHILO
Question was incorrectly answered
Gatien was sent to the penalty box
Gatien is the current player
They have rolled a 7
Gatien is getting out of the penalty box
Gatien's new location is 3
The category is RAP
Question was incorrectly answered
Gatien was sent to the penalty box
Gatien is the current player
They have rolled a 7
Gatien is getting out of the penalty box
Gatien's new location is 3
The category is RAP
Question was incorrectly answered
Gatien was sent to the penalty box
Gatien is the current player
They have rolled a 7
Gatien is getting out of the penalty box
Gatien's new location is 10
The category is SPORT
Sports Question 26
Question was incorrectly answered
Gatien was sent to the penalty box
Gatien is the current player
They have rolled a 7
Gatien is getting out of the penalty box
Gatien's new location is 10
The category is SPORT
Sports Question 27
Question was incorrectly answered
Gatien was sent to the penalty box
Gatien is the current player
They have rolled a 7
Gatien is getting out of the penalty box
Gatien's new location is 5
The category is ROCK
Rock Question 26
Question was incorrectly answered
Gatien was sent to the penalty box
Gatien is the current player
They have rolled a 7
Gatien is getting out of the penalty box
Gatien's new location is 5
The category is ROCK
Rock Question 27
Question was incorrectly answered
Gatien was sent to the penalty box
Gatien is the current player
They have rolled a 7
Gatien is getting out of the penalty box
Gatien's new location is 0
The category is POP
Pop Question 12
Question was incorrectly answered
Gatien was sent to the penalty box
Gatien is the current player
They have rolled a 7
Gatien is getting out of the penalty box
Gatien's new location is 0
The category is POP
Pop Question 13
Question was incorrectly answered
Gatien was sent to the penalty box
Gatien is the current player
They have rolled a 7
Gatien is getting out of the penalty box
Gatien's new location is 7
The category is GEO
Question was incorrectly answered
Gatien was sent to the penalty box
Gatien is the current player
They have rolled a 7
Gatien is getting out of the penalty box
Gatien's new location is 7
The category is GEO
Question was incorrectly answered
Gatien was sent to the penalty box
Gatien is the current player
They have rolled a 7
Gatien is getting out of the penalty box
Gatien's new location is 2
The category is SPORT
Sports Question 28
Question was incorrectly answered
Gatien was sent to the penalty box
Gatien is the current player
They have rolled a 7
Gatien is getting out of the penalty box
Gatien's new location is 2
The category is SPORT
Sports Question 29
Question was incorrectly answered
Gatien was sent to the penalty box
Gatien is the current player
They have rolled a 7
Gatien is getting out of the penalty box
Gatien's new location is 9
The category is LITTERATURE
Question was incorrectly answered
Gatien was sent to the penalty box
Gatien is the current player
They have rolled a 7
Gatien is getting out of the penalty box
Gatien's new location is 9
The category is LITTERATURE
Question was incorrectly answered
Gatien was sent to the penalty box
Gatien is the current player
They have rolled a 7
Gatien is getting out of the penalty box
Gatien's new location is 4
The category is GEO
Question was incorrectly answered
Gatien was sent to the penalty box
Gatien is the current player
They have rolled a 7
Gatien is getting out of the penalty box
Gatien's new location is 4
The category is GEO
Question was incorrectly answered
Gatien was sent to the penalty box
Gatien is the current player
They have rolled a 7
Gatien is getting out of the penalty box
Gatien's new location is 11
The category is RAP
Question was incorrectly answered
Gatien was sent to the penalty box
Gatien is the current player
They have rolled a 7
Gatien is getting out of the penalty box
Gatien's new location is 11
The category is RAP
Question was incorrectly answered
Gatien was sent to the penalty box
Gatien is the current player
They have rolled a 7
Gatien is getting out of the penalty box
Gatien's new location is 6
The category is ROCK
Rock Question 28
Question was incorrectly answered
Gatien was sent to the penalty box
Gatien is the current player
They have rolled a 7
Gatien is getting out of the penalty box
Gatien's new location is 6
The category is ROCK
Rock Question 29
Question was incorrectly answered
Gatien was sent to the penalty box
Gatien is the current player
They have rolled a 7
Gatien is getting out of the penalty box
Gatien's new location is 1
The category is SCIENCE
Science Question 14
Question was incorrectly answered
Gatien was sent to the penalty box
Gatien is the current player
They have rolled a 7
Gatien is getting out of the penalty box
Gatien's new location is 1
The category is SCIENCE
Science Question 15
Question was incorrectly answered
Gatien was sent to the penalty box
Gatien is the current player
They have rolled a 7
Gatien is getting out of the penalty box
Gatien's new location is 8
The category is PHILO
Question was incorrectly answered
Gatien was sent to the penalty box
Gatien is the current player
They have rolled a 7
Gatien is getting out of the penalty box
Gatien's new location is 8
The category is PHILO
Question was incorrectly answered
Gatien was sent to the penalty box
Gatien is the current player
They have rolled a 7
Gatien is getting out of the penalty box
Gatien's new location is 3
The category is RAP
Question was incorrectly answered
Gatien was sent to the penalty box
Gatien is the current player
They have rolled a 7
Gatien is getting out of the penalty box
Gatien's new location is 3
The category is RAP
Question was incorrectly answered
Gatien was sent to the penalty box
Gatien is the current player
They have rolled a 7
Gatien is getting out of the penalty box
Gatien's new location is 10
The category is SPORT
Sports Question 30
Question was incorrectly answered
Gatien was sent to the penalty box
Gatien is the current player
They have rolled a 7
Gatien is getting out of the penalty box
Gatien's new location is 10
The category is SPORT
Sports Question 31
Question was incorrectly answered
Gatien was sent to the penalty box
Gatien is the current player
They have rolled a 7
Gatien is getting out of the penalty box
Gatien's new location is 5
The category is ROCK
Rock Question 30
Question was incorrectly answered
Gatien was sent to the penalty box
Gatien is the current player
They have rolled a 7
Gatien is getting out of the penalty box
Gatien's new location is 5
The category is ROCK
Rock Question 31
Question was incorrectly answered
Gatien was sent to the penalty box
Gatien is the current player
They have rolled a 7
Gatien is getting out of the penalty box
Gatien's new location is 0
The category is POP
Pop Question 14
Question was incorrectly answered
Gatien was sent to the penalty box
Gatien is the current player
They have rolled a 7
Gatien is getting out of the penalty box
Gatien's new location is 0
The category is POP
Pop Question 15
Question was incorrectly answered
Gatien was sent to the penalty box
Gatien is the current player
They have rolled a 7
Gatien is getting out of the penalty box
Gatien's new location is 7
The category is GEO
Question was incorrectly answered
Gatien was sent to the penalty box
Gatien is the current player
They have rolled a 7
Gatien is getting out of the penalty box
Gatien's new location is 7
The category is GEO
Question was incorrectly answered
Gatien was sent to the penalty box
Gatien is the current player
They have rolled a 7
Gatien is getting out of the penalty box
Gatien's new location is 2
The category is SPORT
Sports Question 32
Question was incorrectly answered
Gatien was sent to the penalty box
Gatien is the current player
They have rolled a 7
Gatien is getting out of the penalty box
Gatien's new location is 2
The category is SPORT
Sports Question 33
Question was incorrectly answered
Gatien was sent to the penalty box
Gatien is the current player
They have rolled a 7
Gatien is getting out of the penalty box
Gatien's new location is 9
The category is LITTERATURE
Question was incorrectly answered
Gatien was sent to the penalty box
Gatien is the current player
They have rolled a 7
Gatien is getting out of the penalty box
Gatien's new location is 9
The category is LITTERATURE
Question was incorrectly answered
Gatien was sent to the penalty box
Gatien is the current player
They have rolled a 7
Gatien is getting out of the penalty box
Gatien's new location is 4
The category is GEO
Question was incorrectly answered
Gatien was sent to the penalty box
Gatien is the current player
They have rolled a 7
Gatien is getting out of the penalty box
Gatien's new location is 4
The category is GEO
Question was incorrectly answered
Gatien was sent to the penalty box
Gatien is the current player
They have rolled a 7
Gatien is getting out of the penalty box
Gatien's new location is 11
The category is RAP
Question was incorrectly answered
Gatien was sent to the penalty box
Gatien is the current player
They have rolled a 7
Gatien is getting out of the penalty box
Gatien's new location is 11
The category is RAP
Question was incorrectly answered
Gatien was sent to the penalty box
Gatien is the current player
They have rolled a 7
Gatien is getting out of the penalty box
Gatien's new location is 6
The category is ROCK
Rock Question 32
Question was incorrectly answered
Gatien was sent to the penalty box
Gatien is the current player
They have rolled a 7
Gatien is getting out of the penalty box
Gatien's new location is 6
The category is ROCK
Rock Question 33
Question was incorrectly answered
Gatien was sent to the penalty box
Gatien is the current player
They have rolled a 7
Gatien is getting out of the penalty box
Gatien's new location is 1
The category is SCIENCE
Science Question 16
Question was incorrectly answered
Gatien was sent to the penalty box
Gatien is the current player
They have rolled a 7
Gatien is getting out of the penalty box
Gatien's new location is 1
The category is SCIENCE
Science Question 17
Question was incorrectly answered
Gatien was sent to the penalty box
Gatien is the current player
They have rolled a 7
Gatien is getting out of the penalty box
Gatien's new location is 8
The category is PHILO
Question was incorrectly answered
Gatien was sent to the penalty box
Gatien is the current player
They have rolled a 7
Gatien is getting out of the penalty box
Gatien's new location is 8
The category is PHILO
Question was incorrectly answered
Gatien was sent to the penalty box
Gatien is the current player
They have rolled a 7
Gatien is getting out of the penalty box
Gatien's new location is 3
The category is RAP
Question was incorrectly answered
Gatien was sent to the penalty box
Gatien is the current player
They have rolled a 7
Gatien is getting out of the penalty box
Gatien's new location is 3
The category is RAP
Question was incorrectly answered
Gatien was sent to the penalty box
Gatien is the current player
They have rolled a 7
Gatien is getting out of the penalty box
Gatien's new location is 10
The category is SPORT
Sports Question 34
Question was incorrectly answered
Gatien was sent to the penalty box
Gatien is the current player
They have rolled a 7
Gatien is getting out of the penalty box
Gatien's new location is 10
The category is SPORT
Sports Question 35
Question was incorrectly answered
Gatien was sent to the penalty box
Gatien is the current player
They have rolled a 7
Gatien is getting out of the penalty box
Gatien's new location is 5
The category is ROCK
Rock Question 34
Question was incorrectly answered
Gatien was sent to the penalty box
Gatien is the current player
They have rolled a 7
Gatien is getting out of the penalty box
Gatien's new location is 5
The category is ROCK
Rock Question 35
Question was incorrectly answered
Gatien was sent to the penalty box
Gatien is the current player
They have rolled a 7
Gatien is getting out of the penalty box
Gatien's new location is 0
The category is POP
Pop Question 16
Question was incorrectly answered
Gatien was sent to the penalty box
Gatien is the current player
They have rolled a 7
Gatien is getting out of the penalty box
Gatien's new location is 0
The category is POP
Pop Question 17
Question was incorrectly answered
Gatien was sent to the penalty box
Gatien is the current player
They have rolled a 7
Gatien is getting out of the penalty box
Gatien's new location is 7
The category is GEO
Question was incorrectly answered
Gatien was sent to the penalty box
Gatien is the current player
They have rolled a 7
Gatien is getting out of the penalty box
Gatien's new location is 7
The category is GEO
Question was incorrectly answered
Gatien was sent to the penalty box
Gatien is the current player
They have rolled a 7
Gatien is getting out of the penalty box
Gatien's new location is 2
The category is SPORT
Sports Question 36
Question was incorrectly answered
Gatien was sent to the penalty box
Gatien is the current player
They have rolled a 7
Gatien is getting out of the penalty box
Gatien's new location is 2
The category is SPORT
Sports Question 37
Question was incorrectly answered
Gatien was sent to the penalty box
Gatien is the current player
They have rolled a 7
Gatien is getting out of the penalty box
Gatien's new location is 9
The category is LITTERATURE
Question was incorrectly answered
Gatien was sent to the penalty box
Gatien is the current player
They have rolled a 7
Gatien is getting out of the penalty box
Gatien's new location is 9
The category is LITTERATURE
Question was incorrectly answered
Gatien was sent to the penalty box
Gatien is the current player
They have rolled a 7
Gatien is getting out of the penalty box
Gatien's new location is 4
The category is GEO
Question was incorrectly answered
Gatien was sent to the penalty box
Gatien is the current player
They have rolled a 7
Gatien is getting out of the penalty box
Gatien's new location is 4
The category is GEO
Question was incorrectly answered
Gatien was sent to the penalty box
Gatien is the current player
They have rolled a 7
Gatien is getting out of the penalty box
Gatien's new location is 11
The category is RAP
Question was incorrectly answered
Gatien was sent to the penalty box
Gatien is the current player
They have rolled a 7
Gatien is getting out of the penalty box
Gatien's new location is 11
The category is RAP
Question was incorrectly answered
Gatien was sent to the penalty box
Gatien is the current player
They have rolled a 7
Gatien is getting out of the penalty box
Gatien's new location is 6
The category is ROCK
Rock Question 36
Question was incorrectly answered
Gatien was sent to the penalty box
Gatien is the current player
They have rolled a 7
Gatien is getting out of the penalty box
Gatien's new location is 6
The category is ROCK
Rock Question 37
Question was incorrectly answered
Gatien was sent to the penalty box
Gatien is the current player
They have rolled a 7
Gatien is getting out of the penalty box
Gatien's new location is 1
The category is SCIENCE
Science Question 18
Question was incorrectly answered
Gatien was sent to the penalty box
Gatien is the current player
They have rolled a 7
Gatien is getting out of the penalty box
Gatien's new location is 1
The category is SCIENCE
Science Question 19
Question was incorrectly answered
Gatien was sent to the penalty box
Gatien is the current player
They have rolled a 7
Gatien is getting out of the penalty box
Gatien's new location is 8
The category is PHILO
Question was incorrectly answered
Gatien was sent to the penalty box
Gatien is the current player
They have rolled a 7
Gatien is getting out of the penalty box
Gatien's new location is 8
The category is PHILO
Question was incorrectly answered
Gatien was sent to the penalty box
Gatien is the current player
They have rolled a 7
Gatien is getting out of the penalty box
Gatien's new location is 3
The category is RAP
Question was incorrectly answered
Gatien was sent to the penalty box
Gatien is the current player
They have rolled a 7
Gatien is getting out of the penalty box
Gatien's new location is 3
The category is RAP
Question was incorrectly answered
Gatien was sent to the penalty box
Gatien is the current player
They have rolled a 7
Gatien is getting out of the penalty box
Gatien's new location is 10
The category is SPORT
Sports Question 38
Question was incorrectly answered
Gatien was sent to the penalty box
Gatien is the current player
They have rolled a 7
Gatien is getting out of the penalty box
Gatien's new location is 10
The category is SPORT
Sports Question 39
Question was incorrectly answered
Gatien was sent to the penalty box
Gatien is the current player
They have rolled a 7
Gatien is getting out of the penalty box
Gatien's new location is 5
The category is ROCK
Rock Question 38
Question was incorrectly answered
Gatien was sent to the penalty box
Gatien is the current player
They have rolled a 7
Gatien is getting out of the penalty box
Gatien's new location is 5
The category is ROCK
Rock Question 39
Question was incorrectly answered
Gatien was sent to the penalty box
Gatien is the current player
They have rolled a 7
Gatien is getting out of the penalty box
Gatien's new location is 0
The category is POP
Pop Question 18
Question was incorrectly answered
Gatien was sent to the penalty box
Gatien is the current player
They have rolled a 7
Gatien is getting out of the penalty box
Gatien's new location is 0
The category is POP
Pop Question 19
Question was incorrectly answered
Gatien was sent to the penalty box
Gatien is the current player
They have rolled a 7
Gatien is getting out of the penalty box
Gatien's new location is 7
The category is GEO
Question was incorrectly answered
Gatien was sent to the penalty box
Gatien is the current player
They have rolled a 7
Gatien is getting out of the penalty box
Gatien's new location is 7
The category is GEO
Question was incorrectly answered
Gatien was sent to the penalty box
Gatien is the current player
They have rolled a 7
Gatien is getting out of the penalty box
Gatien's new location is 2
The category is SPORT
Sports Question 40
Question was incorrectly answered
Gatien was sent to the penalty box
Gatien is the current player
They have rolled a 7
Gatien is getting out of the penalty box
Gatien's new location is 2
The category is SPORT
Sports Question 41
Question was incorrectly answered
Gatien was sent to the penalty box
Gatien is the current player
They have rolled a 7
Gatien is getting out of the penalty box
Gatien's new location is 9
The category is LITTERATURE
Question was incorrectly answered
Gatien was sent to the penalty box
Gatien is the current player
They have rolled a 7
Gatien is getting out of the penalty box
Gatien's new location is 9
The category is LITTERATURE
Question was incorrectly answered
Gatien was sent to the penalty box
Gatien is the current player
They have rolled a 7
Gatien is getting out of the penalty box
Gatien's new location is 4
The category is GEO
Question was incorrectly answered
Gatien was sent to the penalty box
Gatien is the current player
They have rolled a 7
Gatien is getting out of the penalty box
Gatien's new location is 4
The category is GEO
Question was incorrectly answered
Gatien was sent to the penalty box
Gatien is the current player
They have rolled a 7
Gatien is getting out of the penalty box
Gatien's new location is 11
The category is RAP
Question was incorrectly answered
Gatien was sent to the penalty box
Gatien is the current player
They have rolled a 7
Gatien is getting out of the penalty box
Gatien's new location is 11
The category is RAP
Question was incorrectly answered
Gatien was sent to the penalty box
Gatien is the current player
They have rolled a 7
Gatien is getting out of the penalty box
Gatien's new location is 6
The category is ROCK
Rock Question 40
Question was incorrectly answered
Gatien was sent to the penalty box
Gatien is the current player
They have rolled a 7
Gatien is getting out of the penalty box
Gatien's new location is 6
The category is ROCK
Rock Question 41
Question was incorrectly answered
Gatien was sent to the penalty box
Gatien is the current player
They have rolled a 7
Gatien is getting out of the penalty box
Gatien's new location is 1
The category is SCIENCE
Science Question 20
Question was incorrectly answered
Gatien was sent to the penalty box
Gatien is the current player
They have rolled a 7
Gatien is getting out of the penalty box
Gatien's new location is 1
The category is SCIENCE
Science Question 21
Question was incorrectly answered
Gatien was sent to the penalty box
Gatien is the current player
They have rolled a 7
Gatien is getting out of the penalty box
Gatien's new location is 8
The category is PHILO
Question was incorrectly answered
Gatien was sent to the penalty box
Gatien is the current player
They have rolled a 7
Gatien is getting out of the penalty box
Gatien's new location is 8
The category is PHILO
Question was incorrectly answered
Gatien was sent to the penalty box
Gatien is the current player
They have rolled a 7
Gatien is getting out of the penalty box
Gatien's new location is 3
The category is RAP
Question was incorrectly answered
Gatien was sent to the penalty box
Gatien is the current player
They have rolled a 7
Gatien is getting out of the penalty box
Gatien's new location is 3
The category is RAP
Question was incorrectly answered
Gatien was sent to the penalty box
Gatien is the current player
They have rolled a 7
Gatien is getting out of the penalty box
Gatien's new location is 10
The category is SPORT
Sports Question 42
Question was incorrectly answered
Gatien was sent to the penalty box
Gatien is the current player
They have rolled a 7
Gatien is getting out of the penalty box
Gatien's new location is 10
The category is SPORT
Sports Question 43
Question was incorrectly answered
Gatien was sent to the penalty box
Gatien is the current player
They have rolled a 7
Gatien is getting out of the penalty box
Gatien's new location is 5
The category is ROCK
Rock Question 42
Question was incorrectly answered
Gatien was sent to the penalty box
Gatien is the current player
They have rolled a 7
Gatien is getting out of the penalty box
Gatien's new location is 5
The category is ROCK
Rock Question 43
Question was incorrectly answered
Gatien was sent to the penalty box
Gatien is the current player
They have rolled a 7
Gatien is getting out of the penalty box
Gatien's new location is 0
The category is POP
Pop Question 20
Question was incorrectly answered
Gatien was sent to the penalty box
Gatien is the current player
They have rolled a 7
Gatien is getting out of the penalty box
Gatien's new location is 0
The category is POP
Pop Question 21
Question was incorrectly answered
Gatien was sent to the penalty box
Gatien is the current player
They have rolled a 7
Gatien is getting out of the penalty box
Gatien's new location is 7
The category is GEO
Question was incorrectly answered
Gatien was sent to the penalty box
Gatien is the current player
They have rolled a 7
Gatien is getting out of the penalty box
Gatien's new location is 7
The category is GEO
Question was incorrectly answered
Gatien was sent to the penalty box
Gatien is the current player
They have rolled a 7
Gatien is getting out of the penalty box
Gatien's new location is 2
The category is SPORT
Sports Question 44
Question was incorrectly answered
Gatien was sent to the penalty box
Gatien is the current player
They have rolled a 7
Gatien is getting out of the penalty box
Gatien's new location is 2
The category is SPORT
Sports Question 45
Question was incorrectly answered
Gatien was sent to the penalty box
Gatien is the current player
They have rolled a 7
Gatien is getting out of the penalty box
Gatien's new location is 9
The category is LITTERATURE
Question was incorrectly answered
Gatien was sent to the penalty box
Gatien is the current player
They have rolled a 7
Gatien is getting out of the penalty box
Gatien's new location is 9
The category is LITTERATURE
Question was incorrectly answered
Gatien was sent to the penalty box
Gatien is the current player
They have rolled a 7
Gatien is getting out of the penalty box
Gatien's new location is 4
The category is GEO
Question was incorrectly answered
Gatien was sent to the penalty box
Gatien is the current player
They have rolled a 7
Gatien is getting out of the penalty box
Gatien's new location is 4
The category is GEO
Question was incorrectly answered
Gatien was sent to the penalty box
Gatien is the current player
They have rolled a 7
Gatien is getting out of the penalty box
Gatien's new location is 11
The category is RAP
Question was incorrectly answered
Gatien was sent to the penalty box
Gatien is the current player
They have rolled a 7
Gatien is getting out of the penalty box
Gatien's new location is 11
The category is RAP
Question was incorrectly answered
Gatien was sent to the penalty box
Gatien is the current player
They have rolled a 7
Gatien is getting out of the penalty box
Gatien's new location is 6
The category is ROCK
Rock Question 44
Question was incorrectly answered
Gatien was sent to the penalty box
Gatien is the current player
They have rolled a 7
Gatien is getting out of the penalty box
Gatien's new location is 6
The category is ROCK
Rock Question 45
Question was incorrectly answered
Gatien was sent to the penalty box
Gatien is the current player
They have rolled a 7
Gatien is getting out of the penalty box
Gatien's new location is 1
The category is SCIENCE
Science Question 22
Question was incorrectly answered
Gatien was sent to the penalty box
Gatien is the current player
They have rolled a 7
Gatien is getting out of the penalty box
Gatien's new location is 1
The category is SCIENCE
Science Question 23
Question was incorrectly answered
Gatien was sent to the penalty box
Gatien is the current player
They have rolled a 7
Gatien is getting out of the penalty box
Gatien's new location is 8
The category is PHILO
Question was incorrectly answered
Gatien was sent to the penalty box
Gatien is the current player
They have rolled a 7
Gatien is getting out of the penalty box
Gatien's new location is 8
The category is PHILO
Question was incorrectly answered
Gatien was sent to the penalty box
Gatien is the current player
They have rolled a 7
Gatien is getting out of the penalty box
Gatien's new location is 3
The category is RAP
Question was incorrectly answered
Gatien was sent to the penalty box
Gatien is the current player
They have rolled a 7
Gatien is getting out of the penalty box
Gatien's new location is 3
The category is RAP
Question was incorrectly answered
Gatien was sent to the penalty box
Gatien is the current player
They have rolled a 7
Gatien is getting out of the penalty box
Gatien's new location is 10
The category is SPORT
Sports Question 46
Question was incorrectly answered
Gatien was sent to the penalty box
Gatien is the current player
They have rolled a 7
Gatien is getting out of the penalty box
Gatien's new location is 10
The category is SPORT
Sports Question 47
Question was incorrectly answered
Gatien was sent to the penalty box
Gatien is the current player
They have rolled a 7
Gatien is getting out of the penalty box
Gatien's new location is 5
The category is ROCK
Rock Question 46
Question was incorrectly answered
Gatien was sent to the penalty box
Gatien is the current player
They have rolled a 7
Gatien is getting out of the penalty box
Gatien's new location is 5
The category is ROCK
Rock Question 47
Question was incorrectly answered
Gatien was sent to the penalty box
Gatien is the current player
They have rolled a 7
Gatien is getting out of the penalty box
Gatien's new location is 0
The category is POP
Pop Question 22
Question was incorrectly answered
Gatien was sent to the penalty box
Gatien is the current player
They have rolled a 7
Gatien is getting out of the penalty box
Gatien's new location is 0
The category is POP
Pop Question 23
Question was incorrectly answered
Gatien was sent to the penalty box
Gatien is the current player
They have rolled a 7
Gatien is getting out of the penalty box
Gatien's new location is 7
The category is GEO
Question was incorrectly answered
Gatien was sent to the penalty box
Gatien is the current player
They have rolled a 7
Gatien is getting out of the penalty box
Gatien's new location is 7
The category is GEO
Question was incorrectly answered
Gatien was sent to the penalty box
Gatien is the current player
They have rolled a 7
Gatien is getting out of the penalty box
Gatien's new location is 2
The category is SPORT
Sports Question 48
Question was incorrectly answered
Gatien was sent to the penalty box
Gatien is the current player
They have rolled a 7
Gatien is getting out of the penalty box
Gatien's new location is 2
The category is SPORT
Sports Question 49
Question was incorrectly answered
Gatien was sent to the penalty box
Gatien is the current player
They have rolled a 7
Gatien is getting out of the penalty box
Gatien's new location is 9
The category is LITTERATURE
Question was incorrectly answered
Gatien was sent to the penalty box
Gatien is the current player
They have rolled a 7
Gatien is getting out of the penalty box
Gatien's new location is 9
The category is LITTERATURE
Question was incorrectly answered
Gatien was sent to the penalty box
Gatien is the current player
They have rolled a 7
Gatien is getting out of the penalty box
Gatien's new location is 4
The category is GEO
Question was incorrectly answered
Gatien was sent to the penalty box
Gatien is the current player
They have rolled a 7
Gatien is getting out of the penalty box
Gatien's new location is 4
The category is GEO
Question was incorrectly answered
Gatien was sent to the penalty box
Gatien is the current player
They have rolled a 7
Gatien is getting out of the penalty box
Gatien's new location is 11
The category is RAP
Question was incorrectly answered
Gatien was sent to the penalty box
Gatien is the current player
They have rolled a 7
Gatien is getting out of the penalty box
Gatien's new location is 11
The category is RAP
Question was incorrectly answered
Gatien was sent to the penalty box
Gatien is the current player
They have rolled a 7
Gatien is getting out of the penalty box
Gatien's new location is 6
The category is ROCK
Rock Question 48
Question was incorrectly answered
Gatien was sent to the penalty box
Gatien is the current player
They have rolled a 7
Gatien is getting out of the penalty box
Gatien's new location is 6
The category is ROCK
Rock Question 49
Question was incorrectly answered
Gatien was sent to the penalty box
Gatien is the current player
They have rolled a 7
Gatien is getting out of the penalty box
Gatien's new location is 1
The category is SCIENCE
Science Question 24
Question was incorrectly answered
Gatien was sent to the penalty box
Gatien is the current player
They have rolled a 7
Gatien is getting out of the penalty box
Gatien's new location is 1
The category is SCIENCE
Science Question 25
Question was incorrectly answered
Gatien was sent to the penalty box
Gatien is the current player
They have rolled a 7
Gatien is getting out of the penalty box
Gatien's new location is 8
The category is PHILO
Question was incorrectly answered
Gatien was sent to the penalty box
Gatien is the current player
They have rolled a 7
Gatien is getting out of the penalty box
Gatien's new location is 8
The category is PHILO
Question was incorrectly answered
Gatien was sent to the penalty box
Gatien is the current player
They have rolled a 7
Gatien is getting out of the penalty box
Gatien's new location is 3
The category is RAP
Question was incorrectly answered
Gatien was sent to the penalty box
Gatien is the current player
They have rolled a 7
Gatien is getting out of the penalty box
Gatien's new location is 3
The category is RAP
Question was incorrectly answered
Gatien was sent to the penalty box
Gatien is the current player
They have rolled a 7
Gatien is getting out of the penalty box
Gatien's new location is 10
The category is SPORT
Sports Question 49
Question was incorrectly answered
Gatien was sent to the penalty box
Gatien is the current player
They have rolled a 7
Gatien is getting out of the penalty box
Gatien's new location is 10
The category is SPORT
Sports Question 50
Question was incorrectly answered
Gatien was sent to the penalty box
Gatien is the current player
They have rolled a 7
Gatien is getting out of the penalty box
Gatien's new location is 5
The category is ROCK
Rock Question 49
Question was incorrectly answered
Gatien was sent to the penalty box
Gatien is the current player
They have rolled a 7
Gatien is getting out of the penalty box
Gatien's new location is 5
The category is ROCK
Rock Question 50
Question was incorrectly answered
Gatien was sent to the penalty box
Gatien is the current player
They have rolled a 7
Gatien is getting out of the penalty box
Gatien's new location is 0
The category is POP
Pop Question 24
Question was incorrectly answered
Gatien was sent to the penalty box
Gatien is the current player
They have rolled a 7
Gatien is getting out of the penalty box
Gatien's new location is 0
The category is POP
Pop Question 25
Question was incorrectly answered
Gatien was sent to the penalty box
Gatien is the current player
They have rolled a 7
Gatien is getting out of the penalty box
Gatien's new location is 7
The category is GEO
Question was incorrectly answered
Gatien was sent to the penalty box
Gatien is the current player
They have rolled a 7
Gatien is getting out of the penalty box
Gatien's new location is 7
The category is GEO
Question was incorrectly answered
Gatien was sent to the penalty box
Gatien is the current player
They have rolled a 7
Gatien is getting out of the penalty box
Gatien's new location is 2
The category is SPORT
Sports Question 51
Question was incorrectly answered
Gatien was sent to the penalty box
Gatien is the current player
They have rolled a 7
Gatien is getting out of the penalty box
Gatien's new location is 2
The category is SPORT
Sports Question 52
Question was incorrectly answered
Gatien was sent to the penalty box
Gatien is the current player
They have rolled a 7
Gatien is getting out of the penalty box
Gatien's new location is 9
The category is LITTERATURE
Question was incorrectly answered
Gatien was sent to the penalty box
Gatien is the current player
They have rolled a 7
Gatien is getting out of the penalty box
Gatien's new location is 9
The category is LITTERATURE
Question was incorrectly answered
Gatien was sent to the penalty box
Gatien is the current player
They have rolled a 7
Gatien is getting out of the penalty box
Gatien's new location is 4
The category is GEO
Question was incorrectly answered
Gatien was sent to the penalty box
Gatien is the current player
They have rolled a 7
Gatien is getting out of the penalty box
Gatien's new location is 4
The category is GEO
Question was incorrectly answered
Gatien was sent to the penalty box
Gatien is the current player
They have rolled a 7
Gatien is getting out of the penalty box
Gatien's new location is 11
The category is RAP
Question was incorrectly answered
Gatien was sent to the penalty box
Gatien is the current player
They have rolled a 7
Gatien is getting out of the penalty box
Gatien's new location is 11
The category is RAP
Question was incorrectly answered
Gatien was sent to the penalty box
Gatien is the current player
They have rolled a 7
Gatien is getting out of the penalty box
Gatien's new location is 6
The category is ROCK
Rock Question 51
Question was incorrectly answered
Gatien was sent to the penalty box
Gatien is the current player
They have rolled a 7
Gatien is getting out of the penalty box
Gatien's new location is 6
The category is ROCK
Rock Question 52
Question was incorrectly answered
Gatien was sent to the penalty box
Gatien is the current player
They have rolled a 7
Gatien is getting out of the penalty box
Gatien's new location is 1
The category is SCIENCE
Science Question 26
Question was incorrectly answered
Gatien was sent to the penalty box
Gatien is the current player
They have rolled a 7
Gatien is getting out of the penalty box
Gatien's new location is 1
The category is SCIENCE
Science Question 27
Question was incorrectly answered
Gatien was sent to the penalty box
Gatien is the current player
They have rolled a 7
Gatien is getting out of the penalty box
Gatien's new location is 8
The category is PHILO
Question was incorrectly answered
Gatien was sent to the penalty box
Gatien is the current player
They have rolled a 7
Gatien is getting out of the penalty box
Gatien's new location is 8
The category is PHILO
Question was incorrectly answered
Gatien was sent to the penalty box
Gatien is the current player
They have rolled a 7
Gatien is getting out of the penalty box
Gatien's new location is 3
The category is RAP
Question was incorrectly answered
Gatien was sent to the penalty box
Gatien is the current player
They have rolled a 7
Gatien is getting out of the penalty box
Gatien's new location is 3
The category is RAP
Question was incorrectly answered
Gatien was sent to the penalty box
Gatien is the current player
They have rolled a 7
Gatien is getting out of the penalty box
Gatien's new location is 10
The category is SPORT
Sports Question 53
Question was incorrectly answered
Gatien was sent to the penalty box
Gatien is the current player
They have rolled a 7
Gatien is getting out of the penalty box
Gatien's new location is 10
The category is SPORT
Sports Question 54
Question was incorrectly answered
Gatien was sent to the penalty box
Gatien is the current player
They have rolled a 7
Gatien is getting out of the penalty box
Gatien's new location is 5
The category is ROCK
Rock Question 53
Question was incorrectly answered
Gatien was sent to the penalty box
Gatien is the current player
They have rolled a 7
Gatien is getting out of the penalty box
Gatien's new location is 5
The category is ROCK
Rock Question 54
Question was incorrectly answered
Gatien was sent to the penalty box
Gatien is the current player
They have rolled a 7
Gatien is getting out of the penalty box
Gatien's new location is 0
The category is POP
Pop Question 26
Question was incorrectly answered
Gatien was sent to the penalty box
Gatien is the current player
They have rolled a 7
Gatien is getting out of the penalty box
Gatien's new location is 0
The category is POP
Pop Question 27
Question was incorrectly answered
Gatien was sent to the penalty box
Gatien is the current player
They have rolled a 7
Gatien is getting out of the penalty box
Gatien's new location is 7
The category is GEO
Question was incorrectly answered
Gatien was sent to the penalty box
Gatien is the current player
They have rolled a 7
Gatien is getting out of the penalty box
Gatien's new location is 7
The category is GEO
Question was incorrectly answered
Gatien was sent to the penalty box
Gatien is the current player
They have rolled a 7
Gatien is getting out of the penalty box
Gatien's new location is 2
The category is SPORT
Sports Question 55
Question was incorrectly answered
Gatien was sent to the penalty box
Gatien is the current player
They have rolled a 7
Gatien is getting out of the penalty box
Gatien's new location is 2
The category is SPORT
Sports Question 56
Question was incorrectly answered
Gatien was sent to the penalty box
Gatien is the current player
They have rolled a 7
Gatien is getting out of the penalty box
Gatien's new location is 9
The category is LITTERATURE
Question was incorrectly answered
Gatien was sent to the penalty box
Gatien is the current player
They have rolled a 7
Gatien is getting out of the penalty box
Gatien's new location is 9
The category is LITTERATURE
Question was incorrectly answered
Gatien was sent to the penalty box
Gatien is the current player
They have rolled a 7
Gatien is getting out of the penalty box
Gatien's new location is 4
The category is GEO
Question was incorrectly answered
Gatien was sent to the penalty box
Gatien is the current player
They have rolled a 7
Gatien is getting out of the penalty box
Gatien's new location is 4
The category is GEO
Question was incorrectly answered
Gatien was sent to the penalty box
Gatien is the current player
They have rolled a 7
Gatien is getting out of the penalty box
Gatien's new location is 11
The category is RAP
Question was incorrectly answered
Gatien was sent to the penalty box
Gatien is the current player
They have rolled a 7
Gatien is getting out of the penalty box
Gatien's new location is 11
The category is RAP
Question was incorrectly answered
Gatien was sent to the penalty box
Gatien is the current player
They have rolled a 7
Gatien is getting out of the penalty box
Gatien's new location is 6
The category is ROCK
Rock Question 55
Question was incorrectly answered
Gatien was sent to the penalty box
Gatien is the current player
They have rolled a 7
Gatien is getting out of the penalty box
Gatien's new location is 6
The category is ROCK
Rock Question 56
Question was incorrectly answered
Gatien was sent to the penalty box
Gatien is the current player
They have rolled a 7
Gatien is getting out of the penalty box
Gatien's new location is 1
The category is SCIENCE
Science Question 28
Question was incorrectly answered
Gatien was sent to the penalty box
Gatien is the current player
They have rolled a 7
Gatien is getting out of the penalty box
Gatien's new location is 1
The category is SCIENCE
Science Question 29
Question was incorrectly answered
Gatien was sent to the penalty box
Gatien is the current player
They have rolled a 7
Gatien is getting out of the penalty box
Gatien's new location is 8
The category is PHILO
Question was incorrectly answered
Gatien was sent to the penalty box
Gatien is the current player
They have rolled a 7
Gatien is getting out of the penalty box
Gatien's new location is 8
The category is PHILO
Question was incorrectly answered
Gatien was sent to the penalty box
Gatien is the current player
They have rolled a 7
Gatien is getting out of the penalty box
Gatien's new location is 3
The category is RAP
Question was incorrectly answered
Gatien was sent to the penalty box
Gatien is the current player
They have rolled a 7
Gatien is getting out of the penalty box
Gatien's new location is 3
The category is RAP
Question was incorrectly answered
Gatien was sent to the penalty box
Gatien is the current player
They have rolled a 7
Gatien is getting out of the penalty box
Gatien's new location is 10
The category is SPORT
Sports Question 57
Question was incorrectly answered
Gatien was sent to the penalty box
Gatien is the current player
They have rolled a 7
Gatien is getting out of the penalty box
Gatien's new location is 10
The category is SPORT
Sports Question 58
Question was incorrectly answered
Gatien was sent to the penalty box
Gatien is the current player
They have rolled a 7
Gatien is getting out of the penalty box
Gatien's new location is 5
The category is ROCK
Rock Question 57
Question was incorrectly answered
Gatien was sent to the penalty box
Gatien is the current player
They have rolled a 7
Gatien is getting out of the penalty box
Gatien's new location is 5
The category is ROCK
Rock Question 58
Question was incorrectly answered
Gatien was sent to the penalty box
Gatien is the current player
They have rolled a 7
Gatien is getting out of the penalty box
Gatien's new location is 0
The category is POP
Pop Question 28
Question was incorrectly answered
Gatien was sent to the penalty box
Gatien is the current player
They have rolled a 7
Gatien is getting out of the penalty box
Gatien's new location is 0
The category is POP
Pop Question 29
Question was incorrectly answered
Gatien was sent to the penalty box
Gatien is the current player
They have rolled a 7
Gatien is getting out of the penalty box
Gatien's new location is 7
The category is GEO
Question was incorrectly answered
Gatien was sent to the penalty box
Gatien is the current player
They have rolled a 7
Gatien is getting out of the penalty box
Gatien's new location is 7
The category is GEO
Question was incorrectly answered
Gatien was sent to the penalty box
Gatien is the current player
They have rolled a 7
Gatien is getting out of the penalty box
Gatien's new location is 2
The category is SPORT
Sports Question 59
Question was incorrectly answered
Gatien was sent to the penalty box
Gatien is the current player
They have rolled a 7
Gatien is getting out of the penalty box
Gatien's new location is 2
The category is SPORT
Sports Question 60
Question was incorrectly answered
Gatien was sent to the penalty box
Gatien is the current player
They have rolled a 7
Gatien is getting out of the penalty box
Gatien's new location is 9
The category is LITTERATURE
Question was incorrectly answered
Gatien was sent to the penalty box
Gatien is the current player
They have rolled a 7
Gatien is getting out of the penalty box
Gatien's new location is 9
The category is LITTERATURE
Question was incorrectly answered
Gatien was sent to the penalty box
Gatien is the current player
They have rolled a 7
Gatien is getting out of the penalty box
Gatien's new location is 4
The category is GEO
Question was incorrectly answered
Gatien was sent to the penalty box
Gatien is the current player
They have rolled a 7
Gatien is getting out of the penalty box
Gatien's new location is 4
The category is GEO
Question was incorrectly answered
Gatien was sent to the penalty box
Gatien is the current player
They have rolled a 7
Gatien is getting out of the penalty box
Gatien's new location is 11
The category is RAP
Question was incorrectly answered
Gatien was sent to the penalty box
Gatien is the current player
They have rolled a 7
Gatien is getting out of the penalty box
Gatien's new location is 11
The category is RAP
Question was incorrectly answered
Gatien was sent to the penalty box
Gatien is the current player
They have rolled a 7
Gatien is getting out of the penalty box
Gatien's new location is 6
The category is ROCK
Rock Question 59
Question was incorrectly answered
Gatien was sent to the penalty box
Gatien is the current player
They have rolled a 7
Gatien is getting out of the penalty box
Gatien's new location is 6
The category is ROCK
Rock Question 60
Question was incorrectly answered
Gatien was sent to the penalty box
Gatien is the current player
They have rolled a 7
Gatien is getting out of the penalty box
Gatien's new location is 1
The category is SCIENCE
Science Question 30
Question was incorrectly answered
Gatien was sent to the penalty box
Gatien is the current player
They have rolled a 7
Gatien is getting out of the penalty box
Gatien's new location is 1
The category is SCIENCE
Science Question 31
Question was incorrectly answered
Gatien was sent to the penalty box
Gatien is the current player
They have rolled a 7
Gatien is getting out of the penalty box
Gatien's new location is 8
The category is PHILO
Question was incorrectly answered
Gatien was sent to the penalty box
Gatien is the current player
They have rolled a 7
Gatien is getting out of the penalty box
Gatien's new location is 8
The category is PHILO
Question was incorrectly answered
Gatien was sent to the penalty box
Gatien is the current player
They have rolled a 7
Gatien is getting out of the penalty box
Gatien's new location is 3
The category is RAP
Question was incorrectly answered
Gatien was sent to the penalty box
Gatien is the current player
They have rolled a 7
Gatien is getting out of the penalty box
Gatien's new location is 3
The category is RAP
Question was incorrectly answered
Gatien was sent to the penalty box
Gatien is the current player
They have rolled a 7
Gatien is getting out of the penalty box
Gatien's new location is 10
The category is SPORT
Sports Question 61
Question was incorrectly answered
Gatien was sent to the penalty box
Gatien is the current player
They have rolled a 7
Gatien is getting out of the penalty box
Gatien's new location is 10
The category is SPORT
Sports Question 62
Question was incorrectly answered
Gatien was sent to the penalty box
Gatien is the current player
They have rolled a 7
Gatien is getting out of the penalty box
Gatien's new location is 5
The category is ROCK
Rock Question 61
Question was incorrectly answered
Gatien was sent to the penalty box
Gatien is the current player
They have rolled a 7
Gatien is getting out of the penalty box
Gatien's new location is 5
The category is ROCK
Rock Question 62
Question was incorrectly answered
Gatien was sent to the penalty box
Gatien is the current player
They have rolled a 7
Gatien is getting out of the penalty box
Gatien's new location is 0
The category is POP
Pop Question 30
Question was incorrectly answered
Gatien was sent to the penalty box
Gatien is the current player
They have rolled a 7
Gatien is getting out of the penalty box
Gatien's new location is 0
The category is POP
Pop Question 31
Question was incorrectly answered
Gatien was sent to the penalty box
Gatien is the current player
They have rolled a 7
Gatien is getting out of the penalty box
Gatien's new location is 7
The category is GEO
Question was incorrectly answered
Gatien was sent to the penalty box
Gatien is the current player
They have rolled a 7
Gatien is getting out of the penalty box
Gatien's new location is 7
The category is GEO
Question was incorrectly answered
Gatien was sent to the penalty box
Gatien is the current player
They have rolled a 7
Gatien is getting out of the penalty box
Gatien's new location is 2
The category is SPORT
Sports Question 63
Question was incorrectly answered
Gatien was sent to the penalty box
Gatien is the current player
They have rolled a 7
Gatien is getting out of the penalty box
Gatien's new location is 2
The category is SPORT
Sports Question 64
Question was incorrectly answered
Gatien was sent to the penalty box
Gatien is the current player
They have rolled a 7
Gatien is getting out of the penalty box
Gatien's new location is 9
The category is LITTERATURE
Question was incorrectly answered
Gatien was sent to the penalty box
Gatien is the current player
They have rolled a 7
Gatien is getting out of the penalty box
Gatien's new location is 9
The category is LITTERATURE
Question was incorrectly answered
Gatien was sent to the penalty box
Gatien is the current player
They have rolled a 7
Gatien is getting out of the penalty box
Gatien's new location is 4
The category is GEO
Question was incorrectly answered
Gatien was sent to the penalty box
Gatien is the current player
They have rolled a 7
Gatien is getting out of the penalty box
Gatien's new location is 4
The category is GEO
Question was incorrectly answered
Gatien was sent to the penalty box
Gatien is the current player
They have rolled a 7
Gatien is getting out of the penalty box
Gatien's new location is 11
The category is RAP
Question was incorrectly answered
Gatien was sent to the penalty box
Gatien is the current player
They have rolled a 7
Gatien is getting out of the penalty box
Gatien's new location is 11
The category is RAP
Question was incorrectly answered
Gatien was sent to the penalty box
Gatien is the current player
They have rolled a 7
Gatien is getting out of the penalty box
Gatien's new location is 6
The category is ROCK
Rock Question 63
Question was incorrectly answered
Gatien was sent to the penalty box
Gatien is the current player
They have rolled a 7
Gatien is getting out of the penalty box
Gatien's new location is 6
The category is ROCK
Rock Question 64
Question was incorrectly answered
Gatien was sent to the penalty box
Gatien is the current player
They have rolled a 7
Gatien is getting out of the penalty box
Gatien's new location is 1
The category is SCIENCE
Science Question 32
Question was incorrectly answered
Gatien was sent to the penalty box
Gatien is the current player
They have rolled a 7
Gatien is getting out of the penalty box
Gatien's new location is 1
The category is SCIENCE
Science Question 33
Question was incorrectly answered
Gatien was sent to the penalty box
Gatien is the current player
They have rolled a 7
Gatien is getting out of the penalty box
Gatien's new location is 8
The category is PHILO
Question was incorrectly answered
Gatien was sent to the penalty box
Gatien is the current player
They have rolled a 7
Gatien is getting out of the penalty box
Gatien's new location is 8
The category is PHILO
Question was incorrectly answered
Gatien was sent to the penalty box
Gatien is the current player
They have rolled a 7
Gatien is getting out of the penalty box
Gatien's new location is 3
The category is RAP
Question was incorrectly answered
Gatien was sent to the penalty box
Gatien is the current player
They have rolled a 7
Gatien is getting out of the penalty box
Gatien's new location is 3
The category is RAP
Question was incorrectly answered
Gatien was sent to the penalty box
Gatien is the current player
They have rolled a 7
Gatien is getting out of the penalty box
Gatien's new location is 10
The category is SPORT
Sports Question 65
Question was incorrectly answered
Gatien was sent to the penalty box
Gatien is the current player
They have rolled a 7
Gatien is getting out of the penalty box
Gatien's new location is 10
The category is SPORT
Sports Question 66
Question was incorrectly answered
Gatien was sent to the penalty box
Gatien is the current player
They have rolled a 7
Gatien is getting out of the penalty box
Gatien's new location is 5
The category is ROCK
Rock Question 65
Question was incorrectly answered
Gatien was sent to the penalty box
Gatien is the current player
They have rolled a 7
Gatien is getting out of the penalty box
Gatien's new location is 5
The category is ROCK
Rock Question 66
Question was incorrectly answered
Gatien was sent to the penalty box
Gatien is the current player
They have rolled a 7
Gatien is getting out of the penalty box
Gatien's new location is 0
The category is POP
Pop Question 32
Question was incorrectly answered
Gatien was sent to the penalty box
Gatien is the current player
They have rolled a 7
Gatien is getting out of the penalty box
Gatien's new location is 0
The category is POP
Pop Question 33
Question was incorrectly answered
Gatien was sent to the penalty box
Gatien is the current player
They have rolled a 7
Gatien is getting out of the penalty box
Gatien's new location is 7
The category is GEO
Question was incorrectly answered
Gatien was sent to the penalty box
Gatien is the current player
They have rolled a 7
Gatien is getting out of the penalty box
Gatien's new location is 7
The category is GEO
Question was incorrectly answered
Gatien was sent to the penalty box
Gatien is the current player
They have rolled a 7
Gatien is getting out of the penalty box
Gatien's new location is 2
The category is SPORT
Sports Question 67
Question was incorrectly answered
Gatien was sent to the penalty box
Gatien is the current player
They have rolled a 7
Gatien is getting out of the penalty box
Gatien's new location is 2
The category is SPORT
Sports Question 68
Question was incorrectly answered
Gatien was sent to the penalty box
Gatien is the current player
They have rolled a 7
Gatien is getting out of the penalty box
Gatien's new location is 9
The category is LITTERATURE
Question was incorrectly answered
Gatien was sent to the penalty box
Gatien is the current player
They have rolled a 7
Gatien is getting out of the penalty box
Gatien's new location is 9
The category is LITTERATURE
Question was incorrectly answered
Gatien was sent to the penalty box
Gatien is the current player
They have rolled a 7
Gatien is getting out of the penalty box
Gatien's new location is 4
The category is GEO
Question was incorrectly answered
Gatien was sent to the penalty box
Gatien is the current player
They have rolled a 7
Gatien is getting out of the penalty box
Gatien's new location is 4
The category is GEO
Question was incorrectly answered
Gatien was sent to the penalty box
Gatien is the current player
They have rolled a 7
Gatien is getting out of the penalty box
Gatien's new location is 11
The category is RAP
Question was incorrectly answered
Gatien was sent to the penalty box
Gatien is the current player
They have rolled a 7
Gatien is getting out of the penalty box
Gatien's new location is 11
The category is RAP
Question was incorrectly answered
Gatien was sent to the penalty box
Gatien is the current player
They have rolled a 7
Gatien is getting out of the penalty box
Gatien's new location is 6
The category is ROCK
Rock Question 67
Question was incorrectly answered
Gatien was sent to the penalty box
Gatien is the current player
They have rolled a 7
Gatien is getting out of the penalty box
Gatien's new location is 6
The category is ROCK
Rock Question 68
Question was incorrectly answered
Gatien was sent to the penalty box
Gatien is the current player
They have rolled a 7
Gatien is getting out of the penalty box
Gatien's new location is 1
The category is SCIENCE
Science Question 34
Question was incorrectly answered
Gatien was sent to the penalty box
Gatien is the current player
They have rolled a 7
Gatien is getting out of the penalty box
Gatien's new location is 1
The category is SCIENCE
Science Question 35
Question was incorrectly answered
Gatien was sent to the penalty box
Gatien is the current player
They have rolled a 7
Gatien is getting out of the penalty box
Gatien's new location is 8
The category is PHILO
Question was incorrectly answered
Gatien was sent to the penalty box
Gatien is the current player
They have rolled a 7
Gatien is getting out of the penalty box
Gatien's new location is 8
The category is PHILO
Question was incorrectly answered
Gatien was sent to the penalty box
Gatien is the current player
They have rolled a 7
Gatien is getting out of the penalty box
Gatien's new location is 3
The category is RAP
Question was incorrectly answered
Gatien was sent to the penalty box
Gatien is the current player
They have rolled a 7
Gatien is getting out of the penalty box
Gatien's new location is 3
The category is RAP
Question was incorrectly answered
Gatien was sent to the penalty box
Gatien is the current player
They have rolled a 7
Gatien is getting out of the penalty box
Gatien's new location is 10
The category is SPORT
Sports Question 69
Question was incorrectly answered
Gatien was sent to the penalty box
Gatien is the current player
They have rolled a 7
Gatien is getting out of the penalty box
Gatien's new location is 10
The category is SPORT
Sports Question 70
Question was incorrectly answered
Gatien was sent to the penalty box
Gatien is the current player
They have rolled a 7
Gatien is getting out of the penalty box
Gatien's new location is 5
The category is ROCK
Rock Question 69
Question was incorrectly answered
Gatien was sent to the penalty box
Gatien is the current player
They have rolled a 7
Gatien is getting out of the penalty box
Gatien's new location is 5
The category is ROCK
Rock Question 70
Question was incorrectly answered
Gatien was sent to the penalty box
Gatien is the current player
They have rolled a 7
Gatien is getting out of the penalty box
Gatien's new location is 0
The category is POP
Pop Question 34
Question was incorrectly answered
Gatien was sent to the penalty box
Gatien is the current player
They have rolled a 7
Gatien is getting out of the penalty box
Gatien's new location is 0
The category is POP
Pop Question 35
Question was incorrectly answered
Gatien was sent to the penalty box
Gatien is the current player
They have rolled a 7
Gatien is getting out of the penalty box
Gatien's new location is 7
The category is GEO
Question was incorrectly answered
Gatien was sent to the penalty box
Gatien is the current player
They have rolled a 7
Gatien is getting out of the penalty box
Gatien's new location is 7
The category is GEO
Question was incorrectly answered
Gatien was sent to the penalty box
Gatien is the current player
They have rolled a 7
Gatien is getting out of the penalty box
Gatien's new location is 2
The category is SPORT
Sports Question 71
Question was incorrectly answered
Gatien was sent to the penalty box
Gatien is the current player
They have rolled a 7
Gatien is getting out of the penalty box
Gatien's new location is 2
The category is SPORT
Sports Question 72
Question was incorrectly answered
Gatien was sent to the penalty box
Gatien is the current player
They have rolled a 7
Gatien is getting out of the penalty box
Gatien's new location is 9
The category is LITTERATURE
Question was incorrectly answered
Gatien was sent to the penalty box
Gatien is the current player
They have rolled a 7
Gatien is getting out of the penalty box
Gatien's new location is 9
The category is LITTERATURE
Question was incorrectly answered
Gatien was sent to the penalty box
Gatien is the current player
They have rolled a 7
Gatien is getting out of the penalty box
Gatien's new location is 4
The category is GEO
Question was incorrectly answered
Gatien was sent to the penalty box
Gatien is the current player
They have rolled a 7
Gatien is getting out of the penalty box
Gatien's new location is 4
The category is GEO
Question was incorrectly answered
Gatien was sent to the penalty box
Gatien is the current player
They have rolled a 7
Gatien is getting out of the penalty box
Gatien's new location is 11
The category is RAP
Question was incorrectly answered
Gatien was sent to the penalty box
Gatien is the current player
They have rolled a 7
Gatien is getting out of the penalty box
Gatien's new location is 11
The category is RAP
Question was incorrectly answered
Gatien was sent to the penalty box
Gatien is the current player
They have rolled a 7
Gatien is getting out of the penalty box
Gatien's new location is 6
The category is ROCK
Rock Question 71
Question was incorrectly answered
Gatien was sent to the penalty box
Gatien is the current player
They have rolled a 7
Gatien is getting out of the penalty box
Gatien's new location is 6
The category is ROCK
Rock Question 72
Question was incorrectly answered
Gatien was sent to the penalty box
Gatien is the current player
They have rolled a 7
Gatien is getting out of the penalty box
Gatien's new location is 1
The category is SCIENCE
Science Question 36
Question was incorrectly answered
Gatien was sent to the penalty box
Gatien is the current player
They have rolled a 7
Gatien is getting out of the penalty box
Gatien's new location is 1
The category is SCIENCE
Science Question 37
Question was incorrectly answered
Gatien was sent to the penalty box
Gatien is the current player
They have rolled a 7
Gatien is getting out of the penalty box
Gatien's new location is 8
The category is PHILO
Question was incorrectly answered
Gatien was sent to the penalty box
Gatien is the current player
They have rolled a 7
Gatien is getting out of the penalty box
Gatien's new location is 8
The category is PHILO
Question was incorrectly answered
Gatien was sent to the penalty box
Gatien is the current player
They have rolled a 7
Gatien is getting out of the penalty box
Gatien's new location is 3
The category is RAP
Question was incorrectly answered
Gatien was sent to the penalty box
Gatien is the current player
They have rolled a 7
Gatien is getting out of the penalty box
Gatien's new location is 3
The category is RAP
Question was incorrectly answered
Gatien was sent to the penalty box
Gatien is the current player
They have rolled a 7
Gatien is getting out of the penalty box
Gatien's new location is 10
The category is SPORT
Sports Question 73
Question was incorrectly answered
Gatien was sent to the penalty box
Gatien is the current player
They have rolled a 7
Gatien is getting out of the penalty box
Gatien's new location is 10
The category is SPORT
Sports Question 74
Question was incorrectly answered
Gatien was sent to the penalty box
Gatien is the current player
They have rolled a 7
Gatien is getting out of the penalty box
Gatien's new location is 5
The category is ROCK
Rock Question 73
Question was incorrectly answered
Gatien was sent to the penalty box
Gatien is the current player
They have rolled a 7
Gatien is getting out of the penalty box
Gatien's new location is 5
The category is ROCK
Rock Question 74
Question was incorrectly answered
Gatien was sent to the penalty box
Gatien is the current player
They have rolled a 7
Gatien is getting out of the penalty box
Gatien's new location is 0
The category is POP
Pop Question 36
Question was incorrectly answered
Gatien was sent to the penalty box
Gatien is the current player
They have rolled a 7
Gatien is getting out of the penalty box
Gatien's new location is 0
The category is POP
Pop Question 37
Question was incorrectly answered
Gatien was sent to the penalty box
Gatien is the current player
They have rolled a 7
Gatien is getting out of the penalty box
Gatien's new location is 7
The category is GEO
Question was incorrectly answered
Gatien was sent to the penalty box
Gatien is the current player
They have rolled a 7
Gatien is getting out of the penalty box
Gatien's new location is 7
The category is GEO
Question was incorrectly answered
Gatien was sent to the penalty box
Gatien is the current player
They have rolled a 7
Gatien is getting out of the penalty box
Gatien's new location is 2
The category is SPORT
Sports Question 75
Question was incorrectly answered
Gatien was sent to the penalty box
Gatien is the current player
They have rolled a 7
Gatien is getting out of the penalty box
Gatien's new location is 2
The category is SPORT
Sports Question 76
Question was incorrectly answered
Gatien was sent to the penalty box
Gatien is the current player
They have rolled a 7
Gatien is getting out of the penalty box
Gatien's new location is 9
The category is LITTERATURE
Question was incorrectly answered
Gatien was sent to the penalty box
Gatien is the current player
They have rolled a 7
Gatien is getting out of the penalty box
Gatien's new location is 9
The category is LITTERATURE
Question was incorrectly answered
Gatien was sent to the penalty box
Gatien is the current player
They have rolled a 7
Gatien is getting out of the penalty box
Gatien's new location is 4
The category is GEO
Question was incorrectly answered
Gatien was sent to the penalty box
Gatien is the current player
They have rolled a 7
Gatien is getting out of the penalty box
Gatien's new location is 4
The category is GEO
Question was incorrectly answered
Gatien was sent to the penalty box
Gatien is the current player
They have rolled a 7
Gatien is getting out of the penalty box
Gatien's new location is 11
The category is RAP
Question was incorrectly answered
Gatien was sent to the penalty box
Gatien is the current player
They have rolled a 7
Gatien is getting out of the penalty box
Gatien's new location is 11
The category is RAP
Question was incorrectly answered
Gatien was sent to the penalty box
Gatien is the current player
They have rolled a 7
Gatien is getting out of the penalty box
Gatien's new location is 6
The category is ROCK
Rock Question 75
Question was incorrectly answered
Gatien was sent to the penalty box
Gatien is the current player
They have rolled a 7
Gatien is getting out of the penalty box
Gatien's new location is 6
The category is ROCK
Rock Question 76
Question was incorrectly answered
Gatien was sent to the penalty box
Gatien is the current player
They have rolled a 7
Gatien is getting out of the penalty box
Gatien's new location is 1
The category is SCIENCE
Science Question 38
Question was incorrectly answered
Gatien was sent to the penalty box
Gatien is the current player
They have rolled a 7
Gatien is getting out of the penalty box
Gatien's new location is 1
The category is SCIENCE
Science Question 39
Question was incorrectly answered
Gatien was sent to the penalty box
Gatien is the current player
They have rolled a 7
Gatien is getting out of the penalty box
Gatien's new location is 8
The category is PHILO
Question was incorrectly answered
Gatien was sent to the penalty box
Gatien is the current player
They have rolled a 7
Gatien is getting out of the penalty box
Gatien's new location is 8
The category is PHILO
Question was incorrectly answered
Gatien was sent to the penalty box
Gatien is the current player
They have rolled a 7
Gatien is getting out of the penalty box
Gatien's new location is 3
The category is RAP
Question was incorrectly answered
Gatien was sent to the penalty box
Gatien is the current player
They have rolled a 7
Gatien is getting out of the penalty box
Gatien's new location is 3
The category is RAP
Question was incorrectly answered
Gatien was sent to the penalty box
Gatien is the current player
They have rolled a 7
Gatien is getting out of the penalty box
Gatien's new location is 10
The category is SPORT
Sports Question 77
Question was incorrectly answered
Gatien was sent to the penalty box
Gatien is the current player
They have rolled a 7
Gatien is getting out of the penalty box
Gatien's new location is 10
The category is SPORT
Sports Question 78
Question was incorrectly answered
Gatien was sent to the penalty box
Gatien is the current player
They have rolled a 7
Gatien is getting out of the penalty box
Gatien's new location is 5
The category is ROCK
Rock Question 77
Question was incorrectly answered
Gatien was sent to the penalty box
Gatien is the current player
They have rolled a 7
Gatien is getting out of the penalty box
Gatien's new location is 5
The category is ROCK
Rock Question 78
Question was incorrectly answered
Gatien was sent to the penalty box
Gatien is the current player
They have rolled a 7
Gatien is getting out of the penalty box
Gatien's new location is 0
The category is POP
Pop Question 38
Question was incorrectly answered
Gatien was sent to the penalty box
Gatien is the current player
They have rolled a 7
Gatien is getting out of the penalty box
Gatien's new location is 0
The category is POP
Pop Question 39
Question was incorrectly answered
Gatien was sent to the penalty box
Gatien is the current player
They have rolled a 7
Gatien is getting out of the penalty box
Gatien's new location is 7
The category is GEO
Question was incorrectly answered
Gatien was sent to the penalty box
Gatien is the current player
They have rolled a 7
Gatien is getting out of the penalty box
Gatien's new location is 7
The category is GEO
Question was incorrectly answered
Gatien was sent to the penalty box
Gatien is the current player
They have rolled a 7
Gatien is getting out of the penalty box
Gatien's new location is 2
The category is SPORT
Sports Question 79
Question was incorrectly answered
Gatien was sent to the penalty box
Gatien is the current player
They have rolled a 7
Gatien is getting out of the penalty box
Gatien's new location is 2
The category is SPORT
Sports Question 80
Question was incorrectly answered
Gatien was sent to the penalty box
Gatien is the current player
They have rolled a 7
Gatien is getting out of the penalty box
Gatien's new location is 9
The category is LITTERATURE
Question was incorrectly answered
Gatien was sent to the penalty box
Gatien is the current player
They have rolled a 7
Gatien is getting out of the penalty box
Gatien's new location is 9
The category is LITTERATURE
Question was incorrectly answered
Gatien was sent to the penalty box
Gatien is the current player
They have rolled a 7
Gatien is getting out of the penalty box
Gatien's new location is 4
The category is GEO
Question was incorrectly answered
Gatien was sent to the penalty box
Gatien is the current player
They have rolled a 7
Gatien is getting out of the penalty box
Gatien's new location is 4
The category is GEO
Question was incorrectly answered
Gatien was sent to the penalty box
Gatien is the current player
They have rolled a 7
Gatien is getting out of the penalty box
Gatien's new location is 11
The category is RAP
Question was incorrectly answered
Gatien was sent to the penalty box
Gatien is the current player
They have rolled a 7
Gatien is getting out of the penalty box
Gatien's new location is 11
The category is RAP
Question was incorrectly answered
Gatien was sent to the penalty box
Gatien is the current player
They have rolled a 7
Gatien is getting out of the penalty box
Gatien's new location is 6
The category is ROCK
Rock Question 79
Question was incorrectly answered
Gatien was sent to the penalty box
Gatien is the current player
They have rolled a 7
Gatien is getting out of the penalty box
Gatien's new location is 6
The category is ROCK
Rock Question 80
Question was incorrectly answered
Gatien was sent to the penalty box
Gatien is the current player
They have rolled a 7
Gatien is getting out of the penalty box
Gatien's new location is 1
The category is SCIENCE
Science Question 40
Question was incorrectly answered
Gatien was sent to the penalty box
Gatien is the current player
They have rolled a 7
Gatien is getting out of the penalty box
Gatien's new location is 1
The category is SCIENCE
Science Question 41
Question was incorrectly answered
Gatien was sent to the penalty box
Gatien is the current player
They have rolled a 7
Gatien is getting out of the penalty box
Gatien's new location is 8
The category is PHILO
Question was incorrectly answered
Gatien was sent to the penalty box
Gatien is the current player
They have rolled a 7
Gatien is getting out of the penalty box
Gatien's new location is 8
The category is PHILO
Question was incorrectly answered
Gatien was sent to the penalty box
Gatien is the current player
They have rolled a 7
Gatien is getting out of the penalty box
Gatien's new location is 3
The category is RAP
Question was incorrectly answered
Gatien was sent to the penalty box
Gatien is the current player
They have rolled a 7
Gatien is getting out of the penalty box
Gatien's new location is 3
The category is RAP
Question was incorrectly answered
Gatien was sent to the penalty box
Gatien is the current player
They have rolled a 7
Gatien is getting out of the penalty box
Gatien's new location is 10
The category is SPORT
Sports Question 81
Question was incorrectly answered
Gatien was sent to the penalty box
Gatien is the current player
They have rolled a 7
Gatien is getting out of the penalty box
Gatien's new location is 10
The category is SPORT
Sports Question 82
Question was incorrectly answered
Gatien was sent to the penalty box
Gatien is the current player
They have rolled a 7
Gatien is getting out of the penalty box
Gatien's new location is 5
The category is ROCK
Rock Question 81
Question was incorrectly answered
Gatien was sent to the penalty box
Gatien is the current player
They have rolled a 7
Gatien is getting out of the penalty box
Gatien's new location is 5
The category is ROCK
Rock Question 82
Question was incorrectly answered
Gatien was sent to the penalty box
Gatien is the current player
They have rolled a 7
Gatien is getting out of the penalty box
Gatien's new location is 0
The category is POP
Pop Question 40
Question was incorrectly answered
Gatien was sent to the penalty box
Gatien is the current player
They have rolled a 7
Gatien is getting out of the penalty box
Gatien's new location is 0
The category is POP
Pop Question 41
Question was incorrectly answered
Gatien was sent to the penalty box
Gatien is the current player
They have rolled a 7
Gatien is getting out of the penalty box
Gatien's new location is 7
The category is GEO
Question was incorrectly answered
Gatien was sent to the penalty box
Gatien is the current player
They have rolled a 7
Gatien is getting out of the penalty box
Gatien's new location is 7
The category is GEO
Question was incorrectly answered
Gatien was sent to the penalty box
Gatien is the current player
They have rolled a 7
Gatien is getting out of the penalty box
Gatien's new location is 2
The category is SPORT
Sports Question 83
Question was incorrectly answered
Gatien was sent to the penalty box
Gatien is the current player
They have rolled a 7
Gatien is getting out of the penalty box
Gatien's new location is 2
The category is SPORT
Sports Question 84
Question was incorrectly answered
Gatien was sent to the penalty box
Gatien is the current player
They have rolled a 7
Gatien is getting out of the penalty box
Gatien's new location is 9
The category is LITTERATURE
Question was incorrectly answered
Gatien was sent to the penalty box
Gatien is the current player
They have rolled a 7
Gatien is getting out of the penalty box
Gatien's new location is 9
The category is LITTERATURE
Question was incorrectly answered
Gatien was sent to the penalty box
Gatien is the current player
They have rolled a 7
Gatien is getting out of the penalty box
Gatien's new location is 4
The category is GEO
Question was incorrectly answered
Gatien was sent to the penalty box
Gatien is the current player
They have rolled a 7
Gatien is getting out of the penalty box
Gatien's new location is 4
The category is GEO
Question was incorrectly answered
Gatien was sent to the penalty box
Gatien is the current player
They have rolled a 7
Gatien is getting out of the penalty box
Gatien's new location is 11
The category is RAP
Question was incorrectly answered
Gatien was sent to the penalty box
Gatien is the current player
They have rolled a 7
Gatien is getting out of the penalty box
Gatien's new location is 11
The category is RAP
Question was incorrectly answered
Gatien was sent to the penalty box
Gatien is the current player
They have rolled a 7
Gatien is getting out of the penalty box
Gatien's new location is 6
The category is ROCK
Rock Question 83
Question was incorrectly answered
Gatien was sent to the penalty box
Gatien is the current player
They have rolled a 7
Gatien is getting out of the penalty box
Gatien's new location is 6
The category is ROCK
Rock Question 84
Question was incorrectly answered
Gatien was sent to the penalty box
Gatien is the current player
They have rolled a 7
Gatien is getting out of the penalty box
Gatien's new location is 1
The category is SCIENCE
Science Question 42
Question was incorrectly answered
Gatien was sent to the penalty box
Gatien is the current player
They have rolled a 7
Gatien is getting out of the penalty box
Gatien's new location is 1
The category is SCIENCE
Science Question 43
Question was incorrectly answered
Gatien was sent to the penalty box
Gatien is the current player
They have rolled a 7
Gatien is getting out of the penalty box
Gatien's new location is 8
The category is PHILO
Question was incorrectly answered
Gatien was sent to the penalty box
Gatien is the current player
They have rolled a 7
Gatien is getting out of the penalty box
Gatien's new location is 8
The category is PHILO
Question was incorrectly answered
Gatien was sent to the penalty box
Gatien is the current player
They have rolled a 7
Gatien is getting out of the penalty box
Gatien's new location is 3
The category is RAP
Question was incorrectly answered
Gatien was sent to the penalty box
Gatien is the current player
They have rolled a 7
Gatien is getting out of the penalty box
Gatien's new location is 3
The category is RAP
Question was incorrectly answered
Gatien was sent to the penalty box
Gatien is the current player
They have rolled a 7
Gatien is getting out of the penalty box
Gatien's new location is 10
The category is SPORT
Sports Question 85
Question was incorrectly answered
Gatien was sent to the penalty box
Gatien is the current player
They have rolled a 7
Gatien is getting out of the penalty box
Gatien's new location is 10
The category is SPORT
Sports Question 86
Question was incorrectly answered
Gatien was sent to the penalty box
Gatien is the current player
They have rolled a 7
Gatien is getting out of the penalty box
Gatien's new location is 5
The category is ROCK
Rock Question 85
Question was incorrectly answered
Gatien was sent to the penalty box
Gatien is the current player
They have rolled a 7
Gatien is getting out of the penalty box
Gatien's new location is 5
The category is ROCK
Rock Question 86
Question was incorrectly answered
Gatien was sent to the penalty box
Gatien is the current player
They have rolled a 7
Gatien is getting out of the penalty box
Gatien's new location is 0
The category is POP
Pop Question 42
Question was incorrectly answered
Gatien was sent to the penalty box
Gatien is the current player
They have rolled a 7
Gatien is getting out of the penalty box
Gatien's new location is 0
The category is POP
Pop Question 43
Question was incorrectly answered
Gatien was sent to the penalty box
Gatien is the current player
They have rolled a 7
Gatien is getting out of the penalty box
Gatien's new location is 7
The category is GEO
Question was incorrectly answered
Gatien was sent to the penalty box
Gatien is the current player
They have rolled a 7
Gatien is getting out of the penalty box
Gatien's new location is 7
The category is GEO
Question was incorrectly answered
Gatien was sent to the penalty box
Gatien is the current player
They have rolled a 7
Gatien is getting out of the penalty box
Gatien's new location is 2
The category is SPORT
Sports Question 87
Question was incorrectly answered
Gatien was sent to the penalty box
Gatien is the current player
They have rolled a 7
Gatien is getting out of the penalty box
Gatien's new location is 2
The category is SPORT
Sports Question 88
Question was incorrectly answered
Gatien was sent to the penalty box
Gatien is the current player
They have rolled a 7
Gatien is getting out of the penalty box
Gatien's new location is 9
The category is LITTERATURE
Question was incorrectly answered
Gatien was sent to the penalty box
Gatien is the current player
They have rolled a 7
Gatien is getting out of the penalty box
Gatien's new location is 9
The category is LITTERATURE
Question was incorrectly answered
Gatien was sent to the penalty box
Gatien is the current player
They have rolled a 7
Gatien is getting out of the penalty box
Gatien's new location is 4
The category is GEO
Question was incorrectly answered
Gatien was sent to the penalty box
Gatien is the current player
They have rolled a 7
Gatien is getting out of the penalty box
Gatien's new location is 4
The category is GEO
Question was incorrectly answered
Gatien was sent to the penalty box
Gatien is the current player
They have rolled a 7
Gatien is getting out of the penalty box
Gatien's new location is 11
The category is RAP
Question was incorrectly answered
Gatien was sent to the penalty box
Gatien is the current player
They have rolled a 7
Gatien is getting out of the penalty box
Gatien's new location is 11
The category is RAP
Question was incorrectly answered
Gatien was sent to the penalty box
Gatien is the current player
They have rolled a 7
Gatien is getting out of the penalty box
Gatien's new location is 6
The category is ROCK
Rock Question 87
Question was incorrectly answered
Gatien was sent to the penalty box
Gatien is the current player
They have rolled a 7
Gatien is getting out of the penalty box
Gatien's new location is 6
The category is ROCK
Rock Question 88
Question was incorrectly answered
Gatien was sent to the penalty box
Gatien is the current player
They have rolled a 7
Gatien is getting out of the penalty box
Gatien's new location is 1
The category is SCIENCE
Science Question 44
Question was incorrectly answered
Gatien was sent to the penalty box
Gatien is the current player
They have rolled a 7
Gatien is getting out of the penalty box
Gatien's new location is 1
The category is SCIENCE
Science Question 45
Question was incorrectly answered
Gatien was sent to the penalty box
Gatien is the current player
They have rolled a 7
Gatien is getting out of the penalty box
Gatien's new location is 8
The category is PHILO
Question was incorrectly answered
Gatien was sent to the penalty box
Gatien is the current player
They have rolled a 7
Gatien is getting out of the penalty box
Gatien's new location is 8
The category is PHILO
Question was incorrectly answered
Gatien was sent to the penalty box
Gatien is the current player
They have rolled a 7
Gatien is getting out of the penalty box
Gatien's new location is 3
The category is RAP
Question was incorrectly answered
Gatien was sent to the penalty box
Gatien is the current player
They have rolled a 7
Gatien is getting out of the penalty box
Gatien's new location is 3
The category is RAP
Question was incorrectly answered
Gatien was sent to the penalty box
Gatien is the current player
They have rolled a 7
Gatien is getting out of the penalty box
Gatien's new location is 10
The category is SPORT
Sports Question 89
Question was incorrectly answered
Gatien was sent to the penalty box
Gatien is the current player
They have rolled a 7
Gatien is getting out of the penalty box
Gatien's new location is 10
The category is SPORT
Sports Question 90
Question was incorrectly answered
Gatien was sent to the penalty box
Gatien is the current player
They have rolled a 7
Gatien is getting out of the penalty box
Gatien's new location is 5
The category is ROCK
Rock Question 89
Question was incorrectly answered
Gatien was sent to the penalty box
Gatien is the current player
They have rolled a 7
Gatien is getting out of the penalty box
Gatien's new location is 5
The category is ROCK
Rock Question 90
Question was incorrectly answered
Gatien was sent to the penalty box
Gatien is the current player
They have rolled a 7
Gatien is getting out of the penalty box
Gatien's new location is 0
The category is POP
Pop Question 44
Question was incorrectly answered
Gatien was sent to the penalty box
Gatien is the current player
They have rolled a 7
Gatien is getting out of the penalty box
Gatien's new location is 0
The category is POP
Pop Question 45
Question was incorrectly answered
Gatien was sent to the penalty box
Gatien is the current player
They have rolled a 7
Gatien is getting out of the penalty box
Gatien's new location is 7
The category is GEO
Question was incorrectly answered
Gatien was sent to the penalty box
Gatien is the current player
They have rolled a 7
Gatien is getting out of the penalty box
Gatien's new location is 7
The category is GEO
Question was incorrectly answered
Gatien was sent to the penalty box
Gatien is the current player
They have rolled a 7
Gatien is getting out of the penalty box
Gatien's new location is 2
The category is SPORT
Sports Question 91
Question was incorrectly answered
Gatien was sent to the penalty box
Gatien is the current player
They have rolled a 7
Gatien is getting out of the penalty box
Gatien's new location is 2
The category is SPORT
Sports Question 92
Question was incorrectly answered
Gatien was sent to the penalty box
Gatien is the current player
They have rolled a 7
Gatien is getting out of the penalty box
Gatien's new location is 9
The category is LITTERATURE
Question was incorrectly answered
Gatien was sent to the penalty box
Gatien is the current player
They have rolled a 7
Gatien is getting out of the penalty box
Gatien's new location is 9
The category is LITTERATURE
Question was incorrectly answered
Gatien was sent to the penalty box
Gatien is the current player
They have rolled a 7
Gatien is getting out of the penalty box
Gatien's new location is 4
The category is GEO
Question was incorrectly answered
Gatien was sent to the penalty box
Gatien is the current player
They have rolled a 7
Gatien is getting out of the penalty box
Gatien's new location is 4
The category is GEO
Question was incorrectly answered
Gatien was sent to the penalty box
Gatien is the current player
They have rolled a 7
Gatien is getting out of the penalty box
Gatien's new location is 11
The category is RAP
Question was incorrectly answered
Gatien was sent to the penalty box
Gatien is the current player
They have rolled a 7
Gatien is getting out of the penalty box
Gatien's new location is 11
The category is RAP
Question was incorrectly answered
Gatien was sent to the penalty box
Gatien is the current player
They have rolled a 7
Gatien is getting out of the penalty box
Gatien's new location is 6
The category is ROCK
Rock Question 91
Question was incorrectly answered
Gatien was sent to the penalty box
Gatien is the current player
They have rolled a 7
Gatien is getting out of the penalty box
Gatien's new location is 6
The category is ROCK
Rock Question 92
Question was incorrectly answered
Gatien was sent to the penalty box
Gatien is the current player
They have rolled a 7
Gatien is getting out of the penalty box
Gatien's new location is 1
The category is SCIENCE
Science Question 46
Question was incorrectly answered
Gatien was sent to the penalty box
Gatien is the current player
They have rolled a 7
Gatien is getting out of the penalty box
Gatien's new location is 1
The category is SCIENCE
Science Question 47
Question was incorrectly answered
Gatien was sent to the penalty box
Gatien is the current player
They have rolled a 7
Gatien is getting out of the penalty box
Gatien's new location is 8
The category is PHILO
Question was incorrectly answered
Gatien was sent to the penalty box
Gatien is the current player
They have rolled a 7
Gatien is getting out of the penalty box
Gatien's new location is 8
The category is PHILO
Question was incorrectly answered
Gatien was sent to the penalty box
Gatien is the current player
They have rolled a 7
Gatien is getting out of the penalty box
Gatien's new location is 3
The category is RAP
Question was incorrectly answered
Gatien was sent to the penalty box
Gatien is the current player
They have rolled a 7
Gatien is getting out of the penalty box
Gatien's new location is 3
The category is RAP
Question was incorrectly answered
Gatien was sent to the penalty box
Gatien is the current player
They have rolled a 7
Gatien is getting out of the penalty box
Gatien's new location is 10
The category is SPORT
Sports Question 93
Question was incorrectly answered
Gatien was sent to the penalty box
Gatien is the current player
They have rolled a 7
Gatien is getting out of the penalty box
Gatien's new location is 10
The category is SPORT
Sports Question 94
Question was incorrectly answered
Gatien was sent to the penalty box
Gatien is the current player
They have rolled a 7
Gatien is getting out of the penalty box
Gatien's new location is 5
The category is ROCK
Rock Question 93
Question was incorrectly answered
Gatien was sent to the penalty box
Gatien is the current player
They have rolled a 7
Gatien is getting out of the penalty box
Gatien's new location is 5
The category is ROCK
Rock Question 94
Question was incorrectly answered
Gatien was sent to the penalty box
Gatien is the current player
They have rolled a 7
Gatien is getting out of the penalty box
Gatien's new location is 0
The category is POP
Pop Question 46
Question was incorrectly answered
Gatien was sent to the penalty box
Gatien is the current player
They have rolled a 7
Gatien is getting out of the penalty box
Gatien's new location is 0
The category is POP
Pop Question 47
Question was incorrectly answered
Gatien was sent to the penalty box
Gatien is the current player
They have rolled a 7
Gatien is getting out of the penalty box
Gatien's new location is 7
The category is GEO
Question was incorrectly answered
Gatien was sent to the penalty box
Gatien is the current player
They have rolled a 7
Gatien is getting out of the penalty box
Gatien's new location is 7
The category is GEO
Question was incorrectly answered
Gatien was sent to the penalty box
Gatien is the current player
They have rolled a 7
Gatien is getting out of the penalty box
Gatien's new location is 2
The category is SPORT
Sports Question 95
Question was incorrectly answered
Gatien was sent to the penalty box
Gatien is the current player
They have rolled a 7
Gatien is getting out of the penalty box
Gatien's new location is 2
The category is SPORT
Sports Question 96
Question was incorrectly answered
Gatien was sent to the penalty box
Gatien is the current player
They have rolled a 7
Gatien is getting out of the penalty box
Gatien's new location is 9
The category is LITTERATURE
Question was incorrectly answered
Gatien was sent to the penalty box
Gatien is the current player
They have rolled a 7
Gatien is getting out of the penalty box
Gatien's new location is 9
The category is LITTERATURE
Question was incorrectly answered
Gatien was sent to the penalty box
Gatien is the current player
They have rolled a 7
Gatien is getting out of the penalty box
Gatien's new location is 4
The category is GEO
Question was incorrectly answered
Gatien was sent to the penalty box
Gatien is the current player
They have rolled a 7
Gatien is getting out of the penalty box
Gatien's new location is 4
The category is GEO
Question was incorrectly answered
Gatien was sent to the penalty box
Gatien is the current player
They have rolled a 7
Gatien is getting out of the penalty box
Gatien's new location is 11
The category is RAP
Question was incorrectly answered
Gatien was sent to the penalty box
Gatien is the current player
They have rolled a 7
Gatien is getting out of the penalty box
Gatien's new location is 11
The category is RAP
Question was incorrectly answered
Gatien was sent to the penalty box
Gatien is the current player
They have rolled a 7
Gatien is getting out of the penalty box
Gatien's new location is 6
The category is ROCK
Rock Question 95
Question was incorrectly answered
Gatien was sent to the penalty box
Gatien is the current player
They have rolled a 7
Gatien is getting out of the penalty box
Gatien's new location is 6
The category is ROCK
Rock Question 96
Question was incorrectly answered
Gatien was sent to the penalty box
Gatien is the current player
They have rolled a 7
Gatien is getting out of the penalty box
Gatien's new location is 1
The category is SCIENCE
Science Question 48
Question was incorrectly answered
Gatien was sent to the penalty box
Gatien is the current player
They have rolled a 7
Gatien is getting out of the penalty box
Gatien's new location is 1
The category is SCIENCE
Science Question 49
Question was incorrectly answered
Gatien was sent to the penalty box
Gatien is the current player
They have rolled a 7
Gatien is getting out of the penalty box
Gatien's new location is 8
The category is PHILO
Question was incorrectly answered
Gatien was sent to the penalty box
Gatien is the current player
They have rolled a 7
Gatien is getting out of the penalty box
Gatien's new location is 8
The category is PHILO
Question was incorrectly answered
Gatien was sent to the penalty box
Gatien is the current player
They have rolled a 7
Gatien is getting out of the penalty box
Gatien's new location is 3
The category is RAP
Question was incorrectly answered
Gatien was sent to the penalty box
Gatien is the current player
They have rolled a 7
Gatien is getting out of the penalty box
Gatien's new location is 3
The category is RAP
Question was incorrectly answered
Gatien was sent to the penalty box
Gatien is the current player
They have rolled a 7
Gatien is getting out of the penalty box
Gatien's new location is 10
The category is SPORT
Sports Question 97
Question was incorrectly answered
Gatien was sent to the penalty box
Gatien is the current player
They have rolled a 7
Gatien is getting out of the penalty box
Gatien's new location is 10
The category is SPORT
Sports Question 98
Question was incorrectly answered
Gatien was sent to the penalty box
Gatien is the current player
They have rolled a 7
Gatien is getting out of the penalty box
Gatien's new location is 5
The category is ROCK
Rock Question 97
Question was incorrectly answered
Gatien was sent to the penalty box
Gatien is the current player
They have rolled a 7
Gatien is getting out of the penalty box
Gatien's new location is 5
The category is ROCK
Rock Question 98
Question was incorrectly answered
Gatien was sent to the penalty box
Gatien is the current player
They have rolled a 7
Gatien is getting out of the penalty box
Gatien's new location is 0
The category is POP
Pop Question 48
Question was incorrectly answered
Gatien was sent to the penalty box
Gatien is the current player
They have rolled a 7
Gatien is getting out of the penalty box
Gatien's new location is 0
The category is POP
Pop Question 49
Question was incorrectly answered
Gatien was sent to the penalty box
Gatien is the current player
They have rolled a 7
Gatien is getting out of the penalty box
Gatien's new location is 7
The category is GEO
Question was incorrectly answered
Gatien was sent to the penalty box
Gatien is the current player
They have rolled a 7
Gatien is getting out of the penalty box
Gatien's new location is 7
The category is GEO
Question was incorrectly answered
Gatien was sent to the penalty box
Gatien is the current player
They have rolled a 7
Gatien is getting out of the penalty box
Gatien's new location is 2
The category is SPORT
Sports Question 98
Question was incorrectly answered
Gatien was sent to the penalty box
Gatien is the current player
They have rolled a 7
Gatien is getting out of the penalty box
Gatien's new location is 2
The category is SPORT
Sports Question 99
Question was incorrectly answered
Gatien was sent to the penalty box
Gatien is the current player
They have rolled a 7
Gatien is getting out of the penalty box
Gatien's new location is 9
The category is LITTERATURE
Question was incorrectly answered
Gatien was sent to the penalty box
Gatien is the current player
They have rolled a 7
Gatien is getting out of the penalty box
Gatien's new location is 9
The category is LITTERATURE
Question was incorrectly answered
Gatien was sent to the penalty box
Gatien is the current player
They have rolled a 7
Gatien is getting out of the penalty box
Gatien's new location is 4
The category is GEO
Question was incorrectly answered
Gatien was sent to the penalty box
Gatien is the current player
They have rolled a 7
Gatien is getting out of the penalty box
Gatien's new location is 4
The category is GEO
Question was incorrectly answered
Gatien was sent to the penalty box
Gatien is the current player
They have rolled a 7
Gatien is getting out of the penalty box
Gatien's new location is 11
The category is RAP
Question was incorrectly answered
Gatien was sent to the penalty box
Gatien is the current player
They have rolled a 7
Gatien is getting out of the penalty box
Gatien's new location is 11
The category is RAP
Question was incorrectly answered
Gatien was sent to the penalty box
Gatien is the current player
They have rolled a 7
Gatien is getting out of the penalty box
Gatien's new location is 6
The category is ROCK
Rock Question 98
Question was incorrectly answered
Gatien was sent to the penalty box
Gatien is the current player
They have rolled a 7
Gatien is getting out of the penalty box
Gatien's new location is 6
The category is ROCK
Rock Question 99
Question was incorrectly answered
Gatien was sent to the penalty box
Gatien is the current player
They have rolled a 7
Gatien is getting out of the penalty box
Gatien's new location is 1
The category is SCIENCE
Science Question 49
Question was incorrectly answered
Gatien was sent to the penalty box
Gatien is the current player
They have rolled a 7
Gatien is getting out of the penalty box
Gatien's new location is 1
The category is SCIENCE
Science Question 50
Question was incorrectly answered
Gatien was sent to the penalty box
Gatien is the current player
They have rolled a 7
Gatien is getting out of the penalty box
Gatien's new location is 8
The category is PHILO
Question was incorrectly answered
Gatien was sent to the penalty box
Gatien is the current player
They have rolled a 7
Gatien is getting out of the penalty box
Gatien's new location is 8
The category is PHILO
Question was incorrectly answered
Gatien was sent to the penalty box
Gatien is the current player
They have rolled a 7
Gatien is getting out of the penalty box
Gatien's new location is 3
The category is RAP
Question was incorrectly answered
Gatien was sent to the penalty box
Gatien is the current player
They have rolled a 7
Gatien is getting out of the penalty box
Gatien's new location is 3
The category is RAP
Question was incorrectly answered
Gatien was sent to the penalty box
Gatien is the current player
They have rolled a 7
Gatien is getting out of the penalty box
Gatien's new location is 10
The category is SPORT
Sports Question 100
Question was incorrectly answered
Gatien was sent to the penalty box
Gatien is the current player
They have rolled a 7
Gatien is getting out of the penalty box
Gatien's new location is 10
The category is SPORT
Sports Question 101
Question was incorrectly answered
Gatien was sent to the penalty box
Gatien is the current player
They have rolled a 7
Gatien is getting out of the penalty box
Gatien's new location is 5
The category is ROCK
Rock Question 100
Question was incorrectly answered
Gatien was sent to the penalty box
Gatien is the current player
They have rolled a 7
Gatien is getting out of the penalty box
Gatien's new location is 5
The category is ROCK
Rock Question 101
Question was incorrectly answered
Gatien was sent to the penalty box
Gatien is the current player
They have rolled a 7
Gatien is getting out of the penalty box
Gatien's new location is 0
The category is POP
Pop Question 49
Question was incorrectly answered
Gatien was sent to the penalty box
Gatien is the current player
They have rolled a 7
Gatien is getting out of the penalty box
Gatien's new location is 0
The category is POP
Pop Question 50
Question was incorrectly answered
Gatien was sent to the penalty box
Gatien is the current player
They have rolled a 7
Gatien is getting out of the penalty box
Gatien's new location is 7
The category is GEO
Question was incorrectly answered
Gatien was sent to the penalty box
Gatien is the current player
They have rolled a 7
Gatien is getting out of the penalty box
Gatien's new location is 7
The category is GEO
Question was incorrectly answered
Gatien was sent to the penalty box
Gatien is the current player
They have rolled a 7
Gatien is getting out of the penalty box
Gatien's new location is 2
The category is SPORT
Sports Question 102
Question was incorrectly answered
Gatien was sent to the penalty box
Gatien is the current player
They have rolled a 7
Gatien is getting out of the penalty box
Gatien's new location is 2
The category is SPORT
Sports Question 103
Question was incorrectly answered
Gatien was sent to the penalty box
Gatien is the current player
They have rolled a 7
Gatien is getting out of the penalty box
Gatien's new location is 9
The category is LITTERATURE
Question was incorrectly answered
Gatien was sent to the penalty box
Gatien is the current player
They have rolled a 7
Gatien is getting out of the penalty box
Gatien's new location is 9
The category is LITTERATURE
Question was incorrectly answered
Gatien was sent to the penalty box
Gatien is the current player
They have rolled a 7
Gatien is getting out of the penalty box
Gatien's new location is 4
The category is GEO
Question was incorrectly answered
Gatien was sent to the penalty box
Gatien is the current player
They have rolled a 7
Gatien is getting out of the penalty box
Gatien's new location is 4
The category is GEO
Question was incorrectly answered
Gatien was sent to the penalty box
Gatien is the current player
They have rolled a 7
Gatien is getting out of the penalty box
Gatien's new location is 11
The category is RAP
Question was incorrectly answered
Gatien was sent to the penalty box
Gatien is the current player
They have rolled a 7
Gatien is getting out of the penalty box
Gatien's new location is 11
The category is RAP
Question was incorrectly answered
Gatien was sent to the penalty box
Gatien is the current player
They have rolled a 7
Gatien is getting out of the penalty box
Gatien's new location is 6
The category is ROCK
Rock Question 102
Question was incorrectly answered
Gatien was sent to the penalty box
Gatien is the current player
They have rolled a 7
Gatien is getting out of the penalty box
Gatien's new location is 6
The category is ROCK
Rock Question 103
Question was incorrectly answered
Gatien was sent to the penalty box
Gatien is the current player
They have rolled a 7
Gatien is getting out of the penalty box
Gatien's new location is 1
The category is SCIENCE
Science Question 51
Question was incorrectly answered
Gatien was sent to the penalty box
Gatien is the current player
They have rolled a 7
Gatien is getting out of the penalty box
Gatien's new location is 1
The category is SCIENCE
Science Question 52
Question was incorrectly answered
Gatien was sent to the penalty box
Gatien is the current player
They have rolled a 7
Gatien is getting out of the penalty box
Gatien's new location is 8
The category is PHILO
Question was incorrectly answered
Gatien was sent to the penalty box
Gatien is the current player
They have rolled a 7
Gatien is getting out of the penalty box
Gatien's new location is 8
The category is PHILO
Question was incorrectly answered
Gatien was sent to the penalty box
Gatien is the current player
They have rolled a 7
Gatien is getting out of the penalty box
Gatien's new location is 3
The category is RAP
Question was incorrectly answered
Gatien was sent to the penalty box
Gatien is the current player
They have rolled a 7
Gatien is getting out of the penalty box
Gatien's new location is 3
The category is RAP
Question was incorrectly answered
Gatien was sent to the penalty box
Gatien is the current player
They have rolled a 7
Gatien is getting out of the penalty box
Gatien's new location is 10
The category is SPORT
Sports Question 104
Question was incorrectly answered
Gatien was sent to the penalty box
Gatien is the current player
They have rolled a 7
Gatien is getting out of the penalty box
Gatien's new location is 10
The category is SPORT
Sports Question 105
Question was incorrectly answered
Gatien was sent to the penalty box
Gatien is the current player
They have rolled a 7
Gatien is getting out of the penalty box
Gatien's new location is 5
The category is ROCK
Rock Question 104
Question was incorrectly answered
Gatien was sent to the penalty box
Gatien is the current player
They have rolled a 7
Gatien is getting out of the penalty box
Gatien's new location is 5
The category is ROCK
Rock Question 105
Question was incorrectly answered
Gatien was sent to the penalty box
Gatien is the current player
They have rolled a 7
Gatien is getting out of the penalty box
Gatien's new location is 0
The category is POP
Pop Question 51
Question was incorrectly answered
Gatien was sent to the penalty box
Gatien is the current player
They have rolled a 7
Gatien is getting out of the penalty box
Gatien's new location is 0
The category is POP
Pop Question 52
Question was incorrectly answered
Gatien was sent to the penalty box
Gatien is the current player
They have rolled a 7
Gatien is getting out of the penalty box
Gatien's new location is 7
The category is GEO
Question was incorrectly answered
Gatien was sent to the penalty box
Gatien is the current player
They have rolled a 7
Gatien is getting out of the penalty box
Gatien's new location is 7
The category is GEO
Question was incorrectly answered
Gatien was sent to the penalty box
Gatien is the current player
They have rolled a 7
Gatien is getting out of the penalty box
Gatien's new location is 2
The category is SPORT
Sports Question 106
Question was incorrectly answered
Gatien was sent to the penalty box
Gatien is the current player
They have rolled a 7
Gatien is getting out of the penalty box
Gatien's new location is 2
The category is SPORT
Sports Question 107
Question was incorrectly answered
Gatien was sent to the penalty box
Gatien is the current player
They have rolled a 7
Gatien is getting out of the penalty box
Gatien's new location is 9
The category is LITTERATURE
Question was incorrectly answered
Gatien was sent to the penalty box
Gatien is the current player
They have rolled a 7
Gatien is getting out of the penalty box
Gatien's new location is 9
The category is LITTERATURE
Question was incorrectly answered
Gatien was sent to the penalty box
Gatien is the current player
They have rolled a 7
Gatien is getting out of the penalty box
Gatien's new location is 4
The category is GEO
Question was incorrectly answered
Gatien was sent to the penalty box
Gatien is the current player
They have rolled a 7
Gatien is getting out of the penalty box
Gatien's new location is 4
The category is GEO
Question was incorrectly answered
Gatien was sent to the penalty box
Gatien is the current player
They have rolled a 7
Gatien is getting out of the penalty box
Gatien's new location is 11
The category is RAP
Question was incorrectly answered
Gatien was sent to the penalty box
Gatien is the current player
They have rolled a 7
Gatien is getting out of the penalty box
Gatien's new location is 11
The category is RAP
Question was incorrectly answered
Gatien was sent to the penalty box
Gatien is the current player
They have rolled a 7
Gatien is getting out of the penalty box
Gatien's new location is 6
The category is ROCK
Rock Question 106
Question was incorrectly answered
Gatien was sent to the penalty box
Gatien is the current player
They have rolled a 7
Gatien is getting out of the penalty box
Gatien's new location is 6
The category is ROCK
Rock Question 107
Question was incorrectly answered
Gatien was sent to the penalty box
Gatien is the current player
They have rolled a 7
Gatien is getting out of the penalty box
Gatien's new location is 1
The category is SCIENCE
Science Question 53
Question was incorrectly answered
Gatien was sent to the penalty box
Gatien is the current player
They have rolled a 7
Gatien is getting out of the penalty box
Gatien's new location is 1
The category is SCIENCE
Science Question 54
Question was incorrectly answered
Gatien was sent to the penalty box
Gatien is the current player
They have rolled a 7
Gatien is getting out of the penalty box
Gatien's new location is 8
The category is PHILO
Question was incorrectly answered
Gatien was sent to the penalty box
Gatien is the current player
They have rolled a 7
Gatien is getting out of the penalty box
Gatien's new location is 8
The category is PHILO
Question was incorrectly answered
Gatien was sent to the penalty box
Gatien is the current player
They have rolled a 7
Gatien is getting out of the penalty box
Gatien's new location is 3
The category is RAP
Question was incorrectly answered
Gatien was sent to the penalty box
Gatien is the current player
They have rolled a 7
Gatien is getting out of the penalty box
Gatien's new location is 3
The category is RAP
Question was incorrectly answered
Gatien was sent to the penalty box
Gatien is the current player
They have rolled a 7
Gatien is getting out of the penalty box
Gatien's new location is 10
The category is SPORT
Sports Question 108
Question was incorrectly answered
Gatien was sent to the penalty box
Gatien is the current player
They have rolled a 7
Gatien is getting out of the penalty box
Gatien's new location is 10
The category is SPORT
Sports Question 109
Question was incorrectly answered
Gatien was sent to the penalty box
Gatien is the current player
They have rolled a 7
Gatien is getting out of the penalty box
Gatien's new location is 5
The category is ROCK
Rock Question 108
Question was incorrectly answered
Gatien was sent to the penalty box
Gatien is the current player
They have rolled a 7
Gatien is getting out of the penalty box
Gatien's new location is 5
The category is ROCK
Rock Question 109
Question was incorrectly answered
Gatien was sent to the penalty box
Gatien is the current player
They have rolled a 7
Gatien is getting out of the penalty box
Gatien's new location is 0
The category is POP
Pop Question 53
Question was incorrectly answered
Gatien was sent to the penalty box
Gatien is the current player
They have rolled a 7
Gatien is getting out of the penalty box
Gatien's new location is 0
The category is POP
Pop Question 54
Question was incorrectly answered
Gatien was sent to the penalty box
Gatien is the current player
They have rolled a 7
Gatien is getting out of the penalty box
Gatien's new location is 7
The category is GEO
Question was incorrectly answered
Gatien was sent to the penalty box
Gatien is the current player
They have rolled a 7
Gatien is getting out of the penalty box
Gatien's new location is 7
The category is GEO
Question was incorrectly answered
Gatien was sent to the penalty box
Gatien is the current player
They have rolled a 7
Gatien is getting out of the penalty box
Gatien's new location is 2
The category is SPORT
Sports Question 110
Question was incorrectly answered
Gatien was sent to the penalty box
Gatien is the current player
They have rolled a 7
Gatien is getting out of the penalty box
Gatien's new location is 2
The category is SPORT
Sports Question 111
Question was incorrectly answered
Gatien was sent to the penalty box
Gatien is the current player
They have rolled a 7
Gatien is getting out of the penalty box
Gatien's new location is 9
The category is LITTERATURE
Question was incorrectly answered
Gatien was sent to the penalty box
Gatien is the current player
They have rolled a 7
Gatien is getting out of the penalty box
Gatien's new location is 9
The category is LITTERATURE
Question was incorrectly answered
Gatien was sent to the penalty box
Gatien is the current player
They have rolled a 7
Gatien is getting out of the penalty box
Gatien's new location is 4
The category is GEO
Question was incorrectly answered
Gatien was sent to the penalty box
Gatien is the current player
They have rolled a 7
Gatien is getting out of the penalty box
Gatien's new location is 4
The category is GEO
Question was incorrectly answered
Gatien was sent to the penalty box
Gatien is the current player
They have rolled a 7
Gatien is getting out of the penalty box
Gatien's new location is 11
The category is RAP
Question was incorrectly answered
Gatien was sent to the penalty box
Gatien is the current player
They have rolled a 7
Gatien is getting out of the penalty box
Gatien's new location is 11
The category is RAP
Question was incorrectly answered
Gatien was sent to the penalty box
Gatien is the current player
They have rolled a 7
Gatien is getting out of the penalty box
Gatien's new location is 6
The category is ROCK
Rock Question 110
Question was incorrectly answered
Gatien was sent to the penalty box
Gatien is the current player
They have rolled a 7
Gatien is getting out of the penalty box
Gatien's new location is 6
The category is ROCK
Rock Question 111
Question was incorrectly answered
Gatien was sent to the penalty box
Gatien is the current player
They have rolled a 7
Gatien is getting out of the penalty box
Gatien's new location is 1
The category is SCIENCE
Science Question 55
Question was incorrectly answered
Gatien was sent to the penalty box
Gatien is the current player
They have rolled a 7
Gatien is getting out of the penalty box
Gatien's new location is 1
The category is SCIENCE
Science Question 56
Question was incorrectly answered
Gatien was sent to the penalty box
Gatien is the current player
They have rolled a 7
Gatien is getting out of the penalty box
Gatien's new location is 8
The category is PHILO
Question was incorrectly answered
Gatien was sent to the penalty box
Gatien is the current player
They have rolled a 7
Gatien is getting out of the penalty box
Gatien's new location is 8
The category is PHILO
Question was incorrectly answered
Gatien was sent to the penalty box
Gatien is the current player
They have rolled a 7
Gatien is getting out of the penalty box
Gatien's new location is 3
The category is RAP
Question was incorrectly answered
Gatien was sent to the penalty box
Gatien is the current player
They have rolled a 7
Gatien is getting out of the penalty box
Gatien's new location is 3
The category is RAP
Question was incorrectly answered
Gatien was sent to the penalty box
Gatien is the current player
They have rolled a 7
Gatien is getting out of the penalty box
Gatien's new location is 10
The category is SPORT
Sports Question 112
Question was incorrectly answered
Gatien was sent to the penalty box
Gatien is the current player
They have rolled a 7
Gatien is getting out of the penalty box
Gatien's new location is 10
The category is SPORT
Sports Question 113
Question was incorrectly answered
Gatien was sent to the penalty box
Gatien is the current player
They have rolled a 7
Gatien is getting out of the penalty box
Gatien's new location is 5
The category is ROCK
Rock Question 112
Question was incorrectly answered
Gatien was sent to the penalty box
Gatien is the current player
They have rolled a 7
Gatien is getting out of the penalty box
Gatien's new location is 5
The category is ROCK
Rock Question 113
Question was incorrectly answered
Gatien was sent to the penalty box
Gatien is the current player
They have rolled a 7
Gatien is getting out of the penalty box
Gatien's new location is 0
The category is POP
Pop Question 55
Question was incorrectly answered
Gatien was sent to the penalty box
Gatien is the current player
They have rolled a 7
Gatien is getting out of the penalty box
Gatien's new location is 0
The category is POP
Pop Question 56
Question was incorrectly answered
Gatien was sent to the penalty box
Gatien is the current player
They have rolled a 7
Gatien is getting out of the penalty box
Gatien's new location is 7
The category is GEO
Question was incorrectly answered
Gatien was sent to the penalty box
Gatien is the current player
They have rolled a 7
Gatien is getting out of the penalty box
Gatien's new location is 7
The category is GEO
Question was incorrectly answered
Gatien was sent to the penalty box
Gatien is the current player
They have rolled a 7
Gatien is getting out of the penalty box
Gatien's new location is 2
The category is SPORT
Sports Question 114
Question was incorrectly answered
Gatien was sent to the penalty box
Gatien is the current player
They have rolled a 7
Gatien is getting out of the penalty box
Gatien's new location is 2
The category is SPORT
Sports Question 115
Question was incorrectly answered
Gatien was sent to the penalty box
Gatien is the current player
They have rolled a 7
Gatien is getting out of the penalty box
Gatien's new location is 9
The category is LITTERATURE
Question was incorrectly answered
Gatien was sent to the penalty box
Gatien is the current player
They have rolled a 7
Gatien is getting out of the penalty box
Gatien's new location is 9
The category is LITTERATURE
Question was incorrectly answered
Gatien was sent to the penalty box
Gatien is the current player
They have rolled a 7
Gatien is getting out of the penalty box
Gatien's new location is 4
The category is GEO
Question was incorrectly answered
Gatien was sent to the penalty box
Gatien is the current player
They have rolled a 7
Gatien is getting out of the penalty box
Gatien's new location is 4
The category is GEO
Question was incorrectly answered
Gatien was sent to the penalty box
Gatien is the current player
They have rolled a 7
Gatien is getting out of the penalty box
Gatien's new location is 11
The category is RAP
Question was incorrectly answered
Gatien was sent to the penalty box
Gatien is the current player
They have rolled a 7
Gatien is getting out of the penalty box
Gatien's new location is 11
The category is RAP
Question was incorrectly answered
Gatien was sent to the penalty box
Gatien is the current player
They have rolled a 7
Gatien is getting out of the penalty box
Gatien's new location is 6
The category is ROCK
Rock Question 114
Question was incorrectly answered
Gatien was sent to the penalty box
Gatien is the current player
They have rolled a 7
Gatien is getting out of the penalty box
Gatien's new location is 6
The category is ROCK
Rock Question 115
Question was incorrectly answered
Gatien was sent to the penalty box
Gatien is the current player
They have rolled a 7
Gatien is getting out of the penalty box
Gatien's new location is 1
The category is SCIENCE
Science Question 57
Question was incorrectly answered
Gatien was sent to the penalty box
Gatien is the current player
They have rolled a 7
Gatien is getting out of the penalty box
Gatien's new location is 1
The category is SCIENCE
Science Question 58
Question was incorrectly answered
Gatien was sent to the penalty box
Gatien is the current player
They have rolled a 7
Gatien is getting out of the penalty box
Gatien's new location is 8
The category is PHILO
Question was incorrectly answered
Gatien was sent to the penalty box
Gatien is the current player
They have rolled a 7
Gatien is getting out of the penalty box
Gatien's new location is 8
The category is PHILO
Question was incorrectly answered
Gatien was sent to the penalty box
Gatien is the current player
They have rolled a 7
Gatien is getting out of the penalty box
Gatien's new location is 3
The category is RAP
Question was incorrectly answered
Gatien was sent to the penalty box
Gatien is the current player
They have rolled a 7
Gatien is getting out of the penalty box
Gatien's new location is 3
The category is RAP
Question was incorrectly answered
Gatien was sent to the penalty box
Gatien is the current player
They have rolled a 7
Gatien is getting out of the penalty box
Gatien's new location is 10
The category is SPORT
Sports Question 116
Question was incorrectly answered
Gatien was sent to the penalty box
Gatien is the current player
They have rolled a 7
Gatien is getting out of the penalty box
Gatien's new location is 10
The category is SPORT
Sports Question 117
Question was incorrectly answered
Gatien was sent to the penalty box
Gatien is the current player
They have rolled a 7
Gatien is getting out of the penalty box
Gatien's new location is 5
The category is ROCK
Rock Question 116
Question was incorrectly answered
Gatien was sent to the penalty box
Gatien is the current player
They have rolled a 7
Gatien is getting out of the penalty box
Gatien's new location is 5
The category is ROCK
Rock Question 117
Question was incorrectly answered
Gatien was sent to the penalty box
Gatien is the current player
They have rolled a 7
Gatien is getting out of the penalty box
Gatien's new location is 0
The category is POP
Pop Question 57
Question was incorrectly answered
Gatien was sent to the penalty box
Gatien is the current player
They have rolled a 7
Gatien is getting out of the penalty box
Gatien's new location is 0
The category is POP
Pop Question 58
Question was incorrectly answered
Gatien was sent to the penalty box
Gatien is the current player
They have rolled a 7
Gatien is getting out of the penalty box
Gatien's new location is 7
The category is GEO
Question was incorrectly answered
Gatien was sent to the penalty box
Gatien is the current player
They have rolled a 7
Gatien is getting out of the penalty box
Gatien's new location is 7
The category is GEO
Question was incorrectly answered
Gatien was sent to the penalty box
Gatien is the current player
They have rolled a 7
Gatien is getting out of the penalty box
Gatien's new location is 2
The category is SPORT
Sports Question 118
Question was incorrectly answered
Gatien was sent to the penalty box
Gatien is the current player
They have rolled a 7
Gatien is getting out of the penalty box
Gatien's new location is 2
The category is SPORT
Sports Question 119
Question was incorrectly answered
Gatien was sent to the penalty box
Gatien is the current player
They have rolled a 7
Gatien is getting out of the penalty box
Gatien's new location is 9
The category is LITTERATURE
Question was incorrectly answered
Gatien was sent to the penalty box
Gatien is the current player
They have rolled a 7
Gatien is getting out of the penalty box
Gatien's new location is 9
The category is LITTERATURE
Question was incorrectly answered
Gatien was sent to the penalty box
Gatien is the current player
They have rolled a 7
Gatien is getting out of the penalty box
Gatien's new location is 4
The category is GEO
Question was incorrectly answered
Gatien was sent to the penalty box
Gatien is the current player
They have rolled a 7
Gatien is getting out of the penalty box
Gatien's new location is 4
The category is GEO
Question was incorrectly answered
Gatien was sent to the penalty box
Gatien is the current player
They have rolled a 7
Gatien is getting out of the penalty box
Gatien's new location is 11
The category is RAP
Question was incorrectly answered
Gatien was sent to the penalty box
Gatien is the current player
They have rolled a 7
Gatien is getting out of the penalty box
Gatien's new location is 11
The category is RAP
Question was incorrectly answered
Gatien was sent to the penalty box
Gatien is the current player
They have rolled a 7
Gatien is getting out of the penalty box
Gatien's new location is 6
The category is ROCK
Rock Question 118
Question was incorrectly answered
Gatien was sent to the penalty box
Gatien is the current player
They have rolled a 7
Gatien is getting out of the penalty box
Gatien's new location is 6
The category is ROCK
Rock Question 119
Question was incorrectly answered
Gatien was sent to the penalty box
Gatien is the current player
They have rolled a 7
Gatien is getting out of the penalty box
Gatien's new location is 1
The category is SCIENCE
Science Question 59
Question was incorrectly answered
Gatien was sent to the penalty box
Gatien is the current player
They have rolled a 7
Gatien is getting out of the penalty box
Gatien's new location is 1
The category is SCIENCE
Science Question 60
Question was incorrectly answered
Gatien was sent to the penalty box
Gatien is the current player
They have rolled a 7
Gatien is getting out of the penalty box
Gatien's new location is 8
The category is PHILO
Question was incorrectly answered
Gatien was sent to the penalty box
Gatien is the current player
They have rolled a 7
Gatien is getting out of the penalty box
Gatien's new location is 8
The category is PHILO
Question was incorrectly answered
Gatien was sent to the penalty box
Gatien is the current player
They have rolled a 7
Gatien is getting out of the penalty box
Gatien's new location is 3
The category is RAP
Question was incorrectly answered
Gatien was sent to the penalty box
Gatien is the current player
They have rolled a 7
Gatien is getting out of the penalty box
Gatien's new location is 3
The category is RAP
Question was incorrectly answered
Gatien was sent to the penalty box
Gatien is the current player
They have rolled a 7
Gatien is getting out of the penalty box
Gatien's new location is 10
The category is SPORT
Sports Question 120
Question was incorrectly answered
Gatien was sent to the penalty box
Gatien is the current player
They have rolled a 7
Gatien is getting out of the penalty box
Gatien's new location is 10
The category is SPORT
Sports Question 121
Question was incorrectly answered
Gatien was sent to the penalty box
Gatien is the current player
They have rolled a 7
Gatien is getting out of the penalty box
Gatien's new location is 5
The category is ROCK
Rock Question 120
Question was incorrectly answered
Gatien was sent to the penalty box
Gatien is the current player
They have rolled a 7
Gatien is getting out of the penalty box
Gatien's new location is 5
The category is ROCK
Rock Question 121
Question was incorrectly answered
Gatien was sent to the penalty box
Gatien is the current player
They have rolled a 7
Gatien is getting out of the penalty box
Gatien's new location is 0
The category is POP
Pop Question 59
Question was incorrectly answered
Gatien was sent to the penalty box
Gatien is the current player
They have rolled a 7
Gatien is getting out of the penalty box
Gatien's new location is 0
The category is POP
Pop Question 60
Question was incorrectly answered
Gatien was sent to the penalty box
Gatien is the current player
They have rolled a 7
Gatien is getting out of the penalty box
Gatien's new location is 7
The category is GEO
Question was incorrectly answered
Gatien was sent to the penalty box
Gatien is the current player
They have rolled a 7
Gatien is getting out of the penalty box
Gatien's new location is 7
The category is GEO
Question was incorrectly answered
Gatien was sent to the penalty box
Gatien is the current player
They have rolled a 7
Gatien is getting out of the penalty box
Gatien's new location is 2
The category is SPORT
Sports Question 122
Question was incorrectly answered
Gatien was sent to the penalty box
Gatien is the current player
They have rolled a 7
Gatien is getting out of the penalty box
Gatien's new location is 2
The category is SPORT
Sports Question 123
Question was incorrectly answered
Gatien was sent to the penalty box
Gatien is the current player
They have rolled a 7
Gatien is getting out of the penalty box
Gatien's new location is 9
The category is LITTERATURE
Question was incorrectly answered
Gatien was sent to the penalty box
Gatien is the current player
They have rolled a 7
Gatien is getting out of the penalty box
Gatien's new location is 9
The category is LITTERATURE
Question was incorrectly answered
Gatien was sent to the penalty box
Gatien is the current player
They have rolled a 7
Gatien is getting out of the penalty box
Gatien's new location is 4
The category is GEO
Question was incorrectly answered
Gatien was sent to the penalty box
Gatien is the current player
They have rolled a 7
Gatien is getting out of the penalty box
Gatien's new location is 4
The category is GEO
Question was incorrectly answered
Gatien was sent to the penalty box
Gatien is the current player
They have rolled a 7
Gatien is getting out of the penalty box
Gatien's new location is 11
The category is RAP
Question was incorrectly answered
Gatien was sent to the penalty box
Gatien is the current player
They have rolled a 7
Gatien is getting out of the penalty box
Gatien's new location is 11
The category is RAP
Question was incorrectly answered
Gatien was sent to the penalty box
Gatien is the current player
They have rolled a 7
Gatien is getting out of the penalty box
Gatien's new location is 6
The category is ROCK
Rock Question 122
Question was incorrectly answered
Gatien was sent to the penalty box
Gatien is the current player
They have rolled a 7
Gatien is getting out of the penalty box
Gatien's new location is 6
The category is ROCK
Rock Question 123
Question was incorrectly answered
Gatien was sent to the penalty box
Gatien is the current player
They have rolled a 7
Gatien is getting out of the penalty box
Gatien's new location is 1
The category is SCIENCE
Science Question 61
Question was incorrectly answered
Gatien was sent to the penalty box
Gatien is the current player
They have rolled a 7
Gatien is getting out of the penalty box
Gatien's new location is 1
The category is SCIENCE
Science Question 62
Question was incorrectly answered
Gatien was sent to the penalty box
Gatien is the current player
They have rolled a 7
Gatien is getting out of the penalty box
Gatien's new location is 8
The category is PHILO
Question was incorrectly answered
Gatien was sent to the penalty box
Gatien is the current player
They have rolled a 7
Gatien is getting out of the penalty box
Gatien's new location is 8
The category is PHILO
Question was incorrectly answered
Gatien was sent to the penalty box
Gatien is the current player
They have rolled a 7
Gatien is getting out of the penalty box
Gatien's new location is 3
The category is RAP
Question was incorrectly answered
Gatien was sent to the penalty box
Gatien is the current player
They have rolled a 7
Gatien is getting out of the penalty box
Gatien's new location is 3
The category is RAP
Question was incorrectly answered
Gatien was sent to the penalty box
Gatien is the current player
They have rolled a 7
Gatien is getting out of the penalty box
Gatien's new location is 10
The category is SPORT
Sports Question 124
Question was incorrectly answered
Gatien was sent to the penalty box
Gatien is the current player
They have rolled a 7
Gatien is getting out of the penalty box
Gatien's new location is 10
The category is SPORT
Sports Question 125
Question was incorrectly answered
Gatien was sent to the penalty box
Gatien is the current player
They have rolled a 7
Gatien is getting out of the penalty box
Gatien's new location is 5
The category is ROCK
Rock Question 124
Question was incorrectly answered
Gatien was sent to the penalty box
Gatien is the current player
They have rolled a 7
Gatien is getting out of the penalty box
Gatien's new location is 5
The category is ROCK
Rock Question 125
Question was incorrectly answered
Gatien was sent to the penalty box
Gatien is the current player
They have rolled a 7
Gatien is getting out of the penalty box
Gatien's new location is 0
The category is POP
Pop Question 61
Question was incorrectly answered
Gatien was sent to the penalty box
Gatien is the current player
They have rolled a 7
Gatien is getting out of the penalty box
Gatien's new location is 0
The category is POP
Pop Question 62
Question was incorrectly answered
Gatien was sent to the penalty box
Gatien is the current player
They have rolled a 7
Gatien is getting out of the penalty box
Gatien's new location is 7
The category is GEO
Question was incorrectly answered
Gatien was sent to the penalty box
Gatien is the current player
They have rolled a 7
Gatien is getting out of the penalty box
Gatien's new location is 7
The category is GEO
Question was incorrectly answered
Gatien was sent to the penalty box
Gatien is the current player
They have rolled a 7
Gatien is getting out of the penalty box
Gatien's new location is 2
The category is SPORT
Sports Question 126
Question was incorrectly answered
Gatien was sent to the penalty box
Gatien is the current player
They have rolled a 7
Gatien is getting out of the penalty box
Gatien's new location is 2
The category is SPORT
Sports Question 127
Question was incorrectly answered
Gatien was sent to the penalty box
Gatien is the current player
They have rolled a 7
Gatien is getting out of the penalty box
Gatien's new location is 9
The category is LITTERATURE
Question was incorrectly answered
Gatien was sent to the penalty box
Gatien is the current player
They have rolled a 7
Gatien is getting out of the penalty box
Gatien's new location is 9
The category is LITTERATURE
Question was incorrectly answered
Gatien was sent to the penalty box
Gatien is the current player
They have rolled a 7
Gatien is getting out of the penalty box
Gatien's new location is 4
The category is GEO
Question was incorrectly answered
Gatien was sent to the penalty box
Gatien is the current player
They have rolled a 7
Gatien is getting out of the penalty box
Gatien's new location is 4
The category is GEO
Question was incorrectly answered
Gatien was sent to the penalty box
Gatien is the current player
They have rolled a 7
Gatien is getting out of the penalty box
Gatien's new location is 11
The category is RAP
Question was incorrectly answered
Gatien was sent to the penalty box
Gatien is the current player
They have rolled a 7
Gatien is getting out of the penalty box
Gatien's new location is 11
The category is RAP
Question was incorrectly answered
Gatien was sent to the penalty box
Gatien is the current player
They have rolled a 7
Gatien is getting out of the penalty box
Gatien's new location is 6
The category is ROCK
Rock Question 126
Question was incorrectly answered
Gatien was sent to the penalty box
Gatien is the current player
They have rolled a 7
Gatien is getting out of the penalty box
Gatien's new location is 6
The category is ROCK
Rock Question 127
Question was incorrectly answered
Gatien was sent to the penalty box
Gatien is the current player
They have rolled a 7
Gatien is getting out of the penalty box
Gatien's new location is 1
The category is SCIENCE
Science Question 63
Question was incorrectly answered
Gatien was sent to the penalty box
Gatien is the current player
They have rolled a 7
Gatien is getting out of the penalty box
Gatien's new location is 1
The category is SCIENCE
Science Question 64
Question was incorrectly answered
Gatien was sent to the penalty box
Gatien is the current player
They have rolled a 7
Gatien is getting out of the penalty box
Gatien's new location is 8
The category is PHILO
Question was incorrectly answered
Gatien was sent to the penalty box
Gatien is the current player
They have rolled a 7
Gatien is getting out of the penalty box
Gatien's new location is 8
The category is PHILO
Question was incorrectly answered
Gatien was sent to the penalty box
Gatien is the current player
They have rolled a 7
Gatien is getting out of the penalty box
Gatien's new location is 3
The category is RAP
Question was incorrectly answered
Gatien was sent to the penalty box
Gatien is the current player
They have rolled a 7
Gatien is getting out of the penalty box
Gatien's new location is 3
The category is RAP
Question was incorrectly answered
Gatien was sent to the penalty box
Gatien is the current player
They have rolled a 7
Gatien is getting out of the penalty box
Gatien's new location is 10
The category is SPORT
Sports Question 128
Question was incorrectly answered
Gatien was sent to the penalty box
Gatien is the current player
They have rolled a 7
Gatien is getting out of the penalty box
Gatien's new location is 10
The category is SPORT
Sports Question 129
Question was incorrectly answered
Gatien was sent to the penalty box
Gatien is the current player
They have rolled a 7
Gatien is getting out of the penalty box
Gatien's new location is 5
The category is ROCK
Rock Question 128
Question was incorrectly answered
Gatien was sent to the penalty box
Gatien is the current player
They have rolled a 7
Gatien is getting out of the penalty box
Gatien's new location is 5
The category is ROCK
Rock Question 129
Question was incorrectly answered
Gatien was sent to the penalty box
Gatien is the current player
They have rolled a 7
Gatien is getting out of the penalty box
Gatien's new location is 0
The category is POP
Pop Question 63
Question was incorrectly answered
Gatien was sent to the penalty box
Gatien is the current player
They have rolled a 7
Gatien is getting out of the penalty box
Gatien's new location is 0
The category is POP
Pop Question 64
Question was incorrectly answered
Gatien was sent to the penalty box
Gatien is the current player
They have rolled a 7
Gatien is getting out of the penalty box
Gatien's new location is 7
The category is GEO
Question was incorrectly answered
Gatien was sent to the penalty box
Gatien is the current player
They have rolled a 7
Gatien is getting out of the penalty box
Gatien's new location is 7
The category is GEO
Question was incorrectly answered
Gatien was sent to the penalty box
Gatien is the current player
They have rolled a 7
Gatien is getting out of the penalty box
Gatien's new location is 2
The category is SPORT
Sports Question 130
Question was incorrectly answered
Gatien was sent to the penalty box
Gatien is the current player
They have rolled a 7
Gatien is getting out of the penalty box
Gatien's new location is 2
The category is SPORT
Sports Question 131
Question was incorrectly answered
Gatien was sent to the penalty box
Gatien is the current player
They have rolled a 7
Gatien is getting out of the penalty box
Gatien's new location is 9
The category is LITTERATURE
Question was incorrectly answered
Gatien was sent to the penalty box
Gatien is the current player
They have rolled a 7
Gatien is getting out of the penalty box
Gatien's new location is 9
The category is LITTERATURE
Question was incorrectly answered
Gatien was sent to the penalty box
Gatien is the current player
They have rolled a 7
Gatien is getting out of the penalty box
Gatien's new location is 4
The category is GEO
Question was incorrectly answered
Gatien was sent to the penalty box
Gatien is the current player
They have rolled a 7
Gatien is getting out of the penalty box
Gatien's new location is 4
The category is GEO
Question was incorrectly answered
Gatien was sent to the penalty box
Gatien is the current player
They have rolled a 7
Gatien is getting out of the penalty box
Gatien's new location is 11
The category is RAP
Question was incorrectly answered
Gatien was sent to the penalty box
Gatien is the current player
They have rolled a 7
Gatien is getting out of the penalty box
Gatien's new location is 11
The category is RAP
Question was incorrectly answered
Gatien was sent to the penalty box
Gatien is the current player
They have rolled a 7
Gatien is getting out of the penalty box
Gatien's new location is 6
The category is ROCK
Rock Question 130
Question was incorrectly answered
Gatien was sent to the penalty box
Gatien is the current player
They have rolled a 7
Gatien is getting out of the penalty box
Gatien's new location is 6
The category is ROCK
Rock Question 131
Question was incorrectly answered
Gatien was sent to the penalty box
Gatien is the current player
They have rolled a 7
Gatien is getting out of the penalty box
Gatien's new location is 1
The category is SCIENCE
Science Question 65
Question was incorrectly answered
Gatien was sent to the penalty box
Gatien is the current player
They have rolled a 7
Gatien is getting out of the penalty box
Gatien's new location is 1
The category is SCIENCE
Science Question 66
Question was incorrectly answered
Gatien was sent to the penalty box
Gatien is the current player
They have rolled a 7
Gatien is getting out of the penalty box
Gatien's new location is 8
The category is PHILO
Question was incorrectly answered
Gatien was sent to the penalty box
Gatien is the current player
They have rolled a 7
Gatien is getting out of the penalty box
Gatien's new location is 8
The category is PHILO
Question was incorrectly answered
Gatien was sent to the penalty box
Gatien is the current player
They have rolled a 7
Gatien is getting out of the penalty box
Gatien's new location is 3
The category is RAP
Question was incorrectly answered
Gatien was sent to the penalty box
Gatien is the current player
They have rolled a 7
Gatien is getting out of the penalty box
Gatien's new location is 3
The category is RAP
Question was incorrectly answered
Gatien was sent to the penalty box
Gatien is the current player
They have rolled a 7
Gatien is getting out of the penalty box
Gatien's new location is 10
The category is SPORT
Sports Question 132
Question was incorrectly answered
Gatien was sent to the penalty box
Gatien is the current player
They have rolled a 7
Gatien is getting out of the penalty box
Gatien's new location is 10
The category is SPORT
Sports Question 133
Question was incorrectly answered
Gatien was sent to the penalty box
Gatien is the current player
They have rolled a 7
Gatien is getting out of the penalty box
Gatien's new location is 5
The category is ROCK
Rock Question 132
Question was incorrectly answered
Gatien was sent to the penalty box
Gatien is the current player
They have rolled a 7
Gatien is getting out of the penalty box
Gatien's new location is 5
The category is ROCK
Rock Question 133
Question was incorrectly answered
Gatien was sent to the penalty box
Gatien is the current player
They have rolled a 7
Gatien is getting out of the penalty box
Gatien's new location is 0
The category is POP
Pop Question 65
Question was incorrectly answered
Gatien was sent to the penalty box
Gatien is the current player
They have rolled a 7
Gatien is getting out of the penalty box
Gatien's new location is 0
The category is POP
Pop Question 66
Question was incorrectly answered
Gatien was sent to the penalty box
Gatien is the current player
They have rolled a 7
Gatien is getting out of the penalty box
Gatien's new location is 7
The category is GEO
Question was incorrectly answered
Gatien was sent to the penalty box
Gatien is the current player
They have rolled a 7
Gatien is getting out of the penalty box
Gatien's new location is 7
The category is GEO
Question was incorrectly answered
Gatien was sent to the penalty box
Gatien is the current player
They have rolled a 7
Gatien is getting out of the penalty box
Gatien's new location is 2
The category is SPORT
Sports Question 134
Question was incorrectly answered
Gatien was sent to the penalty box
Gatien is the current player
They have rolled a 7
Gatien is getting out of the penalty box
Gatien's new location is 2
The category is SPORT
Sports Question 135
Question was incorrectly answered
Gatien was sent to the penalty box
Gatien is the current player
They have rolled a 7
Gatien is getting out of the penalty box
Gatien's new location is 9
The category is LITTERATURE
Question was incorrectly answered
Gatien was sent to the penalty box
Gatien is the current player
They have rolled a 7
Gatien is getting out of the penalty box
Gatien's new location is 9
The category is LITTERATURE
Question was incorrectly answered
Gatien was sent to the penalty box
Gatien is the current player
They have rolled a 7
Gatien is getting out of the penalty box
Gatien's new location is 4
The category is GEO
Question was incorrectly answered
Gatien was sent to the penalty box
Gatien is the current player
They have rolled a 7
Gatien is getting out of the penalty box
Gatien's new location is 4
The category is GEO
Question was incorrectly answered
Gatien was sent to the penalty box
Gatien is the current player
They have rolled a 7
Gatien is getting out of the penalty box
Gatien's new location is 11
The category is RAP
Question was incorrectly answered
Gatien was sent to the penalty box
Gatien is the current player
They have rolled a 7
Gatien is getting out of the penalty box
Gatien's new location is 11
The category is RAP
Question was incorrectly answered
Gatien was sent to the penalty box
Gatien is the current player
They have rolled a 7
Gatien is getting out of the penalty box
Gatien's new location is 6
The category is ROCK
Rock Question 134
Question was incorrectly answered
Gatien was sent to the penalty box
Gatien is the current player
They have rolled a 7
Gatien is getting out of the penalty box
Gatien's new location is 6
The category is ROCK
Rock Question 135
Question was incorrectly answered
Gatien was sent to the penalty box
Gatien is the current player
They have rolled a 7
Gatien is getting out of the penalty box
Gatien's new location is 1
The category is SCIENCE
Science Question 67
Question was incorrectly answered
Gatien was sent to the penalty box
Gatien is the current player
They have rolled a 7
Gatien is getting out of the penalty box
Gatien's new location is 1
The category is SCIENCE
Science Question 68
Question was incorrectly answered
Gatien was sent to the penalty box
Gatien is the current player
They have rolled a 7
Gatien is getting out of the penalty box
Gatien's new location is 8
The category is PHILO
Question was incorrectly answered
Gatien was sent to the penalty box
Gatien is the current player
They have rolled a 7
Gatien is getting out of the penalty box
Gatien's new location is 8
The category is PHILO
Question was incorrectly answered
Gatien was sent to the penalty box
Gatien is the current player
They have rolled a 7
Gatien is getting out of the penalty box
Gatien's new location is 3
The category is RAP
Question was incorrectly answered
Gatien was sent to the penalty box
Gatien is the current player
They have rolled a 7
Gatien is getting out of the penalty box
Gatien's new location is 3
The category is RAP
Question was incorrectly answered
Gatien was sent to the penalty box
Gatien is the current player
They have rolled a 7
Gatien is getting out of the penalty box
Gatien's new location is 10
The category is SPORT
Sports Question 136
Question was incorrectly answered
Gatien was sent to the penalty box
Gatien is the current player
They have rolled a 7
Gatien is getting out of the penalty box
Gatien's new location is 10
The category is SPORT
Sports Question 137
Question was incorrectly answered
Gatien was sent to the penalty box
Gatien is the current player
They have rolled a 7
Gatien is getting out of the penalty box
Gatien's new location is 5
The category is ROCK
Rock Question 136
Question was incorrectly answered
Gatien was sent to the penalty box
Gatien is the current player
They have rolled a 7
Gatien is getting out of the penalty box
Gatien's new location is 5
The category is ROCK
Rock Question 137
Question was incorrectly answered
Gatien was sent to the penalty box
Gatien is the current player
They have rolled a 7
Gatien is getting out of the penalty box
Gatien's new location is 0
The category is POP
Pop Question 67
Question was incorrectly answered
Gatien was sent to the penalty box
Gatien is the current player
They have rolled a 7
Gatien is getting out of the penalty box
Gatien's new location is 0
The category is POP
Pop Question 68
Question was incorrectly answered
Gatien was sent to the penalty box
Gatien is the current player
They have rolled a 7
Gatien is getting out of the penalty box
Gatien's new location is 7
The category is GEO
Question was incorrectly answered
Gatien was sent to the penalty box
Gatien is the current player
They have rolled a 7
Gatien is getting out of the penalty box
Gatien's new location is 7
The category is GEO
Question was incorrectly answered
Gatien was sent to the penalty box
Gatien is the current player
They have rolled a 7
Gatien is getting out of the penalty box
Gatien's new location is 2
The category is SPORT
Sports Question 138
Question was incorrectly answered
Gatien was sent to the penalty box
Gatien is the current player
They have rolled a 7
Gatien is getting out of the penalty box
Gatien's new location is 2
The category is SPORT
Sports Question 139
Question was incorrectly answered
Gatien was sent to the penalty box
Gatien is the current player
They have rolled a 7
Gatien is getting out of the penalty box
Gatien's new location is 9
The category is LITTERATURE
Question was incorrectly answered
Gatien was sent to the penalty box
Gatien is the current player
They have rolled a 7
Gatien is getting out of the penalty box
Gatien's new location is 9
The category is LITTERATURE
Question was incorrectly answered
Gatien was sent to the penalty box
Gatien is the current player
They have rolled a 7
Gatien is getting out of the penalty box
Gatien's new location is 4
The category is GEO
Question was incorrectly answered
Gatien was sent to the penalty box
Gatien is the current player
They have rolled a 7
Gatien is getting out of the penalty box
Gatien's new location is 4
The category is GEO
Question was incorrectly answered
Gatien was sent to the penalty box
Gatien is the current player
They have rolled a 7
Gatien is getting out of the penalty box
Gatien's new location is 11
The category is RAP
Question was incorrectly answered
Gatien was sent to the penalty box
Gatien is the current player
They have rolled a 7
Gatien is getting out of the penalty box
Gatien's new location is 11
The category is RAP
Question was incorrectly answered
Gatien was sent to the penalty box
Gatien is the current player
They have rolled a 7
Gatien is getting out of the penalty box
Gatien's new location is 6
The category is ROCK
Rock Question 138
Question was incorrectly answered
Gatien was sent to the penalty box
Gatien is the current player
They have rolled a 7
Gatien is getting out of the penalty box
Gatien's new location is 6
The category is ROCK
Rock Question 139
Question was incorrectly answered
Gatien was sent to the penalty box
Gatien is the current player
They have rolled a 7
Gatien is getting out of the penalty box
Gatien's new location is 1
The category is SCIENCE
Science Question 69
Question was incorrectly answered
Gatien was sent to the penalty box
Gatien is the current player
They have rolled a 7
Gatien is getting out of the penalty box
Gatien's new location is 1
The category is SCIENCE
Science Question 70
Question was incorrectly answered
Gatien was sent to the penalty box
Gatien is the current player
They have rolled a 7
Gatien is getting out of the penalty box
Gatien's new location is 8
The category is PHILO
Question was incorrectly answered
Gatien was sent to the penalty box
Gatien is the current player
They have rolled a 7
Gatien is getting out of the penalty box
Gatien's new location is 8
The category is PHILO
Question was incorrectly answered
Gatien was sent to the penalty box
Gatien is the current player
They have rolled a 7
Gatien is getting out of the penalty box
Gatien's new location is 3
The category is RAP
Question was incorrectly answered
Gatien was sent to the penalty box
Gatien is the current player
They have rolled a 7
Gatien is getting out of the penalty box
Gatien's new location is 3
The category is RAP
Question was incorrectly answered
Gatien was sent to the penalty box
Gatien is the current player
They have rolled a 7
Gatien is getting out of the penalty box
Gatien's new location is 10
The category is SPORT
Sports Question 140
Question was incorrectly answered
Gatien was sent to the penalty box
Gatien is the current player
They have rolled a 7
Gatien is getting out of the penalty box
Gatien's new location is 10
The category is SPORT
Sports Question 141
Question was incorrectly answered
Gatien was sent to the penalty box
Gatien is the current player
They have rolled a 7
Gatien is getting out of the penalty box
Gatien's new location is 5
The category is ROCK
Rock Question 140
Question was incorrectly answered
Gatien was sent to the penalty box
Gatien is the current player
They have rolled a 7
Gatien is getting out of the penalty box
Gatien's new location is 5
The category is ROCK
Rock Question 141
Question was incorrectly answered
Gatien was sent to the penalty box
Gatien is the current player
They have rolled a 7
Gatien is getting out of the penalty box
Gatien's new location is 0
The category is POP
Pop Question 69
Question was incorrectly answered
Gatien was sent to the penalty box
Gatien is the current player
They have rolled a 7
Gatien is getting out of the penalty box
Gatien's new location is 0
The category is POP
Pop Question 70
Question was incorrectly answered
Gatien was sent to the penalty box
Gatien is the current player
They have rolled a 7
Gatien is getting out of the penalty box
Gatien's new location is 7
The category is GEO
Question was incorrectly answered
Gatien was sent to the penalty box
Gatien is the current player
They have rolled a 7
Gatien is getting out of the penalty box
Gatien's new location is 7
The category is GEO
Question was incorrectly answered
Gatien was sent to the penalty box
Gatien is the current player
They have rolled a 7
Gatien is getting out of the penalty box
Gatien's new location is 2
The category is SPORT
Sports Question 142
Question was incorrectly answered
Gatien was sent to the penalty box
Gatien is the current player
They have rolled a 7
Gatien is getting out of the penalty box
Gatien's new location is 2
The category is SPORT
Sports Question 143
Question was incorrectly answered
Gatien was sent to the penalty box
Gatien is the current player
They have rolled a 7
Gatien is getting out of the penalty box
Gatien's new location is 9
The category is LITTERATURE
Question was incorrectly answered
Gatien was sent to the penalty box
Gatien is the current player
They have rolled a 7
Gatien is getting out of the penalty box
Gatien's new location is 9
The category is LITTERATURE
Question was incorrectly answered
Gatien was sent to the penalty box
Gatien is the current player
They have rolled a 7
Gatien is getting out of the penalty box
Gatien's new location is 4
The category is GEO
Question was incorrectly answered
Gatien was sent to the penalty box
Gatien is the current player
They have rolled a 7
Gatien is getting out of the penalty box
Gatien's new location is 4
The category is GEO
Question was incorrectly answered
Gatien was sent to the penalty box
Gatien is the current player
They have rolled a 7
Gatien is getting out of the penalty box
Gatien's new location is 11
The category is RAP
Question was incorrectly answered
Gatien was sent to the penalty box
Gatien is the current player
They have rolled a 7
Gatien is getting out of the penalty box
Gatien's new location is 11
The category is RAP
Question was incorrectly answered
Gatien was sent to the penalty box
Gatien is the current player
They have rolled a 7
Gatien is getting out of the penalty box
Gatien's new location is 6
The category is ROCK
Rock Question 142
Question was incorrectly answered
Gatien was sent to the penalty box
Gatien is the current player
They have rolled a 7
Gatien is getting out of the penalty box
Gatien's new location is 6
The category is ROCK
Rock Question 143
Question was incorrectly answered
Gatien was sent to the penalty box
Gatien is the current player
They have rolled a 7
Gatien is getting out of the penalty box
Gatien's new location is 1
The category is SCIENCE
Science Question 71
Question was incorrectly answered
Gatien was sent to the penalty box
Gatien is the current player
They have rolled a 7
Gatien is getting out of the penalty box
Gatien's new location is 1
The category is SCIENCE
Science Question 72
Question was incorrectly answered
Gatien was sent to the penalty box
Gatien is the current player
They have rolled a 7
Gatien is getting out of the penalty box
Gatien's new location is 8
The category is PHILO
Question was incorrectly answered
Gatien was sent to the penalty box
Gatien is the current player
They have rolled a 7
Gatien is getting out of the penalty box
Gatien's new location is 8
The category is PHILO
Question was incorrectly answered
Gatien was sent to the penalty box
Gatien is the current player
They have rolled a 7
Gatien is getting out of the penalty box
Gatien's new location is 3
The category is RAP
Question was incorrectly answered
Gatien was sent to the penalty box
Gatien is the current player
They have rolled a 7
Gatien is getting out of the penalty box
Gatien's new location is 3
The category is RAP
Question was incorrectly answered
Gatien was sent to the penalty box
Gatien is the current player
They have rolled a 7
Gatien is getting out of the penalty box
Gatien's new location is 10
The category is SPORT
Sports Question 144
Question was incorrectly answered
Gatien was sent to the penalty box
Gatien is the current player
They have rolled a 7
Gatien is getting out of the penalty box
Gatien's new location is 10
The category is SPORT
Sports Question 145
Question was incorrectly answered
Gatien was sent to the penalty box
Gatien is the current player
They have rolled a 7
Gatien is getting out of the penalty box
Gatien's new location is 5
The category is ROCK
Rock Question 144
Question was incorrectly answered
Gatien was sent to the penalty box
Gatien is the current player
They have rolled a 7
Gatien is getting out of the penalty box
Gatien's new location is 5
The category is ROCK
Rock Question 145
Question was incorrectly answered
Gatien was sent to the penalty box
Gatien is the current player
They have rolled a 7
Gatien is getting out of the penalty box
Gatien's new location is 0
The category is POP
Pop Question 71
Question was incorrectly answered
Gatien was sent to the penalty box
Gatien is the current player
They have rolled a 7
Gatien is getting out of the penalty box
Gatien's new location is 0
The category is POP
Pop Question 72
Question was incorrectly answered
Gatien was sent to the penalty box
Gatien is the current player
They have rolled a 7
Gatien is getting out of the penalty box
Gatien's new location is 7
The category is GEO
Question was incorrectly answered
Gatien was sent to the penalty box
Gatien is the current player
They have rolled a 7
Gatien is getting out of the penalty box
Gatien's new location is 7
The category is GEO
Question was incorrectly answered
Gatien was sent to the penalty box
Gatien is the current player
They have rolled a 7
Gatien is getting out of the penalty box
Gatien's new location is 2
The category is SPORT
Sports Question 146
Question was incorrectly answered
Gatien was sent to the penalty box
Gatien is the current player
They have rolled a 7
Gatien is getting out of the penalty box
Gatien's new location is 2
The category is SPORT
Sports Question 147
Question was incorrectly answered
Gatien was sent to the penalty box
Gatien is the current player
They have rolled a 7
Gatien is getting out of the penalty box
Gatien's new location is 9
The category is LITTERATURE
Question was incorrectly answered
Gatien was sent to the penalty box
Gatien is the current player
They have rolled a 7
Gatien is getting out of the penalty box
Gatien's new location is 9
The category is LITTERATURE
Question was incorrectly answered
Gatien was sent to the penalty box
Gatien is the current player
They have rolled a 7
Gatien is getting out of the penalty box
Gatien's new location is 4
The category is GEO
Question was incorrectly answered
Gatien was sent to the penalty box
Gatien is the current player
They have rolled a 7
Gatien is getting out of the penalty box
Gatien's new location is 4
The category is GEO
Question was incorrectly answered
Gatien was sent to the penalty box
Gatien is the current player
They have rolled a 7
Gatien is getting out of the penalty box
Gatien's new location is 11
The category is RAP
Question was incorrectly answered
Gatien was sent to the penalty box
Gatien is the current player
They have rolled a 7
Gatien is getting out of the penalty box
Gatien's new location is 11
The category is RAP
Question was incorrectly answered
Gatien was sent to the penalty box
Gatien is the current player
They have rolled a 7
Gatien is getting out of the penalty box
Gatien's new location is 6
The category is ROCK
Rock Question 146
Question was incorrectly answered
Gatien was sent to the penalty box
Gatien is the current player
They have rolled a 7
Gatien is getting out of the penalty box
Gatien's new location is 6
The category is ROCK
Rock Question 147
Question was incorrectly answered
Gatien was sent to the penalty box
Gatien is the current player
They have rolled a 7
Gatien is getting out of the penalty box
Gatien's new location is 1
The category is SCIENCE
Science Question 73
Question was incorrectly answered
Gatien was sent to the penalty box
Gatien is the current player
They have rolled a 7
Gatien is getting out of the penalty box
Gatien's new location is 1
The category is SCIENCE
Science Question 74
Question was incorrectly answered
Gatien was sent to the penalty box
Gatien is the current player
They have rolled a 7
Gatien is getting out of the penalty box
Gatien's new location is 8
The category is PHILO
Question was incorrectly answered
Gatien was sent to the penalty box
Gatien is the current player
They have rolled a 7
Gatien is getting out of the penalty box
Gatien's new location is 8
The category is PHILO
Question was incorrectly answered
Gatien was sent to the penalty box
Gatien is the current player
They have rolled a 7
Gatien is getting out of the penalty box
Gatien's new location is 3
The category is RAP
Question was incorrectly answered
Gatien was sent to the penalty box
Gatien is the current player
They have rolled a 7
Gatien is getting out of the penalty box
Gatien's new location is 3
The category is RAP
Question was incorrectly answered
Gatien was sent to the penalty box
Gatien is the current player
They have rolled a 7
Gatien is getting out of the penalty box
Gatien's new location is 10
The category is SPORT
Sports Question 147
Question was incorrectly answered
Gatien was sent to the penalty box
Gatien is the current player
They have rolled a 7
Gatien is getting out of the penalty box
Gatien's new location is 10
The category is SPORT
Sports Question 148
Question was incorrectly answered
Gatien was sent to the penalty box
Gatien is the current player
They have rolled a 7
Gatien is getting out of the penalty box
Gatien's new location is 5
The category is ROCK
Rock Question 147
Question was incorrectly answered
Gatien was sent to the penalty box
Gatien is the current player
They have rolled a 7
Gatien is getting out of the penalty box
Gatien's new location is 5
The category is ROCK
Rock Question 148
Question was incorrectly answered
Gatien was sent to the penalty box
Gatien is the current player
They have rolled a 7
Gatien is getting out of the penalty box
Gatien's new location is 0
The category is POP
Pop Question 73
Question was incorrectly answered
Gatien was sent to the penalty box
Gatien is the current player
They have rolled a 7
Gatien is getting out of the penalty box
Gatien's new location is 0
The category is POP
Pop Question 74
Question was incorrectly answered
Gatien was sent to the penalty box
Gatien is the current player
They have rolled a 7
Gatien is getting out of the penalty box
Gatien's new location is 7
The category is GEO
Question was incorrectly answered
Gatien was sent to the penalty box
Gatien is the current player
They have rolled a 7
Gatien is getting out of the penalty box
Gatien's new location is 7
The category is GEO
Question was incorrectly answered
Gatien was sent to the penalty box
Gatien is the current player
They have rolled a 7
Gatien is getting out of the penalty box
Gatien's new location is 2
The category is SPORT
Sports Question 149
Question was incorrectly answered
Gatien was sent to the penalty box
Gatien is the current player
They have rolled a 7
Gatien is getting out of the penalty box
Gatien's new location is 2
The category is SPORT
Sports Question 150
Question was incorrectly answered
Gatien was sent to the penalty box
Gatien is the current player
They have rolled a 7
Gatien is getting out of the penalty box
Gatien's new location is 9
The category is LITTERATURE
Question was incorrectly answered
Gatien was sent to the penalty box
Gatien is the current player
They have rolled a 7
Gatien is getting out of the penalty box
Gatien's new location is 9
The category is LITTERATURE
Question was incorrectly answered
Gatien was sent to the penalty box
Gatien is the current player
They have rolled a 7
Gatien is getting out of the penalty box
Gatien's new location is 4
The category is GEO
Question was incorrectly answered
Gatien was sent to the penalty box
Gatien is the current player
They have rolled a 7
Gatien is getting out of the penalty box
Gatien's new location is 4
The category is GEO
Question was incorrectly answered
Gatien was sent to the penalty box
Gatien is the current player
They have rolled a 7
Gatien is getting out of the penalty box
Gatien's new location is 11
The category is RAP
Question was incorrectly answered
Gatien was sent to the penalty box
Gatien is the current player
They have rolled a 7
Gatien is getting out of the penalty box
Gatien's new location is 11
The category is RAP
Question was incorrectly answered
Gatien was sent to the penalty box
Gatien is the current player
They have rolled a 7
Gatien is getting out of the penalty box
Gatien's new location is 6
The category is ROCK
Rock Question 149
Question was incorrectly answered
Gatien was sent to the penalty box
Gatien is the current player
They have rolled a 7
Gatien is getting out of the penalty box
Gatien's new location is 6
The category is ROCK
Rock Question 150
Question was incorrectly answered
Gatien was sent to the penalty box
Gatien is the current player
They have rolled a 7
Gatien is getting out of the penalty box
Gatien's new location is 1
The category is SCIENCE
Science Question 75
Question was incorrectly answered
Gatien was sent to the penalty box
Gatien is the current player
They have rolled a 7
Gatien is getting out of the penalty box
Gatien's new location is 1
The category is SCIENCE
Science Question 76
Question was incorrectly answered
Gatien was sent to the penalty box
Gatien is the current player
They have rolled a 7
Gatien is getting out of the penalty box
Gatien's new location is 8
The category is PHILO
Question was incorrectly answered
Gatien was sent to the penalty box
Gatien is the current player
They have rolled a 7
Gatien is getting out of the penalty box
Gatien's new location is 8
The category is PHILO
Question was incorrectly answered
Gatien was sent to the penalty box
Gatien is the current player
They have rolled a 7
Gatien is getting out of the penalty box
Gatien's new location is 3
The category is RAP
Question was incorrectly answered
Gatien was sent to the penalty box
Gatien is the current player
They have rolled a 7
Gatien is getting out of the penalty box
Gatien's new location is 3
The category is RAP
Question was incorrectly answered
Gatien was sent to the penalty box
Gatien is the current player
They have rolled a 7
Gatien is getting out of the penalty box
Gatien's new location is 10
The category is SPORT
Sports Question 151
Question was incorrectly answered
Gatien was sent to the penalty box
Gatien is the current player
They have rolled a 7
Gatien is getting out of the penalty box
Gatien's new location is 10
The category is SPORT
Sports Question 152
Question was incorrectly answered
Gatien was sent to the penalty box
Gatien is the current player
They have rolled a 7
Gatien is getting out of the penalty box
Gatien's new location is 5
The category is ROCK
Rock Question 151
Question was incorrectly answered
Gatien was sent to the penalty box
Gatien is the current player
They have rolled a 7
Gatien is getting out of the penalty box
Gatien's new location is 5
The category is ROCK
Rock Question 152
Question was incorrectly answered
Gatien was sent to the penalty box
Gatien is the current player
They have rolled a 7
Gatien is getting out of the penalty box
Gatien's new location is 0
The category is POP
Pop Question 75
Question was incorrectly answered
Gatien was sent to the penalty box
Gatien is the current player
They have rolled a 7
Gatien is getting out of the penalty box
Gatien's new location is 0
The category is POP
Pop Question 76
Question was incorrectly answered
Gatien was sent to the penalty box
Gatien is the current player
They have rolled a 7
Gatien is getting out of the penalty box
Gatien's new location is 7
The category is GEO
Question was incorrectly answered
Gatien was sent to the penalty box
Gatien is the current player
They have rolled a 7
Gatien is getting out of the penalty box
Gatien's new location is 7
The category is GEO
Question was incorrectly answered
Gatien was sent to the penalty box
Gatien is the current player
They have rolled a 7
Gatien is getting out of the penalty box
Gatien's new location is 2
The category is SPORT
Sports Question 153
Question was incorrectly answered
Gatien was sent to the penalty box
Gatien is the current player
They have rolled a 7
Gatien is getting out of the penalty box
Gatien's new location is 2
The category is SPORT
Sports Question 154
Question was incorrectly answered
Gatien was sent to the penalty box
Gatien is the current player
They have rolled a 7
Gatien is getting out of the penalty box
Gatien's new location is 9
The category is LITTERATURE
Question was incorrectly answered
Gatien was sent to the penalty box
Gatien is the current player
They have rolled a 7
Gatien is getting out of the penalty box
Gatien's new location is 9
The category is LITTERATURE
Question was incorrectly answered
Gatien was sent to the penalty box
Gatien is the current player
They have rolled a 7
Gatien is getting out of the penalty box
Gatien's new location is 4
The category is GEO
Question was incorrectly answered
Gatien was sent to the penalty box
Gatien is the current player
They have rolled a 7
Gatien is getting out of the penalty box
Gatien's new location is 4
The category is GEO
Question was incorrectly answered
Gatien was sent to the penalty box
Gatien is the current player
They have rolled a 7
Gatien is getting out of the penalty box
Gatien's new location is 11
The category is RAP
Question was incorrectly answered
Gatien was sent to the penalty box
Gatien is the current player
They have rolled a 7
Gatien is getting out of the penalty box
Gatien's new location is 11
The category is RAP
Question was incorrectly answered
Gatien was sent to the penalty box
Gatien is the current player
They have rolled a 7
Gatien is getting out of the penalty box
Gatien's new location is 6
The category is ROCK
Rock Question 153
Question was incorrectly answered
Gatien was sent to the penalty box
Gatien is the current player
They have rolled a 7
Gatien is getting out of the penalty box
Gatien's new location is 6
The category is ROCK
Rock Question 154
Question was incorrectly answered
Gatien was sent to the penalty box
Gatien is the current player
They have rolled a 7
Gatien is getting out of the penalty box
Gatien's new location is 1
The category is SCIENCE
Science Question 77
Question was incorrectly answered
Gatien was sent to the penalty box
Gatien is the current player
They have rolled a 7
Gatien is getting out of the penalty box
Gatien's new location is 1
The category is SCIENCE
Science Question 78
Question was incorrectly answered
Gatien was sent to the penalty box
Gatien is the current player
They have rolled a 7
Gatien is getting out of the penalty box
Gatien's new location is 8
The category is PHILO
Question was incorrectly answered
Gatien was sent to the penalty box
Gatien is the current player
They have rolled a 7
Gatien is getting out of the penalty box
Gatien's new location is 8
The category is PHILO
Question was incorrectly answered
Gatien was sent to the penalty box
Gatien is the current player
They have rolled a 7
Gatien is getting out of the penalty box
Gatien's new location is 3
The category is RAP
Question was incorrectly answered
Gatien was sent to the penalty box
Gatien is the current player
They have rolled a 7
Gatien is getting out of the penalty box
Gatien's new location is 3
The category is RAP
Question was incorrectly answered
Gatien was sent to the penalty box
Gatien is the current player
They have rolled a 7
Gatien is getting out of the penalty box
Gatien's new location is 10
The category is SPORT
Sports Question 155
Question was incorrectly answered
Gatien was sent to the penalty box
Gatien is the current player
They have rolled a 7
Gatien is getting out of the penalty box
Gatien's new location is 10
The category is SPORT
Sports Question 156
Question was incorrectly answered
Gatien was sent to the penalty box
Gatien is the current player
They have rolled a 7
Gatien is getting out of the penalty box
Gatien's new location is 5
The category is ROCK
Rock Question 155
Question was incorrectly answered
Gatien was sent to the penalty box
Gatien is the current player
They have rolled a 7
Gatien is getting out of the penalty box
Gatien's new location is 5
The category is ROCK
Rock Question 156
Question was incorrectly answered
Gatien was sent to the penalty box
Gatien is the current player
They have rolled a 7
Gatien is getting out of the penalty box
Gatien's new location is 0
The category is POP
Pop Question 77
Question was incorrectly answered
Gatien was sent to the penalty box
Gatien is the current player
They have rolled a 7
Gatien is getting out of the penalty box
Gatien's new location is 0
The category is POP
Pop Question 78
Question was incorrectly answered
Gatien was sent to the penalty box
Gatien is the current player
They have rolled a 7
Gatien is getting out of the penalty box
Gatien's new location is 7
The category is GEO
Question was incorrectly answered
Gatien was sent to the penalty box
Gatien is the current player
They have rolled a 7
Gatien is getting out of the penalty box
Gatien's new location is 7
The category is GEO
Question was incorrectly answered
Gatien was sent to the penalty box
Gatien is the current player
They have rolled a 7
Gatien is getting out of the penalty box
Gatien's new location is 2
The category is SPORT
Sports Question 157
Question was incorrectly answered
Gatien was sent to the penalty box
Gatien is the current player
They have rolled a 7
Gatien is getting out of the penalty box
Gatien's new location is 2
The category is SPORT
Sports Question 158
Question was incorrectly answered
Gatien was sent to the penalty box
Gatien is the current player
They have rolled a 7
Gatien is getting out of the penalty box
Gatien's new location is 9
The category is LITTERATURE
Question was incorrectly answered
Gatien was sent to the penalty box
Gatien is the current player
They have rolled a 7
Gatien is getting out of the penalty box
Gatien's new location is 9
The category is LITTERATURE
Question was incorrectly answered
Gatien was sent to the penalty box
Gatien is the current player
They have rolled a 7
Gatien is getting out of the penalty box
Gatien's new location is 4
The category is GEO
Question was incorrectly answered
Gatien was sent to the penalty box
Gatien is the current player
They have rolled a 7
Gatien is getting out of the penalty box
Gatien's new location is 4
The category is GEO
Question was incorrectly answered
Gatien was sent to the penalty box
Gatien is the current player
They have rolled a 7
Gatien is getting out of the penalty box
Gatien's new location is 11
The category is RAP
Question was incorrectly answered
Gatien was sent to the penalty box
Gatien is the current player
They have rolled a 7
Gatien is getting out of the penalty box
Gatien's new location is 11
The category is RAP
Question was incorrectly answered
Gatien was sent to the penalty box
Gatien is the current player
They have rolled a 7
Gatien is getting out of the penalty box
Gatien's new location is 6
The category is ROCK
Rock Question 157
Question was incorrectly answered
Gatien was sent to the penalty box
Gatien is the current player
They have rolled a 7
Gatien is getting out of the penalty box
Gatien's new location is 6
The category is ROCK
Rock Question 158
Question was incorrectly answered
Gatien was sent to the penalty box
Gatien is the current player
They have rolled a 7
Gatien is getting out of the penalty box
Gatien's new location is 1
The category is SCIENCE
Science Question 79
Question was incorrectly answered
Gatien was sent to the penalty box
Gatien is the current player
They have rolled a 7
Gatien is getting out of the penalty box
Gatien's new location is 1
The category is SCIENCE
Science Question 80
Question was incorrectly answered
Gatien was sent to the penalty box
Gatien is the current player
They have rolled a 7
Gatien is getting out of the penalty box
Gatien's new location is 8
The category is PHILO
Question was incorrectly answered
Gatien was sent to the penalty box
Gatien is the current player
They have rolled a 7
Gatien is getting out of the penalty box
Gatien's new location is 8
The category is PHILO
Question was incorrectly answered
Gatien was sent to the penalty box
Gatien is the current player
They have rolled a 7
Gatien is getting out of the penalty box
Gatien's new location is 3
The category is RAP
Question was incorrectly answered
Gatien was sent to the penalty box
Gatien is the current player
They have rolled a 7
Gatien is getting out of the penalty box
Gatien's new location is 3
The category is RAP
Question was incorrectly answered
Gatien was sent to the penalty box
Gatien is the current player
They have rolled a 7
Gatien is getting out of the penalty box
Gatien's new location is 10
The category is SPORT
Sports Question 159
Question was incorrectly answered
Gatien was sent to the penalty box
Gatien is the current player
They have rolled a 7
Gatien is getting out of the penalty box
Gatien's new location is 10
The category is SPORT
Sports Question 160
Question was incorrectly answered
Gatien was sent to the penalty box
Gatien is the current player
They have rolled a 7
Gatien is getting out of the penalty box
Gatien's new location is 5
The category is ROCK
Rock Question 159
Question was incorrectly answered
Gatien was sent to the penalty box
Gatien is the current player
They have rolled a 7
Gatien is getting out of the penalty box
Gatien's new location is 5
The category is ROCK
Rock Question 160
Question was incorrectly answered
Gatien was sent to the penalty box
Gatien is the current player
They have rolled a 7
Gatien is getting out of the penalty box
Gatien's new location is 0
The category is POP
Pop Question 79
Question was incorrectly answered
Gatien was sent to the penalty box
Gatien is the current player
They have rolled a 7
Gatien is getting out of the penalty box
Gatien's new location is 0
The category is POP
Pop Question 80
Question was incorrectly answered
Gatien was sent to the penalty box
Gatien is the current player
They have rolled a 7
Gatien is getting out of the penalty box
Gatien's new location is 7
The category is GEO
Question was incorrectly answered
Gatien was sent to the penalty box
Gatien is the current player
They have rolled a 7
Gatien is getting out of the penalty box
Gatien's new location is 7
The category is GEO
Question was incorrectly answered
Gatien was sent to the penalty box
Gatien is the current player
They have rolled a 7
Gatien is getting out of the penalty box
Gatien's new location is 2
The category is SPORT
Sports Question 161
Question was incorrectly answered
Gatien was sent to the penalty box
Gatien is the current player
They have rolled a 7
Gatien is getting out of the penalty box
Gatien's new location is 2
The category is SPORT
Sports Question 162
Question was incorrectly answered
Gatien was sent to the penalty box
Gatien is the current player
They have rolled a 7
Gatien is getting out of the penalty box
Gatien's new location is 9
The category is LITTERATURE
Question was incorrectly answered
Gatien was sent to the penalty box
Gatien is the current player
They have rolled a 7
Gatien is getting out of the penalty box
Gatien's new location is 9
The category is LITTERATURE
Question was incorrectly answered
Gatien was sent to the penalty box
Gatien is the current player
They have rolled a 7
Gatien is getting out of the penalty box
Gatien's new location is 4
The category is GEO
Question was incorrectly answered
Gatien was sent to the penalty box
Gatien is the current player
They have rolled a 7
Gatien is getting out of the penalty box
Gatien's new location is 4
The category is GEO
Question was incorrectly answered
Gatien was sent to the penalty box
Gatien is the current player
They have rolled a 7
Gatien is getting out of the penalty box
Gatien's new location is 11
The category is RAP
Question was incorrectly answered
Gatien was sent to the penalty box
Gatien is the current player
They have rolled a 7
Gatien is getting out of the penalty box
Gatien's new location is 11
The category is RAP
Question was incorrectly answered
Gatien was sent to the penalty box
Gatien is the current player
They have rolled a 7
Gatien is getting out of the penalty box
Gatien's new location is 6
The category is ROCK
Rock Question 161
Question was incorrectly answered
Gatien was sent to the penalty box
Gatien is the current player
They have rolled a 7
Gatien is getting out of the penalty box
Gatien's new location is 6
The category is ROCK
Rock Question 162
Question was incorrectly answered
Gatien was sent to the penalty box
Gatien is the current player
They have rolled a 7
Gatien is getting out of the penalty box
Gatien's new location is 1
The category is SCIENCE
Science Question 81
Question was incorrectly answered
Gatien was sent to the penalty box
Gatien is the current player
They have rolled a 7
Gatien is getting out of the penalty box
Gatien's new location is 1
The category is SCIENCE
Science Question 82
Question was incorrectly answered
Gatien was sent to the penalty box
Gatien is the current player
They have rolled a 7
Gatien is getting out of the penalty box
Gatien's new location is 8
The category is PHILO
Question was incorrectly answered
Gatien was sent to the penalty box
Gatien is the current player
They have rolled a 7
Gatien is getting out of the penalty box
Gatien's new location is 8
The category is PHILO
Question was incorrectly answered
Gatien was sent to the penalty box
Gatien is the current player
They have rolled a 7
Gatien is getting out of the penalty box
Gatien's new location is 3
The category is RAP
Question was incorrectly answered
Gatien was sent to the penalty box
Gatien is the current player
They have rolled a 7
Gatien is getting out of the penalty box
Gatien's new location is 3
The category is RAP
Question was incorrectly answered
Gatien was sent to the penalty box
Gatien is the current player
They have rolled a 7
Gatien is getting out of the penalty box
Gatien's new location is 10
The category is SPORT
Sports Question 163
Question was incorrectly answered
Gatien was sent to the penalty box
Gatien is the current player
They have rolled a 7
Gatien is getting out of the penalty box
Gatien's new location is 10
The category is SPORT
Sports Question 164
Question was incorrectly answered
Gatien was sent to the penalty box
Gatien is the current player
They have rolled a 7
Gatien is getting out of the penalty box
Gatien's new location is 5
The category is ROCK
Rock Question 163
Question was incorrectly answered
Gatien was sent to the penalty box
Gatien is the current player
They have rolled a 7
Gatien is getting out of the penalty box
Gatien's new location is 5
The category is ROCK
Rock Question 164
Question was incorrectly answered
Gatien was sent to the penalty box
Gatien is the current player
They have rolled a 7
Gatien is getting out of the penalty box
Gatien's new location is 0
The category is POP
Pop Question 81
Question was incorrectly answered
Gatien was sent to the penalty box
Gatien is the current player
They have rolled a 7
Gatien is getting out of the penalty box
Gatien's new location is 0
The category is POP
Pop Question 82
Question was incorrectly answered
Gatien was sent to the penalty box
Gatien is the current player
They have rolled a 7
Gatien is getting out of the penalty box
Gatien's new location is 7
The category is GEO
Question was incorrectly answered
Gatien was sent to the penalty box
Gatien is the current player
They have rolled a 7
Gatien is getting out of the penalty box
Gatien's new location is 7
The category is GEO
Question was incorrectly answered
Gatien was sent to the penalty box
Gatien is the current player
They have rolled a 7
Gatien is getting out of the penalty box
Gatien's new location is 2
The category is SPORT
Sports Question 165
Question was incorrectly answered
Gatien was sent to the penalty box
Gatien is the current player
They have rolled a 7
Gatien is getting out of the penalty box
Gatien's new location is 2
The category is SPORT
Sports Question 166
Question was incorrectly answered
Gatien was sent to the penalty box
Gatien is the current player
They have rolled a 7
Gatien is getting out of the penalty box
Gatien's new location is 9
The category is LITTERATURE
Question was incorrectly answered
Gatien was sent to the penalty box
Gatien is the current player
They have rolled a 7
Gatien is getting out of the penalty box
Gatien's new location is 9
The category is LITTERATURE
Question was incorrectly answered
Gatien was sent to the penalty box
Gatien is the current player
They have rolled a 7
Gatien is getting out of the penalty box
Gatien's new location is 4
The category is GEO
Question was incorrectly answered
Gatien was sent to the penalty box
Gatien is the current player
They have rolled a 7
Gatien is getting out of the penalty box
Gatien's new location is 4
The category is GEO
Question was incorrectly answered
Gatien was sent to the penalty box
Gatien is the current player
They have rolled a 7
Gatien is getting out of the penalty box
Gatien's new location is 11
The category is RAP
Question was incorrectly answered
Gatien was sent to the penalty box
Gatien is the current player
They have rolled a 7
Gatien is getting out of the penalty box
Gatien's new location is 11
The category is RAP
Question was incorrectly answered
Gatien was sent to the penalty box
Gatien is the current player
They have rolled a 7
Gatien is getting out of the penalty box
Gatien's new location is 6
The category is ROCK
Rock Question 165
Question was incorrectly answered
Gatien was sent to the penalty box
Gatien is the current player
They have rolled a 7
Gatien is getting out of the penalty box
Gatien's new location is 6
The category is ROCK
Rock Question 166
Question was incorrectly answered
Gatien was sent to the penalty box
Gatien is the current player
They have rolled a 7
Gatien is getting out of the penalty box
Gatien's new location is 1
The category is SCIENCE
Science Question 83
Question was incorrectly answered
Gatien was sent to the penalty box
Gatien is the current player
They have rolled a 7
Gatien is getting out of the penalty box
Gatien's new location is 1
The category is SCIENCE
Science Question 84
Question was incorrectly answered
Gatien was sent to the penalty box
Gatien is the current player
They have rolled a 7
Gatien is getting out of the penalty box
Gatien's new location is 8
The category is PHILO
Question was incorrectly answered
Gatien was sent to the penalty box
Gatien is the current player
They have rolled a 7
Gatien is getting out of the penalty box
Gatien's new location is 8
The category is PHILO
Question was incorrectly answered
Gatien was sent to the penalty box
Gatien is the current player
They have rolled a 7
Gatien is getting out of the penalty box
Gatien's new location is 3
The category is RAP
Question was incorrectly answered
Gatien was sent to the penalty box
Gatien is the current player
They have rolled a 7
Gatien is getting out of the penalty box
Gatien's new location is 3
The category is RAP
Question was incorrectly answered
Gatien was sent to the penalty box
Gatien is the current player
They have rolled a 7
Gatien is getting out of the penalty box
Gatien's new location is 10
The category is SPORT
Sports Question 167
Question was incorrectly answered
Gatien was sent to the penalty box
Gatien is the current player
They have rolled a 7
Gatien is getting out of the penalty box
Gatien's new location is 10
The category is SPORT
Sports Question 168
Question was incorrectly answered
Gatien was sent to the penalty box
Gatien is the current player
They have rolled a 7
Gatien is getting out of the penalty box
Gatien's new location is 5
The category is ROCK
Rock Question 167
Question was incorrectly answered
Gatien was sent to the penalty box
Gatien is the current player
They have rolled a 7
Gatien is getting out of the penalty box
Gatien's new location is 5
The category is ROCK
Rock Question 168
Question was incorrectly answered
Gatien was sent to the penalty box
Gatien is the current player
They have rolled a 7
Gatien is getting out of the penalty box
Gatien's new location is 0
The category is POP
Pop Question 83
Question was incorrectly answered
Gatien was sent to the penalty box
Gatien is the current player
They have rolled a 7
Gatien is getting out of the penalty box
Gatien's new location is 0
The category is POP
Pop Question 84
Question was incorrectly answered
Gatien was sent to the penalty box
Gatien is the current player
They have rolled a 7
Gatien is getting out of the penalty box
Gatien's new location is 7
The category is GEO
Question was incorrectly answered
Gatien was sent to the penalty box
Gatien is the current player
They have rolled a 7
Gatien is getting out of the penalty box
Gatien's new location is 7
The category is GEO
Question was incorrectly answered
Gatien was sent to the penalty box
Gatien is the current player
They have rolled a 7
Gatien is getting out of the penalty box
Gatien's new location is 2
The category is SPORT
Sports Question 169
Question was incorrectly answered
Gatien was sent to the penalty box
Gatien is the current player
They have rolled a 7
Gatien is getting out of the penalty box
Gatien's new location is 2
The category is SPORT
Sports Question 170
Question was incorrectly answered
Gatien was sent to the penalty box
Gatien is the current player
They have rolled a 7
Gatien is getting out of the penalty box
Gatien's new location is 9
The category is LITTERATURE
Question was incorrectly answered
Gatien was sent to the penalty box
Gatien is the current player
They have rolled a 7
Gatien is getting out of the penalty box
Gatien's new location is 9
The category is LITTERATURE
Question was incorrectly answered
Gatien was sent to the penalty box
Gatien is the current player
They have rolled a 7
Gatien is getting out of the penalty box
Gatien's new location is 4
The category is GEO
Question was incorrectly answered
Gatien was sent to the penalty box
Gatien is the current player
They have rolled a 7
Gatien is getting out of the penalty box
Gatien's new location is 4
The category is GEO
Question was incorrectly answered
Gatien was sent to the penalty box
Gatien is the current player
They have rolled a 7
Gatien is getting out of the penalty box
Gatien's new location is 11
The category is RAP
Question was incorrectly answered
Gatien was sent to the penalty box
Gatien is the current player
They have rolled a 7
Gatien is getting out of the penalty box
Gatien's new location is 11
The category is RAP
Question was incorrectly answered
Gatien was sent to the penalty box
Gatien is the current player
They have rolled a 7
Gatien is getting out of the penalty box
Gatien's new location is 6
The category is ROCK
Rock Question 169
Question was incorrectly answered
Gatien was sent to the penalty box
Gatien is the current player
They have rolled a 7
Gatien is getting out of the penalty box
Gatien's new location is 6
The category is ROCK
Rock Question 170
Question was incorrectly answered
Gatien was sent to the penalty box
Gatien is the current player
They have rolled a 7
Gatien is getting out of the penalty box
Gatien's new location is 1
The category is SCIENCE
Science Question 85
Question was incorrectly answered
Gatien was sent to the penalty box
Gatien is the current player
They have rolled a 7
Gatien is getting out of the penalty box
Gatien's new location is 1
The category is SCIENCE
Science Question 86
Question was incorrectly answered
Gatien was sent to the penalty box
Gatien is the current player
They have rolled a 7
Gatien is getting out of the penalty box
Gatien's new location is 8
The category is PHILO
Question was incorrectly answered
Gatien was sent to the penalty box
Gatien is the current player
They have rolled a 7
Gatien is getting out of the penalty box
Gatien's new location is 8
The category is PHILO
Question was incorrectly answered
Gatien was sent to the penalty box
Gatien is the current player
They have rolled a 7
Gatien is getting out of the penalty box
Gatien's new location is 3
The category is RAP
Question was incorrectly answered
Gatien was sent to the penalty box
Gatien is the current player
They have rolled a 7
Gatien is getting out of the penalty box
Gatien's new location is 3
The category is RAP
Question was incorrectly answered
Gatien was sent to the penalty box
Gatien is the current player
They have rolled a 7
Gatien is getting out of the penalty box
Gatien's new location is 10
The category is SPORT
Sports Question 171
Question was incorrectly answered
Gatien was sent to the penalty box
Gatien is the current player
They have rolled a 7
Gatien is getting out of the penalty box
Gatien's new location is 10
The category is SPORT
Sports Question 172
Question was incorrectly answered
Gatien was sent to the penalty box
Gatien is the current player
They have rolled a 7
Gatien is getting out of the penalty box
Gatien's new location is 5
The category is ROCK
Rock Question 171
Question was incorrectly answered
Gatien was sent to the penalty box
Gatien is the current player
They have rolled a 7
Gatien is getting out of the penalty box
Gatien's new location is 5
The category is ROCK
Rock Question 172
Question was incorrectly answered
Gatien was sent to the penalty box
Gatien is the current player
They have rolled a 7
Gatien is getting out of the penalty box
Gatien's new location is 0
The category is POP
Pop Question 85
Question was incorrectly answered
Gatien was sent to the penalty box
Gatien is the current player
They have rolled a 7
Gatien is getting out of the penalty box
Gatien's new location is 0
The category is POP
Pop Question 86
Question was incorrectly answered
Gatien was sent to the penalty box
Gatien is the current player
They have rolled a 7
Gatien is getting out of the penalty box
Gatien's new location is 7
The category is GEO
Question was incorrectly answered
Gatien was sent to the penalty box
Gatien is the current player
They have rolled a 7
Gatien is getting out of the penalty box
Gatien's new location is 7
The category is GEO
Question was incorrectly answered
Gatien was sent to the penalty box
Gatien is the current player
They have rolled a 7
Gatien is getting out of the penalty box
Gatien's new location is 2
The category is SPORT
Sports Question 173
Question was incorrectly answered
Gatien was sent to the penalty box
Gatien is the current player
They have rolled a 7
Gatien is getting out of the penalty box
Gatien's new location is 2
The category is SPORT
Sports Question 174
Question was incorrectly answered
Gatien was sent to the penalty box
Gatien is the current player
They have rolled a 7
Gatien is getting out of the penalty box
Gatien's new location is 9
The category is LITTERATURE
Question was incorrectly answered
Gatien was sent to the penalty box
Gatien is the current player
They have rolled a 7
Gatien is getting out of the penalty box
Gatien's new location is 9
The category is LITTERATURE
Question was incorrectly answered
Gatien was sent to the penalty box
Gatien is the current player
They have rolled a 7
Gatien is getting out of the penalty box
Gatien's new location is 4
The category is GEO
Question was incorrectly answered
Gatien was sent to the penalty box
Gatien is the current player
They have rolled a 7
Gatien is getting out of the penalty box
Gatien's new location is 4
The category is GEO
Question was incorrectly answered
Gatien was sent to the penalty box
Gatien is the current player
They have rolled a 7
Gatien is getting out of the penalty box
Gatien's new location is 11
The category is RAP
Question was incorrectly answered
Gatien was sent to the penalty box
Gatien is the current player
They have rolled a 7
Gatien is getting out of the penalty box
Gatien's new location is 11
The category is RAP
Question was incorrectly answered
Gatien was sent to the penalty box
Gatien is the current player
They have rolled a 7
Gatien is getting out of the penalty box
Gatien's new location is 6
The category is ROCK
Rock Question 173
Question was incorrectly answered
Gatien was sent to the penalty box
Gatien is the current player
They have rolled a 7
Gatien is getting out of the penalty box
Gatien's new location is 6
The category is ROCK
Rock Question 174
Question was incorrectly answered
Gatien was sent to the penalty box
Gatien is the current player
They have rolled a 7
Gatien is getting out of the penalty box
Gatien's new location is 1
The category is SCIENCE
Science Question 87
Question was incorrectly answered
Gatien was sent to the penalty box
Gatien is the current player
They have rolled a 7
Gatien is getting out of the penalty box
Gatien's new location is 1
The category is SCIENCE
Science Question 88
Question was incorrectly answered
Gatien was sent to the penalty box
Gatien is the current player
They have rolled a 7
Gatien is getting out of the penalty box
Gatien's new location is 8
The category is PHILO
Question was incorrectly answered
Gatien was sent to the penalty box
Gatien is the current player
They have rolled a 7
Gatien is getting out of the penalty box
Gatien's new location is 8
The category is PHILO
Question was incorrectly answered
Gatien was sent to the penalty box
Gatien is the current player
They have rolled a 7
Gatien is getting out of the penalty box
Gatien's new location is 3
The category is RAP
Question was incorrectly answered
Gatien was sent to the penalty box
Gatien is the current player
They have rolled a 7
Gatien is getting out of the penalty box
Gatien's new location is 3
The category is RAP
Question was incorrectly answered
Gatien was sent to the penalty box
Gatien is the current player
They have rolled a 7
Gatien is getting out of the penalty box
Gatien's new location is 10
The category is SPORT
Sports Question 175
Question was incorrectly answered
Gatien was sent to the penalty box
Gatien is the current player
They have rolled a 7
Gatien is getting out of the penalty box
Gatien's new location is 10
The category is SPORT
Sports Question 176
Question was incorrectly answered
Gatien was sent to the penalty box
Gatien is the current player
They have rolled a 7
Gatien is getting out of the penalty box
Gatien's new location is 5
The category is ROCK
Rock Question 175
Question was incorrectly answered
Gatien was sent to the penalty box
Gatien is the current player
They have rolled a 7
Gatien is getting out of the penalty box
Gatien's new location is 5
The category is ROCK
Rock Question 176
Question was incorrectly answered
Gatien was sent to the penalty box
Gatien is the current player
They have rolled a 7
Gatien is getting out of the penalty box
Gatien's new location is 0
The category is POP
Pop Question 87
Question was incorrectly answered
Gatien was sent to the penalty box
Gatien is the current player
They have rolled a 7
Gatien is getting out of the penalty box
Gatien's new location is 0
The category is POP
Pop Question 88
Question was incorrectly answered
Gatien was sent to the penalty box
Gatien is the current player
They have rolled a 7
Gatien is getting out of the penalty box
Gatien's new location is 7
The category is GEO
Question was incorrectly answered
Gatien was sent to the penalty box
Gatien is the current player
They have rolled a 7
Gatien is getting out of the penalty box
Gatien's new location is 7
The category is GEO
Question was incorrectly answered
Gatien was sent to the penalty box
Gatien is the current player
They have rolled a 7
Gatien is getting out of the penalty box
Gatien's new location is 2
The category is SPORT
Sports Question 177
Question was incorrectly answered
Gatien was sent to the penalty box
Gatien is the current player
They have rolled a 7
Gatien is getting out of the penalty box
Gatien's new location is 2
The category is SPORT
Sports Question 178
Question was incorrectly answered
Gatien was sent to the penalty box
Gatien is the current player
They have rolled a 7
Gatien is getting out of the penalty box
Gatien's new location is 9
The category is LITTERATURE
Question was incorrectly answered
Gatien was sent to the penalty box
Gatien is the current player
They have rolled a 7
Gatien is getting out of the penalty box
Gatien's new location is 9
The category is LITTERATURE
Question was incorrectly answered
Gatien was sent to the penalty box
Gatien is the current player
They have rolled a 7
Gatien is getting out of the penalty box
Gatien's new location is 4
The category is GEO
Question was incorrectly answered
Gatien was sent to the penalty box
Gatien is the current player
They have rolled a 7
Gatien is getting out of the penalty box
Gatien's new location is 4
The category is GEO
Question was incorrectly answered
Gatien was sent to the penalty box
Gatien is the current player
They have rolled a 7
Gatien is getting out of the penalty box
Gatien's new location is 11
The category is RAP
Question was incorrectly answered
Gatien was sent to the penalty box
Gatien is the current player
They have rolled a 7
Gatien is getting out of the penalty box
Gatien's new location is 11
The category is RAP
Question was incorrectly answered
Gatien was sent to the penalty box
Gatien is the current player
They have rolled a 7
Gatien is getting out of the penalty box
Gatien's new location is 6
The category is ROCK
Rock Question 177
Question was incorrectly answered
Gatien was sent to the penalty box
Gatien is the current player
They have rolled a 7
Gatien is getting out of the penalty box
Gatien's new location is 6
The category is ROCK
Rock Question 178
Question was incorrectly answered
Gatien was sent to the penalty box
Gatien is the current player
They have rolled a 7
Gatien is getting out of the penalty box
Gatien's new location is 1
The category is SCIENCE
Science Question 89
Question was incorrectly answered
Gatien was sent to the penalty box
Gatien is the current player
They have rolled a 7
Gatien is getting out of the penalty box
Gatien's new location is 1
The category is SCIENCE
Science Question 90
Question was incorrectly answered
Gatien was sent to the penalty box
Gatien is the current player
They have rolled a 7
Gatien is getting out of the penalty box
Gatien's new location is 8
The category is PHILO
Question was incorrectly answered
Gatien was sent to the penalty box
Gatien is the current player
They have rolled a 7
Gatien is getting out of the penalty box
Gatien's new location is 8
The category is PHILO
Question was incorrectly answered
Gatien was sent to the penalty box
Gatien is the current player
They have rolled a 7
Gatien is getting out of the penalty box
Gatien's new location is 3
The category is RAP
Question was incorrectly answered
Gatien was sent to the penalty box
Gatien is the current player
They have rolled a 7
Gatien is getting out of the penalty box
Gatien's new location is 3
The category is RAP
Question was incorrectly answered
Gatien was sent to the penalty box
Gatien is the current player
They have rolled a 7
Gatien is getting out of the penalty box
Gatien's new location is 10
The category is SPORT
Sports Question 179
Question was incorrectly answered
Gatien was sent to the penalty box
Gatien is the current player
They have rolled a 7
Gatien is getting out of the penalty box
Gatien's new location is 10
The category is SPORT
Sports Question 180
Question was incorrectly answered
Gatien was sent to the penalty box
Gatien is the current player
They have rolled a 7
Gatien is getting out of the penalty box
Gatien's new location is 5
The category is ROCK
Rock Question 179
Question was incorrectly answered
Gatien was sent to the penalty box
Gatien is the current player
They have rolled a 7
Gatien is getting out of the penalty box
Gatien's new location is 5
The category is ROCK
Rock Question 180
Question was incorrectly answered
Gatien was sent to the penalty box
Gatien is the current player
They have rolled a 7
Gatien is getting out of the penalty box
Gatien's new location is 0
The category is POP
Pop Question 89
Question was incorrectly answered
Gatien was sent to the penalty box
Gatien is the current player
They have rolled a 7
Gatien is getting out of the penalty box
Gatien's new location is 0
The category is POP
Pop Question 90
Question was incorrectly answered
Gatien was sent to the penalty box
Gatien is the current player
They have rolled a 7
Gatien is getting out of the penalty box
Gatien's new location is 7
The category is GEO
Question was incorrectly answered
Gatien was sent to the penalty box
Gatien is the current player
They have rolled a 7
Gatien is getting out of the penalty box
Gatien's new location is 7
The category is GEO
Question was incorrectly answered
Gatien was sent to the penalty box
Gatien is the current player
They have rolled a 7
Gatien is getting out of the penalty box
Gatien's new location is 2
The category is SPORT
Sports Question 181
Question was incorrectly answered
Gatien was sent to the penalty box
Gatien is the current player
They have rolled a 7
Gatien is getting out of the penalty box
Gatien's new location is 2
The category is SPORT
Sports Question 182
Question was incorrectly answered
Gatien was sent to the penalty box
Gatien is the current player
They have rolled a 7
Gatien is getting out of the penalty box
Gatien's new location is 9
The category is LITTERATURE
Question was incorrectly answered
Gatien was sent to the penalty box
Gatien is the current player
They have rolled a 7
Gatien is getting out of the penalty box
Gatien's new location is 9
The category is LITTERATURE
Question was incorrectly answered
Gatien was sent to the penalty box
Gatien is the current player
They have rolled a 7
Gatien is getting out of the penalty box
Gatien's new location is 4
The category is GEO
Question was incorrectly answered
Gatien was sent to the penalty box
Gatien is the current player
They have rolled a 7
Gatien is getting out of the penalty box
Gatien's new location is 4
The category is GEO
Question was incorrectly answered
Gatien was sent to the penalty box
Gatien is the current player
They have rolled a 7
Gatien is getting out of the penalty box
Gatien's new location is 11
The category is RAP
Question was incorrectly answered
Gatien was sent to the penalty box
Gatien is the current player
They have rolled a 7
Gatien is getting out of the penalty box
Gatien's new location is 11
The category is RAP
Question was incorrectly answered
Gatien was sent to the penalty box
Gatien is the current player
They have rolled a 7
Gatien is getting out of the penalty box
Gatien's new location is 6
The category is ROCK
Rock Question 181
Question was incorrectly answered
Gatien was sent to the penalty box
Gatien is the current player
They have rolled a 7
Gatien is getting out of the penalty box
Gatien's new location is 6
The category is ROCK
Rock Question 182
Question was incorrectly answered
Gatien was sent to the penalty box
Gatien is the current player
They have rolled a 7
Gatien is getting out of the penalty box
Gatien's new location is 1
The category is SCIENCE
Science Question 91
Question was incorrectly answered
Gatien was sent to the penalty box
Gatien is the current player
They have rolled a 7
Gatien is getting out of the penalty box
Gatien's new location is 1
The category is SCIENCE
Science Question 92
Question was incorrectly answered
Gatien was sent to the penalty box
Gatien is the current player
They have rolled a 7
Gatien is getting out of the penalty box
Gatien's new location is 8
The category is PHILO
Question was incorrectly answered
Gatien was sent to the penalty box
Gatien is the current player
They have rolled a 7
Gatien is getting out of the penalty box
Gatien's new location is 8
The category is PHILO
Question was incorrectly answered
Gatien was sent to the penalty box
Gatien is the current player
They have rolled a 7
Gatien is getting out of the penalty box
Gatien's new location is 3
The category is RAP
Question was incorrectly answered
Gatien was sent to the penalty box
Gatien is the current player
They have rolled a 7
Gatien is getting out of the penalty box
Gatien's new location is 3
The category is RAP
Question was incorrectly answered
Gatien was sent to the penalty box
Gatien is the current player
They have rolled a 7
Gatien is getting out of the penalty box
Gatien's new location is 10
The category is SPORT
Sports Question 183
Question was incorrectly answered
Gatien was sent to the penalty box
Gatien is the current player
They have rolled a 7
Gatien is getting out of the penalty box
Gatien's new location is 10
The category is SPORT
Sports Question 184
Question was incorrectly answered
Gatien was sent to the penalty box
Gatien is the current player
They have rolled a 7
Gatien is getting out of the penalty box
Gatien's new location is 5
The category is ROCK
Rock Question 183
Question was incorrectly answered
Gatien was sent to the penalty box
Gatien is the current player
They have rolled a 7
Gatien is getting out of the penalty box
Gatien's new location is 5
The category is ROCK
Rock Question 184
Question was incorrectly answered
Gatien was sent to the penalty box
Gatien is the current player
They have rolled a 7
Gatien is getting out of the penalty box
Gatien's new location is 0
The category is POP
Pop Question 91
Question was incorrectly answered
Gatien was sent to the penalty box
Gatien is the current player
They have rolled a 7
Gatien is getting out of the penalty box
Gatien's new location is 0
The category is POP
Pop Question 92
Question was incorrectly answered
Gatien was sent to the penalty box
Gatien is the current player
They have rolled a 7
Gatien is getting out of the penalty box
Gatien's new location is 7
The category is GEO
Question was incorrectly answered
Gatien was sent to the penalty box
Gatien is the current player
They have rolled a 7
Gatien is getting out of the penalty box
Gatien's new location is 7
The category is GEO
Question was incorrectly answered
Gatien was sent to the penalty box
Gatien is the current player
They have rolled a 7
Gatien is getting out of the penalty box
Gatien's new location is 2
The category is SPORT
Sports Question 185
Question was incorrectly answered
Gatien was sent to the penalty box
Gatien is the current player
They have rolled a 7
Gatien is getting out of the penalty box
Gatien's new location is 2
The category is SPORT
Sports Question 186
Question was incorrectly answered
Gatien was sent to the penalty box
Gatien is the current player
They have rolled a 7
Gatien is getting out of the penalty box
Gatien's new location is 9
The category is LITTERATURE
Question was incorrectly answered
Gatien was sent to the penalty box
Gatien is the current player
They have rolled a 7
Gatien is getting out of the penalty box
Gatien's new location is 9
The category is LITTERATURE
Question was incorrectly answered
Gatien was sent to the penalty box
Gatien is the current player
They have rolled a 7
Gatien is getting out of the penalty box
Gatien's new location is 4
The category is GEO
Question was incorrectly answered
Gatien was sent to the penalty box
Gatien is the current player
They have rolled a 7
Gatien is getting out of the penalty box
Gatien's new location is 4
The category is GEO
Question was incorrectly answered
Gatien was sent to the penalty box
Gatien is the current player
They have rolled a 7
Gatien is getting out of the penalty box
Gatien's new location is 11
The category is RAP
Question was incorrectly answered
Gatien was sent to the penalty box
Gatien is the current player
They have rolled a 7
Gatien is getting out of the penalty box
Gatien's new location is 11
The category is RAP
Question was incorrectly answered
Gatien was sent to the penalty box
Gatien is the current player
They have rolled a 7
Gatien is getting out of the penalty box
Gatien's new location is 6
The category is ROCK
Rock Question 185
Question was incorrectly answered
Gatien was sent to the penalty box
Gatien is the current player
They have rolled a 7
Gatien is getting out of the penalty box
Gatien's new location is 6
The category is ROCK
Rock Question 186
Question was incorrectly answered
Gatien was sent to the penalty box
Gatien is the current player
They have rolled a 7
Gatien is getting out of the penalty box
Gatien's new location is 1
The category is SCIENCE
Science Question 93
Question was incorrectly answered
Gatien was sent to the penalty box
Gatien is the current player
They have rolled a 7
Gatien is getting out of the penalty box
Gatien's new location is 1
The category is SCIENCE
Science Question 94
Question was incorrectly answered
Gatien was sent to the penalty box
Gatien is the current player
They have rolled a 7
Gatien is getting out of the penalty box
Gatien's new location is 8
The category is PHILO
Question was incorrectly answered
Gatien was sent to the penalty box
Gatien is the current player
They have rolled a 7
Gatien is getting out of the penalty box
Gatien's new location is 8
The category is PHILO
Question was incorrectly answered
Gatien was sent to the penalty box
Gatien is the current player
They have rolled a 7
Gatien is getting out of the penalty box
Gatien's new location is 3
The category is RAP
Question was incorrectly answered
Gatien was sent to the penalty box
Gatien is the current player
They have rolled a 7
Gatien is getting out of the penalty box
Gatien's new location is 3
The category is RAP
Question was incorrectly answered
Gatien was sent to the penalty box
Gatien is the current player
They have rolled a 7
Gatien is getting out of the penalty box
Gatien's new location is 10
The category is SPORT
Sports Question 187
Question was incorrectly answered
Gatien was sent to the penalty box
Gatien is the current player
They have rolled a 7
Gatien is getting out of the penalty box
Gatien's new location is 10
The category is SPORT
Sports Question 188
Question was incorrectly answered
Gatien was sent to the penalty box
Gatien is the current player
They have rolled a 7
Gatien is getting out of the penalty box
Gatien's new location is 5
The category is ROCK
Rock Question 187
Question was incorrectly answered
Gatien was sent to the penalty box
Gatien is the current player
They have rolled a 7
Gatien is getting out of the penalty box
Gatien's new location is 5
The category is ROCK
Rock Question 188
Question was incorrectly answered
Gatien was sent to the penalty box
Gatien is the current player
They have rolled a 7
Gatien is getting out of the penalty box
Gatien's new location is 0
The category is POP
Pop Question 93
Question was incorrectly answered
Gatien was sent to the penalty box
Gatien is the current player
They have rolled a 7
Gatien is getting out of the penalty box
Gatien's new location is 0
The category is POP
Pop Question 94
Question was incorrectly answered
Gatien was sent to the penalty box
Gatien is the current player
They have rolled a 7
Gatien is getting out of the penalty box
Gatien's new location is 7
The category is GEO
Question was incorrectly answered
Gatien was sent to the penalty box
Gatien is the current player
They have rolled a 7
Gatien is getting out of the penalty box
Gatien's new location is 7
The category is GEO
Question was incorrectly answered
Gatien was sent to the penalty box
Gatien is the current player
They have rolled a 7
Gatien is getting out of the penalty box
Gatien's new location is 2
The category is SPORT
Sports Question 189
Question was incorrectly answered
Gatien was sent to the penalty box
Gatien is the current player
They have rolled a 7
Gatien is getting out of the penalty box
Gatien's new location is 2
The category is SPORT
Sports Question 190
Question was incorrectly answered
Gatien was sent to the penalty box
Gatien is the current player
They have rolled a 7
Gatien is getting out of the penalty box
Gatien's new location is 9
The category is LITTERATURE
Question was incorrectly answered
Gatien was sent to the penalty box
Gatien is the current player
They have rolled a 7
Gatien is getting out of the penalty box
Gatien's new location is 9
The category is LITTERATURE
Question was incorrectly answered
Gatien was sent to the penalty box
Gatien is the current player
They have rolled a 7
Gatien is getting out of the penalty box
Gatien's new location is 4
The category is GEO
Question was incorrectly answered
Gatien was sent to the penalty box
Gatien is the current player
They have rolled a 7
Gatien is getting out of the penalty box
Gatien's new location is 4
The category is GEO
Question was incorrectly answered
Gatien was sent to the penalty box
Gatien is the current player
They have rolled a 7
Gatien is getting out of the penalty box
Gatien's new location is 11
The category is RAP
Question was incorrectly answered
Gatien was sent to the penalty box
Gatien is the current player
They have rolled a 7
Gatien is getting out of the penalty box
Gatien's new location is 11
The category is RAP
Question was incorrectly answered
Gatien was sent to the penalty box
Gatien is the current player
They have rolled a 7
Gatien is getting out of the penalty box
Gatien's new location is 6
The category is ROCK
Rock Question 189
Question was incorrectly answered
Gatien was sent to the penalty box
Gatien is the current player
They have rolled a 7
Gatien is getting out of the penalty box
Gatien's new location is 6
The category is ROCK
Rock Question 190
Question was incorrectly answered
Gatien was sent to the penalty box
Gatien is the current player
They have rolled a 7
Gatien is getting out of the penalty box
Gatien's new location is 1
The category is SCIENCE
Science Question 95
Question was incorrectly answered
Gatien was sent to the penalty box
Gatien is the current player
They have rolled a 7
Gatien is getting out of the penalty box
Gatien's new location is 1
The category is SCIENCE
Science Question 96
Question was incorrectly answered
Gatien was sent to the penalty box
Gatien is the current player
They have rolled a 7
Gatien is getting out of the penalty box
Gatien's new location is 8
The category is PHILO
Question was incorrectly answered
Gatien was sent to the penalty box
Gatien is the current player
They have rolled a 7
Gatien is getting out of the penalty box
Gatien's new location is 8
The category is PHILO
Question was incorrectly answered
Gatien was sent to the penalty box
Gatien is the current player
They have rolled a 7
Gatien is getting out of the penalty box
Gatien's new location is 3
The category is RAP
Question was incorrectly answered
Gatien was sent to the penalty box
Gatien is the current player
They have rolled a 7
Gatien is getting out of the penalty box
Gatien's new location is 3
The category is RAP
Question was incorrectly answered
Gatien was sent to the penalty box
Gatien is the current player
They have rolled a 7
Gatien is getting out of the penalty box
Gatien's new location is 10
The category is SPORT
Sports Question 191
Question was incorrectly answered
Gatien was sent to the penalty box
Gatien is the current player
They have rolled a 7
Gatien is getting out of the penalty box
Gatien's new location is 10
The category is SPORT
Sports Question 192
Question was incorrectly answered
Gatien was sent to the penalty box
Gatien is the current player
They have rolled a 7
Gatien is getting out of the penalty box
Gatien's new location is 5
The category is ROCK
Rock Question 191
Question was incorrectly answered
Gatien was sent to the penalty box
Gatien is the current player
They have rolled a 7
Gatien is getting out of the penalty box
Gatien's new location is 5
The category is ROCK
Rock Question 192
Question was incorrectly answered
Gatien was sent to the penalty box
Gatien is the current player
They have rolled a 7
Gatien is getting out of the penalty box
Gatien's new location is 0
The category is POP
Pop Question 95
Question was incorrectly answered
Gatien was sent to the penalty box
Gatien is the current player
They have rolled a 7
Gatien is getting out of the penalty box
Gatien's new location is 0
The category is POP
Pop Question 96
Question was incorrectly answered
Gatien was sent to the penalty box
Gatien is the current player
They have rolled a 7
Gatien is getting out of the penalty box
Gatien's new location is 7
The category is GEO
Question was incorrectly answered
Gatien was sent to the penalty box
Gatien is the current player
They have rolled a 7
Gatien is getting out of the penalty box
Gatien's new location is 7
The category is GEO
Question was incorrectly answered
Gatien was sent to the penalty box
Gatien is the current player
They have rolled a 7
Gatien is getting out of the penalty box
Gatien's new location is 2
The category is SPORT
Sports Question 193
Question was incorrectly answered
Gatien was sent to the penalty box
Gatien is the current player
They have rolled a 7
Gatien is getting out of the penalty box
Gatien's new location is 2
The category is SPORT
Sports Question 194
Question was incorrectly answered
Gatien was sent to the penalty box
Gatien is the current player
They have rolled a 7
Gatien is getting out of the penalty box
Gatien's new location is 9
The category is LITTERATURE
Question was incorrectly answered
Gatien was sent to the penalty box
Gatien is the current player
They have rolled a 7
Gatien is getting out of the penalty box
Gatien's new location is 9
The category is LITTERATURE
Question was incorrectly answered
Gatien was sent to the penalty box
Gatien is the current player
They have rolled a 7
Gatien is getting out of the penalty box
Gatien's new location is 4
The category is GEO
Question was incorrectly answered
Gatien was sent to the penalty box
Gatien is the current player
They have rolled a 7
Gatien is getting out of the penalty box
Gatien's new location is 4
The category is GEO
Question was incorrectly answered
Gatien was sent to the penalty box
Gatien is the current player
They have rolled a 7
Gatien is getting out of the penalty box
Gatien's new location is 11
The category is RAP
Question was incorrectly answered
Gatien was sent to the penalty box
Gatien is the current player
They have rolled a 7
Gatien is getting out of the penalty box
Gatien's new location is 11
The category is RAP
Question was incorrectly answered
Gatien was sent to the penalty box
Gatien is the current player
They have rolled a 7
Gatien is getting out of the penalty box
Gatien's new location is 6
The category is ROCK
Rock Question 193
Question was incorrectly answered
Gatien was sent to the penalty box
Gatien is the current player
They have rolled a 7
Gatien is getting out of the penalty box
Gatien's new location is 6
The category is ROCK
Rock Question 194
Question was incorrectly answered
Gatien was sent to the penalty box
Gatien is the current player
They have rolled a 7
Gatien is getting out of the penalty box
Gatien's new location is 1
The category is SCIENCE
Science Question 97
Question was incorrectly answered
Gatien was sent to the penalty box
Gatien is the current player
They have rolled a 7
Gatien is getting out of the penalty box
Gatien's new location is 1
The category is SCIENCE
Science Question 98
Question was incorrectly answered
Gatien was sent to the penalty box
Gatien is the current player
They have rolled a 7
Gatien is getting out of the penalty box
Gatien's new location is 8
The category is PHILO
Question was incorrectly answered
Gatien was sent to the penalty box
Gatien is the current player
They have rolled a 7
Gatien is getting out of the penalty box
Gatien's new location is 8
The category is PHILO
Question was incorrectly answered
Gatien was sent to the penalty box
Gatien is the current player
They have rolled a 7
Gatien is getting out of the penalty box
Gatien's new location is 3
The category is RAP
Question was incorrectly answered
Gatien was sent to the penalty box
Gatien is the current player
They have rolled a 7
Gatien is getting out of the penalty box
Gatien's new location is 3
The category is RAP
Question was incorrectly answered
Gatien was sent to the penalty box
Gatien is the current player
They have rolled a 7
Gatien is getting out of the penalty box
Gatien's new location is 10
The category is SPORT
Sports Question 195
Question was incorrectly answered
Gatien was sent to the penalty box
Gatien is the current player
They have rolled a 7
Gatien is getting out of the penalty box
Gatien's new location is 10
The category is SPORT
Sports Question 196
Question was incorrectly answered
Gatien was sent to the penalty box
Gatien is the current player
They have rolled a 7
Gatien is getting out of the penalty box
Gatien's new location is 5
The category is ROCK
Rock Question 195
Question was incorrectly answered
Gatien was sent to the penalty box
Gatien is the current player
They have rolled a 7
Gatien is getting out of the penalty box
Gatien's new location is 5
The category is ROCK
Rock Question 196
Question was incorrectly answered
Gatien was sent to the penalty box
Gatien is the current player
They have rolled a 7
Gatien is getting out of the penalty box
Gatien's new location is 0
The category is POP
Pop Question 97
Question was incorrectly answered
Gatien was sent to the penalty box
Gatien is the current player
They have rolled a 7
Gatien is getting out of the penalty box
Gatien's new location is 0
The category is POP
Pop Question 98
Question was incorrectly answered
Gatien was sent to the penalty box
Gatien is the current player
They have rolled a 7
Gatien is getting out of the penalty box
Gatien's new location is 7
The category is GEO
Question was incorrectly answered
Gatien was sent to the penalty box
Gatien is the current player
They have rolled a 7
Gatien is getting out of the penalty box
Gatien's new location is 7
The category is GEO
Question was incorrectly answered
Gatien was sent to the penalty box
Gatien is the current player
They have rolled a 7
Gatien is getting out of the penalty box
Gatien's new location is 2
The category is SPORT
Sports Question 196
Question was incorrectly answered
Gatien was sent to the penalty box
Gatien is the current player
They have rolled a 7
Gatien is getting out of the penalty box
Gatien's new location is 2
The category is SPORT
Sports Question 197
Question was incorrectly answered
Gatien was sent to the penalty box
Gatien is the current player
They have rolled a 7
Gatien is getting out of the penalty box
Gatien's new location is 9
The category is LITTERATURE
Question was incorrectly answered
Gatien was sent to the penalty box
Gatien is the current player
They have rolled a 7
Gatien is getting out of the penalty box
Gatien's new location is 9
The category is LITTERATURE
Question was incorrectly answered
Gatien was sent to the penalty box
Gatien is the current player
They have rolled a 7
Gatien is getting out of the penalty box
Gatien's new location is 4
The category is GEO
Question was incorrectly answered
Gatien was sent to the penalty box
Gatien is the current player
They have rolled a 7
Gatien is getting out of the penalty box
Gatien's new location is 4
The category is GEO
Question was incorrectly answered
Gatien was sent to the penalty box
Gatien is the current player
They have rolled a 7
Gatien is getting out of the penalty box
Gatien's new location is 11
The category is RAP
Question was incorrectly answered
Gatien was sent to the penalty box
Gatien is the current player
They have rolled a 7
Gatien is getting out of the penalty box
Gatien's new location is 11
The category is RAP
Question was incorrectly answered
Gatien was sent to the penalty box
Gatien is the current player
They have rolled a 7
Gatien is getting out of the penalty box
Gatien's new location is 6
The category is ROCK
Rock Question 196
Question was incorrectly answered
Gatien was sent to the penalty box
Gatien is the current player
They have rolled a 7
Gatien is getting out of the penalty box
Gatien's new location is 6
The category is ROCK
Rock Question 197
Question was incorrectly answered
Gatien was sent to the penalty box
Gatien is the current player
They have rolled a 7
Gatien is getting out of the penalty box
Gatien's new location is 1
The category is SCIENCE
Science Question 98
Question was incorrectly answered
Gatien was sent to the penalty box
Gatien is the current player
They have rolled a 7
Gatien is getting out of the penalty box
Gatien's new location is 1
The category is SCIENCE
Science Question 99
Question was incorrectly answered
Gatien was sent to the penalty box
Gatien is the current player
They have rolled a 7
Gatien is getting out of the penalty box
Gatien's new location is 8
The category is PHILO
Question was incorrectly answered
Gatien was sent to the penalty box
Gatien is the current player
They have rolled a 7
Gatien is getting out of the penalty box
Gatien's new location is 8
The category is PHILO
Question was incorrectly answered
Gatien was sent to the penalty box
Gatien is the current player
They have rolled a 7
Gatien is getting out of the penalty box
Gatien's new location is 3
The category is RAP
Question was incorrectly answered
Gatien was sent to the penalty box
Gatien is the current player
They have rolled a 7
Gatien is getting out of the penalty box
Gatien's new location is 3
The category is RAP
Question was incorrectly answered
Gatien was sent to the penalty box
Gatien is the current player
They have rolled a 7
Gatien is getting out of the penalty box
Gatien's new location is 10
The category is SPORT
Sports Question 198
Question was incorrectly answered
Gatien was sent to the penalty box
Gatien is the current player
They have rolled a 7
Gatien is getting out of the penalty box
Gatien's new location is 10
The category is SPORT
Sports Question 199
Question was incorrectly answered
Gatien was sent to the penalty box
Gatien is the current player
They have rolled a 7
Gatien is getting out of the penalty box
Gatien's new location is 5
The category is ROCK
Rock Question 198
Question was incorrectly answered
Gatien was sent to the penalty box
Gatien is the current player
They have rolled a 7
Gatien is getting out of the penalty box
Gatien's new location is 5
The category is ROCK
Rock Question 199
Question was incorrectly answered
Gatien was sent to the penalty box
Gatien is the current player
They have rolled a 7
Gatien is getting out of the penalty box
Gatien's new location is 0
The category is POP
Pop Question 98
Question was incorrectly answered
Gatien was sent to the penalty box
Gatien is the current player
They have rolled a 7
Gatien is getting out of the penalty box
Gatien's new location is 0
The category is POP
Pop Question 99
Question was incorrectly answered
Gatien was sent to the penalty box
Gatien is the current player
They have rolled a 7
Gatien is getting out of the penalty box
Gatien's new location is 7
The category is GEO
Question was incorrectly answered
Gatien was sent to the penalty box
Gatien is the current player
They have rolled a 7
Gatien is getting out of the penalty box
Gatien's new location is 7
The category is GEO
Question was incorrectly answered
Gatien was sent to the penalty box
Gatien is the current player
They have rolled a 7
Gatien is getting out of the penalty box
Gatien's new location is 2
The category is SPORT
Sports Question 200
Question was incorrectly answered
Gatien was sent to the penalty box
Gatien is the current player
They have rolled a 7
Gatien is getting out of the penalty box
Gatien's new location is 2
The category is SPORT
Sports Question 201
Question was incorrectly answered
Gatien was sent to the penalty box
Gatien is the current player
They have rolled a 7
Gatien is getting out of the penalty box
Gatien's new location is 9
The category is LITTERATURE
Question was incorrectly answered
Gatien was sent to the penalty box
Gatien is the current player
They have rolled a 7
Gatien is getting out of the penalty box
Gatien's new location is 9
The category is LITTERATURE
Question was incorrectly answered
Gatien was sent to the penalty box
Gatien is the current player
They have rolled a 7
Gatien is getting out of the penalty box
Gatien's new location is 4
The category is GEO
Question was incorrectly answered
Gatien was sent to the penalty box
Gatien is the current player
They have rolled a 7
Gatien is getting out of the penalty box
Gatien's new location is 4
The category is GEO
Question was incorrectly answered
Gatien was sent to the penalty box
Gatien is the current player
They have rolled a 7
Gatien is getting out of the penalty box
Gatien's new location is 11
The category is RAP
Question was incorrectly answered
Gatien was sent to the penalty box
Gatien is the current player
They have rolled a 7
Gatien is getting out of the penalty box
Gatien's new location is 11
The category is RAP
Question was incorrectly answered
Gatien was sent to the penalty box
Gatien is the current player
They have rolled a 7
Gatien is getting out of the penalty box
Gatien's new location is 6
The category is ROCK
Rock Question 200
Question was incorrectly answered
Gatien was sent to the penalty box
Gatien is the current player
They have rolled a 7
Gatien is getting out of the penalty box
Gatien's new location is 6
The category is ROCK
Rock Question 201
Question was incorrectly answered
Gatien was sent to the penalty box
Gatien is the current player
They have rolled a 7
Gatien is getting out of the penalty box
Gatien's new location is 1
The category is SCIENCE
Science Question 100
Question was incorrectly answered
Gatien was sent to the penalty box
Gatien is the current player
They have rolled a 7
Gatien is getting out of the penalty box
Gatien's new location is 1
The category is SCIENCE
Science Question 101
Question was incorrectly answered
Gatien was sent to the penalty box
Gatien is the current player
They have rolled a 7
Gatien is getting out of the penalty box
Gatien's new location is 8
The category is PHILO
Question was incorrectly answered
Gatien was sent to the penalty box
Gatien is the current player
They have rolled a 7
Gatien is getting out of the penalty box
Gatien's new location is 8
The category is PHILO
Question was incorrectly answered
Gatien was sent to the penalty box
Gatien is the current player
They have rolled a 7
Gatien is getting out of the penalty box
Gatien's new location is 3
The category is RAP
Question was incorrectly answered
Gatien was sent to the penalty box
Gatien is the current player
They have rolled a 7
Gatien is getting out of the penalty box
Gatien's new location is 3
The category is RAP
Question was incorrectly answered
Gatien was sent to the penalty box
Gatien is the current player
They have rolled a 7
Gatien is getting out of the penalty box
Gatien's new location is 10
The category is SPORT
Sports Question 202
Question was incorrectly answered
Gatien was sent to the penalty box
Gatien is the current player
They have rolled a 7
Gatien is getting out of the penalty box
Gatien's new location is 10
The category is SPORT
Sports Question 203
Question was incorrectly answered
Gatien was sent to the penalty box
Gatien is the current player
They have rolled a 7
Gatien is getting out of the penalty box
Gatien's new location is 5
The category is ROCK
Rock Question 202
Question was incorrectly answered
Gatien was sent to the penalty box
Gatien is the current player
They have rolled a 7
Gatien is getting out of the penalty box
Gatien's new location is 5
The category is ROCK
Rock Question 203
Question was incorrectly answered
Gatien was sent to the penalty box
Gatien is the current player
They have rolled a 7
Gatien is getting out of the penalty box
Gatien's new location is 0
The category is POP
Pop Question 100
Question was incorrectly answered
Gatien was sent to the penalty box
Gatien is the current player
They have rolled a 7
Gatien is getting out of the penalty box
Gatien's new location is 0
The category is POP
Pop Question 101
Question was incorrectly answered
Gatien was sent to the penalty box
Gatien is the current player
They have rolled a 7
Gatien is getting out of the penalty box
Gatien's new location is 7
The category is GEO
Question was incorrectly answered
Gatien was sent to the penalty box
Gatien is the current player
They have rolled a 7
Gatien is getting out of the penalty box
Gatien's new location is 7
The category is GEO
Question was incorrectly answered
Gatien was sent to the penalty box
Gatien is the current player
They have rolled a 7
Gatien is getting out of the penalty box
Gatien's new location is 2
The category is SPORT
Sports Question 204
Question was incorrectly answered
Gatien was sent to the penalty box
Gatien is the current player
They have rolled a 7
Gatien is getting out of the penalty box
Gatien's new location is 2
The category is SPORT
Sports Question 205
Question was incorrectly answered
Gatien was sent to the penalty box
Gatien is the current player
They have rolled a 7
Gatien is getting out of the penalty box
Gatien's new location is 9
The category is LITTERATURE
Question was incorrectly answered
Gatien was sent to the penalty box
Gatien is the current player
They have rolled a 7
Gatien is getting out of the penalty box
Gatien's new location is 9
The category is LITTERATURE
Question was incorrectly answered
Gatien was sent to the penalty box
Gatien is the current player
They have rolled a 7
Gatien is getting out of the penalty box
Gatien's new location is 4
The category is GEO
Question was incorrectly answered
Gatien was sent to the penalty box
Gatien is the current player
They have rolled a 7
Gatien is getting out of the penalty box
Gatien's new location is 4
The category is GEO
Question was incorrectly answered
Gatien was sent to the penalty box
Gatien is the current player
They have rolled a 7
Gatien is getting out of the penalty box
Gatien's new location is 11
The category is RAP
Question was incorrectly answered
Gatien was sent to the penalty box
Gatien is the current player
They have rolled a 7
Gatien is getting out of the penalty box
Gatien's new location is 11
The category is RAP
Question was incorrectly answered
Gatien was sent to the penalty box
Gatien is the current player
They have rolled a 7
Gatien is getting out of the penalty box
Gatien's new location is 6
The category is ROCK
Rock Question 204
Question was incorrectly answered
Gatien was sent to the penalty box
Gatien is the current player
They have rolled a 7
Gatien is getting out of the penalty box
Gatien's new location is 6
The category is ROCK
Rock Question 205
Question was incorrectly answered
Gatien was sent to the penalty box
Gatien is the current player
They have rolled a 7
Gatien is getting out of the penalty box
Gatien's new location is 1
The category is SCIENCE
Science Question 102
Question was incorrectly answered
Gatien was sent to the penalty box
Gatien is the current player
They have rolled a 7
Gatien is getting out of the penalty box
Gatien's new location is 1
The category is SCIENCE
Science Question 103
Question was incorrectly answered
Gatien was sent to the penalty box
Gatien is the current player
They have rolled a 7
Gatien is getting out of the penalty box
Gatien's new location is 8
The category is PHILO
Question was incorrectly answered
Gatien was sent to the penalty box
Gatien is the current player
They have rolled a 7
Gatien is getting out of the penalty box
Gatien's new location is 8
The category is PHILO
Question was incorrectly answered
Gatien was sent to the penalty box
Gatien is the current player
They have rolled a 7
Gatien is getting out of the penalty box
Gatien's new location is 3
The category is RAP
Question was incorrectly answered
Gatien was sent to the penalty box
Gatien is the current player
They have rolled a 7
Gatien is getting out of the penalty box
Gatien's new location is 3
The category is RAP
Question was incorrectly answered
Gatien was sent to the penalty box
Gatien is the current player
They have rolled a 7
Gatien is getting out of the penalty box
Gatien's new location is 10
The category is SPORT
Sports Question 206
Question was incorrectly answered
Gatien was sent to the penalty box
Gatien is the current player
They have rolled a 7
Gatien is getting out of the penalty box
Gatien's new location is 10
The category is SPORT
Sports Question 207
Question was incorrectly answered
Gatien was sent to the penalty box
Gatien is the current player
They have rolled a 7
Gatien is getting out of the penalty box
Gatien's new location is 5
The category is ROCK
Rock Question 206
Question was incorrectly answered
Gatien was sent to the penalty box
Gatien is the current player
They have rolled a 7
Gatien is getting out of the penalty box
Gatien's new location is 5
The category is ROCK
Rock Question 207
Question was incorrectly answered
Gatien was sent to the penalty box
Gatien is the current player
They have rolled a 7
Gatien is getting out of the penalty box
Gatien's new location is 0
The category is POP
Pop Question 102
Question was incorrectly answered
Gatien was sent to the penalty box
Gatien is the current player
They have rolled a 7
Gatien is getting out of the penalty box
Gatien's new location is 0
The category is POP
Pop Question 103
Question was incorrectly answered
Gatien was sent to the penalty box
Gatien is the current player
They have rolled a 7
Gatien is getting out of the penalty box
Gatien's new location is 7
The category is GEO
Question was incorrectly answered
Gatien was sent to the penalty box
Gatien is the current player
They have rolled a 7
Gatien is getting out of the penalty box
Gatien's new location is 7
The category is GEO
Question was incorrectly answered
Gatien was sent to the penalty box
Gatien is the current player
They have rolled a 7
Gatien is getting out of the penalty box
Gatien's new location is 2
The category is SPORT
Sports Question 208
Question was incorrectly answered
Gatien was sent to the penalty box
Gatien is the current player
They have rolled a 7
Gatien is getting out of the penalty box
Gatien's new location is 2
The category is SPORT
Sports Question 209
Question was incorrectly answered
Gatien was sent to the penalty box
Gatien is the current player
They have rolled a 7
Gatien is getting out of the penalty box
Gatien's new location is 9
The category is LITTERATURE
Question was incorrectly answered
Gatien was sent to the penalty box
Gatien is the current player
They have rolled a 7
Gatien is getting out of the penalty box
Gatien's new location is 9
The category is LITTERATURE
Question was incorrectly answered
Gatien was sent to the penalty box
Gatien is the current player
They have rolled a 7
Gatien is getting out of the penalty box
Gatien's new location is 4
The category is GEO
Question was incorrectly answered
Gatien was sent to the penalty box
Gatien is the current player
They have rolled a 7
Gatien is getting out of the penalty box
Gatien's new location is 4
The category is GEO
Question was incorrectly answered
Gatien was sent to the penalty box
Gatien is the current player
They have rolled a 7
Gatien is getting out of the penalty box
Gatien's new location is 11
The category is RAP
Question was incorrectly answered
Gatien was sent to the penalty box
Gatien is the current player
They have rolled a 7
Gatien is getting out of the penalty box
Gatien's new location is 11
The category is RAP
Question was incorrectly answered
Gatien was sent to the penalty box
Gatien is the current player
They have rolled a 7
Gatien is getting out of the penalty box
Gatien's new location is 6
The category is ROCK
Rock Question 208
Question was incorrectly answered
Gatien was sent to the penalty box
Gatien is the current player
They have rolled a 7
Gatien is getting out of the penalty box
Gatien's new location is 6
The category is ROCK
Rock Question 209
Question was incorrectly answered
Gatien was sent to the penalty box
Gatien is the current player
They have rolled a 7
Gatien is getting out of the penalty box
Gatien's new location is 1
The category is SCIENCE
Science Question 104
Question was incorrectly answered
Gatien was sent to the penalty box
Gatien is the current player
They have rolled a 7
Gatien is getting out of the penalty box
Gatien's new location is 1
The category is SCIENCE
Science Question 105
Question was incorrectly answered
Gatien was sent to the penalty box
Gatien is the current player
They have rolled a 7
Gatien is getting out of the penalty box
Gatien's new location is 8
The category is PHILO
Question was incorrectly answered
Gatien was sent to the penalty box
Gatien is the current player
They have rolled a 7
Gatien is getting out of the penalty box
Gatien's new location is 8
The category is PHILO
Question was incorrectly answered
Gatien was sent to the penalty box
Gatien is the current player
They have rolled a 7
Gatien is getting out of the penalty box
Gatien's new location is 3
The category is RAP
Question was incorrectly answered
Gatien was sent to the penalty box
Gatien is the current player
They have rolled a 7
Gatien is getting out of the penalty box
Gatien's new location is 3
The category is RAP
Question was incorrectly answered
Gatien was sent to the penalty box
Gatien is the current player
They have rolled a 7
Gatien is getting out of the penalty box
Gatien's new location is 10
The category is SPORT
Sports Question 210
Question was incorrectly answered
Gatien was sent to the penalty box
Gatien is the current player
They have rolled a 7
Gatien is getting out of the penalty box
Gatien's new location is 10
The category is SPORT
Sports Question 211
Question was incorrectly answered
Gatien was sent to the penalty box
Gatien is the current player
They have rolled a 7
Gatien is getting out of the penalty box
Gatien's new location is 5
The category is ROCK
Rock Question 210
Question was incorrectly answered
Gatien was sent to the penalty box
Gatien is the current player
They have rolled a 7
Gatien is getting out of the penalty box
Gatien's new location is 5
The category is ROCK
Rock Question 211
Question was incorrectly answered
Gatien was sent to the penalty box
Gatien is the current player
They have rolled a 7
Gatien is getting out of the penalty box
Gatien's new location is 0
The category is POP
Pop Question 104
Question was incorrectly answered
Gatien was sent to the penalty box
Gatien is the current player
They have rolled a 7
Gatien is getting out of the penalty box
Gatien's new location is 0
The category is POP
Pop Question 105
Question was incorrectly answered
Gatien was sent to the penalty box
Gatien is the current player
They have rolled a 7
Gatien is getting out of the penalty box
Gatien's new location is 7
The category is GEO
Question was incorrectly answered
Gatien was sent to the penalty box
Gatien is the current player
They have rolled a 7
Gatien is getting out of the penalty box
Gatien's new location is 7
The category is GEO
Question was incorrectly answered
Gatien was sent to the penalty box
Gatien is the current player
They have rolled a 7
Gatien is getting out of the penalty box
Gatien's new location is 2
The category is SPORT
Sports Question 212
Question was incorrectly answered
Gatien was sent to the penalty box
Gatien is the current player
They have rolled a 7
Gatien is getting out of the penalty box
Gatien's new location is 2
The category is SPORT
Sports Question 213
Question was incorrectly answered
Gatien was sent to the penalty box
Gatien is the current player
They have rolled a 7
Gatien is getting out of the penalty box
Gatien's new location is 9
The category is LITTERATURE
Question was incorrectly answered
Gatien was sent to the penalty box
Gatien is the current player
They have rolled a 7
Gatien is getting out of the penalty box
Gatien's new location is 9
The category is LITTERATURE
Question was incorrectly answered
Gatien was sent to the penalty box
Gatien is the current player
They have rolled a 7
Gatien is getting out of the penalty box
Gatien's new location is 4
The category is GEO
Question was incorrectly answered
Gatien was sent to the penalty box
Gatien is the current player
They have rolled a 7
Gatien is getting out of the penalty box
Gatien's new location is 4
The category is GEO
Question was incorrectly answered
Gatien was sent to the penalty box
Gatien is the current player
They have rolled a 7
Gatien is getting out of the penalty box
Gatien's new location is 11
The category is RAP
Question was incorrectly answered
Gatien was sent to the penalty box
Gatien is the current player
They have rolled a 7
Gatien is getting out of the penalty box
Gatien's new location is 11
The category is RAP
Question was incorrectly answered
Gatien was sent to the penalty box
Gatien is the current player
They have rolled a 7
Gatien is getting out of the penalty box
Gatien's new location is 6
The category is ROCK
Rock Question 212
Question was incorrectly answered
Gatien was sent to the penalty box
Gatien is the current player
They have rolled a 7
Gatien is getting out of the penalty box
Gatien's new location is 6
The category is ROCK
Rock Question 213
Question was incorrectly answered
Gatien was sent to the penalty box
Gatien is the current player
They have rolled a 7
Gatien is getting out of the penalty box
Gatien's new location is 1
The category is SCIENCE
Science Question 106
Question was incorrectly answered
Gatien was sent to the penalty box
Gatien is the current player
They have rolled a 7
Gatien is getting out of the penalty box
Gatien's new location is 1
The category is SCIENCE
Science Question 107
Question was incorrectly answered
Gatien was sent to the penalty box
Gatien is the current player
They have rolled a 7
Gatien is getting out of the penalty box
Gatien's new location is 8
The category is PHILO
Question was incorrectly answered
Gatien was sent to the penalty box
Gatien is the current player
They have rolled a 7
Gatien is getting out of the penalty box
Gatien's new location is 8
The category is PHILO
Question was incorrectly answered
Gatien was sent to the penalty box
Gatien is the current player
They have rolled a 7
Gatien is getting out of the penalty box
Gatien's new location is 3
The category is RAP
Question was incorrectly answered
Gatien was sent to the penalty box
Gatien is the current player
They have rolled a 7
Gatien is getting out of the penalty box
Gatien's new location is 3
The category is RAP
Question was incorrectly answered
Gatien was sent to the penalty box
Gatien is the current player
They have rolled a 7
Gatien is getting out of the penalty box
Gatien's new location is 10
The category is SPORT
Sports Question 214
Question was incorrectly answered
Gatien was sent to the penalty box
Gatien is the current player
They have rolled a 7
Gatien is getting out of the penalty box
Gatien's new location is 10
The category is SPORT
Sports Question 215
Question was incorrectly answered
Gatien was sent to the penalty box
Gatien is the current player
They have rolled a 7
Gatien is getting out of the penalty box
Gatien's new location is 5
The category is ROCK
Rock Question 214
Question was incorrectly answered
Gatien was sent to the penalty box
Gatien is the current player
They have rolled a 7
Gatien is getting out of the penalty box
Gatien's new location is 5
The category is ROCK
Rock Question 215
Question was incorrectly answered
Gatien was sent to the penalty box
Gatien is the current player
They have rolled a 7
Gatien is getting out of the penalty box
Gatien's new location is 0
The category is POP
Pop Question 106
Question was incorrectly answered
Gatien was sent to the penalty box
Gatien is the current player
They have rolled a 7
Gatien is getting out of the penalty box
Gatien's new location is 0
The category is POP
Pop Question 107
Question was incorrectly answered
Gatien was sent to the penalty box
Gatien is the current player
They have rolled a 7
Gatien is getting out of the penalty box
Gatien's new location is 7
The category is GEO
Question was incorrectly answered
Gatien was sent to the penalty box
Gatien is the current player
They have rolled a 7
Gatien is getting out of the penalty box
Gatien's new location is 7
The category is GEO
Question was incorrectly answered
Gatien was sent to the penalty box
Gatien is the current player
They have rolled a 7
Gatien is getting out of the penalty box
Gatien's new location is 2
The category is SPORT
Sports Question 216
Question was incorrectly answered
Gatien was sent to the penalty box
Gatien is the current player
They have rolled a 7
Gatien is getting out of the penalty box
Gatien's new location is 2
The category is SPORT
Sports Question 217
Question was incorrectly answered
Gatien was sent to the penalty box
Gatien is the current player
They have rolled a 7
Gatien is getting out of the penalty box
Gatien's new location is 9
The category is LITTERATURE
Question was incorrectly answered
Gatien was sent to the penalty box
Gatien is the current player
They have rolled a 7
Gatien is getting out of the penalty box
Gatien's new location is 9
The category is LITTERATURE
Question was incorrectly answered
Gatien was sent to the penalty box
Gatien is the current player
They have rolled a 7
Gatien is getting out of the penalty box
Gatien's new location is 4
The category is GEO
Question was incorrectly answered
Gatien was sent to the penalty box
Gatien is the current player
They have rolled a 7
Gatien is getting out of the penalty box
Gatien's new location is 4
The category is GEO
Question was incorrectly answered
Gatien was sent to the penalty box
Gatien is the current player
They have rolled a 7
Gatien is getting out of the penalty box
Gatien's new location is 11
The category is RAP
Question was incorrectly answered
Gatien was sent to the penalty box
Gatien is the current player
They have rolled a 7
Gatien is getting out of the penalty box
Gatien's new location is 11
The category is RAP
Question was incorrectly answered
Gatien was sent to the penalty box
Gatien is the current player
They have rolled a 7
Gatien is getting out of the penalty box
Gatien's new location is 6
The category is ROCK
Rock Question 216
Question was incorrectly answered
Gatien was sent to the penalty box
Gatien is the current player
They have rolled a 7
Gatien is getting out of the penalty box
Gatien's new location is 6
The category is ROCK
Rock Question 217
Question was incorrectly answered
Gatien was sent to the penalty box
Gatien is the current player
They have rolled a 7
Gatien is getting out of the penalty box
Gatien's new location is 1
The category is SCIENCE
Science Question 108
Question was incorrectly answered
Gatien was sent to the penalty box
Gatien is the current player
They have rolled a 7
Gatien is getting out of the penalty box
Gatien's new location is 1
The category is SCIENCE
Science Question 109
Question was incorrectly answered
Gatien was sent to the penalty box
Gatien is the current player
They have rolled a 7
Gatien is getting out of the penalty box
Gatien's new location is 8
The category is PHILO
Question was incorrectly answered
Gatien was sent to the penalty box
Gatien is the current player
They have rolled a 7
Gatien is getting out of the penalty box
Gatien's new location is 8
The category is PHILO
Question was incorrectly answered
Gatien was sent to the penalty box
Gatien is the current player
They have rolled a 7
Gatien is getting out of the penalty box
Gatien's new location is 3
The category is RAP
Question was incorrectly answered
Gatien was sent to the penalty box
Gatien is the current player
They have rolled a 7
Gatien is getting out of the penalty box
Gatien's new location is 3
The category is RAP
Question was incorrectly answered
Gatien was sent to the penalty box
Gatien is the current player
They have rolled a 7
Gatien is getting out of the penalty box
Gatien's new location is 10
The category is SPORT
Sports Question 218
Question was incorrectly answered
Gatien was sent to the penalty box
Gatien is the current player
They have rolled a 7
Gatien is getting out of the penalty box
Gatien's new location is 10
The category is SPORT
Sports Question 219
Question was incorrectly answered
Gatien was sent to the penalty box
Gatien is the current player
They have rolled a 7
Gatien is getting out of the penalty box
Gatien's new location is 5
The category is ROCK
Rock Question 218
Question was incorrectly answered
Gatien was sent to the penalty box
Gatien is the current player
They have rolled a 7
Gatien is getting out of the penalty box
Gatien's new location is 5
The category is ROCK
Rock Question 219
Question was incorrectly answered
Gatien was sent to the penalty box
Gatien is the current player
They have rolled a 7
Gatien is getting out of the penalty box
Gatien's new location is 0
The category is POP
Pop Question 108
Question was incorrectly answered
Gatien was sent to the penalty box
Gatien is the current player
They have rolled a 7
Gatien is getting out of the penalty box
Gatien's new location is 0
The category is POP
Pop Question 109
Question was incorrectly answered
Gatien was sent to the penalty box
Gatien is the current player
They have rolled a 7
Gatien is getting out of the penalty box
Gatien's new location is 7
The category is GEO
Question was incorrectly answered
Gatien was sent to the penalty box
Gatien is the current player
They have rolled a 7
Gatien is getting out of the penalty box
Gatien's new location is 7
The category is GEO
Question was incorrectly answered
Gatien was sent to the penalty box
Gatien is the current player
They have rolled a 7
Gatien is getting out of the penalty box
Gatien's new location is 2
The category is SPORT
Sports Question 220
Question was incorrectly answered
Gatien was sent to the penalty box
Gatien is the current player
They have rolled a 7
Gatien is getting out of the penalty box
Gatien's new location is 2
The category is SPORT
Sports Question 221
Question was incorrectly answered
Gatien was sent to the penalty box
Gatien is the current player
They have rolled a 7
Gatien is getting out of the penalty box
Gatien's new location is 9
The category is LITTERATURE
Question was incorrectly answered
Gatien was sent to the penalty box
Gatien is the current player
They have rolled a 7
Gatien is getting out of the penalty box
Gatien's new location is 9
The category is LITTERATURE
Question was incorrectly answered
Gatien was sent to the penalty box
Gatien is the current player
They have rolled a 7
Gatien is getting out of the penalty box
Gatien's new location is 4
The category is GEO
Question was incorrectly answered
Gatien was sent to the penalty box
Gatien is the current player
They have rolled a 7
Gatien is getting out of the penalty box
Gatien's new location is 4
The category is GEO
Question was incorrectly answered
Gatien was sent to the penalty box
Gatien is the current player
They have rolled a 7
Gatien is getting out of the penalty box
Gatien's new location is 11
The category is RAP
Question was incorrectly answered
Gatien was sent to the penalty box
Gatien is the current player
They have rolled a 7
Gatien is getting out of the penalty box
Gatien's new location is 11
The category is RAP
Question was incorrectly answered
Gatien was sent to the penalty box
Gatien is the current player
They have rolled a 7
Gatien is getting out of the penalty box
Gatien's new location is 6
The category is ROCK
Rock Question 220
Question was incorrectly answered
Gatien was sent to the penalty box
Gatien is the current player
They have rolled a 7
Gatien is getting out of the penalty box
Gatien's new location is 6
The category is ROCK
Rock Question 221
Question was incorrectly answered
Gatien was sent to the penalty box
Gatien is the current player
They have rolled a 7
Gatien is getting out of the penalty box
Gatien's new location is 1
The category is SCIENCE
Science Question 110
Question was incorrectly answered
Gatien was sent to the penalty box
Gatien is the current player
They have rolled a 7
Gatien is getting out of the penalty box
Gatien's new location is 1
The category is SCIENCE
Science Question 111
Question was incorrectly answered
Gatien was sent to the penalty box
Gatien is the current player
They have rolled a 7
Gatien is getting out of the penalty box
Gatien's new location is 8
The category is PHILO
Question was incorrectly answered
Gatien was sent to the penalty box
Gatien is the current player
They have rolled a 7
Gatien is getting out of the penalty box
Gatien's new location is 8
The category is PHILO
Question was incorrectly answered
Gatien was sent to the penalty box
Gatien is the current player
They have rolled a 7
Gatien is getting out of the penalty box
Gatien's new location is 3
The category is RAP
Question was incorrectly answered
Gatien was sent to the penalty box
Gatien is the current player
They have rolled a 7
Gatien is getting out of the penalty box
Gatien's new location is 3
The category is RAP
Question was incorrectly answered
Gatien was sent to the penalty box
Gatien is the current player
They have rolled a 7
Gatien is getting out of the penalty box
Gatien's new location is 10
The category is SPORT
Sports Question 222
Question was incorrectly answered
Gatien was sent to the penalty box
Gatien is the current player
They have rolled a 7
Gatien is getting out of the penalty box
Gatien's new location is 10
The category is SPORT
Sports Question 223
Question was incorrectly answered
Gatien was sent to the penalty box
Gatien is the current player
They have rolled a 7
Gatien is getting out of the penalty box
Gatien's new location is 5
The category is ROCK
Rock Question 222
Question was incorrectly answered
Gatien was sent to the penalty box
Gatien is the current player
They have rolled a 7
Gatien is getting out of the penalty box
Gatien's new location is 5
The category is ROCK
Rock Question 223
Question was incorrectly answered
Gatien was sent to the penalty box
Gatien is the current player
They have rolled a 7
Gatien is getting out of the penalty box
Gatien's new location is 0
The category is POP
Pop Question 110
Question was incorrectly answered
Gatien was sent to the penalty box
Gatien is the current player
They have rolled a 7
Gatien is getting out of the penalty box
Gatien's new location is 0
The category is POP
Pop Question 111
Question was incorrectly answered
Gatien was sent to the penalty box
Gatien is the current player
They have rolled a 7
Gatien is getting out of the penalty box
Gatien's new location is 7
The category is GEO
Question was incorrectly answered
Gatien was sent to the penalty box
Gatien is the current player
They have rolled a 7
Gatien is getting out of the penalty box
Gatien's new location is 7
The category is GEO
Question was incorrectly answered
Gatien was sent to the penalty box
Gatien is the current player
They have rolled a 7
Gatien is getting out of the penalty box
Gatien's new location is 2
The category is SPORT
Sports Question 224
Question was incorrectly answered
Gatien was sent to the penalty box
Gatien is the current player
They have rolled a 7
Gatien is getting out of the penalty box
Gatien's new location is 2
The category is SPORT
Sports Question 225
Question was incorrectly answered
Gatien was sent to the penalty box
Gatien is the current player
They have rolled a 7
Gatien is getting out of the penalty box
Gatien's new location is 9
The category is LITTERATURE
Question was incorrectly answered
Gatien was sent to the penalty box
Gatien is the current player
They have rolled a 7
Gatien is getting out of the penalty box
Gatien's new location is 9
The category is LITTERATURE
Question was incorrectly answered
Gatien was sent to the penalty box
Gatien is the current player
They have rolled a 7
Gatien is getting out of the penalty box
Gatien's new location is 4
The category is GEO
Question was incorrectly answered
Gatien was sent to the penalty box
Gatien is the current player
They have rolled a 7
Gatien is getting out of the penalty box
Gatien's new location is 4
The category is GEO
Question was incorrectly answered
Gatien was sent to the penalty box
Gatien is the current player
They have rolled a 7
Gatien is getting out of the penalty box
Gatien's new location is 11
The category is RAP
Question was incorrectly answered
Gatien was sent to the penalty box
Gatien is the current player
They have rolled a 7
Gatien is getting out of the penalty box
Gatien's new location is 11
The category is RAP
Question was incorrectly answered
Gatien was sent to the penalty box
Gatien is the current player
They have rolled a 7
Gatien is getting out of the penalty box
Gatien's new location is 6
The category is ROCK
Rock Question 224
Question was incorrectly answered
Gatien was sent to the penalty box
Gatien is the current player
They have rolled a 7
Gatien is getting out of the penalty box
Gatien's new location is 6
The category is ROCK
Rock Question 225
Question was incorrectly answered
Gatien was sent to the penalty box
Gatien is the current player
They have rolled a 7
Gatien is getting out of the penalty box
Gatien's new location is 1
The category is SCIENCE
Science Question 112
Question was incorrectly answered
Gatien was sent to the penalty box
Gatien is the current player
They have rolled a 7
Gatien is getting out of the penalty box
Gatien's new location is 1
The category is SCIENCE
Science Question 113
Question was incorrectly answered
Gatien was sent to the penalty box
Gatien is the current player
They have rolled a 7
Gatien is getting out of the penalty box
Gatien's new location is 8
The category is PHILO
Question was incorrectly answered
Gatien was sent to the penalty box
Gatien is the current player
They have rolled a 7
Gatien is getting out of the penalty box
Gatien's new location is 8
The category is PHILO
Question was incorrectly answered
Gatien was sent to the penalty box
Gatien is the current player
They have rolled a 7
Gatien is getting out of the penalty box
Gatien's new location is 3
The category is RAP
Question was incorrectly answered
Gatien was sent to the penalty box
Gatien is the current player
They have rolled a 7
Gatien is getting out of the penalty box
Gatien's new location is 3
The category is RAP
Question was incorrectly answered
Gatien was sent to the penalty box
Gatien is the current player
They have rolled a 7
Gatien is getting out of the penalty box
Gatien's new location is 10
The category is SPORT
Sports Question 226
Question was incorrectly answered
Gatien was sent to the penalty box
Gatien is the current player
They have rolled a 7
Gatien is getting out of the penalty box
Gatien's new location is 10
The category is SPORT
Sports Question 227
Question was incorrectly answered
Gatien was sent to the penalty box
Gatien is the current player
They have rolled a 7
Gatien is getting out of the penalty box
Gatien's new location is 5
The category is ROCK
Rock Question 226
Question was incorrectly answered
Gatien was sent to the penalty box
Gatien is the current player
They have rolled a 7
Gatien is getting out of the penalty box
Gatien's new location is 5
The category is ROCK
Rock Question 227
Question was incorrectly answered
Gatien was sent to the penalty box
Gatien is the current player
They have rolled a 7
Gatien is getting out of the penalty box
Gatien's new location is 0
The category is POP
Pop Question 112
Question was incorrectly answered
Gatien was sent to the penalty box
Gatien is the current player
They have rolled a 7
Gatien is getting out of the penalty box
Gatien's new location is 0
The category is POP
Pop Question 113
Question was incorrectly answered
Gatien was sent to the penalty box
Gatien is the current player
They have rolled a 7
Gatien is getting out of the penalty box
Gatien's new location is 7
The category is GEO
Question was incorrectly answered
Gatien was sent to the penalty box
Gatien is the current player
They have rolled a 7
Gatien is getting out of the penalty box
Gatien's new location is 7
The category is GEO
Question was incorrectly answered
Gatien was sent to the penalty box
Gatien is the current player
They have rolled a 7
Gatien is getting out of the penalty box
Gatien's new location is 2
The category is SPORT
Sports Question 228
Question was incorrectly answered
Gatien was sent to the penalty box
Gatien is the current player
They have rolled a 7
Gatien is getting out of the penalty box
Gatien's new location is 2
The category is SPORT
Sports Question 229
Question was incorrectly answered
Gatien was sent to the penalty box
Gatien is the current player
They have rolled a 7
Gatien is getting out of the penalty box
Gatien's new location is 9
The category is LITTERATURE
Question was incorrectly answered
Gatien was sent to the penalty box
Gatien is the current player
They have rolled a 7
Gatien is getting out of the penalty box
Gatien's new location is 9
The category is LITTERATURE
Question was incorrectly answered
Gatien was sent to the penalty box
Gatien is the current player
They have rolled a 7
Gatien is getting out of the penalty box
Gatien's new location is 4
The category is GEO
Question was incorrectly answered
Gatien was sent to the penalty box
Gatien is the current player
They have rolled a 7
Gatien is getting out of the penalty box
Gatien's new location is 4
The category is GEO
Question was incorrectly answered
Gatien was sent to the penalty box
Gatien is the current player
They have rolled a 7
Gatien is getting out of the penalty box
Gatien's new location is 11
The category is RAP
Question was incorrectly answered
Gatien was sent to the penalty box
Gatien is the current player
They have rolled a 7
Gatien is getting out of the penalty box
Gatien's new location is 11
The category is RAP
Question was incorrectly answered
Gatien was sent to the penalty box
Gatien is the current player
They have rolled a 7
Gatien is getting out of the penalty box
Gatien's new location is 6
The category is ROCK
Rock Question 228
Question was incorrectly answered
Gatien was sent to the penalty box
Gatien is the current player
They have rolled a 7
Gatien is getting out of the penalty box
Gatien's new location is 6
The category is ROCK
Rock Question 229
Question was incorrectly answered
Gatien was sent to the penalty box
Gatien is the current player
They have rolled a 7
Gatien is getting out of the penalty box
Gatien's new location is 1
The category is SCIENCE
Science Question 114
Question was incorrectly answered
Gatien was sent to the penalty box
Gatien is the current player
They have rolled a 7
Gatien is getting out of the penalty box
Gatien's new location is 1
The category is SCIENCE
Science Question 115
Question was incorrectly answered
Gatien was sent to the penalty box
Gatien is the current player
They have rolled a 7
Gatien is getting out of the penalty box
Gatien's new location is 8
The category is PHILO
Question was incorrectly answered
Gatien was sent to the penalty box
Gatien is the current player
They have rolled a 7
Gatien is getting out of the penalty box
Gatien's new location is 8
The category is PHILO
Question was incorrectly answered
Gatien was sent to the penalty box
Gatien is the current player
They have rolled a 7
Gatien is getting out of the penalty box
Gatien's new location is 3
The category is RAP
Question was incorrectly answered
Gatien was sent to the penalty box
Gatien is the current player
They have rolled a 7
Gatien is getting out of the penalty box
Gatien's new location is 3
The category is RAP
Question was incorrectly answered
Gatien was sent to the penalty box
Gatien is the current player
They have rolled a 7
Gatien is getting out of the penalty box
Gatien's new location is 10
The category is SPORT
Sports Question 230
Question was incorrectly answered
Gatien was sent to the penalty box
Gatien is the current player
They have rolled a 7
Gatien is getting out of the penalty box
Gatien's new location is 10
The category is SPORT
Sports Question 231
Question was incorrectly answered
Gatien was sent to the penalty box
Gatien is the current player
They have rolled a 7
Gatien is getting out of the penalty box
Gatien's new location is 5
The category is ROCK
Rock Question 230
Question was incorrectly answered
Gatien was sent to the penalty box
Gatien is the current player
They have rolled a 7
Gatien is getting out of the penalty box
Gatien's new location is 5
The category is ROCK
Rock Question 231
Question was incorrectly answered
Gatien was sent to the penalty box
Gatien is the current player
They have rolled a 7
Gatien is getting out of the penalty box
Gatien's new location is 0
The category is POP
Pop Question 114
Question was incorrectly answered
Gatien was sent to the penalty box
Gatien is the current player
They have rolled a 7
Gatien is getting out of the penalty box
Gatien's new location is 0
The category is POP
Pop Question 115
Question was incorrectly answered
Gatien was sent to the penalty box
Gatien is the current player
They have rolled a 7
Gatien is getting out of the penalty box
Gatien's new location is 7
The category is GEO
Question was incorrectly answered
Gatien was sent to the penalty box
Gatien is the current player
They have rolled a 7
Gatien is getting out of the penalty box
Gatien's new location is 7
The category is GEO
Question was incorrectly answered
Gatien was sent to the penalty box
Gatien is the current player
They have rolled a 7
Gatien is getting out of the penalty box
Gatien's new location is 2
The category is SPORT
Sports Question 232
Question was incorrectly answered
Gatien was sent to the penalty box
Gatien is the current player
They have rolled a 7
Gatien is getting out of the penalty box
Gatien's new location is 2
The category is SPORT
Sports Question 233
Question was incorrectly answered
Gatien was sent to the penalty box
Gatien is the current player
They have rolled a 7
Gatien is getting out of the penalty box
Gatien's new location is 9
The category is LITTERATURE
Question was incorrectly answered
Gatien was sent to the penalty box
Gatien is the current player
They have rolled a 7
Gatien is getting out of the penalty box
Gatien's new location is 9
The category is LITTERATURE
Question was incorrectly answered
Gatien was sent to the penalty box
Gatien is the current player
They have rolled a 7
Gatien is getting out of the penalty box
Gatien's new location is 4
The category is GEO
Question was incorrectly answered
Gatien was sent to the penalty box
Gatien is the current player
They have rolled a 7
Gatien is getting out of the penalty box
Gatien's new location is 4
The category is GEO
Question was incorrectly answered
Gatien was sent to the penalty box
Gatien is the current player
They have rolled a 7
Gatien is getting out of the penalty box
Gatien's new location is 11
The category is RAP
Question was incorrectly answered
Gatien was sent to the penalty box
Gatien is the current player
They have rolled a 7
Gatien is getting out of the penalty box
Gatien's new location is 11
The category is RAP
Question was incorrectly answered
Gatien was sent to the penalty box
Gatien is the current player
They have rolled a 7
Gatien is getting out of the penalty box
Gatien's new location is 6
The category is ROCK
Rock Question 232
Question was incorrectly answered
Gatien was sent to the penalty box
Gatien is the current player
They have rolled a 7
Gatien is getting out of the penalty box
Gatien's new location is 6
The category is ROCK
Rock Question 233
Question was incorrectly answered
Gatien was sent to the penalty box
Gatien is the current player
They have rolled a 7
Gatien is getting out of the penalty box
Gatien's new location is 1
The category is SCIENCE
Science Question 116
Question was incorrectly answered
Gatien was sent to the penalty box
Gatien is the current player
They have rolled a 7
Gatien is getting out of the penalty box
Gatien's new location is 1
The category is SCIENCE
Science Question 117
Question was incorrectly answered
Gatien was sent to the penalty box
Gatien is the current player
They have rolled a 7
Gatien is getting out of the penalty box
Gatien's new location is 8
The category is PHILO
Question was incorrectly answered
Gatien was sent to the penalty box
Gatien is the current player
They have rolled a 7
Gatien is getting out of the penalty box
Gatien's new location is 8
The category is PHILO
Question was incorrectly answered
Gatien was sent to the penalty box
Gatien is the current player
They have rolled a 7
Gatien is getting out of the penalty box
Gatien's new location is 3
The category is RAP
Question was incorrectly answered
Gatien was sent to the penalty box
Gatien is the current player
They have rolled a 7
Gatien is getting out of the penalty box
Gatien's new location is 3
The category is RAP
Question was incorrectly answered
Gatien was sent to the penalty box
Gatien is the current player
They have rolled a 7
Gatien is getting out of the penalty box
Gatien's new location is 10
The category is SPORT
Sports Question 234
Question was incorrectly answered
Gatien was sent to the penalty box
Gatien is the current player
They have rolled a 7
Gatien is getting out of the penalty box
Gatien's new location is 10
The category is SPORT
Sports Question 235
Question was incorrectly answered
Gatien was sent to the penalty box
Gatien is the current player
They have rolled a 7
Gatien is getting out of the penalty box
Gatien's new location is 5
The category is ROCK
Rock Question 234
Question was incorrectly answered
Gatien was sent to the penalty box
Gatien is the current player
They have rolled a 7
Gatien is getting out of the penalty box
Gatien's new location is 5
The category is ROCK
Rock Question 235
Question was incorrectly answered
Gatien was sent to the penalty box
Gatien is the current player
They have rolled a 7
Gatien is getting out of the penalty box
Gatien's new location is 0
The category is POP
Pop Question 116
Question was incorrectly answered
Gatien was sent to the penalty box
Gatien is the current player
They have rolled a 7
Gatien is getting out of the penalty box
Gatien's new location is 0
The category is POP
Pop Question 117
Question was incorrectly answered
Gatien was sent to the penalty box
Gatien is the current player
They have rolled a 7
Gatien is getting out of the penalty box
Gatien's new location is 7
The category is GEO
Question was incorrectly answered
Gatien was sent to the penalty box
Gatien is the current player
They have rolled a 7
Gatien is getting out of the penalty box
Gatien's new location is 7
The category is GEO
Question was incorrectly answered
Gatien was sent to the penalty box
Gatien is the current player
They have rolled a 7
Gatien is getting out of the penalty box
Gatien's new location is 2
The category is SPORT
Sports Question 236
Question was incorrectly answered
Gatien was sent to the penalty box
Gatien is the current player
They have rolled a 7
Gatien is getting out of the penalty box
Gatien's new location is 2
The category is SPORT
Sports Question 237
Question was incorrectly answered
Gatien was sent to the penalty box
Gatien is the current player
They have rolled a 7
Gatien is getting out of the penalty box
Gatien's new location is 9
The category is LITTERATURE
Question was incorrectly answered
Gatien was sent to the penalty box
Gatien is the current player
They have rolled a 7
Gatien is getting out of the penalty box
Gatien's new location is 9
The category is LITTERATURE
Question was incorrectly answered
Gatien was sent to the penalty box
Gatien is the current player
They have rolled a 7
Gatien is getting out of the penalty box
Gatien's new location is 4
The category is GEO
Question was incorrectly answered
Gatien was sent to the penalty box
Gatien is the current player
They have rolled a 7
Gatien is getting out of the penalty box
Gatien's new location is 4
The category is GEO
Question was incorrectly answered
Gatien was sent to the penalty box
Gatien is the current player
They have rolled a 7
Gatien is getting out of the penalty box
Gatien's new location is 11
The category is RAP
Question was incorrectly answered
Gatien was sent to the penalty box
Gatien is the current player
They have rolled a 7
Gatien is getting out of the penalty box
Gatien's new location is 11
The category is RAP
Question was incorrectly answered
Gatien was sent to the penalty box
Gatien is the current player
They have rolled a 7
Gatien is getting out of the penalty box
Gatien's new location is 6
The category is ROCK
Rock Question 236
Question was incorrectly answered
Gatien was sent to the penalty box
Gatien is the current player
They have rolled a 7
Gatien is getting out of the penalty box
Gatien's new location is 6
The category is ROCK
Rock Question 237
Question was incorrectly answered
Gatien was sent to the penalty box
Gatien is the current player
They have rolled a 7
Gatien is getting out of the penalty box
Gatien's new location is 1
The category is SCIENCE
Science Question 118
Question was incorrectly answered
Gatien was sent to the penalty box
Gatien is the current player
They have rolled a 7
Gatien is getting out of the penalty box
Gatien's new location is 1
The category is SCIENCE
Science Question 119
Question was incorrectly answered
Gatien was sent to the penalty box
Gatien is the current player
They have rolled a 7
Gatien is getting out of the penalty box
Gatien's new location is 8
The category is PHILO
Question was incorrectly answered
Gatien was sent to the penalty box
Gatien is the current player
They have rolled a 7
Gatien is getting out of the penalty box
Gatien's new location is 8
The category is PHILO
Question was incorrectly answered
Gatien was sent to the penalty box
Gatien is the current player
They have rolled a 7
Gatien is getting out of the penalty box
Gatien's new location is 3
The category is RAP
Question was incorrectly answered
Gatien was sent to the penalty box
Gatien is the current player
They have rolled a 7
Gatien is getting out of the penalty box
Gatien's new location is 3
The category is RAP
Question was incorrectly answered
Gatien was sent to the penalty box
Gatien is the current player
They have rolled a 7
Gatien is getting out of the penalty box
Gatien's new location is 10
The category is SPORT
Sports Question 238
Question was incorrectly answered
Gatien was sent to the penalty box
Gatien is the current player
They have rolled a 7
Gatien is getting out of the penalty box
Gatien's new location is 10
The category is SPORT
Sports Question 239
Question was incorrectly answered
Gatien was sent to the penalty box
Gatien is the current player
They have rolled a 7
Gatien is getting out of the penalty box
Gatien's new location is 5
The category is ROCK
Rock Question 238
Question was incorrectly answered
Gatien was sent to the penalty box
Gatien is the current player
They have rolled a 7
Gatien is getting out of the penalty box
Gatien's new location is 5
The category is ROCK
Rock Question 239
Question was incorrectly answered
Gatien was sent to the penalty box
Gatien is the current player
They have rolled a 7
Gatien is getting out of the penalty box
Gatien's new location is 0
The category is POP
Pop Question 118
Question was incorrectly answered
Gatien was sent to the penalty box
Gatien is the current player
They have rolled a 7
Gatien is getting out of the penalty box
Gatien's new location is 0
The category is POP
Pop Question 119
Question was incorrectly answered
Gatien was sent to the penalty box
Gatien is the current player
They have rolled a 7
Gatien is getting out of the penalty box
Gatien's new location is 7
The category is GEO
Question was incorrectly answered
Gatien was sent to the penalty box
Gatien is the current player
They have rolled a 7
Gatien is getting out of the penalty box
Gatien's new location is 7
The category is GEO
Question was incorrectly answered
Gatien was sent to the penalty box
Gatien is the current player
They have rolled a 7
Gatien is getting out of the penalty box
Gatien's new location is 2
The category is SPORT
Sports Question 240
Question was incorrectly answered
Gatien was sent to the penalty box
Gatien is the current player
They have rolled a 7
Gatien is getting out of the penalty box
Gatien's new location is 2
The category is SPORT
Sports Question 241
Question was incorrectly answered
Gatien was sent to the penalty box
Gatien is the current player
They have rolled a 7
Gatien is getting out of the penalty box
Gatien's new location is 9
The category is LITTERATURE
Question was incorrectly answered
Gatien was sent to the penalty box
Gatien is the current player
They have rolled a 7
Gatien is getting out of the penalty box
Gatien's new location is 9
The category is LITTERATURE
Question was incorrectly answered
Gatien was sent to the penalty box
Gatien is the current player
They have rolled a 7
Gatien is getting out of the penalty box
Gatien's new location is 4
The category is GEO
Question was incorrectly answered
Gatien was sent to the penalty box
Gatien is the current player
They have rolled a 7
Gatien is getting out of the penalty box
Gatien's new location is 4
The category is GEO
Question was incorrectly answered
Gatien was sent to the penalty box
Gatien is the current player
They have rolled a 7
Gatien is getting out of the penalty box
Gatien's new location is 11
The category is RAP
Question was incorrectly answered
Gatien was sent to the penalty box
Gatien is the current player
They have rolled a 7
Gatien is getting out of the penalty box
Gatien's new location is 11
The category is RAP
Question was incorrectly answered
Gatien was sent to the penalty box
Gatien is the current player
They have rolled a 7
Gatien is getting out of the penalty box
Gatien's new location is 6
The category is ROCK
Rock Question 240
Question was incorrectly answered
Gatien was sent to the penalty box
Gatien is the current player
They have rolled a 7
Gatien is getting out of the penalty box
Gatien's new location is 6
The category is ROCK
Rock Question 241
Question was incorrectly answered
Gatien was sent to the penalty box
Gatien is the current player
They have rolled a 7
Gatien is getting out of the penalty box
Gatien's new location is 1
The category is SCIENCE
Science Question 120
Question was incorrectly answered
Gatien was sent to the penalty box
Gatien is the current player
They have rolled a 7
Gatien is getting out of the penalty box
Gatien's new location is 1
The category is SCIENCE
Science Question 121
Question was incorrectly answered
Gatien was sent to the penalty box
Gatien is the current player
They have rolled a 7
Gatien is getting out of the penalty box
Gatien's new location is 8
The category is PHILO
Question was incorrectly answered
Gatien was sent to the penalty box
Gatien is the current player
They have rolled a 7
Gatien is getting out of the penalty box
Gatien's new location is 8
The category is PHILO
Question was incorrectly answered
Gatien was sent to the penalty box
Gatien is the current player
They have rolled a 7
Gatien is getting out of the penalty box
Gatien's new location is 3
The category is RAP
Question was incorrectly answered
Gatien was sent to the penalty box
Gatien is the current player
They have rolled a 7
Gatien is getting out of the penalty box
Gatien's new location is 3
The category is RAP
Question was incorrectly answered
Gatien was sent to the penalty box
Gatien is the current player
They have rolled a 7
Gatien is getting out of the penalty box
Gatien's new location is 10
The category is SPORT
Sports Question 242
Question was incorrectly answered
Gatien was sent to the penalty box
Gatien is the current player
They have rolled a 7
Gatien is getting out of the penalty box
Gatien's new location is 10
The category is SPORT
Sports Question 243
Question was incorrectly answered
Gatien was sent to the penalty box
Gatien is the current player
They have rolled a 7
Gatien is getting out of the penalty box
Gatien's new location is 5
The category is ROCK
Rock Question 242
Question was incorrectly answered
Gatien was sent to the penalty box
Gatien is the current player
They have rolled a 7
Gatien is getting out of the penalty box
Gatien's new location is 5
The category is ROCK
Rock Question 243
Question was incorrectly answered
Gatien was sent to the penalty box
Gatien is the current player
They have rolled a 7
Gatien is getting out of the penalty box
Gatien's new location is 0
The category is POP
Pop Question 120
Question was incorrectly answered
Gatien was sent to the penalty box
Gatien is the current player
They have rolled a 7
Gatien is getting out of the penalty box
Gatien's new location is 0
The category is POP
Pop Question 121
Question was incorrectly answered
Gatien was sent to the penalty box
Gatien is the current player
They have rolled a 7
Gatien is getting out of the penalty box
Gatien's new location is 7
The category is GEO
Question was incorrectly answered
Gatien was sent to the penalty box
Gatien is the current player
They have rolled a 7
Gatien is getting out of the penalty box
Gatien's new location is 7
The category is GEO
Question was incorrectly answered
Gatien was sent to the penalty box
Gatien is the current player
They have rolled a 7
Gatien is getting out of the penalty box
Gatien's new location is 2
The category is SPORT
Sports Question 244
Question was incorrectly answered
Gatien was sent to the penalty box
Gatien is the current player
They have rolled a 7
Gatien is getting out of the penalty box
Gatien's new location is 2
The category is SPORT
Sports Question 245
Question was incorrectly answered
Gatien was sent to the penalty box
Gatien is the current player
They have rolled a 7
Gatien is getting out of the penalty box
Gatien's new location is 9
The category is LITTERATURE
Question was incorrectly answered
Gatien was sent to the penalty box
Gatien is the current player
They have rolled a 7
Gatien is getting out of the penalty box
Gatien's new location is 9
The category is LITTERATURE
Question was incorrectly answered
Gatien was sent to the penalty box
Gatien is the current player
They have rolled a 7
Gatien is getting out of the penalty box
Gatien's new location is 4
The category is GEO
Question was incorrectly answered
Gatien was sent to the penalty box
Gatien is the current player
They have rolled a 7
Gatien is getting out of the penalty box
Gatien's new location is 4
The category is GEO
Question was incorrectly answered
Gatien was sent to the penalty box
Gatien is the current player
They have rolled a 7
Gatien is getting out of the penalty box
Gatien's new location is 11
The category is RAP
Question was incorrectly answered
Gatien was sent to the penalty box
Gatien is the current player
They have rolled a 7
Gatien is getting out of the penalty box
Gatien's new location is 11
The category is RAP
Question was incorrectly answered
Gatien was sent to the penalty box
Gatien is the current player
They have rolled a 7
Gatien is getting out of the penalty box
Gatien's new location is 6
The category is ROCK
Rock Question 244
Question was incorrectly answered
Gatien was sent to the penalty box
Gatien is the current player
They have rolled a 7
Gatien is getting out of the penalty box
Gatien's new location is 6
The category is ROCK
Rock Question 245
Question was incorrectly answered
Gatien was sent to the penalty box
Gatien is the current player
They have rolled a 7
Gatien is getting out of the penalty box
Gatien's new location is 1
The category is SCIENCE
Science Question 122
Question was incorrectly answered
Gatien was sent to the penalty box
Gatien is the current player
They have rolled a 7
Gatien is getting out of the penalty box
Gatien's new location is 1
The category is SCIENCE
Science Question 123
Question was incorrectly answered
Gatien was sent to the penalty box
Gatien is the current player
They have rolled a 7
Gatien is getting out of the penalty box
Gatien's new location is 8
The category is PHILO
Question was incorrectly answered
Gatien was sent to the penalty box
Gatien is the current player
They have rolled a 7
Gatien is getting out of the penalty box
Gatien's new location is 8
The category is PHILO
Question was incorrectly answered
Gatien was sent to the penalty box
Gatien is the current player
They have rolled a 7
Gatien is getting out of the penalty box
Gatien's new location is 3
The category is RAP
Question was incorrectly answered
Gatien was sent to the penalty box
Gatien is the current player
They have rolled a 7
Gatien is getting out of the penalty box
Gatien's new location is 3
The category is RAP
Question was incorrectly answered
Gatien was sent to the penalty box
Gatien is the current player
They have rolled a 7
Gatien is getting out of the penalty box
Gatien's new location is 10
The category is SPORT
Sports Question 245
Question was incorrectly answered
Gatien was sent to the penalty box
Gatien is the current player
They have rolled a 7
Gatien is getting out of the penalty box
Gatien's new location is 10
The category is SPORT
Sports Question 246
Question was incorrectly answered
Gatien was sent to the penalty box
Gatien is the current player
They have rolled a 7
Gatien is getting out of the penalty box
Gatien's new location is 5
The category is ROCK
Rock Question 245
Question was incorrectly answered
Gatien was sent to the penalty box
Gatien is the current player
They have rolled a 7
Gatien is getting out of the penalty box
Gatien's new location is 5
The category is ROCK
Rock Question 246
Question was incorrectly answered
Gatien was sent to the penalty box
Gatien is the current player
They have rolled a 7
Gatien is getting out of the penalty box
Gatien's new location is 0
The category is POP
Pop Question 122
Question was incorrectly answered
Gatien was sent to the penalty box
Gatien is the current player
They have rolled a 7
Gatien is getting out of the penalty box
Gatien's new location is 0
The category is POP
Pop Question 123
Question was incorrectly answered
Gatien was sent to the penalty box
Gatien is the current player
They have rolled a 7
Gatien is getting out of the penalty box
Gatien's new location is 7
The category is GEO
Question was incorrectly answered
Gatien was sent to the penalty box
Gatien is the current player
They have rolled a 7
Gatien is getting out of the penalty box
Gatien's new location is 7
The category is GEO
Question was incorrectly answered
Gatien was sent to the penalty box
Gatien is the current player
They have rolled a 7
Gatien is getting out of the penalty box
Gatien's new location is 2
The category is SPORT
Sports Question 247
Question was incorrectly answered
Gatien was sent to the penalty box
Gatien is the current player
They have rolled a 7
Gatien is getting out of the penalty box
Gatien's new location is 2
The category is SPORT
Sports Question 248
Question was incorrectly answered
Gatien was sent to the penalty box
Gatien is the current player
They have rolled a 7
Gatien is getting out of the penalty box
Gatien's new location is 9
The category is LITTERATURE
Question was incorrectly answered
Gatien was sent to the penalty box
Gatien is the current player
They have rolled a 7
Gatien is getting out of the penalty box
Gatien's new location is 9
The category is LITTERATURE
Question was incorrectly answered
Gatien was sent to the penalty box
Gatien is the current player
They have rolled a 7
Gatien is getting out of the penalty box
Gatien's new location is 4
The category is GEO
Question was incorrectly answered
Gatien was sent to the penalty box
Gatien is the current player
They have rolled a 7
Gatien is getting out of the penalty box
Gatien's new location is 4
The category is GEO
Question was incorrectly answered
Gatien was sent to the penalty box
Gatien is the current player
They have rolled a 7
Gatien is getting out of the penalty box
Gatien's new location is 11
The category is RAP
Question was incorrectly answered
Gatien was sent to the penalty box
Gatien is the current player
They have rolled a 7
Gatien is getting out of the penalty box
Gatien's new location is 11
The category is RAP
Question was incorrectly answered
Gatien was sent to the penalty box
Gatien is the current player
They have rolled a 7
Gatien is getting out of the penalty box
Gatien's new location is 6
The category is ROCK
Rock Question 247
Question was incorrectly answered
Gatien was sent to the penalty box
Gatien is the current player
They have rolled a 7
Gatien is getting out of the penalty box
Gatien's new location is 6
The category is ROCK
Rock Question 248
Question was incorrectly answered
Gatien was sent to the penalty box
Gatien is the current player
They have rolled a 7
Gatien is getting out of the penalty box
Gatien's new location is 1
The category is SCIENCE
Science Question 124
Question was incorrectly answered
Gatien was sent to the penalty box
Gatien is the current player
They have rolled a 7
Gatien is getting out of the penalty box
Gatien's new location is 1
The category is SCIENCE
Science Question 125
Question was incorrectly answered
Gatien was sent to the penalty box
Gatien is the current player
They have rolled a 7
Gatien is getting out of the penalty box
Gatien's new location is 8
The category is PHILO
Question was incorrectly answered
Gatien was sent to the penalty box
Gatien is the current player
They have rolled a 7
Gatien is getting out of the penalty box
Gatien's new location is 8
The category is PHILO
Question was incorrectly answered
Gatien was sent to the penalty box
Gatien is the current player
They have rolled a 7
Gatien is getting out of the penalty box
Gatien's new location is 3
The category is RAP
Question was incorrectly answered
Gatien was sent to the penalty box
Gatien is the current player
They have rolled a 7
Gatien is getting out of the penalty box
Gatien's new location is 3
The category is RAP
Question was incorrectly answered
Gatien was sent to the penalty box
Gatien is the current player
They have rolled a 7
Gatien is getting out of the penalty box
Gatien's new location is 10
The category is SPORT
Sports Question 249
Question was incorrectly answered
Gatien was sent to the penalty box
Gatien is the current player
They have rolled a 7
Gatien is getting out of the penalty box
Gatien's new location is 10
The category is SPORT
Sports Question 250
Question was incorrectly answered
Gatien was sent to the penalty box
Gatien is the current player
They have rolled a 7
Gatien is getting out of the penalty box
Gatien's new location is 5
The category is ROCK
Rock Question 249
Question was incorrectly answered
Gatien was sent to the penalty box
Gatien is the current player
They have rolled a 7
Gatien is getting out of the penalty box
Gatien's new location is 5
The category is ROCK
Rock Question 250
Question was incorrectly answered
Gatien was sent to the penalty box
Gatien is the current player
They have rolled a 7
Gatien is getting out of the penalty box
Gatien's new location is 0
The category is POP
Pop Question 124
Question was incorrectly answered
Gatien was sent to the penalty box
Gatien is the current player
They have rolled a 7
Gatien is getting out of the penalty box
Gatien's new location is 0
The category is POP
Pop Question 125
Question was incorrectly answered
Gatien was sent to the penalty box
Gatien is the current player
They have rolled a 7
Gatien is getting out of the penalty box
Gatien's new location is 7
The category is GEO
Question was incorrectly answered
Gatien was sent to the penalty box
Gatien is the current player
They have rolled a 7
Gatien is getting out of the penalty box
Gatien's new location is 7
The category is GEO
Question was incorrectly answered
Gatien was sent to the penalty box
Gatien is the current player
They have rolled a 7
Gatien is getting out of the penalty box
Gatien's new location is 2
The category is SPORT
Sports Question 251
Question was incorrectly answered
Gatien was sent to the penalty box
Gatien is the current player
They have rolled a 7
Gatien is getting out of the penalty box
Gatien's new location is 2
The category is SPORT
Sports Question 252
Question was incorrectly answered
Gatien was sent to the penalty box
Gatien is the current player
They have rolled a 7
Gatien is getting out of the penalty box
Gatien's new location is 9
The category is LITTERATURE
Question was incorrectly answered
Gatien was sent to the penalty box
Gatien is the current player
They have rolled a 7
Gatien is getting out of the penalty box
Gatien's new location is 9
The category is LITTERATURE
Question was incorrectly answered
Gatien was sent to the penalty box
Gatien is the current player
They have rolled a 7
Gatien is getting out of the penalty box
Gatien's new location is 4
The category is GEO
Question was incorrectly answered
Gatien was sent to the penalty box
Gatien is the current player
They have rolled a 7
Gatien is getting out of the penalty box
Gatien's new location is 4
The category is GEO
Question was incorrectly answered
Gatien was sent to the penalty box
Gatien is the current player
They have rolled a 7
Gatien is getting out of the penalty box
Gatien's new location is 11
The category is RAP
Question was incorrectly answered
Gatien was sent to the penalty box
Gatien is the current player
They have rolled a 7
Gatien is getting out of the penalty box
Gatien's new location is 11
The category is RAP
Question was incorrectly answered
Gatien was sent to the penalty box
Gatien is the current player
They have rolled a 7
Gatien is getting out of the penalty box
Gatien's new location is 6
The category is ROCK
Rock Question 251
Question was incorrectly answered
Gatien was sent to the penalty box
Gatien is the current player
They have rolled a 7
Gatien is getting out of the penalty box
Gatien's new location is 6
The category is ROCK
Rock Question 252
Question was incorrectly answered
Gatien was sent to the penalty box
Gatien is the current player
They have rolled a 7
Gatien is getting out of the penalty box
Gatien's new location is 1
The category is SCIENCE
Science Question 126
Question was incorrectly answered
Gatien was sent to the penalty box
Gatien is the current player
They have rolled a 7
Gatien is getting out of the penalty box
Gatien's new location is 1
The category is SCIENCE
Science Question 127
Question was incorrectly answered
Gatien was sent to the penalty box
Gatien is the current player
They have rolled a 7
Gatien is getting out of the penalty box
Gatien's new location is 8
The category is PHILO
Question was incorrectly answered
Gatien was sent to the penalty box
Gatien is the current player
They have rolled a 7
Gatien is getting out of the penalty box
Gatien's new location is 8
The category is PHILO
Question was incorrectly answered
Gatien was sent to the penalty box
Gatien is the current player
They have rolled a 7
Gatien is getting out of the penalty box
Gatien's new location is 3
The category is RAP
Question was incorrectly answered
Gatien was sent to the penalty box
Gatien is the current player
They have rolled a 7
Gatien is getting out of the penalty box
Gatien's new location is 3
The category is RAP
Question was incorrectly answered
Gatien was sent to the penalty box
Gatien is the current player
They have rolled a 7
Gatien is getting out of the penalty box
Gatien's new location is 10
The category is SPORT
Sports Question 253
Question was incorrectly answered
Gatien was sent to the penalty box
Gatien is the current player
They have rolled a 7
Gatien is getting out of the penalty box
Gatien's new location is 10
The category is SPORT
Sports Question 254
Question was incorrectly answered
Gatien was sent to the penalty box
Gatien is the current player
They have rolled a 7
Gatien is getting out of the penalty box
Gatien's new location is 5
The category is ROCK
Rock Question 253
Question was incorrectly answered
Gatien was sent to the penalty box
Gatien is the current player
They have rolled a 7
Gatien is getting out of the penalty box
Gatien's new location is 5
The category is ROCK
Rock Question 254
Question was incorrectly answered
Gatien was sent to the penalty box
Gatien is the current player
They have rolled a 7
Gatien is getting out of the penalty box
Gatien's new location is 0
The category is POP
Pop Question 126
Question was incorrectly answered
Gatien was sent to the penalty box
Gatien is the current player
They have rolled a 7
Gatien is getting out of the penalty box
Gatien's new location is 0
The category is POP
Pop Question 127
Question was incorrectly answered
Gatien was sent to the penalty box
Gatien is the current player
They have rolled a 7
Gatien is getting out of the penalty box
Gatien's new location is 7
The category is GEO
Question was incorrectly answered
Gatien was sent to the penalty box
Gatien is the current player
They have rolled a 7
Gatien is getting out of the penalty box
Gatien's new location is 7
The category is GEO
Question was incorrectly answered
Gatien was sent to the penalty box
Gatien is the current player
They have rolled a 7
Gatien is getting out of the penalty box
Gatien's new location is 2
The category is SPORT
Sports Question 255
Question was incorrectly answered
Gatien was sent to the penalty box
Gatien is the current player
They have rolled a 7
Gatien is getting out of the penalty box
Gatien's new location is 2
The category is SPORT
Sports Question 256
Question was incorrectly answered
Gatien was sent to the penalty box
Gatien is the current player
They have rolled a 7
Gatien is getting out of the penalty box
Gatien's new location is 9
The category is LITTERATURE
Question was incorrectly answered
Gatien was sent to the penalty box
Gatien is the current player
They have rolled a 7
Gatien is getting out of the penalty box
Gatien's new location is 9
The category is LITTERATURE
Question was incorrectly answered
Gatien was sent to the penalty box
Gatien is the current player
They have rolled a 7
Gatien is getting out of the penalty box
Gatien's new location is 4
The category is GEO
Question was incorrectly answered
Gatien was sent to the penalty box
Gatien is the current player
They have rolled a 7
Gatien is getting out of the penalty box
Gatien's new location is 4
The category is GEO
Question was incorrectly answered
Gatien was sent to the penalty box
Gatien is the current player
They have rolled a 7
Gatien is getting out of the penalty box
Gatien's new location is 11
The category is RAP
Question was incorrectly answered
Gatien was sent to the penalty box
Gatien is the current player
They have rolled a 7
Gatien is getting out of the penalty box
Gatien's new location is 11
The category is RAP
Question was incorrectly answered
Gatien was sent to the penalty box
Gatien is the current player
They have rolled a 7
Gatien is getting out of the penalty box
Gatien's new location is 6
The category is ROCK
Rock Question 255
Question was incorrectly answered
Gatien was sent to the penalty box
Gatien is the current player
They have rolled a 7
Gatien is getting out of the penalty box
Gatien's new location is 6
The category is ROCK
Rock Question 256
Question was incorrectly answered
Gatien was sent to the penalty box
Gatien is the current player
They have rolled a 7
Gatien is getting out of the penalty box
Gatien's new location is 1
The category is SCIENCE
Science Question 128
Question was incorrectly answered
Gatien was sent to the penalty box
Gatien is the current player
They have rolled a 7
Gatien is getting out of the penalty box
Gatien's new location is 1
The category is SCIENCE
Science Question 129
Question was incorrectly answered
Gatien was sent to the penalty box
Gatien is the current player
They have rolled a 7
Gatien is getting out of the penalty box
Gatien's new location is 8
The category is PHILO
Question was incorrectly answered
Gatien was sent to the penalty box
Gatien is the current player
They have rolled a 7
Gatien is getting out of the penalty box
Gatien's new location is 8
The category is PHILO
Question was incorrectly answered
Gatien was sent to the penalty box
Gatien is the current player
They have rolled a 7
Gatien is getting out of the penalty box
Gatien's new location is 3
The category is RAP
Question was incorrectly answered
Gatien was sent to the penalty box
Gatien is the current player
They have rolled a 7
Gatien is getting out of the penalty box
Gatien's new location is 3
The category is RAP
Question was incorrectly answered
Gatien was sent to the penalty box
Gatien is the current player
They have rolled a 7
Gatien is getting out of the penalty box
Gatien's new location is 10
The category is SPORT
Sports Question 257
Question was incorrectly answered
Gatien was sent to the penalty box
Gatien is the current player
They have rolled a 7
Gatien is getting out of the penalty box
Gatien's new location is 10
The category is SPORT
Sports Question 258
Question was incorrectly answered
Gatien was sent to the penalty box
Gatien is the current player
They have rolled a 7
Gatien is getting out of the penalty box
Gatien's new location is 5
The category is ROCK
Rock Question 257
Question was incorrectly answered
Gatien was sent to the penalty box
Gatien is the current player
They have rolled a 7
Gatien is getting out of the penalty box
Gatien's new location is 5
The category is ROCK
Rock Question 258
Question was incorrectly answered
Gatien was sent to the penalty box
Gatien is the current player
They have rolled a 7
Gatien is getting out of the penalty box
Gatien's new location is 0
The category is POP
Pop Question 128
Question was incorrectly answered
Gatien was sent to the penalty box
Gatien is the current player
They have rolled a 7
Gatien is getting out of the penalty box
Gatien's new location is 0
The category is POP
Pop Question 129
Question was incorrectly answered
Gatien was sent to the penalty box
Gatien is the current player
They have rolled a 7
Gatien is getting out of the penalty box
Gatien's new location is 7
The category is GEO
Question was incorrectly answered
Gatien was sent to the penalty box
Gatien is the current player
They have rolled a 7
Gatien is getting out of the penalty box
Gatien's new location is 7
The category is GEO
Question was incorrectly answered
Gatien was sent to the penalty box
Gatien is the current player
They have rolled a 7
Gatien is getting out of the penalty box
Gatien's new location is 2
The category is SPORT
Sports Question 259
Question was incorrectly answered
Gatien was sent to the penalty box
Gatien is the current player
They have rolled a 7
Gatien is getting out of the penalty box
Gatien's new location is 2
The category is SPORT
Sports Question 260
Question was incorrectly answered
Gatien was sent to the penalty box
Gatien is the current player
They have rolled a 7
Gatien is getting out of the penalty box
Gatien's new location is 9
The category is LITTERATURE
Question was incorrectly answered
Gatien was sent to the penalty box
Gatien is the current player
They have rolled a 7
Gatien is getting out of the penalty box
Gatien's new location is 9
The category is LITTERATURE
Question was incorrectly answered
Gatien was sent to the penalty box
Gatien is the current player
They have rolled a 7
Gatien is getting out of the penalty box
Gatien's new location is 4
The category is GEO
Question was incorrectly answered
Gatien was sent to the penalty box
Gatien is the current player
They have rolled a 7
Gatien is getting out of the penalty box
Gatien's new location is 4
The category is GEO
Question was incorrectly answered
Gatien was sent to the penalty box
Gatien is the current player
They have rolled a 7
Gatien is getting out of the penalty box
Gatien's new location is 11
The category is RAP
Question was incorrectly answered
Gatien was sent to the penalty box
Gatien is the current player
They have rolled a 7
Gatien is getting out of the penalty box
Gatien's new location is 11
The category is RAP
Question was incorrectly answered
Gatien was sent to the penalty box
Gatien is the current player
They have rolled a 7
Gatien is getting out of the penalty box
Gatien's new location is 6
The category is ROCK
Rock Question 259
Question was incorrectly answered
Gatien was sent to the penalty box
Gatien is the current player
They have rolled a 7
Gatien is getting out of the penalty box
Gatien's new location is 6
The category is ROCK
Rock Question 260
Question was incorrectly answered
Gatien was sent to the penalty box
Gatien is the current player
They have rolled a 7
Gatien is getting out of the penalty box
Gatien's new location is 1
The category is SCIENCE
Science Question 130
Question was incorrectly answered
Gatien was sent to the penalty box
Gatien is the current player
They have rolled a 7
Gatien is getting out of the penalty box
Gatien's new location is 1
The category is SCIENCE
Science Question 131
Question was incorrectly answered
Gatien was sent to the penalty box
Gatien is the current player
They have rolled a 7
Gatien is getting out of the penalty box
Gatien's new location is 8
The category is PHILO
Question was incorrectly answered
Gatien was sent to the penalty box
Gatien is the current player
They have rolled a 7
Gatien is getting out of the penalty box
Gatien's new location is 8
The category is PHILO
Question was incorrectly answered
Gatien was sent to the penalty box
Gatien is the current player
They have rolled a 7
Gatien is getting out of the penalty box
Gatien's new location is 3
The category is RAP
Question was incorrectly answered
Gatien was sent to the penalty box
Gatien is the current player
They have rolled a 7
Gatien is getting out of the penalty box
Gatien's new location is 3
The category is RAP
Question was incorrectly answered
Gatien was sent to the penalty box
Gatien is the current player
They have rolled a 7
Gatien is getting out of the penalty box
Gatien's new location is 10
The category is SPORT
Sports Question 261
Question was incorrectly answered
Gatien was sent to the penalty box
Gatien is the current player
They have rolled a 7
Gatien is getting out of the penalty box
Gatien's new location is 10
The category is SPORT
Sports Question 262
Question was incorrectly answered
Gatien was sent to the penalty box
Gatien is the current player
They have rolled a 7
Gatien is getting out of the penalty box
Gatien's new location is 5
The category is ROCK
Rock Question 261
Question was incorrectly answered
Gatien was sent to the penalty box
Gatien is the current player
They have rolled a 7
Gatien is getting out of the penalty box
Gatien's new location is 5
The category is ROCK
Rock Question 262
Question was incorrectly answered
Gatien was sent to the penalty box
Gatien is the current player
They have rolled a 7
Gatien is getting out of the penalty box
Gatien's new location is 0
The category is POP
Pop Question 130
Question was incorrectly answered
Gatien was sent to the penalty box
Gatien is the current player
They have rolled a 7
Gatien is getting out of the penalty box
Gatien's new location is 0
The category is POP
Pop Question 131
Question was incorrectly answered
Gatien was sent to the penalty box
Gatien is the current player
They have rolled a 7
Gatien is getting out of the penalty box
Gatien's new location is 7
The category is GEO
Question was incorrectly answered
Gatien was sent to the penalty box
Gatien is the current player
They have rolled a 7
Gatien is getting out of the penalty box
Gatien's new location is 7
The category is GEO
Question was incorrectly answered
Gatien was sent to the penalty box
Gatien is the current player
They have rolled a 7
Gatien is getting out of the penalty box
Gatien's new location is 2
The category is SPORT
Sports Question 263
Question was incorrectly answered
Gatien was sent to the penalty box
Gatien is the current player
They have rolled a 7
Gatien is getting out of the penalty box
Gatien's new location is 2
The category is SPORT
Sports Question 264
Question was incorrectly answered
Gatien was sent to the penalty box
Gatien is the current player
They have rolled a 7
Gatien is getting out of the penalty box
Gatien's new location is 9
The category is LITTERATURE
Question was incorrectly answered
Gatien was sent to the penalty box
Gatien is the current player
They have rolled a 7
Gatien is getting out of the penalty box
Gatien's new location is 9
The category is LITTERATURE
Question was incorrectly answered
Gatien was sent to the penalty box
Gatien is the current player
They have rolled a 7
Gatien is getting out of the penalty box
Gatien's new location is 4
The category is GEO
Question was incorrectly answered
Gatien was sent to the penalty box
Gatien is the current player
They have rolled a 7
Gatien is getting out of the penalty box
Gatien's new location is 4
The category is GEO
Question was incorrectly answered
Gatien was sent to the penalty box
Gatien is the current player
They have rolled a 7
Gatien is getting out of the penalty box
Gatien's new location is 11
The category is RAP
Question was incorrectly answered
Gatien was sent to the penalty box
Gatien is the current player
They have rolled a 7
Gatien is getting out of the penalty box
Gatien's new location is 11
The category is RAP
Question was incorrectly answered
Gatien was sent to the penalty box
Gatien is the current player
They have rolled a 7
Gatien is getting out of the penalty box
Gatien's new location is 6
The category is ROCK
Rock Question 263
Question was incorrectly answered
Gatien was sent to the penalty box
Gatien is the current player
They have rolled a 7
Gatien is getting out of the penalty box
Gatien's new location is 6
The category is ROCK
Rock Question 264
Question was incorrectly answered
Gatien was sent to the penalty box
Gatien is the current player
They have rolled a 7
Gatien is getting out of the penalty box
Gatien's new location is 1
The category is SCIENCE
Science Question 132
Question was incorrectly answered
Gatien was sent to the penalty box
Gatien is the current player
They have rolled a 7
Gatien is getting out of the penalty box
Gatien's new location is 1
The category is SCIENCE
Science Question 133
Question was incorrectly answered
Gatien was sent to the penalty box
Gatien is the current player
They have rolled a 7
Gatien is getting out of the penalty box
Gatien's new location is 8
The category is PHILO
Question was incorrectly answered
Gatien was sent to the penalty box
Gatien is the current player
They have rolled a 7
Gatien is getting out of the penalty box
Gatien's new location is 8
The category is PHILO
Question was incorrectly answered
Gatien was sent to the penalty box
Gatien is the current player
They have rolled a 7
Gatien is getting out of the penalty box
Gatien's new location is 3
The category is RAP
Question was incorrectly answered
Gatien was sent to the penalty box
Gatien is the current player
They have rolled a 7
Gatien is getting out of the penalty box
Gatien's new location is 3
The category is RAP
Question was incorrectly answered
Gatien was sent to the penalty box
Gatien is the current player
They have rolled a 7
Gatien is getting out of the penalty box
Gatien's new location is 10
The category is SPORT
Sports Question 265
Question was incorrectly answered
Gatien was sent to the penalty box
Gatien is the current player
They have rolled a 7
Gatien is getting out of the penalty box
Gatien's new location is 10
The category is SPORT
Sports Question 266
Question was incorrectly answered
Gatien was sent to the penalty box
Gatien is the current player
They have rolled a 7
Gatien is getting out of the penalty box
Gatien's new location is 5
The category is ROCK
Rock Question 265
Question was incorrectly answered
Gatien was sent to the penalty box
Gatien is the current player
They have rolled a 7
Gatien is getting out of the penalty box
Gatien's new location is 5
The category is ROCK
Rock Question 266
Question was incorrectly answered
Gatien was sent to the penalty box
Gatien is the current player
They have rolled a 7
Gatien is getting out of the penalty box
Gatien's new location is 0
The category is POP
Pop Question 132
Question was incorrectly answered
Gatien was sent to the penalty box
Gatien is the current player
They have rolled a 7
Gatien is getting out of the penalty box
Gatien's new location is 0
The category is POP
Pop Question 133
Question was incorrectly answered
Gatien was sent to the penalty box
Gatien is the current player
They have rolled a 7
Gatien is getting out of the penalty box
Gatien's new location is 7
The category is GEO
Question was incorrectly answered
Gatien was sent to the penalty box
Gatien is the current player
They have rolled a 7
Gatien is getting out of the penalty box
Gatien's new location is 7
The category is GEO
Question was incorrectly answered
Gatien was sent to the penalty box
Gatien is the current player
They have rolled a 7
Gatien is getting out of the penalty box
Gatien's new location is 2
The category is SPORT
Sports Question 267
Question was incorrectly answered
Gatien was sent to the penalty box
Gatien is the current player
They have rolled a 7
Gatien is getting out of the penalty box
Gatien's new location is 2
The category is SPORT
Sports Question 268
Question was incorrectly answered
Gatien was sent to the penalty box
Gatien is the current player
They have rolled a 7
Gatien is getting out of the penalty box
Gatien's new location is 9
The category is LITTERATURE
Question was incorrectly answered
Gatien was sent to the penalty box
Gatien is the current player
They have rolled a 7
Gatien is getting out of the penalty box
Gatien's new location is 9
The category is LITTERATURE
Question was incorrectly answered
Gatien was sent to the penalty box
Gatien is the current player
They have rolled a 7
Gatien is getting out of the penalty box
Gatien's new location is 4
The category is GEO
Question was incorrectly answered
Gatien was sent to the penalty box
Gatien is the current player
They have rolled a 7
Gatien is getting out of the penalty box
Gatien's new location is 4
The category is GEO
Question was incorrectly answered
Gatien was sent to the penalty box
Gatien is the current player
They have rolled a 7
Gatien is getting out of the penalty box
Gatien's new location is 11
The category is RAP
Question was incorrectly answered
Gatien was sent to the penalty box
Gatien is the current player
They have rolled a 7
Gatien is getting out of the penalty box
Gatien's new location is 11
The category is RAP
Question was incorrectly answered
Gatien was sent to the penalty box
Gatien is the current player
They have rolled a 7
Gatien is getting out of the penalty box
Gatien's new location is 6
The category is ROCK
Rock Question 267
Question was incorrectly answered
Gatien was sent to the penalty box
Gatien is the current player
They have rolled a 7
Gatien is getting out of the penalty box
Gatien's new location is 6
The category is ROCK
Rock Question 268
Question was incorrectly answered
Gatien was sent to the penalty box
Gatien is the current player
They have rolled a 7
Gatien is getting out of the penalty box
Gatien's new location is 1
The category is SCIENCE
Science Question 134
Question was incorrectly answered
Gatien was sent to the penalty box
Gatien is the current player
They have rolled a 7
Gatien is getting out of the penalty box
Gatien's new location is 1
The category is SCIENCE
Science Question 135
Question was incorrectly answered
Gatien was sent to the penalty box
Gatien is the current player
They have rolled a 7
Gatien is getting out of the penalty box
Gatien's new location is 8
The category is PHILO
Question was incorrectly answered
Gatien was sent to the penalty box
Gatien is the current player
They have rolled a 7
Gatien is getting out of the penalty box
Gatien's new location is 8
The category is PHILO
Question was incorrectly answered
Gatien was sent to the penalty box
Gatien is the current player
They have rolled a 7
Gatien is getting out of the penalty box
Gatien's new location is 3
The category is RAP
Question was incorrectly answered
Gatien was sent to the penalty box
Gatien is the current player
They have rolled a 7
Gatien is getting out of the penalty box
Gatien's new location is 3
The category is RAP
Question was incorrectly answered
Gatien was sent to the penalty box
Gatien is the current player
They have rolled a 7
Gatien is getting out of the penalty box
Gatien's new location is 10
The category is SPORT
Sports Question 269
Question was incorrectly answered
Gatien was sent to the penalty box
Gatien is the current player
They have rolled a 7
Gatien is getting out of the penalty box
Gatien's new location is 10
The category is SPORT
Sports Question 270
Question was incorrectly answered
Gatien was sent to the penalty box
Gatien is the current player
They have rolled a 7
Gatien is getting out of the penalty box
Gatien's new location is 5
The category is ROCK
Rock Question 269
Question was incorrectly answered
Gatien was sent to the penalty box
Gatien is the current player
They have rolled a 7
Gatien is getting out of the penalty box
Gatien's new location is 5
The category is ROCK
Rock Question 270
Question was incorrectly answered
Gatien was sent to the penalty box
Gatien is the current player
They have rolled a 7
Gatien is getting out of the penalty box
Gatien's new location is 0
The category is POP
Pop Question 134
Question was incorrectly answered
Gatien was sent to the penalty box
Gatien is the current player
They have rolled a 7
Gatien is getting out of the penalty box
Gatien's new location is 0
The category is POP
Pop Question 135
Question was incorrectly answered
Gatien was sent to the penalty box
Gatien is the current player
They have rolled a 7
Gatien is getting out of the penalty box
Gatien's new location is 7
The category is GEO
Question was incorrectly answered
Gatien was sent to the penalty box
Gatien is the current player
They have rolled a 7
Gatien is getting out of the penalty box
Gatien's new location is 7
The category is GEO
Question was incorrectly answered
Gatien was sent to the penalty box
Gatien is the current player
They have rolled a 7
Gatien is getting out of the penalty box
Gatien's new location is 2
The category is SPORT
Sports Question 271
Question was incorrectly answered
Gatien was sent to the penalty box
Gatien is the current player
They have rolled a 7
Gatien is getting out of the penalty box
Gatien's new location is 2
The category is SPORT
Sports Question 272
Question was incorrectly answered
Gatien was sent to the penalty box
Gatien is the current player
They have rolled a 7
Gatien is getting out of the penalty box
Gatien's new location is 9
The category is LITTERATURE
Question was incorrectly answered
Gatien was sent to the penalty box
Gatien is the current player
They have rolled a 7
Gatien is getting out of the penalty box
Gatien's new location is 9
The category is LITTERATURE
Question was incorrectly answered
Gatien was sent to the penalty box
Gatien is the current player
They have rolled a 7
Gatien is getting out of the penalty box
Gatien's new location is 4
The category is GEO
Question was incorrectly answered
Gatien was sent to the penalty box
Gatien is the current player
They have rolled a 7
Gatien is getting out of the penalty box
Gatien's new location is 4
The category is GEO
Question was incorrectly answered
Gatien was sent to the penalty box
Gatien is the current player
They have rolled a 7
Gatien is getting out of the penalty box
Gatien's new location is 11
The category is RAP
Question was incorrectly answered
Gatien was sent to the penalty box
Gatien is the current player
They have rolled a 7
Gatien is getting out of the penalty box
Gatien's new location is 11
The category is RAP
Question was incorrectly answered
Gatien was sent to the penalty box
Gatien is the current player
They have rolled a 7
Gatien is getting out of the penalty box
Gatien's new location is 6
The category is ROCK
Rock Question 271
Question was incorrectly answered
Gatien was sent to the penalty box
Gatien is the current player
They have rolled a 7
Gatien is getting out of the penalty box
Gatien's new location is 6
The category is ROCK
Rock Question 272
Question was incorrectly answered
Gatien was sent to the penalty box
Gatien is the current player
They have rolled a 7
Gatien is getting out of the penalty box
Gatien's new location is 1
The category is SCIENCE
Science Question 136
Question was incorrectly answered
Gatien was sent to the penalty box
Gatien is the current player
They have rolled a 7
Gatien is getting out of the penalty box
Gatien's new location is 1
The category is SCIENCE
Science Question 137
Question was incorrectly answered
Gatien was sent to the penalty box
Gatien is the current player
They have rolled a 7
Gatien is getting out of the penalty box
Gatien's new location is 8
The category is PHILO
Question was incorrectly answered
Gatien was sent to the penalty box
Gatien is the current player
They have rolled a 7
Gatien is getting out of the penalty box
Gatien's new location is 8
The category is PHILO
Question was incorrectly answered
Gatien was sent to the penalty box
Gatien is the current player
They have rolled a 7
Gatien is getting out of the penalty box
Gatien's new location is 3
The category is RAP
Question was incorrectly answered
Gatien was sent to the penalty box
Gatien is the current player
They have rolled a 7
Gatien is getting out of the penalty box
Gatien's new location is 3
The category is RAP
Question was incorrectly answered
Gatien was sent to the penalty box
Gatien is the current player
They have rolled a 7
Gatien is getting out of the penalty box
Gatien's new location is 10
The category is SPORT
Sports Question 273
Question was incorrectly answered
Gatien was sent to the penalty box
Gatien is the current player
They have rolled a 7
Gatien is getting out of the penalty box
Gatien's new location is 10
The category is SPORT
Sports Question 274
Question was incorrectly answered
Gatien was sent to the penalty box
Gatien is the current player
They have rolled a 7
Gatien is getting out of the penalty box
Gatien's new location is 5
The category is ROCK
Rock Question 273
Question was incorrectly answered
Gatien was sent to the penalty box
Gatien is the current player
They have rolled a 7
Gatien is getting out of the penalty box
Gatien's new location is 5
The category is ROCK
Rock Question 274
Question was incorrectly answered
Gatien was sent to the penalty box
Gatien is the current player
They have rolled a 7
Gatien is getting out of the penalty box
Gatien's new location is 0
The category is POP
Pop Question 136
Question was incorrectly answered
Gatien was sent to the penalty box
Gatien is the current player
They have rolled a 7
Gatien is getting out of the penalty box
Gatien's new location is 0
The category is POP
Pop Question 137
Question was incorrectly answered
Gatien was sent to the penalty box
Gatien is the current player
They have rolled a 7
Gatien is getting out of the penalty box
Gatien's new location is 7
The category is GEO
Question was incorrectly answered
Gatien was sent to the penalty box
Gatien is the current player
They have rolled a 7
Gatien is getting out of the penalty box
Gatien's new location is 7
The category is GEO
Question was incorrectly answered
Gatien was sent to the penalty box
Gatien is the current player
They have rolled a 7
Gatien is getting out of the penalty box
Gatien's new location is 2
The category is SPORT
Sports Question 275
Question was incorrectly answered
Gatien was sent to the penalty box
Gatien is the current player
They have rolled a 7
Gatien is getting out of the penalty box
Gatien's new location is 2
The category is SPORT
Sports Question 276
Question was incorrectly answered
Gatien was sent to the penalty box
Gatien is the current player
They have rolled a 7
Gatien is getting out of the penalty box
Gatien's new location is 9
The category is LITTERATURE
Question was incorrectly answered
Gatien was sent to the penalty box
Gatien is the current player
They have rolled a 7
Gatien is getting out of the penalty box
Gatien's new location is 9
The category is LITTERATURE
Question was incorrectly answered
Gatien was sent to the penalty box
Gatien is the current player
They have rolled a 7
Gatien is getting out of the penalty box
Gatien's new location is 4
The category is GEO
Question was incorrectly answered
Gatien was sent to the penalty box
Gatien is the current player
They have rolled a 7
Gatien is getting out of the penalty box
Gatien's new location is 4
The category is GEO
Question was incorrectly answered
Gatien was sent to the penalty box
Gatien is the current player
They have rolled a 7
Gatien is getting out of the penalty box
Gatien's new location is 11
The category is RAP
Question was incorrectly answered
Gatien was sent to the penalty box
Gatien is the current player
They have rolled a 7
Gatien is getting out of the penalty box
Gatien's new location is 11
The category is RAP
Question was incorrectly answered
Gatien was sent to the penalty box
Gatien is the current player
They have rolled a 7
Gatien is getting out of the penalty box
Gatien's new location is 6
The category is ROCK
Rock Question 275
Question was incorrectly answered
Gatien was sent to the penalty box
Gatien is the current player
They have rolled a 7
Gatien is getting out of the penalty box
Gatien's new location is 6
The category is ROCK
Rock Question 276
Question was incorrectly answered
Gatien was sent to the penalty box
Gatien is the current player
They have rolled a 7
Gatien is getting out of the penalty box
Gatien's new location is 1
The category is SCIENCE
Science Question 138
Question was incorrectly answered
Gatien was sent to the penalty box
Gatien is the current player
They have rolled a 7
Gatien is getting out of the penalty box
Gatien's new location is 1
The category is SCIENCE
Science Question 139
Question was incorrectly answered
Gatien was sent to the penalty box
Gatien is the current player
They have rolled a 7
Gatien is getting out of the penalty box
Gatien's new location is 8
The category is PHILO
Question was incorrectly answered
Gatien was sent to the penalty box
Gatien is the current player
They have rolled a 7
Gatien is getting out of the penalty box
Gatien's new location is 8
The category is PHILO
Question was incorrectly answered
Gatien was sent to the penalty box
Gatien is the current player
They have rolled a 7
Gatien is getting out of the penalty box
Gatien's new location is 3
The category is RAP
Question was incorrectly answered
Gatien was sent to the penalty box
Gatien is the current player
They have rolled a 7
Gatien is getting out of the penalty box
Gatien's new location is 3
The category is RAP
Question was incorrectly answered
Gatien was sent to the penalty box
Gatien is the current player
They have rolled a 7
Gatien is getting out of the penalty box
Gatien's new location is 10
The category is SPORT
Sports Question 277
Question was incorrectly answered
Gatien was sent to the penalty box
Gatien is the current player
They have rolled a 7
Gatien is getting out of the penalty box
Gatien's new location is 10
The category is SPORT
Sports Question 278
Question was incorrectly answered
Gatien was sent to the penalty box
Gatien is the current player
They have rolled a 7
Gatien is getting out of the penalty box
Gatien's new location is 5
The category is ROCK
Rock Question 277
Question was incorrectly answered
Gatien was sent to the penalty box
Gatien is the current player
They have rolled a 7
Gatien is getting out of the penalty box
Gatien's new location is 5
The category is ROCK
Rock Question 278
Question was incorrectly answered
Gatien was sent to the penalty box
Gatien is the current player
They have rolled a 7
Gatien is getting out of the penalty box
Gatien's new location is 0
The category is POP
Pop Question 138
Question was incorrectly answered
Gatien was sent to the penalty box
Gatien is the current player
They have rolled a 7
Gatien is getting out of the penalty box
Gatien's new location is 0
The category is POP
Pop Question 139
Question was incorrectly answered
Gatien was sent to the penalty box
Gatien is the current player
They have rolled a 7
Gatien is getting out of the penalty box
Gatien's new location is 7
The category is GEO
Question was incorrectly answered
Gatien was sent to the penalty box
Gatien is the current player
They have rolled a 7
Gatien is getting out of the penalty box
Gatien's new location is 7
The category is GEO
Question was incorrectly answered
Gatien was sent to the penalty box
Gatien is the current player
They have rolled a 7
Gatien is getting out of the penalty box
Gatien's new location is 2
The category is SPORT
Sports Question 279
Question was incorrectly answered
Gatien was sent to the penalty box
Gatien is the current player
They have rolled a 7
Gatien is getting out of the penalty box
Gatien's new location is 2
The category is SPORT
Sports Question 280
Question was incorrectly answered
Gatien was sent to the penalty box
Gatien is the current player
They have rolled a 7
Gatien is getting out of the penalty box
Gatien's new location is 9
The category is LITTERATURE
Question was incorrectly answered
Gatien was sent to the penalty box
Gatien is the current player
They have rolled a 7
Gatien is getting out of the penalty box
Gatien's new location is 9
The category is LITTERATURE
Question was incorrectly answered
Gatien was sent to the penalty box
Gatien is the current player
They have rolled a 7
Gatien is getting out of the penalty box
Gatien's new location is 4
The category is GEO
Question was incorrectly answered
Gatien was sent to the penalty box
Gatien is the current player
They have rolled a 7
Gatien is getting out of the penalty box
Gatien's new location is 4
The category is GEO
Question was incorrectly answered
Gatien was sent to the penalty box
Gatien is the current player
They have rolled a 7
Gatien is getting out of the penalty box
Gatien's new location is 11
The category is RAP
Question was incorrectly answered
Gatien was sent to the penalty box
Gatien is the current player
They have rolled a 7
Gatien is getting out of the penalty box
Gatien's new location is 11
The category is RAP
Question was incorrectly answered
Gatien was sent to the penalty box
Gatien is the current player
They have rolled a 7
Gatien is getting out of the penalty box
Gatien's new location is 6
The category is ROCK
Rock Question 279
Question was incorrectly answered
Gatien was sent to the penalty box
Gatien is the current player
They have rolled a 7
Gatien is getting out of the penalty box
Gatien's new location is 6
The category is ROCK
Rock Question 280
Question was incorrectly answered
Gatien was sent to the penalty box
Gatien is the current player
They have rolled a 7
Gatien is getting out of the penalty box
Gatien's new location is 1
The category is SCIENCE
Science Question 140
Question was incorrectly answered
Gatien was sent to the penalty box
Gatien is the current player
They have rolled a 7
Gatien is getting out of the penalty box
Gatien's new location is 1
The category is SCIENCE
Science Question 141
Question was incorrectly answered
Gatien was sent to the penalty box
Gatien is the current player
They have rolled a 7
Gatien is getting out of the penalty box
Gatien's new location is 8
The category is PHILO
Question was incorrectly answered
Gatien was sent to the penalty box
Gatien is the current player
They have rolled a 7
Gatien is getting out of the penalty box
Gatien's new location is 8
The category is PHILO
Question was incorrectly answered
Gatien was sent to the penalty box
Gatien is the current player
They have rolled a 7
Gatien is getting out of the penalty box
Gatien's new location is 3
The category is RAP
Question was incorrectly answered
Gatien was sent to the penalty box
Gatien is the current player
They have rolled a 7
Gatien is getting out of the penalty box
Gatien's new location is 3
The category is RAP
Question was incorrectly answered
Gatien was sent to the penalty box
Gatien is the current player
They have rolled a 7
Gatien is getting out of the penalty box
Gatien's new location is 10
The category is SPORT
Sports Question 281
Question was incorrectly answered
Gatien was sent to the penalty box
Gatien is the current player
They have rolled a 7
Gatien is getting out of the penalty box
Gatien's new location is 10
The category is SPORT
Sports Question 282
Question was incorrectly answered
Gatien was sent to the penalty box
Gatien is the current player
They have rolled a 7
Gatien is getting out of the penalty box
Gatien's new location is 5
The category is ROCK
Rock Question 281
Question was incorrectly answered
Gatien was sent to the penalty box
Gatien is the current player
They have rolled a 7
Gatien is getting out of the penalty box
Gatien's new location is 5
The category is ROCK
Rock Question 282
Question was incorrectly answered
Gatien was sent to the penalty box
Gatien is the current player
They have rolled a 7
Gatien is getting out of the penalty box
Gatien's new location is 0
The category is POP
Pop Question 140
Question was incorrectly answered
Gatien was sent to the penalty box
Gatien is the current player
They have rolled a 7
Gatien is getting out of the penalty box
Gatien's new location is 0
The category is POP
Pop Question 141
Question was incorrectly answered
Gatien was sent to the penalty box
Gatien is the current player
They have rolled a 7
Gatien is getting out of the penalty box
Gatien's new location is 7
The category is GEO
Question was incorrectly answered
Gatien was sent to the penalty box
Gatien is the current player
They have rolled a 7
Gatien is getting out of the penalty box
Gatien's new location is 7
The category is GEO
Question was incorrectly answered
Gatien was sent to the penalty box
Gatien is the current player
They have rolled a 7
Gatien is getting out of the penalty box
Gatien's new location is 2
The category is SPORT
Sports Question 283
Question was incorrectly answered
Gatien was sent to the penalty box
Gatien is the current player
They have rolled a 7
Gatien is getting out of the penalty box
Gatien's new location is 2
The category is SPORT
Sports Question 284
Question was incorrectly answered
Gatien was sent to the penalty box
Gatien is the current player
They have rolled a 7
Gatien is getting out of the penalty box
Gatien's new location is 9
The category is LITTERATURE
Question was incorrectly answered
Gatien was sent to the penalty box
Gatien is the current player
They have rolled a 7
Gatien is getting out of the penalty box
Gatien's new location is 9
The category is LITTERATURE
Question was incorrectly answered
Gatien was sent to the penalty box
Gatien is the current player
They have rolled a 7
Gatien is getting out of the penalty box
Gatien's new location is 4
The category is GEO
Question was incorrectly answered
Gatien was sent to the penalty box
Gatien is the current player
They have rolled a 7
Gatien is getting out of the penalty box
Gatien's new location is 4
The category is GEO
Question was incorrectly answered
Gatien was sent to the penalty box
Gatien is the current player
They have rolled a 7
Gatien is getting out of the penalty box
Gatien's new location is 11
The category is RAP
Question was incorrectly answered
Gatien was sent to the penalty box
Gatien is the current player
They have rolled a 7
Gatien is getting out of the penalty box
Gatien's new location is 11
The category is RAP
Question was incorrectly answered
Gatien was sent to the penalty box
Gatien is the current player
They have rolled a 7
Gatien is getting out of the penalty box
Gatien's new location is 6
The category is ROCK
Rock Question 283
Question was incorrectly answered
Gatien was sent to the penalty box
Gatien is the current player
They have rolled a 7
Gatien is getting out of the penalty box
Gatien's new location is 6
The category is ROCK
Rock Question 284
Question was incorrectly answered
Gatien was sent to the penalty box
Gatien is the current player
They have rolled a 7
Gatien is getting out of the penalty box
Gatien's new location is 1
The category is SCIENCE
Science Question 142
Question was incorrectly answered
Gatien was sent to the penalty box
Gatien is the current player
They have rolled a 7
Gatien is getting out of the penalty box
Gatien's new location is 1
The category is SCIENCE
Science Question 143
Question was incorrectly answered
Gatien was sent to the penalty box
Gatien is the current player
They have rolled a 7
Gatien is getting out of the penalty box
Gatien's new location is 8
The category is PHILO
Question was incorrectly answered
Gatien was sent to the penalty box
Gatien is the current player
They have rolled a 7
Gatien is getting out of the penalty box
Gatien's new location is 8
The category is PHILO
Question was incorrectly answered
Gatien was sent to the penalty box
Gatien is the current player
They have rolled a 7
Gatien is getting out of the penalty box
Gatien's new location is 3
The category is RAP
Question was incorrectly answered
Gatien was sent to the penalty box
Gatien is the current player
They have rolled a 7
Gatien is getting out of the penalty box
Gatien's new location is 3
The category is RAP
Question was incorrectly answered
Gatien was sent to the penalty box
Gatien is the current player
They have rolled a 7
Gatien is getting out of the penalty box
Gatien's new location is 10
The category is SPORT
Sports Question 285
Question was incorrectly answered
Gatien was sent to the penalty box
Gatien is the current player
They have rolled a 7
Gatien is getting out of the penalty box
Gatien's new location is 10
The category is SPORT
Sports Question 286
Question was incorrectly answered
Gatien was sent to the penalty box
Gatien is the current player
They have rolled a 7
Gatien is getting out of the penalty box
Gatien's new location is 5
The category is ROCK
Rock Question 285
Question was incorrectly answered
Gatien was sent to the penalty box
Gatien is the current player
They have rolled a 7
Gatien is getting out of the penalty box
Gatien's new location is 5
The category is ROCK
Rock Question 286
Question was incorrectly answered
Gatien was sent to the penalty box
Gatien is the current player
They have rolled a 7
Gatien is getting out of the penalty box
Gatien's new location is 0
The category is POP
Pop Question 142
Question was incorrectly answered
Gatien was sent to the penalty box
Gatien is the current player
They have rolled a 7
Gatien is getting out of the penalty box
Gatien's new location is 0
The category is POP
Pop Question 143
Question was incorrectly answered
Gatien was sent to the penalty box
Gatien is the current player
They have rolled a 7
Gatien is getting out of the penalty box
Gatien's new location is 7
The category is GEO
Question was incorrectly answered
Gatien was sent to the penalty box
Gatien is the current player
They have rolled a 7
Gatien is getting out of the penalty box
Gatien's new location is 7
The category is GEO
Question was incorrectly answered
Gatien was sent to the penalty box
Gatien is the current player
They have rolled a 7
Gatien is getting out of the penalty box
Gatien's new location is 2
The category is SPORT
Sports Question 287
Question was incorrectly answered
Gatien was sent to the penalty box
Gatien is the current player
They have rolled a 7
Gatien is getting out of the penalty box
Gatien's new location is 2
The category is SPORT
Sports Question 288
Question was incorrectly answered
Gatien was sent to the penalty box
Gatien is the current player
They have rolled a 7
Gatien is getting out of the penalty box
Gatien's new location is 9
The category is LITTERATURE
Question was incorrectly answered
Gatien was sent to the penalty box
Gatien is the current player
They have rolled a 7
Gatien is getting out of the penalty box
Gatien's new location is 9
The category is LITTERATURE
Question was incorrectly answered
Gatien was sent to the penalty box
Gatien is the current player
They have rolled a 7
Gatien is getting out of the penalty box
Gatien's new location is 4
The category is GEO
Question was incorrectly answered
Gatien was sent to the penalty box
Gatien is the current player
They have rolled a 7
Gatien is getting out of the penalty box
Gatien's new location is 4
The category is GEO
Question was incorrectly answered
Gatien was sent to the penalty box
Gatien is the current player
They have rolled a 7
Gatien is getting out of the penalty box
Gatien's new location is 11
The category is RAP
Question was incorrectly answered
Gatien was sent to the penalty box
Gatien is the current player
They have rolled a 7
Gatien is getting out of the penalty box
Gatien's new location is 11
The category is RAP
Question was incorrectly answered
Gatien was sent to the penalty box
Gatien is the current player
They have rolled a 7
Gatien is getting out of the penalty box
Gatien's new location is 6
The category is ROCK
Rock Question 287
Question was incorrectly answered
Gatien was sent to the penalty box
Gatien is the current player
They have rolled a 7
Gatien is getting out of the penalty box
Gatien's new location is 6
The category is ROCK
Rock Question 288
Question was incorrectly answered
Gatien was sent to the penalty box
Gatien is the current player
They have rolled a 7
Gatien is getting out of the penalty box
Gatien's new location is 1
The category is SCIENCE
Science Question 144
Question was incorrectly answered
Gatien was sent to the penalty box
Gatien is the current player
They have rolled a 7
Gatien is getting out of the penalty box
Gatien's new location is 1
The category is SCIENCE
Science Question 145
Question was incorrectly answered
Gatien was sent to the penalty box
Gatien is the current player
They have rolled a 7
Gatien is getting out of the penalty box
Gatien's new location is 8
The category is PHILO
Question was incorrectly answered
Gatien was sent to the penalty box
Gatien is the current player
They have rolled a 7
Gatien is getting out of the penalty box
Gatien's new location is 8
The category is PHILO
Question was incorrectly answered
Gatien was sent to the penalty box
Gatien is the current player
They have rolled a 7
Gatien is getting out of the penalty box
Gatien's new location is 3
The category is RAP
Question was incorrectly answered
Gatien was sent to the penalty box
Gatien is the current player
They have rolled a 7
Gatien is getting out of the penalty box
Gatien's new location is 3
The category is RAP
Question was incorrectly answered
Gatien was sent to the penalty box
Gatien is the current player
They have rolled a 7
Gatien is getting out of the penalty box
Gatien's new location is 10
The category is SPORT
Sports Question 289
Question was incorrectly answered
Gatien was sent to the penalty box
Gatien is the current player
They have rolled a 7
Gatien is getting out of the penalty box
Gatien's new location is 10
The category is SPORT
Sports Question 290
Question was incorrectly answered
Gatien was sent to the penalty box
Gatien is the current player
They have rolled a 7
Gatien is getting out of the penalty box
Gatien's new location is 5
The category is ROCK
Rock Question 289
Question was incorrectly answered
Gatien was sent to the penalty box
Gatien is the current player
They have rolled a 7
Gatien is getting out of the penalty box
Gatien's new location is 5
The category is ROCK
Rock Question 290
Question was incorrectly answered
Gatien was sent to the penalty box
Gatien is the current player
They have rolled a 7
Gatien is getting out of the penalty box
Gatien's new location is 0
The category is POP
Pop Question 144
Question was incorrectly answered
Gatien was sent to the penalty box
Gatien is the current player
They have rolled a 7
Gatien is getting out of the penalty box
Gatien's new location is 0
The category is POP
Pop Question 145
Question was incorrectly answered
Gatien was sent to the penalty box
Gatien is the current player
They have rolled a 7
Gatien is getting out of the penalty box
Gatien's new location is 7
The category is GEO
Question was incorrectly answered
Gatien was sent to the penalty box
Gatien is the current player
They have rolled a 7
Gatien is getting out of the penalty box
Gatien's new location is 7
The category is GEO
Question was incorrectly answered
Gatien was sent to the penalty box
Gatien is the current player
They have rolled a 7
Gatien is getting out of the penalty box
Gatien's new location is 2
The category is SPORT
Sports Question 291
Question was incorrectly answered
Gatien was sent to the penalty box
Gatien is the current player
They have rolled a 7
Gatien is getting out of the penalty box
Gatien's new location is 2
The category is SPORT
Sports Question 292
Question was incorrectly answered
Gatien was sent to the penalty box
Gatien is the current player
They have rolled a 7
Gatien is getting out of the penalty box
Gatien's new location is 9
The category is LITTERATURE
Question was incorrectly answered
Gatien was sent to the penalty box
Gatien is the current player
They have rolled a 7
Gatien is getting out of the penalty box
Gatien's new location is 9
The category is LITTERATURE
Question was incorrectly answered
Gatien was sent to the penalty box
Gatien is the current player
They have rolled a 7
Gatien is getting out of the penalty box
Gatien's new location is 4
The category is GEO
Question was incorrectly answered
Gatien was sent to the penalty box
Gatien is the current player
They have rolled a 7
Gatien is getting out of the penalty box
Gatien's new location is 4
The category is GEO
Question was incorrectly answered
Gatien was sent to the penalty box
Gatien is the current player
They have rolled a 7
Gatien is getting out of the penalty box
Gatien's new location is 11
The category is RAP
Question was incorrectly answered
Gatien was sent to the penalty box
Gatien is the current player
They have rolled a 7
Gatien is getting out of the penalty box
Gatien's new location is 11
The category is RAP
Question was incorrectly answered
Gatien was sent to the penalty box
Gatien is the current player
They have rolled a 7
Gatien is getting out of the penalty box
Gatien's new location is 6
The category is ROCK
Rock Question 291
Question was incorrectly answered
Gatien was sent to the penalty box
Gatien is the current player
They have rolled a 7
Gatien is getting out of the penalty box
Gatien's new location is 6
The category is ROCK
Rock Question 292
Question was incorrectly answered
Gatien was sent to the penalty box
Gatien is the current player
They have rolled a 7
Gatien is getting out of the penalty box
Gatien's new location is 1
The category is SCIENCE
Science Question 146
Question was incorrectly answered
Gatien was sent to the penalty box
Gatien is the current player
They have rolled a 7
Gatien is getting out of the penalty box
Gatien's new location is 1
The category is SCIENCE
Science Question 147
Question was incorrectly answered
Gatien was sent to the penalty box
Gatien is the current player
They have rolled a 7
Gatien is getting out of the penalty box
Gatien's new location is 8
The category is PHILO
Question was incorrectly answered
Gatien was sent to the penalty box
Gatien is the current player
They have rolled a 7
Gatien is getting out of the penalty box
Gatien's new location is 8
The category is PHILO
Question was incorrectly answered
Gatien was sent to the penalty box
Gatien is the current player
They have rolled a 7
Gatien is getting out of the penalty box
Gatien's new location is 3
The category is RAP
Question was incorrectly answered
Gatien was sent to the penalty box
Gatien is the current player
They have rolled a 7
Gatien is getting out of the penalty box
Gatien's new location is 3
The category is RAP
Question was incorrectly answered
Gatien was sent to the penalty box
Gatien is the current player
They have rolled a 7
Gatien is getting out of the penalty box
Gatien's new location is 10
The category is SPORT
Sports Question 293
Question was incorrectly answered
Gatien was sent to the penalty box
Gatien is the current player
They have rolled a 7
Gatien is getting out of the penalty box
Gatien's new location is 10
The category is SPORT
Sports Question 294
Question was incorrectly answered
Gatien was sent to the penalty box
Gatien is the current player
They have rolled a 7
Gatien is getting out of the penalty box
Gatien's new location is 5
The category is ROCK
Rock Question 293
Question was incorrectly answered
Gatien was sent to the penalty box
Gatien is the current player
They have rolled a 7
Gatien is getting out of the penalty box
Gatien's new location is 5
The category is ROCK
Rock Question 294
Question was incorrectly answered
Gatien was sent to the penalty box
Gatien is the current player
They have rolled a 7
Gatien is getting out of the penalty box
Gatien's new location is 0
The category is POP
Pop Question 146
Question was incorrectly answered
Gatien was sent to the penalty box
Gatien is the current player
They have rolled a 7
Gatien is getting out of the penalty box
Gatien's new location is 0
The category is POP
Pop Question 147
Question was incorrectly answered
Gatien was sent to the penalty box
Gatien is the current player
They have rolled a 7
Gatien is getting out of the penalty box
Gatien's new location is 7
The category is GEO
Question was incorrectly answered
Gatien was sent to the penalty box
Gatien is the current player
They have rolled a 7
Gatien is getting out of the penalty box
Gatien's new location is 7
The category is GEO
Question was incorrectly answered
Gatien was sent to the penalty box
Gatien is the current player
They have rolled a 7
Gatien is getting out of the penalty box
Gatien's new location is 2
The category is SPORT
Sports Question 294
Question was incorrectly answered
Gatien was sent to the penalty box
Gatien is the current player
They have rolled a 7
Gatien is getting out of the penalty box
Gatien's new location is 2
The category is SPORT
Sports Question 295
Question was incorrectly answered
Gatien was sent to the penalty box
Gatien is the current player
They have rolled a 7
Gatien is getting out of the penalty box
Gatien's new location is 9
The category is LITTERATURE
Question was incorrectly answered
Gatien was sent to the penalty box
Gatien is the current player
They have rolled a 7
Gatien is getting out of the penalty box
Gatien's new location is 9
The category is LITTERATURE
Question was incorrectly answered
Gatien was sent to the penalty box
Gatien is the current player
They have rolled a 7
Gatien is getting out of the penalty box
Gatien's new location is 4
The category is GEO
Question was incorrectly answered
Gatien was sent to the penalty box
Gatien is the current player
They have rolled a 7
Gatien is getting out of the penalty box
Gatien's new location is 4
The category is GEO
Question was incorrectly answered
Gatien was sent to the penalty box
Gatien is the current player
They have rolled a 7
Gatien is getting out of the penalty box
Gatien's new location is 11
The category is RAP
Question was incorrectly answered
Gatien was sent to the penalty box
Gatien is the current player
They have rolled a 7
Gatien is getting out of the penalty box
Gatien's new location is 11
The category is RAP
Question was incorrectly answered
Gatien was sent to the penalty box
Gatien is the current player
They have rolled a 7
Gatien is getting out of the penalty box
Gatien's new location is 6
The category is ROCK
Rock Question 294
Question was incorrectly answered
Gatien was sent to the penalty box
Gatien is the current player
They have rolled a 7
Gatien is getting out of the penalty box
Gatien's new location is 6
The category is ROCK
Rock Question 295
Question was incorrectly answered
Gatien was sent to the penalty box
Gatien is the current player
They have rolled a 7
Gatien is getting out of the penalty box
Gatien's new location is 1
The category is SCIENCE
Science Question 147
Question was incorrectly answered
Gatien was sent to the penalty box
Gatien is the current player
They have rolled a 7
Gatien is getting out of the penalty box
Gatien's new location is 1
The category is SCIENCE
Science Question 148
Question was incorrectly answered
Gatien was sent to the penalty box
Gatien is the current player
They have rolled a 7
Gatien is getting out of the penalty box
Gatien's new location is 8
The category is PHILO
Question was incorrectly answered
Gatien was sent to the penalty box
Gatien is the current player
They have rolled a 7
Gatien is getting out of the penalty box
Gatien's new location is 8
The category is PHILO
Question was incorrectly answered
Gatien was sent to the penalty box
Gatien is the current player
They have rolled a 7
Gatien is getting out of the penalty box
Gatien's new location is 3
The category is RAP
Question was incorrectly answered
Gatien was sent to the penalty box
Gatien is the current player
They have rolled a 7
Gatien is getting out of the penalty box
Gatien's new location is 3
The category is RAP
Question was incorrectly answered
Gatien was sent to the penalty box
Gatien is the current player
They have rolled a 7
Gatien is getting out of the penalty box
Gatien's new location is 10
The category is SPORT
Sports Question 296
Question was incorrectly answered
Gatien was sent to the penalty box
Gatien is the current player
They have rolled a 7
Gatien is getting out of the penalty box
Gatien's new location is 10
The category is SPORT
Sports Question 297
Question was incorrectly answered
Gatien was sent to the penalty box
Gatien is the current player
They have rolled a 7
Gatien is getting out of the penalty box
Gatien's new location is 5
The category is ROCK
Rock Question 296
Question was incorrectly answered
Gatien was sent to the penalty box
Gatien is the current player
They have rolled a 7
Gatien is getting out of the penalty box
Gatien's new location is 5
The category is ROCK
Rock Question 297
Question was incorrectly answered
Gatien was sent to the penalty box
Gatien is the current player
They have rolled a 7
Gatien is getting out of the penalty box
Gatien's new location is 0
The category is POP
Pop Question 147
Question was incorrectly answered
Gatien was sent to the penalty box
Gatien is the current player
They have rolled a 7
Gatien is getting out of the penalty box
Gatien's new location is 0
The category is POP
Pop Question 148
Question was incorrectly answered
Gatien was sent to the penalty box
Gatien is the current player
They have rolled a 7
Gatien is getting out of the penalty box
Gatien's new location is 7
The category is GEO
Question was incorrectly answered
Gatien was sent to the penalty box
Gatien is the current player
They have rolled a 7
Gatien is getting out of the penalty box
Gatien's new location is 7
The category is GEO
Question was incorrectly answered
Gatien was sent to the penalty box
Gatien is the current player
They have rolled a 7
Gatien is getting out of the penalty box
Gatien's new location is 2
The category is SPORT
Sports Question 298
Question was incorrectly answered
Gatien was sent to the penalty box
Gatien is the current player
They have rolled a 7
Gatien is getting out of the penalty box
Gatien's new location is 2
The category is SPORT
Sports Question 299
Question was incorrectly answered
Gatien was sent to the penalty box
Gatien is the current player
They have rolled a 7
Gatien is getting out of the penalty box
Gatien's new location is 9
The category is LITTERATURE
Question was incorrectly answered
Gatien was sent to the penalty box
Gatien is the current player
They have rolled a 7
Gatien is getting out of the penalty box
Gatien's new location is 9
The category is LITTERATURE
Question was incorrectly answered
Gatien was sent to the penalty box
Gatien is the current player
They have rolled a 7
Gatien is getting out of the penalty box
Gatien's new location is 4
The category is GEO
Question was incorrectly answered
Gatien was sent to the penalty box
Gatien is the current player
They have rolled a 7
Gatien is getting out of the penalty box
Gatien's new location is 4
The category is GEO
Question was incorrectly answered
Gatien was sent to the penalty box
Gatien is the current player
They have rolled a 7
Gatien is getting out of the penalty box
Gatien's new location is 11
The category is RAP
Question was incorrectly answered
Gatien was sent to the penalty box
Gatien is the current player
They have rolled a 7
Gatien is getting out of the penalty box
Gatien's new location is 11
The category is RAP
Question was incorrectly answered
Gatien was sent to the penalty box
Gatien is the current player
They have rolled a 7
Gatien is getting out of the penalty box
Gatien's new location is 6
The category is ROCK
Rock Question 298
Question was incorrectly answered
Gatien was sent to the penalty box
Gatien is the current player
They have rolled a 7
Gatien is getting out of the penalty box
Gatien's new location is 6
The category is ROCK
Rock Question 299
Question was incorrectly answered
Gatien was sent to the penalty box
Gatien is the current player
They have rolled a 7
Gatien is getting out of the penalty box
Gatien's new location is 1
The category is SCIENCE
Science Question 149
Question was incorrectly answered
Gatien was sent to the penalty box
Gatien is the current player
They have rolled a 7
Gatien is getting out of the penalty box
Gatien's new location is 1
The category is SCIENCE
Science Question 150
Question was incorrectly answered
Gatien was sent to the penalty box
Gatien is the current player
They have rolled a 7
Gatien is getting out of the penalty box
Gatien's new location is 8
The category is PHILO
Question was incorrectly answered
Gatien was sent to the penalty box
Gatien is the current player
They have rolled a 7
Gatien is getting out of the penalty box
Gatien's new location is 8
The category is PHILO
Question was incorrectly answered
Gatien was sent to the penalty box
Gatien is the current player
They have rolled a 7
Gatien is getting out of the penalty box
Gatien's new location is 3
The category is RAP
Question was incorrectly answered
Gatien was sent to the penalty box
Gatien is the current player
They have rolled a 7
Gatien is getting out of the penalty box
Gatien's new location is 3
The category is RAP
Question was incorrectly answered
Gatien was sent to the penalty box
Gatien is the current player
They have rolled a 7
Gatien is getting out of the penalty box
Gatien's new location is 10
The category is SPORT
Sports Question 300
Question was incorrectly answered
Gatien was sent to the penalty box
Gatien is the current player
They have rolled a 7
Gatien is getting out of the penalty box
Gatien's new location is 10
The category is SPORT
Sports Question 301
Question was incorrectly answered
Gatien was sent to the penalty box
Gatien is the current player
They have rolled a 7
Gatien is getting out of the penalty box
Gatien's new location is 5
The category is ROCK
Rock Question 300
Question was incorrectly answered
Gatien was sent to the penalty box
Gatien is the current player
They have rolled a 7
Gatien is getting out of the penalty box
Gatien's new location is 5
The category is ROCK
Rock Question 301
Question was incorrectly answered
Gatien was sent to the penalty box
Gatien is the current player
They have rolled a 7
Gatien is getting out of the penalty box
Gatien's new location is 0
The category is POP
Pop Question 149
Question was incorrectly answered
Gatien was sent to the penalty box
Gatien is the current player
They have rolled a 7
Gatien is getting out of the penalty box
Gatien's new location is 0
The category is POP
Pop Question 150
Question was incorrectly answered
Gatien was sent to the penalty box
Gatien is the current player
They have rolled a 7
Gatien is getting out of the penalty box
Gatien's new location is 7
The category is GEO
Question was incorrectly answered
Gatien was sent to the penalty box
Gatien is the current player
They have rolled a 7
Gatien is getting out of the penalty box
Gatien's new location is 7
The category is GEO
Question was incorrectly answered
Gatien was sent to the penalty box
Gatien is the current player
They have rolled a 7
Gatien is getting out of the penalty box
Gatien's new location is 2
The category is SPORT
Sports Question 302
Question was incorrectly answered
Gatien was sent to the penalty box
Gatien is the current player
They have rolled a 7
Gatien is getting out of the penalty box
Gatien's new location is 2
The category is SPORT
Sports Question 303
Question was incorrectly answered
Gatien was sent to the penalty box
Gatien is the current player
They have rolled a 7
Gatien is getting out of the penalty box
Gatien's new location is 9
The category is LITTERATURE
Question was incorrectly answered
Gatien was sent to the penalty box
Gatien is the current player
They have rolled a 7
Gatien is getting out of the penalty box
Gatien's new location is 9
The category is LITTERATURE
Question was incorrectly answered
Gatien was sent to the penalty box
Gatien is the current player
They have rolled a 7
Gatien is getting out of the penalty box
Gatien's new location is 4
The category is GEO
Question was incorrectly answered
Gatien was sent to the penalty box
Gatien is the current player
They have rolled a 7
Gatien is getting out of the penalty box
Gatien's new location is 4
The category is GEO
Question was incorrectly answered
Gatien was sent to the penalty box
Gatien is the current player
They have rolled a 7
Gatien is getting out of the penalty box
Gatien's new location is 11
The category is RAP
Question was incorrectly answered
Gatien was sent to the penalty box
Gatien is the current player
They have rolled a 7
Gatien is getting out of the penalty box
Gatien's new location is 11
The category is RAP
Question was incorrectly answered
Gatien was sent to the penalty box
Gatien is the current player
They have rolled a 7
Gatien is getting out of the penalty box
Gatien's new location is 6
The category is ROCK
Rock Question 302
Question was incorrectly answered
Gatien was sent to the penalty box
Gatien is the current player
They have rolled a 7
Gatien is getting out of the penalty box
Gatien's new location is 6
The category is ROCK
Rock Question 303
Question was incorrectly answered
Gatien was sent to the penalty box
Gatien is the current player
They have rolled a 7
Gatien is getting out of the penalty box
Gatien's new location is 1
The category is SCIENCE
Science Question 151
Question was incorrectly answered
Gatien was sent to the penalty box
Gatien is the current player
They have rolled a 7
Gatien is getting out of the penalty box
Gatien's new location is 1
The category is SCIENCE
Science Question 152
Question was incorrectly answered
Gatien was sent to the penalty box
Gatien is the current player
They have rolled a 7
Gatien is getting out of the penalty box
Gatien's new location is 8
The category is PHILO
Question was incorrectly answered
Gatien was sent to the penalty box
Gatien is the current player
They have rolled a 7
Gatien is getting out of the penalty box
Gatien's new location is 8
The category is PHILO
Question was incorrectly answered
Gatien was sent to the penalty box
Gatien is the current player
They have rolled a 7
Gatien is getting out of the penalty box
Gatien's new location is 3
The category is RAP
Question was incorrectly answered
Gatien was sent to the penalty box
Gatien is the current player
They have rolled a 7
Gatien is getting out of the penalty box
Gatien's new location is 3
The category is RAP
Question was incorrectly answered
Gatien was sent to the penalty box
Gatien is the current player
They have rolled a 7
Gatien is getting out of the penalty box
Gatien's new location is 10
The category is SPORT
Sports Question 304
Question was incorrectly answered
Gatien was sent to the penalty box
Gatien is the current player
They have rolled a 7
Gatien is getting out of the penalty box
Gatien's new location is 10
The category is SPORT
Sports Question 305
Question was incorrectly answered
Gatien was sent to the penalty box
Gatien is the current player
They have rolled a 7
Gatien is getting out of the penalty box
Gatien's new location is 5
The category is ROCK
Rock Question 304
Question was incorrectly answered
Gatien was sent to the penalty box
Gatien is the current player
They have rolled a 7
Gatien is getting out of the penalty box
Gatien's new location is 5
The category is ROCK
Rock Question 305
Question was incorrectly answered
Gatien was sent to the penalty box
Gatien is the current player
They have rolled a 7
Gatien is getting out of the penalty box
Gatien's new location is 0
The category is POP
Pop Question 151
Question was incorrectly answered
Gatien was sent to the penalty box
Gatien is the current player
They have rolled a 7
Gatien is getting out of the penalty box
Gatien's new location is 0
The category is POP
Pop Question 152
Question was incorrectly answered
Gatien was sent to the penalty box
Gatien is the current player
They have rolled a 7
Gatien is getting out of the penalty box
Gatien's new location is 7
The category is GEO
Question was incorrectly answered
Gatien was sent to the penalty box
Gatien is the current player
They have rolled a 7
Gatien is getting out of the penalty box
Gatien's new location is 7
The category is GEO
Question was incorrectly answered
Gatien was sent to the penalty box
Gatien is the current player
They have rolled a 7
Gatien is getting out of the penalty box
Gatien's new location is 2
The category is SPORT
Sports Question 306
Question was incorrectly answered
Gatien was sent to the penalty box
Gatien is the current player
They have rolled a 7
Gatien is getting out of the penalty box
Gatien's new location is 2
The category is SPORT
Sports Question 307
Question was incorrectly answered
Gatien was sent to the penalty box
Gatien is the current player
They have rolled a 7
Gatien is getting out of the penalty box
Gatien's new location is 9
The category is LITTERATURE
Question was incorrectly answered
Gatien was sent to the penalty box
Gatien is the current player
They have rolled a 7
Gatien is getting out of the penalty box
Gatien's new location is 9
The category is LITTERATURE
Question was incorrectly answered
Gatien was sent to the penalty box
Gatien is the current player
They have rolled a 7
Gatien is getting out of the penalty box
Gatien's new location is 4
The category is GEO
Question was incorrectly answered
Gatien was sent to the penalty box
Gatien is the current player
They have rolled a 7
Gatien is getting out of the penalty box
Gatien's new location is 4
The category is GEO
Question was incorrectly answered
Gatien was sent to the penalty box
Gatien is the current player
They have rolled a 7
Gatien is getting out of the penalty box
Gatien's new location is 11
The category is RAP
Question was incorrectly answered
Gatien was sent to the penalty box
Gatien is the current player
They have rolled a 7
Gatien is getting out of the penalty box
Gatien's new location is 11
The category is RAP
Question was incorrectly answered
Gatien was sent to the penalty box
Gatien is the current player
They have rolled a 7
Gatien is getting out of the penalty box
Gatien's new location is 6
The category is ROCK
Rock Question 306
Question was incorrectly answered
Gatien was sent to the penalty box
Gatien is the current player
They have rolled a 7
Gatien is getting out of the penalty box
Gatien's new location is 6
The category is ROCK
Rock Question 307
Question was incorrectly answered
Gatien was sent to the penalty box
Gatien is the current player
They have rolled a 7
Gatien is getting out of the penalty box
Gatien's new location is 1
The category is SCIENCE
Science Question 153
Question was incorrectly answered
Gatien was sent to the penalty box
Gatien is the current player
They have rolled a 7
Gatien is getting out of the penalty box
Gatien's new location is 1
The category is SCIENCE
Science Question 154
Question was incorrectly answered
Gatien was sent to the penalty box
Gatien is the current player
They have rolled a 7
Gatien is getting out of the penalty box
Gatien's new location is 8
The category is PHILO
Question was incorrectly answered
Gatien was sent to the penalty box
Gatien is the current player
They have rolled a 7
Gatien is getting out of the penalty box
Gatien's new location is 8
The category is PHILO
Question was incorrectly answered
Gatien was sent to the penalty box
Gatien is the current player
They have rolled a 7
Gatien is getting out of the penalty box
Gatien's new location is 3
The category is RAP
Question was incorrectly answered
Gatien was sent to the penalty box
Gatien is the current player
They have rolled a 7
Gatien is getting out of the penalty box
Gatien's new location is 3
The category is RAP
Question was incorrectly answered
Gatien was sent to the penalty box
Gatien is the current player
They have rolled a 7
Gatien is getting out of the penalty box
Gatien's new location is 10
The category is SPORT
Sports Question 308
Question was incorrectly answered
Gatien was sent to the penalty box
Gatien is the current player
They have rolled a 7
Gatien is getting out of the penalty box
Gatien's new location is 10
The category is SPORT
Sports Question 309
Question was incorrectly answered
Gatien was sent to the penalty box
Gatien is the current player
They have rolled a 7
Gatien is getting out of the penalty box
Gatien's new location is 5
The category is ROCK
Rock Question 308
Question was incorrectly answered
Gatien was sent to the penalty box
Gatien is the current player
They have rolled a 7
Gatien is getting out of the penalty box
Gatien's new location is 5
The category is ROCK
Rock Question 309
Question was incorrectly answered
Gatien was sent to the penalty box
Gatien is the current player
They have rolled a 7
Gatien is getting out of the penalty box
Gatien's new location is 0
The category is POP
Pop Question 153
Question was incorrectly answered
Gatien was sent to the penalty box
Gatien is the current player
They have rolled a 7
Gatien is getting out of the penalty box
Gatien's new location is 0
The category is POP
Pop Question 154
Question was incorrectly answered
Gatien was sent to the penalty box
Gatien is the current player
They have rolled a 7
Gatien is getting out of the penalty box
Gatien's new location is 7
The category is GEO
Question was incorrectly answered
Gatien was sent to the penalty box
Gatien is the current player
They have rolled a 7
Gatien is getting out of the penalty box
Gatien's new location is 7
The category is GEO
Question was incorrectly answered
Gatien was sent to the penalty box
Gatien is the current player
They have rolled a 7
Gatien is getting out of the penalty box
Gatien's new location is 2
The category is SPORT
Sports Question 310
Question was incorrectly answered
Gatien was sent to the penalty box
Gatien is the current player
They have rolled a 7
Gatien is getting out of the penalty box
Gatien's new location is 2
The category is SPORT
Sports Question 311
Question was incorrectly answered
Gatien was sent to the penalty box
Gatien is the current player
They have rolled a 7
Gatien is getting out of the penalty box
Gatien's new location is 9
The category is LITTERATURE
Question was incorrectly answered
Gatien was sent to the penalty box
Gatien is the current player
They have rolled a 7
Gatien is getting out of the penalty box
Gatien's new location is 9
The category is LITTERATURE
Question was incorrectly answered
Gatien was sent to the penalty box
Gatien is the current player
They have rolled a 7
Gatien is getting out of the penalty box
Gatien's new location is 4
The category is GEO
Question was incorrectly answered
Gatien was sent to the penalty box
Gatien is the current player
They have rolled a 7
Gatien is getting out of the penalty box
Gatien's new location is 4
The category is GEO
Question was incorrectly answered
Gatien was sent to the penalty box
Gatien is the current player
They have rolled a 7
Gatien is getting out of the penalty box
Gatien's new location is 11
The category is RAP
Question was incorrectly answered
Gatien was sent to the penalty box
Gatien is the current player
They have rolled a 7
Gatien is getting out of the penalty box
Gatien's new location is 11
The category is RAP
Question was incorrectly answered
Gatien was sent to the penalty box
Gatien is the current player
They have rolled a 7
Gatien is getting out of the penalty box
Gatien's new location is 6
The category is ROCK
Rock Question 310
Question was incorrectly answered
Gatien was sent to the penalty box
Gatien is the current player
They have rolled a 7
Gatien is getting out of the penalty box
Gatien's new location is 6
The category is ROCK
Rock Question 311
Question was incorrectly answered
Gatien was sent to the penalty box
Gatien is the current player
They have rolled a 7
Gatien is getting out of the penalty box
Gatien's new location is 1
The category is SCIENCE
Science Question 155
Question was incorrectly answered
Gatien was sent to the penalty box
Gatien is the current player
They have rolled a 7
Gatien is getting out of the penalty box
Gatien's new location is 1
The category is SCIENCE
Science Question 156
Question was incorrectly answered
Gatien was sent to the penalty box
Gatien is the current player
They have rolled a 7
Gatien is getting out of the penalty box
Gatien's new location is 8
The category is PHILO
Question was incorrectly answered
Gatien was sent to the penalty box
Gatien is the current player
They have rolled a 7
Gatien is getting out of the penalty box
Gatien's new location is 8
The category is PHILO
Question was incorrectly answered
Gatien was sent to the penalty box
Gatien is the current player
They have rolled a 7
Gatien is getting out of the penalty box
Gatien's new location is 3
The category is RAP
Question was incorrectly answered
Gatien was sent to the penalty box
Gatien is the current player
They have rolled a 7
Gatien is getting out of the penalty box
Gatien's new location is 3
The category is RAP
Question was incorrectly answered
Gatien was sent to the penalty box
Gatien is the current player
They have rolled a 7
Gatien is getting out of the penalty box
Gatien's new location is 10
The category is SPORT
Sports Question 312
Question was incorrectly answered
Gatien was sent to the penalty box
Gatien is the current player
They have rolled a 7
Gatien is getting out of the penalty box
Gatien's new location is 10
The category is SPORT
Sports Question 313
Question was incorrectly answered
Gatien was sent to the penalty box
Gatien is the current player
They have rolled a 7
Gatien is getting out of the penalty box
Gatien's new location is 5
The category is ROCK
Rock Question 312
Question was incorrectly answered
Gatien was sent to the penalty box
Gatien is the current player
They have rolled a 7
Gatien is getting out of the penalty box
Gatien's new location is 5
The category is ROCK
Rock Question 313
Question was incorrectly answered
Gatien was sent to the penalty box
Gatien is the current player
They have rolled a 7
Gatien is getting out of the penalty box
Gatien's new location is 0
The category is POP
Pop Question 155
Question was incorrectly answered
Gatien was sent to the penalty box
Gatien is the current player
They have rolled a 7
Gatien is getting out of the penalty box
Gatien's new location is 0
The category is POP
Pop Question 156
Question was incorrectly answered
Gatien was sent to the penalty box
Gatien is the current player
They have rolled a 7
Gatien is getting out of the penalty box
Gatien's new location is 7
The category is GEO
Question was incorrectly answered
Gatien was sent to the penalty box
Gatien is the current player
They have rolled a 7
Gatien is getting out of the penalty box
Gatien's new location is 7
The category is GEO
Question was incorrectly answered
Gatien was sent to the penalty box
Gatien is the current player
They have rolled a 7
Gatien is getting out of the penalty box
Gatien's new location is 2
The category is SPORT
Sports Question 314
Question was incorrectly answered
Gatien was sent to the penalty box
Gatien is the current player
They have rolled a 7
Gatien is getting out of the penalty box
Gatien's new location is 2
The category is SPORT
Sports Question 315
Question was incorrectly answered
Gatien was sent to the penalty box
Gatien is the current player
They have rolled a 7
Gatien is getting out of the penalty box
Gatien's new location is 9
The category is LITTERATURE
Question was incorrectly answered
Gatien was sent to the penalty box
Gatien is the current player
They have rolled a 7
Gatien is getting out of the penalty box
Gatien's new location is 9
The category is LITTERATURE
Question was incorrectly answered
Gatien was sent to the penalty box
Gatien is the current player
They have rolled a 7
Gatien is getting out of the penalty box
Gatien's new location is 4
The category is GEO
Question was incorrectly answered
Gatien was sent to the penalty box
Gatien is the current player
They have rolled a 7
Gatien is getting out of the penalty box
Gatien's new location is 4
The category is GEO
Question was incorrectly answered
Gatien was sent to the penalty box
Gatien is the current player
They have rolled a 7
Gatien is getting out of the penalty box
Gatien's new location is 11
The category is RAP
Question was incorrectly answered
Gatien was sent to the penalty box
Gatien is the current player
They have rolled a 7
Gatien is getting out of the penalty box
Gatien's new location is 11
The category is RAP
Question was incorrectly answered
Gatien was sent to the penalty box
Gatien is the current player
They have rolled a 7
Gatien is getting out of the penalty box
Gatien's new location is 6
The category is ROCK
Rock Question 314
Question was incorrectly answered
Gatien was sent to the penalty box
Gatien is the current player
They have rolled a 7
Gatien is getting out of the penalty box
Gatien's new location is 6
The category is ROCK
Rock Question 315
Question was incorrectly answered
Gatien was sent to the penalty box
Gatien is the current player
They have rolled a 7
Gatien is getting out of the penalty box
Gatien's new location is 1
The category is SCIENCE
Science Question 157
Question was incorrectly answered
Gatien was sent to the penalty box
Gatien is the current player
They have rolled a 7
Gatien is getting out of the penalty box
Gatien's new location is 1
The category is SCIENCE
Science Question 158
Question was incorrectly answered
Gatien was sent to the penalty box
Gatien is the current player
They have rolled a 7
Gatien is getting out of the penalty box
Gatien's new location is 8
The category is PHILO
Question was incorrectly answered
Gatien was sent to the penalty box
Gatien is the current player
They have rolled a 7
Gatien is getting out of the penalty box
Gatien's new location is 8
The category is PHILO
Question was incorrectly answered
Gatien was sent to the penalty box
Gatien is the current player
They have rolled a 7
Gatien is getting out of the penalty box
Gatien's new location is 3
The category is RAP
Question was incorrectly answered
Gatien was sent to the penalty box
Gatien is the current player
They have rolled a 7
Gatien is getting out of the penalty box
Gatien's new location is 3
The category is RAP
Question was incorrectly answered
Gatien was sent to the penalty box
Gatien is the current player
They have rolled a 7
Gatien is getting out of the penalty box
Gatien's new location is 10
The category is SPORT
Sports Question 316
Question was incorrectly answered
Gatien was sent to the penalty box
Gatien is the current player
They have rolled a 7
Gatien is getting out of the penalty box
Gatien's new location is 10
The category is SPORT
Sports Question 317
Question was incorrectly answered
Gatien was sent to the penalty box
Gatien is the current player
They have rolled a 7
Gatien is getting out of the penalty box
Gatien's new location is 5
The category is ROCK
Rock Question 316
Question was incorrectly answered
Gatien was sent to the penalty box
Gatien is the current player
They have rolled a 7
Gatien is getting out of the penalty box
Gatien's new location is 5
The category is ROCK
Rock Question 317
Question was incorrectly answered
Gatien was sent to the penalty box
Gatien is the current player
They have rolled a 7
Gatien is getting out of the penalty box
Gatien's new location is 0
The category is POP
Pop Question 157
Question was incorrectly answered
Gatien was sent to the penalty box
Gatien is the current player
They have rolled a 7
Gatien is getting out of the penalty box
Gatien's new location is 0
The category is POP
Pop Question 158
Question was incorrectly answered
Gatien was sent to the penalty box
Gatien is the current player
They have rolled a 7
Gatien is getting out of the penalty box
Gatien's new location is 7
The category is GEO
Question was incorrectly answered
Gatien was sent to the penalty box
Gatien is the current player
They have rolled a 7
Gatien is getting out of the penalty box
Gatien's new location is 7
The category is GEO
Question was incorrectly answered
Gatien was sent to the penalty box
Gatien is the current player
They have rolled a 7
Gatien is getting out of the penalty box
Gatien's new location is 2
The category is SPORT
Sports Question 318
Question was incorrectly answered
Gatien was sent to the penalty box
Gatien is the current player
They have rolled a 7
Gatien is getting out of the penalty box
Gatien's new location is 2
The category is SPORT
Sports Question 319
Question was incorrectly answered
Gatien was sent to the penalty box
Gatien is the current player
They have rolled a 7
Gatien is getting out of the penalty box
Gatien's new location is 9
The category is LITTERATURE
Question was incorrectly answered
Gatien was sent to the penalty box
Gatien is the current player
They have rolled a 7
Gatien is getting out of the penalty box
Gatien's new location is 9
The category is LITTERATURE
Question was incorrectly answered
Gatien was sent to the penalty box
Gatien is the current player
They have rolled a 7
Gatien is getting out of the penalty box
Gatien's new location is 4
The category is GEO
Question was incorrectly answered
Gatien was sent to the penalty box
Gatien is the current player
They have rolled a 7
Gatien is getting out of the penalty box
Gatien's new location is 4
The category is GEO
Question was incorrectly answered
Gatien was sent to the penalty box
Gatien is the current player
They have rolled a 7
Gatien is getting out of the penalty box
Gatien's new location is 11
The category is RAP
Question was incorrectly answered
Gatien was sent to the penalty box
Gatien is the current player
They have rolled a 7
Gatien is getting out of the penalty box
Gatien's new location is 11
The category is RAP
Question was incorrectly answered
Gatien was sent to the penalty box
Gatien is the current player
They have rolled a 7
Gatien is getting out of the penalty box
Gatien's new location is 6
The category is ROCK
Rock Question 318
Question was incorrectly answered
Gatien was sent to the penalty box
Gatien is the current player
They have rolled a 7
Gatien is getting out of the penalty box
Gatien's new location is 6
The category is ROCK
Rock Question 319
Question was incorrectly answered
Gatien was sent to the penalty box
Gatien is the current player
They have rolled a 7
Gatien is getting out of the penalty box
Gatien's new location is 1
The category is SCIENCE
Science Question 159
Question was incorrectly answered
Gatien was sent to the penalty box
Gatien is the current player
They have rolled a 7
Gatien is getting out of the penalty box
Gatien's new location is 1
The category is SCIENCE
Science Question 160
Question was incorrectly answered
Gatien was sent to the penalty box
Gatien is the current player
They have rolled a 7
Gatien is getting out of the penalty box
Gatien's new location is 8
The category is PHILO
Question was incorrectly answered
Gatien was sent to the penalty box
Gatien is the current player
They have rolled a 7
Gatien is getting out of the penalty box
Gatien's new location is 8
The category is PHILO
Question was incorrectly answered
Gatien was sent to the penalty box
Gatien is the current player
They have rolled a 7
Gatien is getting out of the penalty box
Gatien's new location is 3
The category is RAP
Question was incorrectly answered
Gatien was sent to the penalty box
Gatien is the current player
They have rolled a 7
Gatien is getting out of the penalty box
Gatien's new location is 3
The category is RAP
Question was incorrectly answered
Gatien was sent to the penalty box
Gatien is the current player
They have rolled a 7
Gatien is getting out of the penalty box
Gatien's new location is 10
The category is SPORT
Sports Question 320
Question was incorrectly answered
Gatien was sent to the penalty box
Gatien is the current player
They have rolled a 7
Gatien is getting out of the penalty box
Gatien's new location is 10
The category is SPORT
Sports Question 321
Question was incorrectly answered
Gatien was sent to the penalty box
Gatien is the current player
They have rolled a 7
Gatien is getting out of the penalty box
Gatien's new location is 5
The category is ROCK
Rock Question 320
Question was incorrectly answered
Gatien was sent to the penalty box
Gatien is the current player
They have rolled a 7
Gatien is getting out of the penalty box
Gatien's new location is 5
The category is ROCK
Rock Question 321
Question was incorrectly answered
Gatien was sent to the penalty box
Gatien is the current player
They have rolled a 7
Gatien is getting out of the penalty box
Gatien's new location is 0
The category is POP
Pop Question 159
Question was incorrectly answered
Gatien was sent to the penalty box
Gatien is the current player
They have rolled a 7
Gatien is getting out of the penalty box
Gatien's new location is 0
The category is POP
Pop Question 160
Question was incorrectly answered
Gatien was sent to the penalty box
Gatien is the current player
They have rolled a 7
Gatien is getting out of the penalty box
Gatien's new location is 7
The category is GEO
Question was incorrectly answered
Gatien was sent to the penalty box
Gatien is the current player
They have rolled a 7
Gatien is getting out of the penalty box
Gatien's new location is 7
The category is GEO
Question was incorrectly answered
Gatien was sent to the penalty box
Gatien is the current player
They have rolled a 7
Gatien is getting out of the penalty box
Gatien's new location is 2
The category is SPORT
Sports Question 322
Question was incorrectly answered
Gatien was sent to the penalty box
Gatien is the current player
They have rolled a 7
Gatien is getting out of the penalty box
Gatien's new location is 2
The category is SPORT
Sports Question 323
Question was incorrectly answered
Gatien was sent to the penalty box
Gatien is the current player
They have rolled a 7
Gatien is getting out of the penalty box
Gatien's new location is 9
The category is LITTERATURE
Question was incorrectly answered
Gatien was sent to the penalty box
Gatien is the current player
They have rolled a 7
Gatien is getting out of the penalty box
Gatien's new location is 9
The category is LITTERATURE
Question was incorrectly answered
Gatien was sent to the penalty box
Gatien is the current player
They have rolled a 7
Gatien is getting out of the penalty box
Gatien's new location is 4
The category is GEO
Question was incorrectly answered
Gatien was sent to the penalty box
Gatien is the current player
They have rolled a 7
Gatien is getting out of the penalty box
Gatien's new location is 4
The category is GEO
Question was incorrectly answered
Gatien was sent to the penalty box
Gatien is the current player
They have rolled a 7
Gatien is getting out of the penalty box
Gatien's new location is 11
The category is RAP
Question was incorrectly answered
Gatien was sent to the penalty box
Gatien is the current player
They have rolled a 7
Gatien is getting out of the penalty box
Gatien's new location is 11
The category is RAP
Question was incorrectly answered
Gatien was sent to the penalty box
Gatien is the current player
They have rolled a 7
Gatien is getting out of the penalty box
Gatien's new location is 6
The category is ROCK
Rock Question 322
Question was incorrectly answered
Gatien was sent to the penalty box
Gatien is the current player
They have rolled a 7
Gatien is getting out of the penalty box
Gatien's new location is 6
The category is ROCK
Rock Question 323
Question was incorrectly answered
Gatien was sent to the penalty box
Gatien is the current player
They have rolled a 7
Gatien is getting out of the penalty box
Gatien's new location is 1
The category is SCIENCE
Science Question 161
Question was incorrectly answered
Gatien was sent to the penalty box
Gatien is the current player
They have rolled a 7
Gatien is getting out of the penalty box
Gatien's new location is 1
The category is SCIENCE
Science Question 162
Question was incorrectly answered
Gatien was sent to the penalty box
Gatien is the current player
They have rolled a 7
Gatien is getting out of the penalty box
Gatien's new location is 8
The category is PHILO
Question was incorrectly answered
Gatien was sent to the penalty box
Gatien is the current player
They have rolled a 7
Gatien is getting out of the penalty box
Gatien's new location is 8
The category is PHILO
Question was incorrectly answered
Gatien was sent to the penalty box
Gatien is the current player
They have rolled a 7
Gatien is getting out of the penalty box
Gatien's new location is 3
The category is RAP
Question was incorrectly answered
Gatien was sent to the penalty box
Gatien is the current player
They have rolled a 7
Gatien is getting out of the penalty box
Gatien's new location is 3
The category is RAP
Question was incorrectly answered
Gatien was sent to the penalty box
Gatien is the current player
They have rolled a 7
Gatien is getting out of the penalty box
Gatien's new location is 10
The category is SPORT
Sports Question 324
Question was incorrectly answered
Gatien was sent to the penalty box
Gatien is the current player
They have rolled a 7
Gatien is getting out of the penalty box
Gatien's new location is 10
The category is SPORT
Sports Question 325
Question was incorrectly answered
Gatien was sent to the penalty box
Gatien is the current player
They have rolled a 7
Gatien is getting out of the penalty box
Gatien's new location is 5
The category is ROCK
Rock Question 324
Question was incorrectly answered
Gatien was sent to the penalty box
Gatien is the current player
They have rolled a 7
Gatien is getting out of the penalty box
Gatien's new location is 5
The category is ROCK
Rock Question 325
Question was incorrectly answered
Gatien was sent to the penalty box
Gatien is the current player
They have rolled a 7
Gatien is getting out of the penalty box
Gatien's new location is 0
The category is POP
Pop Question 161
Question was incorrectly answered
Gatien was sent to the penalty box
Gatien is the current player
They have rolled a 7
Gatien is getting out of the penalty box
Gatien's new location is 0
The category is POP
Pop Question 162
Question was incorrectly answered
Gatien was sent to the penalty box
Gatien is the current player
They have rolled a 7
Gatien is getting out of the penalty box
Gatien's new location is 7
The category is GEO
Question was incorrectly answered
Gatien was sent to the penalty box
Gatien is the current player
They have rolled a 7
Gatien is getting out of the penalty box
Gatien's new location is 7
The category is GEO
Question was incorrectly answered
Gatien was sent to the penalty box
Gatien is the current player
They have rolled a 7
Gatien is getting out of the penalty box
Gatien's new location is 2
The category is SPORT
Sports Question 326
Question was incorrectly answered
Gatien was sent to the penalty box
Gatien is the current player
They have rolled a 7
Gatien is getting out of the penalty box
Gatien's new location is 2
The category is SPORT
Sports Question 327
Question was incorrectly answered
Gatien was sent to the penalty box
Gatien is the current player
They have rolled a 7
Gatien is getting out of the penalty box
Gatien's new location is 9
The category is LITTERATURE
Question was incorrectly answered
Gatien was sent to the penalty box
Gatien is the current player
They have rolled a 7
Gatien is getting out of the penalty box
Gatien's new location is 9
The category is LITTERATURE
Question was incorrectly answered
Gatien was sent to the penalty box
Gatien is the current player
They have rolled a 7
Gatien is getting out of the penalty box
Gatien's new location is 4
The category is GEO
Question was incorrectly answered
Gatien was sent to the penalty box
Gatien is the current player
They have rolled a 7
Gatien is getting out of the penalty box
Gatien's new location is 4
The category is GEO
Question was incorrectly answered
Gatien was sent to the penalty box
Gatien was added
They are player number 1
Gatien was added
They are player number 2
Gatien is the current player
They have rolled a 5
Gatien's new location is 5
The category is SCIENCE
Science Question 0
Answer was corrent!!!!
Gatien now has 1 Gold Coins.
Gatien is the current player
They have rolled a 5
Gatien's new location is 5
The category is SCIENCE
Science Question 1
Answer was corrent!!!!
Gatien now has 1 Gold Coins.
Gatien is the current player
They have rolled a 5
Gatien's new location is 10
The category is SPORT
Sports Question 0
Answer was corrent!!!!
Gatien now has 2 Gold Coins.
Gatien is the current player
They have rolled a 5
Gatien's new location is 10
The category is SPORT
Sports Question 1
Answer was corrent!!!!
Gatien now has 2 Gold Coins.
Gatien is the current player
They have rolled a 5
Gatien's new location is 3
The category is ROCK
Rock Question 0
Answer was corrent!!!!
Gatien now has 3 Gold Coins.
Gatien is the current player
They have rolled a 5
Gatien's new location is 3
The category is ROCK
Rock Question 1
Answer was corrent!!!!
Gatien now has 3 Gold Coins.
Gatien is the current player
They have rolled a 5
Gatien's new location is 8
The category is POP
Pop Question 0
Answer was corrent!!!!
Gatien now has 4 Gold Coins.
Gatien is the current player
They have rolled a 5
Gatien's new location is 8
The category is POP
Pop Question 1
Answer was corrent!!!!
Gatien now has 4 Gold Coins.
Gatien is the current player
They have rolled a 5
Gatien's new location is 1
The category is SCIENCE
Science Question 2
Answer was corrent!!!!
Gatien now has 5 Gold Coins.
Gatien is the current player
They have rolled a 5
Gatien's new location is 1
The category is SCIENCE
Science Question 3
Answer was corrent!!!!
Gatien now has 5 Gold Coins.
Gatien is the current player
They have rolled a 5
Gatien's new location is 6
The category is SPORT
Sports Question 2
Answer was corrent!!!!
Gatien now has 6 Gold Coins.
Arthur was added
They are player number 1
Arthur was added
They are player number 2
Arthur is the current player
They have rolled a 7
Arthur's new location is 7
The category is ROCK
Rock Question 0
Question was incorrectly answered
Arthur was sent to the penalty box
Arthur is the current player
They have rolled a 7
Arthur's new location is 7
The category is ROCK
Rock Question 1
Question was incorrectly answered
Arthur was sent to the penalty box
Arthur is the current player
They have rolled a 7
Arthur is getting out of the penalty box
Arthur's new location is 2
The category is SPORT
Sports Question 0
Question was incorrectly answered
Arthur was sent to the penalty box
Arthur is the current player
They have rolled a 7
Arthur is getting out of the penalty box
Arthur's new location is 2
The category is SPORT
Sports Question 1
Question was incorrectly answered
Arthur was sent to the penalty box
Arthur is the current player
They have rolled a 7
Arthur is getting out of the penalty box
Arthur's new location is 9
The category is SCIENCE
Science Question 0
Question was incorrectly answered
Arthur was sent to the penalty box
Arthur is the current player
They have rolled a 7
Arthur is getting out of the penalty box
Arthur's new location is 9
The category is SCIENCE
Science Question 1
Question was incorrectly answered
Arthur was sent to the penalty box
Arthur is the current player
They have rolled a 7
Arthur is getting out of the penalty box
Arthur's new location is 4
The category is POP
Pop Question 0
Question was incorrectly answered
Arthur was sent to the penalty box
Arthur is the current player
They have rolled a 7
Arthur is getting out of the penalty box
Arthur's new location is 4
The category is POP
Pop Question 1
Question was incorrectly answered
Arthur was sent to the penalty box
Arthur is the current player
They have rolled a 7
Arthur is getting out of the penalty box
Arthur's new location is 11
The category is ROCK
Rock Question 2
Question was incorrectly answered
Arthur was sent to the penalty box
Arthur is the current player
They have rolled a 7
Arthur is getting out of the penalty box
Arthur's new location is 11
The category is ROCK
Rock Question 3
Question was incorrectly answered
Arthur was sent to the penalty box
Arthur is the current player
They have rolled a 7
Arthur is getting out of the penalty box
Arthur's new location is 6
The category is SPORT
Sports Question 2
Question was incorrectly answered
Arthur was sent to the penalty box
Arthur is the current player
They have rolled a 7
Arthur is getting out of the penalty box
Arthur's new location is 6
The category is SPORT
Sports Question 3
Question was incorrectly answered
Arthur was sent to the penalty box
Arthur is the current player
They have rolled a 7
Arthur is getting out of the penalty box
Arthur's new location is 1
The category is SCIENCE
Science Question 2
Question was incorrectly answered
Arthur was sent to the penalty box
Arthur is the current player
They have rolled a 7
Arthur is getting out of the penalty box
Arthur's new location is 1
The category is SCIENCE
Science Question 3
Question was incorrectly answered
Arthur was sent to the penalty box
Arthur is the current player
They have rolled a 7
Arthur is getting out of the penalty box
Arthur's new location is 8
The category is POP
Pop Question 2
Question was incorrectly answered
Arthur was sent to the penalty box
Arthur is the current player
They have rolled a 7
Arthur is getting out of the penalty box
Arthur's new location is 8
The category is POP
Pop Question 3
Question was incorrectly answered
Arthur was sent to the penalty box
Arthur is the current player
They have rolled a 7
Arthur is getting out of the penalty box
Arthur's new location is 3
The category is ROCK
Rock Question 4
Question was incorrectly answered
Arthur was sent to the penalty box
Arthur is the current player
They have rolled a 7
Arthur is getting out of the penalty box
Arthur's new location is 3
The category is ROCK
Rock Question 5
Question was incorrectly answered
Arthur was sent to the penalty box
Arthur is the current player
They have rolled a 7
Arthur is getting out of the penalty box
Arthur's new location is 10
The category is SPORT
Sports Question 4
Question was incorrectly answered
Arthur was sent to the penalty box
Arthur is the current player
They have rolled a 7
Arthur is getting out of the penalty box
Arthur's new location is 10
The category is SPORT
Sports Question 5
Question was incorrectly answered
Arthur was sent to the penalty box
Arthur is the current player
They have rolled a 7
Arthur is getting out of the penalty box
Arthur's new location is 5
The category is SCIENCE
Science Question 4
Question was incorrectly answered
Arthur was sent to the penalty box
Arthur is the current player
They have rolled a 7
Arthur is getting out of the penalty box
Arthur's new location is 5
The category is SCIENCE
Science Question 5
Question was incorrectly answered
Arthur was sent to the penalty box
Arthur is the current player
They have rolled a 7
Arthur is getting out of the penalty box
Arthur's new location is 0
The category is POP
Pop Question 4
Question was incorrectly answered
Arthur was sent to the penalty box
Arthur is the current player
They have rolled a 7
Arthur is getting out of the penalty box
Arthur's new location is 0
The category is POP
Pop Question 5
Question was incorrectly answered
Arthur was sent to the penalty box
Arthur is the current player
They have rolled a 7
Arthur is getting out of the penalty box
Arthur's new location is 7
The category is ROCK
Rock Question 6
Question was incorrectly answered
Arthur was sent to the penalty box
Arthur is the current player
They have rolled a 7
Arthur is getting out of the penalty box
Arthur's new location is 7
The category is ROCK
Rock Question 7
Question was incorrectly answered
Arthur was sent to the penalty box
Arthur is the current player
They have rolled a 7
Arthur is getting out of the penalty box
Arthur's new location is 2
The category is SPORT
Sports Question 6
Question was incorrectly answered
Arthur was sent to the penalty box
Arthur is the current player
They have rolled a 7
Arthur is getting out of the penalty box
Arthur's new location is 2
The category is SPORT
Sports Question 7
Question was incorrectly answered
Arthur was sent to the penalty box
Arthur is the current player
They have rolled a 7
Arthur is getting out of the penalty box
Arthur's new location is 9
The category is SCIENCE
Science Question 6
Question was incorrectly answered
Arthur was sent to the penalty box
Arthur is the current player
They have rolled a 7
Arthur is getting out of the penalty box
Arthur's new location is 9
The category is SCIENCE
Science Question 7
Question was incorrectly answered
Arthur was sent to the penalty box
Arthur is the current player
They have rolled a 7
Arthur is getting out of the penalty box
Arthur's new location is 4
The category is POP
Pop Question 6
Question was incorrectly answered
Arthur was sent to the penalty box
Arthur is the current player
They have rolled a 7
Arthur is getting out of the penalty box
Arthur's new location is 4
The category is POP
Pop Question 7
Question was incorrectly answered
Arthur was sent to the penalty box
Arthur is the current player
They have rolled a 7
Arthur is getting out of the penalty box
Arthur's new location is 11
The category is ROCK
Rock Question 8
Question was incorrectly answered
Arthur was sent to the penalty box
Arthur is the current player
They have rolled a 7
Arthur is getting out of the penalty box
Arthur's new location is 11
The category is ROCK
Rock Question 9
Question was incorrectly answered
Arthur was sent to the penalty box
Arthur is the current player
They have rolled a 7
Arthur is getting out of the penalty box
Arthur's new location is 6
The category is SPORT
Sports Question 8
Question was incorrectly answered
Arthur was sent to the penalty box
Arthur is the current player
They have rolled a 7
Arthur is getting out of the penalty box
Arthur's new location is 6
The category is SPORT
Sports Question 9
Question was incorrectly answered
Arthur was sent to the penalty box
Arthur is the current player
They have rolled a 7
Arthur is getting out of the penalty box
Arthur's new location is 1
The category is SCIENCE
Science Question 8
Question was incorrectly answered
Arthur was sent to the penalty box
Arthur is the current player
They have rolled a 7
Arthur is getting out of the penalty box
Arthur's new location is 1
The category is SCIENCE
Science Question 9
Question was incorrectly answered
Arthur was sent to the penalty box
Arthur is the current player
They have rolled a 7
Arthur is getting out of the penalty box
Arthur's new location is 8
The category is POP
Pop Question 8
Question was incorrectly answered
Arthur was sent to the penalty box
Arthur is the current player
They have rolled a 7
Arthur is getting out of the penalty box
Arthur's new location is 8
The category is POP
Pop Question 9
Question was incorrectly answered
Arthur was sent to the penalty box
Arthur is the current player
They have rolled a 7
Arthur is getting out of the penalty box
Arthur's new location is 3
The category is ROCK
Rock Question 10
Question was incorrectly answered
Arthur was sent to the penalty box
Arthur is the current player
They have rolled a 7
Arthur is getting out of the penalty box
Arthur's new location is 3
The category is ROCK
Rock Question 11
Question was incorrectly answered
Arthur was sent to the penalty box
Arthur is the current player
They have rolled a 7
Arthur is getting out of the penalty box
Arthur's new location is 10
The category is SPORT
Sports Question 10
Question was incorrectly answered
Arthur was sent to the penalty box
Arthur is the current player
They have rolled a 7
Arthur is getting out of the penalty box
Arthur's new location is 10
The category is SPORT
Sports Question 11
Question was incorrectly answered
Arthur was sent to the penalty box
Arthur is the current player
They have rolled a 7
Arthur is getting out of the penalty box
Arthur's new location is 5
The category is SCIENCE
Science Question 10
Question was incorrectly answered
Arthur was sent to the penalty box
Arthur is the current player
They have rolled a 7
Arthur is getting out of the penalty box
Arthur's new location is 5
The category is SCIENCE
Science Question 11
Question was incorrectly answered
Arthur was sent to the penalty box
Arthur is the current player
They have rolled a 7
Arthur is getting out of the penalty box
Arthur's new location is 0
The category is POP
Pop Question 10
Question was incorrectly answered
Arthur was sent to the penalty box
Arthur is the current player
They have rolled a 7
Arthur is getting out of the penalty box
Arthur's new location is 0
The category is POP
Pop Question 11
Question was incorrectly answered
Arthur was sent to the penalty box
Arthur is the current player
They have rolled a 7
Arthur is getting out of the penalty box
Arthur's new location is 7
The category is ROCK
Rock Question 12
Question was incorrectly answered
Arthur was sent to the penalty box
Arthur is the current player
They have rolled a 7
Arthur is getting out of the penalty box
Arthur's new location is 7
The category is ROCK
Rock Question 13
Question was incorrectly answered
Arthur was sent to the penalty box
Gatien was added
They are player number 1
Gatien was added
They are player number 2
Gatien was added
They are player number 3
Gatien was added
They are player number 4
Gatien was added
They are player number 5
Gatien was added
They are player number 6
Gatien was added
They are player number 7
Gatien was added
They are player number 8
Gatien was added
They are player number 1
Louis was added
They are player number 1
Gatien was added
They are player number 2
Louis is the current player
They have rolled a 1
Louis's new location is 1
The category is SCIENCE
Science Question 0
Answer was corrent!!!!
Louis now has 1 Gold Coins.
Gatien is the current player
They have rolled a 1
Gatien's new location is 1
The category is SCIENCE
Gatien doesn't want to answer and left the game
Louis is the current player
They have rolled a 1
Louis's new location is 2
The category is SPORT
Sports Question 0
Answer was corrent!!!!
Louis now has 2 Gold Coins.
Louis is the current player
They have rolled a 4
Louis's new location is 6
The category is SPORT
Sports Question 1
Answer was corrent!!!!
Louis now has 3 Gold Coins.
Louis is the current player
They have rolled a 3
Louis's new location is 9
The category is SCIENCE
Science Question 1
Answer was corrent!!!!
Louis now has 4 Gold Coins.
Louis is the current player
They have rolled a 2
Louis's new location is 11
The category is ROCK
Rock Question 0
Answer was corrent!!!!
Louis now has 5 Gold Coins.
Louis is the current player
They have rolled a 3
Louis's new location is 2
The category is SPORT
Sports Question 2
Answer was corrent!!!!
Louis now has 6 Gold Coins.
Gatien was added
They are player number 1
Gatien was added
They are player number 2
Gatien is the current player
They have rolled a 2
Gatien's new location is 2
The category is SPORT
Sports Question 0
Answer was corrent!!!!
Gatien now has 1 Gold Coins.
Gatien is the current player
They have rolled a 3
Gatien's new location is 3
The category is ROCK
Rock Question 0
Answer was corrent!!!!
Gatien now has 1 Gold Coins.
Gatien is the current player
They have rolled a 4
Gatien's new location is 6
The category is SPORT
Sports Question 1
Answer was corrent!!!!
Gatien now has 2 Gold Coins.
Gatien is the current player
They have rolled a 4
Gatien's new location is 7
The category is ROCK
Rock Question 1
Answer was corrent!!!!
Gatien now has 2 Gold Coins.
Gatien is the current player
They have rolled a 4
Gatien's new location is 10
The category is SPORT
Sports Question 2
Answer was corrent!!!!
Gatien now has 3 Gold Coins.
Gatien is the current player
They have rolled a 5
Gatien's new location is 0
The category is POP
Pop Question 0
Answer was corrent!!!!
Gatien now has 3 Gold Coins.
Gatien is the current player
They have rolled a 2
Gatien's new location is 0
The category is POP
Pop Question 1
Answer was corrent!!!!
Gatien now has 4 Gold Coins.
Gatien is the current player
They have rolled a 3
Gatien's new location is 3
The category is ROCK
Rock Question 2
Answer was corrent!!!!
Gatien now has 4 Gold Coins.
Gatien is the current player
They have rolled a 5
Gatien's new location is 5
The category is SCIENCE
Science Question 0
Question was incorrectly answered
Gatien was sent to the penalty box
Gatien is the current player
They have rolled a 4
Gatien's new location is 7
The category is ROCK
Rock Question 3
Answer was corrent!!!!
Gatien now has 5 Gold Coins.
Gatien is the current player
They have rolled a 5
Gatien is getting out of the penalty box
Gatien's new location is 10
The category is SPORT
Sports Question 3
Answer was corrent!!!!
Gatien now has 5 Gold Coins.
Gatien is the current player
They have rolled a 2
Gatien's new location is 9
The category is SCIENCE
Science Question 1
Answer was corrent!!!!
Gatien now has 6 Gold Coins.
Arthur was added
They are player number 1
Arthur was added
They are player number 2
Arthur is the current player
They have rolled a 2
Arthur's new location is 2
The category is SPORT
Sports Question 0
Question was incorrectly answered
Arthur was sent to the penalty box
Arthur is the current player
They have rolled a 2
Arthur's new location is 2
The category is SPORT
Sports Question 1
Question was incorrectly answered
Arthur was sent to the penalty box
Arthur is the current player
They have rolled a 2
Arthur is not getting out of the penalty box
Question was incorrectly answered
Arthur was sent to the penalty box
Arthur is the current player
They have rolled a 2
Arthur is not getting out of the penalty box
Question was incorrectly answered
Arthur was sent to the penalty box
Arthur is the current player
They have rolled a 2
Arthur is not getting out of the penalty box
Question was incorrectly answered
Arthur was sent to the penalty box
Arthur is the current player
They have rolled a 2
Arthur is not getting out of the penalty box
Question was incorrectly answered
Arthur was sent to the penalty box
Arthur is the current player
They have rolled a 2
Arthur is not getting out of the penalty box
Question was incorrectly answered
Arthur was sent to the penalty box
Arthur is the current player
They have rolled a 2
Arthur is not getting out of the penalty box
Question was incorrectly answered
Arthur was sent to the penalty box
Arthur is the current player
They have rolled a 2
Arthur is not getting out of the penalty box
Question was incorrectly answered
Arthur was sent to the penalty box
Arthur is the current player
They have rolled a 2
Arthur is not getting out of the penalty box
Question was incorrectly answered
Arthur was sent to the penalty box
Arthur is the current player
They have rolled a 2
Arthur is not getting out of the penalty box
Question was incorrectly answered
Arthur was sent to the penalty box
Arthur is the current player
They have rolled a 2
Arthur is not getting out of the penalty box
Question was incorrectly answered
Arthur was sent to the penalty box
Arthur is the current player
They have rolled a 2
Arthur is not getting out of the penalty box
Question was incorrectly answered
Arthur was sent to the penalty box
Arthur is the current player
They have rolled a 2
Arthur is not getting out of the penalty box
Question was incorrectly answered
Arthur was sent to the penalty box
Arthur is the current player
They have rolled a 2
Arthur is not getting out of the penalty box
Question was incorrectly answered
Arthur was sent to the penalty box
Arthur is the current player
They have rolled a 2
Arthur is not getting out of the penalty box
Question was incorrectly answered
Arthur was sent to the penalty box
Arthur is the current player
They have rolled a 2
Arthur is not getting out of the penalty box
Question was incorrectly answered
Arthur was sent to the penalty box
Arthur is the current player
They have rolled a 2
Arthur is not getting out of the penalty box
Question was incorrectly answered
Arthur was sent to the penalty box
Arthur is the current player
They have rolled a 2
Arthur is not getting out of the penalty box
Question was incorrectly answered
Arthur was sent to the penalty box
Arthur is the current player
They have rolled a 2
Arthur is not getting out of the penalty box
Question was incorrectly answered
Arthur was sent to the penalty box
Arthur is the current player
They have rolled a 2
Arthur is not getting out of the penalty box
Question was incorrectly answered
Arthur was sent to the penalty box
Arthur is the current player
They have rolled a 2
Arthur is not getting out of the penalty box
Question was incorrectly answered
Arthur was sent to the penalty box
Arthur is the current player
They have rolled a 2
Arthur is not getting out of the penalty box
Question was incorrectly answered
Arthur was sent to the penalty box
Arthur is the current player
They have rolled a 2
Arthur is not getting out of the penalty box
Question was incorrectly answered
Arthur was sent to the penalty box
Arthur is the current player
They have rolled a 2
Arthur is not getting out of the penalty box
Question was incorrectly answered
Arthur was sent to the penalty box
Arthur is the current player
They have rolled a 2
Arthur is not getting out of the penalty box
Question was incorrectly answered
Arthur was sent to the penalty box
Arthur is the current player
They have rolled a 2
Arthur is not getting out of the penalty box
Question was incorrectly answered
Arthur was sent to the penalty box
Arthur is the current player
They have rolled a 2
Arthur is not getting out of the penalty box
Question was incorrectly answered
Arthur was sent to the penalty box
Arthur is the current player
They have rolled a 2
Arthur is not getting out of the penalty box
Question was incorrectly answered
Arthur was sent to the penalty box
Arthur is the current player
They have rolled a 2
Arthur is not getting out of the penalty box
Question was incorrectly answered
Arthur was sent to the penalty box
Arthur is the current player
They have rolled a 2
Arthur is not getting out of the penalty box
Question was incorrectly answered
Arthur was sent to the penalty box
Arthur is the current player
They have rolled a 2
Arthur is not getting out of the penalty box
Question was incorrectly answered
Arthur was sent to the penalty box
Arthur is the current player
They have rolled a 2
Arthur is not getting out of the penalty box
Question was incorrectly answered
Arthur was sent to the penalty box
Arthur is the current player
They have rolled a 2
Arthur is not getting out of the penalty box
Question was incorrectly answered
Arthur was sent to the penalty box
Arthur is the current player
They have rolled a 2
Arthur is not getting out of the penalty box
Question was incorrectly answered
Arthur was sent to the penalty box
Arthur is the current player
They have rolled a 2
Arthur is not getting out of the penalty box
Question was incorrectly answered
Arthur was sent to the penalty box
Arthur is the current player
They have rolled a 2
Arthur is not getting out of the penalty box
Question was incorrectly answered
Arthur was sent to the penalty box
Arthur is the current player
They have rolled a 2
Arthur is not getting out of the penalty box
Question was incorrectly answered
Arthur was sent to the penalty box
Arthur is the current player
They have rolled a 2
Arthur is not getting out of the penalty box
Question was incorrectly answered
Arthur was sent to the penalty box
Arthur is the current player
They have rolled a 2
Arthur is not getting out of the penalty box
Question was incorrectly answered
Arthur was sent to the penalty box
Arthur is the current player
They have rolled a 2
Arthur is not getting out of the penalty box
Question was incorrectly answered
Arthur was sent to the penalty box
Arthur is the current player
They have rolled a 2
Arthur is not getting out of the penalty box
Question was incorrectly answered
Arthur was sent to the penalty box
Arthur is the current player
They have rolled a 2
Arthur is not getting out of the penalty box
Question was incorrectly answered
Arthur was sent to the penalty box
Arthur is the current player
They have rolled a 2
Arthur is not getting out of the penalty box
Question was incorrectly answered
Arthur was sent to the penalty box
Arthur is the current player
They have rolled a 2
Arthur is not getting out of the penalty box
Question was incorrectly answered
Arthur was sent to the penalty box
Arthur is the current player
They have rolled a 2
Arthur is not getting out of the penalty box
Question was incorrectly answered
Arthur was sent to the penalty box
Arthur is the current player
They have rolled a 2
Arthur is not getting out of the penalty box
Question was incorrectly answered
Arthur was sent to the penalty box
Arthur is the current player
They have rolled a 2
Arthur is not getting out of the penalty box
Question was incorrectly answered
Arthur was sent to the penalty box
Arthur is the current player
They have rolled a 2
Arthur is not getting out of the penalty box
Question was incorrectly answered
Arthur was sent to the penalty box
Arthur is the current player
They have rolled a 2
Arthur is not getting out of the penalty box
Question was incorrectly answered
Arthur was sent to the penalty box
Gatien was added
They are player number 1
Gatien was added
They are player number 2
Gatien is the current player
They have rolled a 3
Gatien's new location is 3
The category is ROCK
Rock Question 0
Answer was corrent!!!!
Gatien now has 1 Gold Coins.
Gatien is the current player
They have rolled a 4
Gatien's new location is 4
The category is POP
Pop Question 0
Answer was corrent!!!!
Gatien now has 1 Gold Coins.
Gatien is the current player
They have rolled a 4
Gatien's new location is 7
The category is ROCK
Rock Question 1
Answer was corrent!!!!
Gatien now has 2 Gold Coins.
Gatien is the current player
They have rolled a 2
Gatien's new location is 6
The category is SPORT
Sports Question 0
Answer was corrent!!!!
Gatien now has 2 Gold Coins.
Gatien is the current player
They have rolled a 1
Gatien's new location is 8
The category is POP
Pop Question 1
Answer was corrent!!!!
Gatien now has 3 Gold Coins.
Gatien is the current player
They have rolled a 3
Gatien's new location is 9
The category is SCIENCE
Science Question 0
Answer was corrent!!!!
Gatien now has 3 Gold Coins.
Gatien is the current player
They have rolled a 5
Gatien's new location is 1
The category is SCIENCE
Science Question 1
Answer was corrent!!!!
Gatien now has 4 Gold Coins.
Gatien is the current player
They have rolled a 3
Gatien's new location is 0
The category is POP
Pop Question 2
Answer was corrent!!!!
Gatien now has 4 Gold Coins.
Gatien is the current player
They have rolled a 5
Gatien's new location is 6
The category is SPORT
Sports Question 1
Answer was corrent!!!!
Gatien now has 5 Gold Coins.
Gatien is the current player
They have rolled a 4
Gatien's new location is 4
The category is POP
Pop Question 3
Answer was corrent!!!!
Gatien now has 5 Gold Coins.
Gatien is the current player
They have rolled a 2
Gatien's new location is 8
The category is POP
Pop Question 4
Answer was corrent!!!!
Gatien now has 6 Gold Coins.
Gatien is the current player
They have rolled a 5
Gatien's new location is 9
The category is SCIENCE
Science Question 2
Answer was corrent!!!!
Gatien now has 6 Gold Coins.
Gatien is the current player
They have rolled a 4
Gatien's new location is 0
The category is POP
Pop Question 5
Answer was corrent!!!!
Gatien now has 7 Gold Coins.
Gatien is the current player
They have rolled a 2
Gatien's new location is 11
The category is ROCK
Rock Question 2
Answer was corrent!!!!
Gatien now has 7 Gold Coins.
Gatien is the current player
They have rolled a 3
Gatien's new location is 3
The category is ROCK
Rock Question 3
Answer was corrent!!!!
Gatien now has 8 Gold Coins.
Gatien is the current player
They have rolled a 5
Gatien's new location is 4
The category is POP
Pop Question 6
Answer was corrent!!!!
Gatien now has 8 Gold Coins.
Gatien is the current player
They have rolled a 4
Gatien's new location is 7
The category is ROCK
Rock Question 4
Answer was corrent!!!!
Gatien now has 9 Gold Coins.
Gatien is the current player
They have rolled a 4
Gatien's new location is 8
The category is POP
Pop Question 7
Answer was corrent!!!!
Gatien now has 9 Gold Coins.
Gatien is the current player
They have rolled a 2
Gatien's new location is 9
The category is SCIENCE
Science Question 3
Question was incorrectly answered
Gatien was sent to the penalty box
Gatien is the current player
They have rolled a 1
Gatien's new location is 9
The category is SCIENCE
Science Question 4
Answer was corrent!!!!
Gatien now has 10 Gold Coins.
Gatien is the current player
They have rolled a 4
Gatien is not getting out of the penalty box
Gatien is the current player
They have rolled a 5
Gatien's new location is 2
The category is SPORT
Sports Question 2
Answer was corrent!!!!
Gatien now has 11 Gold Coins.
Gatien is the current player
They have rolled a 4
Gatien is not getting out of the penalty box
Gatien is the current player
They have rolled a 3
Gatien's new location is 5
The category is SCIENCE
Science Question 5
Answer was corrent!!!!
Gatien now has 12 Gold Coins.
Gatien is the current player
They have rolled a 5
Gatien is getting out of the penalty box
Gatien's new location is 2
The category is SPORT
Sports Question 3
Answer was corrent!!!!
Gatien now has 10 Gold Coins.
Gatien is the current player
They have rolled a 5
Gatien's new location is 10
The category is SPORT
Sports Question 4
Answer was corrent!!!!
Gatien now has 13 Gold Coins.
Gatien is the current player
They have rolled a 3
Gatien's new location is 5
The category is SCIENCE
Science Question 6
Answer was corrent!!!!
Gatien now has 11 Gold Coins.
Gatien is the current player
They have rolled a 3
Gatien's new location is 1
The category is SCIENCE
Science Question 7
Question was incorrectly answered
Gatien was sent to the penalty box
Gatien is the current player
They have rolled a 5
Gatien's new location is 10
The category is SPORT
Sports Question 5
Answer was corrent!!!!
Gatien now has 12 Gold Coins.
Gatien is the current player
They have rolled a 1
Gatien is getting out of the penalty box
Gatien's new location is 2
The category is SPORT
Sports Question 6
Answer was corrent!!!!
Gatien now has 14 Gold Coins.
Gatien is the current player
They have rolled a 5
Gatien's new location is 3
The category is ROCK
Rock Question 5
Answer was corrent!!!!
Gatien now has 13 Gold Coins.
Gatien is the current player
They have rolled a 2
Gatien's new location is 4
The category is POP
Pop Question 8
Answer was corrent!!!!
Gatien now has 15 Gold Coins.
Gatien is the current player
They have rolled a 5
Gatien's new location is 8
The category is POP
Pop Question 9
Answer was corrent!!!!
Gatien now has 14 Gold Coins.
Gatien is the current player
They have rolled a 4
Gatien's new location is 8
The category is POP
Pop Question 10
Answer was corrent!!!!
Gatien now has 16 Gold Coins.
Gatien is the current player
They have rolled a 3
Gatien's new location is 11
The category is ROCK
Rock Question 6
Answer was corrent!!!!
Gatien now has 15 Gold Coins.
Gatien is the current player
They have rolled a 3
Gatien's new location is 11
The category is ROCK
Rock Question 7
Answer was corrent!!!!
Gatien now has 17 Gold Coins.
Gatien is the current player
They have rolled a 4
Gatien's new location is 3
The category is ROCK
Rock Question 8
Question was incorrectly answered
Gatien was sent to the penalty box
Gatien is the current player
They have rolled a 1
Gatien's new location is 0
The category is POP
Pop Question 11
Answer was corrent!!!!
Gatien now has 18 Gold Coins.
Gatien is the current player
They have rolled a 1
Gatien is getting out of the penalty box
Gatien's new location is 4
The category is POP
Pop Question 12
Answer was corrent!!!!
Gatien now has 16 Gold Coins.
Gatien is the current player
They have rolled a 1
Gatien's new location is 1
The category is SCIENCE
Science Question 8
Answer was corrent!!!!
Gatien now has 19 Gold Coins.
Gatien is the current player
They have rolled a 3
Gatien's new location is 7
The category is ROCK
Rock Question 9
Answer was corrent!!!!
Gatien now has 17 Gold Coins.
Gatien is the current player
They have rolled a 4
Gatien's new location is 5
The category is SCIENCE
Science Question 9
Answer was corrent!!!!
Gatien now has 20 Gold Coins.
Gatien is the current player
They have rolled a 4
Gatien's new location is 11
The category is ROCK
Rock Question 10
Answer was corrent!!!!
Gatien now has 18 Gold Coins.
Gatien is the current player
They have rolled a 1
Gatien's new location is 6
The category is SPORT
Sports Question 7
Answer was corrent!!!!
Gatien now has 21 Gold Coins.
Gatien is the current player
They have rolled a 4
Gatien's new location is 3
The category is ROCK
Rock Question 11
Answer was corrent!!!!
Gatien now has 19 Gold Coins.
Gatien is the current player
They have rolled a 2
Gatien's new location is 8
The category is POP
Pop Question 13
Answer was corrent!!!!
Gatien now has 22 Gold Coins.
Gatien is the current player
They have rolled a 1
Gatien's new location is 4
The category is POP
Pop Question 14
Answer was corrent!!!!
Gatien now has 20 Gold Coins.
Gatien is the current player
They have rolled a 4
Gatien's new location is 0
The category is POP
Pop Question 15
Answer was corrent!!!!
Gatien now has 23 Gold Coins.
Gatien is the current player
They have rolled a 5
Gatien's new location is 9
The category is SCIENCE
Science Question 10
Question was incorrectly answered
Gatien was sent to the penalty box
Gatien is the current player
They have rolled a 2
Gatien's new location is 2
The category is SPORT
Sports Question 8
Answer was corrent!!!!
Gatien now has 24 Gold Coins.
Gatien is the current player
They have rolled a 4
Gatien is not getting out of the penalty box
Gatien is the current player
They have rolled a 2
Gatien's new location is 4
The category is POP
Pop Question 16
Answer was corrent!!!!
Gatien now has 25 Gold Coins.
Gatien is the current player
They have rolled a 2
Gatien is not getting out of the penalty box
Gatien is the current player
They have rolled a 4
Gatien's new location is 8
The category is POP
Pop Question 17
Question was incorrectly answered
Gatien was sent to the penalty box
Gatien is the current player
They have rolled a 2
Gatien is not getting out of the penalty box
Gatien is the current player
They have rolled a 3
Gatien is getting out of the penalty box
Gatien's new location is 11
The category is ROCK
Rock Question 12
Answer was corrent!!!!
Gatien now has 26 Gold Coins.
Gatien is the current player
They have rolled a 5
Gatien is getting out of the penalty box
Gatien's new location is 2
The category is SPORT
Sports Question 9
Answer was corrent!!!!
Gatien now has 21 Gold Coins.
Gatien is the current player
They have rolled a 5
Gatien's new location is 4
The category is POP
Pop Question 18
Answer was corrent!!!!
Gatien now has 27 Gold Coins.
Gatien is the current player
They have rolled a 5
Gatien's new location is 7
The category is ROCK
Rock Question 13
Answer was corrent!!!!
Gatien now has 22 Gold Coins.
Gatien is the current player
They have rolled a 2
Gatien's new location is 6
The category is SPORT
Sports Question 10
Answer was corrent!!!!
Gatien now has 28 Gold Coins.
Gatien is the current player
They have rolled a 1
Gatien's new location is 8
The category is POP
Pop Question 19
Answer was corrent!!!!
Gatien now has 23 Gold Coins.
Gatien is the current player
They have rolled a 4
Gatien's new location is 10
The category is SPORT
Sports Question 11
Answer was corrent!!!!
Gatien now has 29 Gold Coins.
Gatien is the current player
They have rolled a 5
Gatien's new location is 1
The category is SCIENCE
Science Question 11
Answer was corrent!!!!
Gatien now has 24 Gold Coins.
Gatien is the current player
They have rolled a 4
Gatien's new location is 2
The category is SPORT
Sports Question 12
Answer was corrent!!!!
Gatien now has 30 Gold Coins.
Gatien is the current player
They have rolled a 3
Gatien's new location is 4
The category is POP
Pop Question 20
Answer was corrent!!!!
Gatien now has 25 Gold Coins.
Gatien is the current player
They have rolled a 1
Gatien's new location is 3
The category is ROCK
Rock Question 14
Answer was corrent!!!!
Gatien now has 31 Gold Coins.
Gatien is the current player
They have rolled a 4
Gatien's new location is 8
The category is POP
Pop Question 21
Answer was corrent!!!!
Gatien now has 26 Gold Coins.
Gatien is the current player
They have rolled a 2
Gatien's new location is 5
The category is SCIENCE
Science Question 12
Answer was corrent!!!!
Gatien now has 32 Gold Coins.
Gatien is the current player
They have rolled a 4
Gatien's new location is 0
The category is POP
Pop Question 22
Answer was corrent!!!!
Gatien now has 27 Gold Coins.
Gatien is the current player
They have rolled a 4
Gatien's new location is 9
The category is SCIENCE
Science Question 13
Answer was corrent!!!!
Gatien now has 33 Gold Coins.
Gatien is the current player
They have rolled a 2
Gatien's new location is 2
The category is SPORT
Sports Question 13
Answer was corrent!!!!
Gatien now has 28 Gold Coins.
Gatien is the current player
They have rolled a 3
Gatien's new location is 0
The category is POP
Pop Question 23
Answer was corrent!!!!
Gatien now has 34 Gold Coins.
Gatien is the current player
They have rolled a 3
Gatien's new location is 5
The category is SCIENCE
Science Question 14
Answer was corrent!!!!
Gatien now has 29 Gold Coins.
Gatien is the current player
They have rolled a 4
Gatien's new location is 4
The category is POP
Pop Question 24
Answer was corrent!!!!
Gatien now has 35 Gold Coins.
Gatien is the current player
They have rolled a 1
Gatien's new location is 6
The category is SPORT
Sports Question 14
Answer was corrent!!!!
Gatien now has 30 Gold Coins.
Gatien is the current player
They have rolled a 4
Gatien's new location is 8
The category is POP
Pop Question 25
Answer was corrent!!!!
Gatien now has 36 Gold Coins.
Gatien is the current player
They have rolled a 5
Gatien's new location is 11
The category is ROCK
Rock Question 15
Answer was corrent!!!!
Gatien now has 31 Gold Coins.
Gatien is the current player
They have rolled a 2
Gatien's new location is 10
The category is SPORT
Sports Question 15
Answer was corrent!!!!
Gatien now has 37 Gold Coins.
Gatien is the current player
They have rolled a 1
Gatien's new location is 0
The category is POP
Pop Question 26
Answer was corrent!!!!
Gatien now has 32 Gold Coins.
Gatien is the current player
They have rolled a 1
Gatien's new location is 11
The category is ROCK
Rock Question 16
Answer was corrent!!!!
Gatien now has 38 Gold Coins.
Gatien is the current player
They have rolled a 4
Gatien's new location is 4
The category is POP
Pop Question 27
Answer was corrent!!!!
Gatien now has 33 Gold Coins.
Gatien is the current player
They have rolled a 5
Gatien's new location is 4
The category is POP
Pop Question 28
Answer was corrent!!!!
Gatien now has 39 Gold Coins.
Gatien is the current player
They have rolled a 5
Gatien's new location is 9
The category is SCIENCE
Science Question 15
Answer was corrent!!!!
Gatien now has 34 Gold Coins.
Gatien is the current player
They have rolled a 5
Gatien's new location is 9
The category is SCIENCE
Science Question 16
Answer was corrent!!!!
Gatien now has 40 Gold Coins.
Gatien was added
They are player number 1
Gatien was added
They are player number 2
Gatien is the current player
They have rolled a 2
Gatien's new location is 2
The category is SPORT
Sports Question 0
Question was incorrectly answered
Gatien was sent to the penalty box
Gatien is the current player
They have rolled a 2
Gatien's new location is 2
The category is SPORT
Sports Question 1
Question was incorrectly answered
Gatien was sent to the penalty box
Gatien is the current player
They have rolled a 2
Gatien is not getting out of the penalty box
Question was incorrectly answered
Gatien was sent to the penalty box
Gatien is the current player
They have rolled a 2
Gatien is not getting out of the penalty box
Question was incorrectly answered
Gatien was sent to the penalty box
Gatien is the current player
They have rolled a 2
Gatien is not getting out of the penalty box
Question was incorrectly answered
Gatien was sent to the penalty box
Gatien is the current player
They have rolled a 2
Gatien is not getting out of the penalty box
Question was incorrectly answered
Gatien was sent to the penalty box
Gatien is the current player
They have rolled a 2
Gatien is not getting out of the penalty box
Question was incorrectly answered
Gatien was sent to the penalty box
Gatien is the current player
They have rolled a 2
Gatien is not getting out of the penalty box
Question was incorrectly answered
Gatien was sent to the penalty box
Gatien is the current player
They have rolled a 2
Gatien is not getting out of the penalty box
Question was incorrectly answered
Gatien was sent to the penalty box
Gatien is the current player
They have rolled a 2
Gatien is not getting out of the penalty box
Question was incorrectly answered
Gatien was sent to the penalty box
Gatien is the current player
They have rolled a 2
Gatien is not getting out of the penalty box
Question was incorrectly answered
Gatien was sent to the penalty box
Gatien is the current player
They have rolled a 2
Gatien is not getting out of the penalty box
Question was incorrectly answered
Gatien was sent to the penalty box
Gatien is the current player
They have rolled a 2
Gatien is not getting out of the penalty box
Question was incorrectly answered
Gatien was sent to the penalty box
Gatien is the current player
They have rolled a 2
Gatien is not getting out of the penalty box
Question was incorrectly answered
Gatien was sent to the penalty box
Gatien is the current player
They have rolled a 2
Gatien is not getting out of the penalty box
Question was incorrectly answered
Gatien was sent to the penalty box
Gatien is the current player
They have rolled a 2
Gatien is not getting out of the penalty box
Question was incorrectly answered
Gatien was sent to the penalty box
Gatien is the current player
They have rolled a 2
Gatien is not getting out of the penalty box
Question was incorrectly answered
Gatien was sent to the penalty box
Gatien is the current player
They have rolled a 2
Gatien is not getting out of the penalty box
Question was incorrectly answered
Gatien was sent to the penalty box
Gatien is the current player
They have rolled a 2
Gatien is not getting out of the penalty box
Question was incorrectly answered
Gatien was sent to the penalty box
Gatien is the current player
They have rolled a 2
Gatien is not getting out of the penalty box
Question was incorrectly answered
Gatien was sent to the penalty box
Gatien is the current player
They have rolled a 2
Gatien is not getting out of the penalty box
Question was incorrectly answered
Gatien was sent to the penalty box
Gatien is the current player
They have rolled a 2
Gatien is not getting out of the penalty box
Question was incorrectly answered
Gatien was sent to the penalty box
Gatien is the current player
They have rolled a 2
Gatien is not getting out of the penalty box
Question was incorrectly answered
Gatien was sent to the penalty box
Gatien is the current player
They have rolled a 2
Gatien is not getting out of the penalty box
Question was incorrectly answered
Gatien was sent to the penalty box
Gatien is the current player
They have rolled a 2
Gatien is not getting out of the penalty box
Question was incorrectly answered
Gatien was sent to the penalty box
Gatien is the current player
They have rolled a 2
Gatien is not getting out of the penalty box
Question was incorrectly answered
Gatien was sent to the penalty box
Gatien is the current player
They have rolled a 2
Gatien is not getting out of the penalty box
Question was incorrectly answered
Gatien was sent to the penalty box
Gatien is the current player
They have rolled a 2
Gatien is not getting out of the penalty box
Question was incorrectly answered
Gatien was sent to the penalty box
Gatien is the current player
They have rolled a 2
Gatien is not getting out of the penalty box
Question was incorrectly answered
Gatien was sent to the penalty box
Gatien is the current player
They have rolled a 2
Gatien is not getting out of the penalty box
Question was incorrectly answered
Gatien was sent to the penalty box
Gatien is the current player
They have rolled a 2
Gatien is not getting out of the penalty box
Question was incorrectly answered
Gatien was sent to the penalty box
Gatien is the current player
They have rolled a 2
Gatien is not getting out of the penalty box
Question was incorrectly answered
Gatien was sent to the penalty box
Gatien is the current player
They have rolled a 2
Gatien is not getting out of the penalty box
Question was incorrectly answered
Gatien was sent to the penalty box
Gatien is the current player
They have rolled a 2
Gatien is not getting out of the penalty box
Question was incorrectly answered
Gatien was sent to the penalty box
Gatien is the current player
They have rolled a 2
Gatien is not getting out of the penalty box
Question was incorrectly answered
Gatien was sent to the penalty box
Gatien is the current player
They have rolled a 2
Gatien is not getting out of the penalty box
Question was incorrectly answered
Gatien was sent to the penalty box
Gatien is the current player
They have rolled a 2
Gatien is not getting out of the penalty box
Question was incorrectly answered
Gatien was sent to the penalty box
Gatien is the current player
They have rolled a 2
Gatien is not getting out of the penalty box
Question was incorrectly answered
Gatien was sent to the penalty box
Gatien is the current player
They have rolled a 2
Gatien is not getting out of the penalty box
Question was incorrectly answered
Gatien was sent to the penalty box
Gatien is the current player
They have rolled a 2
Gatien is not getting out of the penalty box
Question was incorrectly answered
Gatien was sent to the penalty box

Number of roll: 40

Gatien was added
They are player number 1
Gatien was added
They are player number 2
Gatien is the current player
They have rolled a 4
Gatien's new location is 4
The category is POP
Pop Question 0
Answer was corrent!!!!
Gatien now has 1 Gold Coins.
Gatien is the current player
They have rolled a 5
Gatien's new location is 5
The category is SCIENCE
Science Question 0
Answer was corrent!!!!
Gatien now has 1 Gold Coins.
Gatien is the current player
They have rolled a 2
Gatien's new location is 6
The category is SPORT
Sports Question 0
Answer was corrent!!!!
Gatien now has 2 Gold Coins.
Gatien is the current player
They have rolled a 2
Gatien's new location is 7
The category is ROCK
Rock Question 0
Answer was corrent!!!!
Gatien now has 2 Gold Coins.
Gatien is the current player
They have rolled a 4
Gatien's new location is 10
The category is SPORT
Sports Question 1
Answer was corrent!!!!
Gatien now has 3 Gold Coins.
Gatien is the current player
They have rolled a 4
Gatien's new location is 11
The category is ROCK
Rock Question 1
Answer was corrent!!!!
Gatien now has 3 Gold Coins.
Gatien is the current player
They have rolled a 4
Gatien's new location is 2
The category is SPORT
Sports Question 2
Answer was corrent!!!!
Gatien now has 4 Gold Coins.
Gatien is the current player
They have rolled a 5
Gatien's new location is 4
The category is POP
Pop Question 1
Answer was corrent!!!!
Gatien now has 4 Gold Coins.
Gatien is the current player
They have rolled a 5
Gatien's new location is 7
The category is ROCK
Rock Question 2
Answer was corrent!!!!
Gatien now has 5 Gold Coins.
Gatien is the current player
They have rolled a 4
Gatien's new location is 8
The category is POP
Pop Question 2
Question was incorrectly answered
Gatien was sent to the penalty box
Gatien is the current player
They have rolled a 3
Gatien's new location is 10
The category is SPORT
Sports Question 3
Answer was corrent!!!!
Gatien now has 6 Gold Coins.
Gatien was added
They are player number 1
Gatien was added
They are player number 2
Gatien is the current player
They have rolled a 2
Gatien's new location is 2
The category is SPORT
Sports Question 0
Answer was corrent!!!!
Gatien now has 1 Gold Coins.
Gatien is the current player
They have rolled a 3
Gatien's new location is 3
The category is ROCK
Rock Question 0
Answer was corrent!!!!
Gatien now has 1 Gold Coins.
Gatien is the current player
They have rolled a 5
Gatien's new location is 7
The category is ROCK
Rock Question 1
Answer was corrent!!!!
Gatien now has 2 Gold Coins.
Gatien is the current player
They have rolled a 1
Gatien's new location is 4
The category is POP
Pop Question 0
Answer was corrent!!!!
Gatien now has 2 Gold Coins.
Gatien is the current player
They have rolled a 1
Gatien's new location is 8
The category is POP
Pop Question 1
Answer was corrent!!!!
Gatien now has 3 Gold Coins.
Gatien is the current player
They have rolled a 4
Gatien's new location is 8
The category is POP
Pop Question 2
Answer was corrent!!!!
Gatien now has 3 Gold Coins.
Gatien is the current player
They have rolled a 1
Gatien's new location is 9
The category is SCIENCE
Science Question 0
Answer was corrent!!!!
Gatien now has 4 Gold Coins.
Gatien is the current player
They have rolled a 4
Gatien's new location is 0
The category is POP
Pop Question 3
Answer was corrent!!!!
Gatien now has 4 Gold Coins.
Gatien is the current player
They have rolled a 5
Gatien's new location is 2
The category is SPORT
Sports Question 1
Answer was corrent!!!!
Gatien now has 5 Gold Coins.
Gatien is the current player
They have rolled a 4
Gatien's new location is 4
The category is POP
Pop Question 4
Answer was corrent!!!!
Gatien now has 5 Gold Coins.
Gatien is the current player
They have rolled a 3
Gatien's new location is 5
The category is SCIENCE
Science Question 1
Answer was corrent!!!!
Gatien now has 6 Gold Coins.
Gatien was added
They are player number 1
Gatien was added
They are player number 2
Gatien is the current player
They have rolled a 2
Gatien's new location is 2
The category is SPORT
Sports Question 0
Answer was corrent!!!!
Gatien now has 1 Gold Coins.
Gatien is the current player
They have rolled a 3
Gatien's new location is 3
The category is ROCK
Rock Question 0
Answer was corrent!!!!
Gatien now has 1 Gold Coins.
Gatien is the current player
They have rolled a 1
Gatien's new location is 3
The category is ROCK
Rock Question 1
Answer was corrent!!!!
Gatien now has 2 Gold Coins.
Gatien is the current player
They have rolled a 1
Gatien's new location is 4
The category is POP
Pop Question 0
Question was incorrectly answered
Gatien was sent to the penalty box
Gatien is the current player
They have rolled a 5
Gatien's new location is 8
The category is POP
Pop Question 1
Answer was corrent!!!!
Gatien now has 3 Gold Coins.
Gatien is the current player
They have rolled a 1
Gatien is getting out of the penalty box
Gatien's new location is 5
The category is SCIENCE
Science Question 0
Answer was corrent!!!!
Gatien now has 2 Gold Coins.
Gatien is the current player
They have rolled a 4
Gatien's new location is 0
The category is POP
Pop Question 2
Answer was corrent!!!!
Gatien now has 4 Gold Coins.
Gatien is the current player
They have rolled a 2
Gatien's new location is 7
The category is ROCK
Rock Question 2
Answer was corrent!!!!
Gatien now has 3 Gold Coins.
Gatien is the current player
They have rolled a 1
Gatien's new location is 1
The category is SCIENCE
Science Question 1
Answer was corrent!!!!
Gatien now has 5 Gold Coins.
Gatien is the current player
They have rolled a 1
Gatien's new location is 8
The category is POP
Pop Question 3
Answer was corrent!!!!
Gatien now has 4 Gold Coins.
Gatien is the current player
They have rolled a 1
Gatien's new location is 2
The category is SPORT
Sports Question 1
Question was incorrectly answered
Gatien was sent to the penalty box
Gatien is the current player
They have rolled a 5
Gatien's new location is 1
The category is SCIENCE
Science Question 2
Answer was corrent!!!!
Gatien now has 5 Gold Coins.
Gatien is the current player
They have rolled a 2
Gatien is not getting out of the penalty box
Gatien is the current player
They have rolled a 4
Gatien's new location is 5
The category is SCIENCE
Science Question 3
Answer was corrent!!!!
Gatien now has 6 Gold Coins.
Gatien is the current player
They have rolled a 1
Gatien is getting out of the penalty box
Gatien's new location is 3
The category is ROCK
Rock Question 3
Answer was corrent!!!!
Gatien now has 6 Gold Coins.
Gatien was added
They are player number 1
Gatien was added
They are player number 2
Gatien is the current player
They have rolled a 4
Gatien's new location is 4
The category is POP
Pop Question 0
Answer was corrent!!!!
Gatien now has 1 Gold Coins.
Gatien is the current player
They have rolled a 1
Gatien's new location is 1
The category is SCIENCE
Science Question 0
Answer was corrent!!!!
Gatien now has 1 Gold Coins.
Gatien is the current player
They have rolled a 2
Gatien's new location is 6
The category is SPORT
Sports Question 0
Answer was corrent!!!!
Gatien now has 2 Gold Coins.
Gatien is the current player
They have rolled a 1
Gatien's new location is 2
The category is SPORT
Sports Question 1
Answer was corrent!!!!
Gatien now has 2 Gold Coins.
Gatien is the current player
They have rolled a 4
Gatien's new location is 10
The category is SPORT
Sports Question 2
Answer was corrent!!!!
Gatien now has 3 Gold Coins.
Gatien is the current player
They have rolled a 1
Gatien's new location is 3
The category is TECHNO
Techno Question 0
Answer was corrent!!!!
Gatien now has 3 Gold Coins.
Gatien is the current player
They have rolled a 3
Gatien's new location is 1
The category is SCIENCE
Science Question 1
Answer was corrent!!!!
Gatien now has 4 Gold Coins.
Gatien is the current player
They have rolled a 3
Gatien's new location is 6
The category is SPORT
Sports Question 3
Answer was corrent!!!!
Gatien now has 4 Gold Coins.
Gatien is the current player
They have rolled a 1
Gatien's new location is 2
The category is SPORT
Sports Question 4
Answer was corrent!!!!
Gatien now has 5 Gold Coins.
Gatien is the current player
They have rolled a 1
Gatien's new location is 7
The category is TECHNO
Techno Question 1
Question was incorrectly answered
Gatien was sent to the penalty box
Gatien is the current player
They have rolled a 2
Gatien's new location is 4
The category is POP
Pop Question 1
Answer was corrent!!!!
Gatien now has 6 Gold Coins.
]]></system-out>
  <system-err><![CDATA[]]></system-err>
</testsuite>
