<?xml version="1.0" encoding="UTF-8"?>
<testsuite name="com.adaptionsoft.games.trivia.SomeTest" tests="1" skipped="0" failures="0" errors="0" timestamp="2023-04-13T08:08:21" hostname="MacBook-Pro-de-Clement.local" time="0.012">
  <properties/>
  <testcase name="questions distribution should be proportional()" classname="com.adaptionsoft.games.trivia.SomeTest" time="0.012"/>
  <system-out><![CDATA[Gatien was added
They are player number 1
Gatien was added
They are player number 2
(POP, 50) == (SCIENCE, 50)
(SCIENCE, 50) == (SPORT, 50)
(SPORT, 50) == (ROCK, 50)
]]></system-out>
  <system-err><![CDATA[]]></system-err>
</testsuite>
