<?xml version="1.0" encoding="UTF-8"?>
<testsuite name="com.adaptionsoft.games.trivia.SomeTest" tests="1" skipped="0" failures="0" errors="0" timestamp="2023-03-17T08:56:05" hostname="MacBook-Pro-de-Clement.local" time="0.039">
  <properties/>
  <testcase name="number of questions should be infinite()" classname="com.adaptionsoft.games.trivia.SomeTest" time="0.039"/>
  <system-out><![CDATA[Gatien was added
They are player number 1
Gatien was added
They are player number 2

Number of roll: 554

Gatien is the current player
They have rolled a 2
Gatien's new location is 2
The category is SPORT
Sports Question 0
Question was incorrectly answered
Gatien was sent to the penalty box
Gatien is the current player
They have rolled a 2
Gatien's new location is 2
The category is SPORT
Sports Question 1
Question was incorrectly answered
Gatien was sent to the penalty box
Gatien is the current player
They have rolled a 2
Gatien is not getting out of the penalty box
Question was incorrectly answered
Gatien was sent to the penalty box
Gatien is the current player
They have rolled a 2
Gatien is not getting out of the penalty box
Question was incorrectly answered
Gatien was sent to the penalty box
Gatien is the current player
They have rolled a 2
Gatien is not getting out of the penalty box
Question was incorrectly answered
Gatien was sent to the penalty box
Gatien is the current player
They have rolled a 2
Gatien is not getting out of the penalty box
Question was incorrectly answered
Gatien was sent to the penalty box
Gatien is the current player
They have rolled a 2
Gatien is not getting out of the penalty box
Question was incorrectly answered
Gatien was sent to the penalty box
Gatien is the current player
They have rolled a 2
Gatien is not getting out of the penalty box
Question was incorrectly answered
Gatien was sent to the penalty box
Gatien is the current player
They have rolled a 2
Gatien is not getting out of the penalty box
Question was incorrectly answered
Gatien was sent to the penalty box
Gatien is the current player
They have rolled a 2
Gatien is not getting out of the penalty box
Question was incorrectly answered
Gatien was sent to the penalty box
Gatien is the current player
They have rolled a 2
Gatien is not getting out of the penalty box
Question was incorrectly answered
Gatien was sent to the penalty box
Gatien is the current player
They have rolled a 2
Gatien is not getting out of the penalty box
Question was incorrectly answered
Gatien was sent to the penalty box
Gatien is the current player
They have rolled a 2
Gatien is not getting out of the penalty box
Question was incorrectly answered
Gatien was sent to the penalty box
Gatien is the current player
They have rolled a 2
Gatien is not getting out of the penalty box
Question was incorrectly answered
Gatien was sent to the penalty box
Gatien is the current player
They have rolled a 2
Gatien is not getting out of the penalty box
Question was incorrectly answered
Gatien was sent to the penalty box
Gatien is the current player
They have rolled a 2
Gatien is not getting out of the penalty box
Question was incorrectly answered
Gatien was sent to the penalty box
Gatien is the current player
They have rolled a 2
Gatien is not getting out of the penalty box
Question was incorrectly answered
Gatien was sent to the penalty box
Gatien is the current player
They have rolled a 2
Gatien is not getting out of the penalty box
Question was incorrectly answered
Gatien was sent to the penalty box
Gatien is the current player
They have rolled a 2
Gatien is not getting out of the penalty box
Question was incorrectly answered
Gatien was sent to the penalty box
Gatien is the current player
They have rolled a 2
Gatien is not getting out of the penalty box
Question was incorrectly answered
Gatien was sent to the penalty box
Gatien is the current player
They have rolled a 2
Gatien is not getting out of the penalty box
Question was incorrectly answered
Gatien was sent to the penalty box
Gatien is the current player
They have rolled a 2
Gatien is not getting out of the penalty box
Question was incorrectly answered
Gatien was sent to the penalty box
Gatien is the current player
They have rolled a 2
Gatien is not getting out of the penalty box
Question was incorrectly answered
Gatien was sent to the penalty box
Gatien is the current player
They have rolled a 2
Gatien is not getting out of the penalty box
Question was incorrectly answered
Gatien was sent to the penalty box
Gatien is the current player
They have rolled a 2
Gatien is not getting out of the penalty box
Question was incorrectly answered
Gatien was sent to the penalty box
Gatien is the current player
They have rolled a 2
Gatien is not getting out of the penalty box
Question was incorrectly answered
Gatien was sent to the penalty box
Gatien is the current player
They have rolled a 2
Gatien is not getting out of the penalty box
Question was incorrectly answered
Gatien was sent to the penalty box
Gatien is the current player
They have rolled a 2
Gatien is not getting out of the penalty box
Question was incorrectly answered
Gatien was sent to the penalty box
Gatien is the current player
They have rolled a 2
Gatien is not getting out of the penalty box
Question was incorrectly answered
Gatien was sent to the penalty box
Gatien is the current player
They have rolled a 2
Gatien is not getting out of the penalty box
Question was incorrectly answered
Gatien was sent to the penalty box
Gatien is the current player
They have rolled a 2
Gatien is not getting out of the penalty box
Question was incorrectly answered
Gatien was sent to the penalty box
Gatien is the current player
They have rolled a 2
Gatien is not getting out of the penalty box
Question was incorrectly answered
Gatien was sent to the penalty box
Gatien is the current player
They have rolled a 2
Gatien is not getting out of the penalty box
Question was incorrectly answered
Gatien was sent to the penalty box
Gatien is the current player
They have rolled a 2
Gatien is not getting out of the penalty box
Question was incorrectly answered
Gatien was sent to the penalty box
Gatien is the current player
They have rolled a 2
Gatien is not getting out of the penalty box
Question was incorrectly answered
Gatien was sent to the penalty box
Gatien is the current player
They have rolled a 2
Gatien is not getting out of the penalty box
Question was incorrectly answered
Gatien was sent to the penalty box
Gatien is the current player
They have rolled a 2
Gatien is not getting out of the penalty box
Question was incorrectly answered
Gatien was sent to the penalty box
Gatien is the current player
They have rolled a 2
Gatien is not getting out of the penalty box
Question was incorrectly answered
Gatien was sent to the penalty box
Gatien is the current player
They have rolled a 2
Gatien is not getting out of the penalty box
Question was incorrectly answered
Gatien was sent to the penalty box
Gatien is the current player
They have rolled a 2
Gatien is not getting out of the penalty box
Question was incorrectly answered
Gatien was sent to the penalty box
Gatien is the current player
They have rolled a 2
Gatien is not getting out of the penalty box
Question was incorrectly answered
Gatien was sent to the penalty box
Gatien is the current player
They have rolled a 2
Gatien is not getting out of the penalty box
Question was incorrectly answered
Gatien was sent to the penalty box
Gatien is the current player
They have rolled a 2
Gatien is not getting out of the penalty box
Question was incorrectly answered
Gatien was sent to the penalty box
Gatien is the current player
They have rolled a 2
Gatien is not getting out of the penalty box
Question was incorrectly answered
Gatien was sent to the penalty box
Gatien is the current player
They have rolled a 2
Gatien is not getting out of the penalty box
Question was incorrectly answered
Gatien was sent to the penalty box
Gatien is the current player
They have rolled a 2
Gatien is not getting out of the penalty box
Question was incorrectly answered
Gatien was sent to the penalty box
Gatien is the current player
They have rolled a 2
Gatien is not getting out of the penalty box
Question was incorrectly answered
Gatien was sent to the penalty box
Gatien is the current player
They have rolled a 2
Gatien is not getting out of the penalty box
Question was incorrectly answered
Gatien was sent to the penalty box
Gatien is the current player
They have rolled a 2
Gatien is not getting out of the penalty box
Question was incorrectly answered
Gatien was sent to the penalty box
Gatien is the current player
They have rolled a 2
Gatien is not getting out of the penalty box
Question was incorrectly answered
Gatien was sent to the penalty box
Gatien is the current player
They have rolled a 2
Gatien is not getting out of the penalty box
Question was incorrectly answered
Gatien was sent to the penalty box
Gatien is the current player
They have rolled a 2
Gatien is not getting out of the penalty box
Question was incorrectly answered
Gatien was sent to the penalty box
Gatien is the current player
They have rolled a 2
Gatien is not getting out of the penalty box
Question was incorrectly answered
Gatien was sent to the penalty box
Gatien is the current player
They have rolled a 2
Gatien is not getting out of the penalty box
Question was incorrectly answered
Gatien was sent to the penalty box
Gatien is the current player
They have rolled a 2
Gatien is not getting out of the penalty box
Question was incorrectly answered
Gatien was sent to the penalty box
Gatien is the current player
They have rolled a 2
Gatien is not getting out of the penalty box
Question was incorrectly answered
Gatien was sent to the penalty box
Gatien is the current player
They have rolled a 2
Gatien is not getting out of the penalty box
Question was incorrectly answered
Gatien was sent to the penalty box
Gatien is the current player
They have rolled a 2
Gatien is not getting out of the penalty box
Question was incorrectly answered
Gatien was sent to the penalty box
Gatien is the current player
They have rolled a 2
Gatien is not getting out of the penalty box
Question was incorrectly answered
Gatien was sent to the penalty box
Gatien is the current player
They have rolled a 2
Gatien is not getting out of the penalty box
Question was incorrectly answered
Gatien was sent to the penalty box
Gatien is the current player
They have rolled a 2
Gatien is not getting out of the penalty box
Question was incorrectly answered
Gatien was sent to the penalty box
Gatien is the current player
They have rolled a 2
Gatien is not getting out of the penalty box
Question was incorrectly answered
Gatien was sent to the penalty box
Gatien is the current player
They have rolled a 2
Gatien is not getting out of the penalty box
Question was incorrectly answered
Gatien was sent to the penalty box
Gatien is the current player
They have rolled a 2
Gatien is not getting out of the penalty box
Question was incorrectly answered
Gatien was sent to the penalty box
Gatien is the current player
They have rolled a 2
Gatien is not getting out of the penalty box
Question was incorrectly answered
Gatien was sent to the penalty box
Gatien is the current player
They have rolled a 2
Gatien is not getting out of the penalty box
Question was incorrectly answered
Gatien was sent to the penalty box
Gatien is the current player
They have rolled a 2
Gatien is not getting out of the penalty box
Question was incorrectly answered
Gatien was sent to the penalty box
Gatien is the current player
They have rolled a 2
Gatien is not getting out of the penalty box
Question was incorrectly answered
Gatien was sent to the penalty box
Gatien is the current player
They have rolled a 2
Gatien is not getting out of the penalty box
Question was incorrectly answered
Gatien was sent to the penalty box
Gatien is the current player
They have rolled a 2
Gatien is not getting out of the penalty box
Question was incorrectly answered
Gatien was sent to the penalty box
Gatien is the current player
They have rolled a 2
Gatien is not getting out of the penalty box
Question was incorrectly answered
Gatien was sent to the penalty box
Gatien is the current player
They have rolled a 2
Gatien is not getting out of the penalty box
Question was incorrectly answered
Gatien was sent to the penalty box
Gatien is the current player
They have rolled a 2
Gatien is not getting out of the penalty box
Question was incorrectly answered
Gatien was sent to the penalty box
Gatien is the current player
They have rolled a 2
Gatien is not getting out of the penalty box
Question was incorrectly answered
Gatien was sent to the penalty box
Gatien is the current player
They have rolled a 2
Gatien is not getting out of the penalty box
Question was incorrectly answered
Gatien was sent to the penalty box
Gatien is the current player
They have rolled a 2
Gatien is not getting out of the penalty box
Question was incorrectly answered
Gatien was sent to the penalty box
Gatien is the current player
They have rolled a 2
Gatien is not getting out of the penalty box
Question was incorrectly answered
Gatien was sent to the penalty box
Gatien is the current player
They have rolled a 2
Gatien is not getting out of the penalty box
Question was incorrectly answered
Gatien was sent to the penalty box
Gatien is the current player
They have rolled a 2
Gatien is not getting out of the penalty box
Question was incorrectly answered
Gatien was sent to the penalty box
Gatien is the current player
They have rolled a 2
Gatien is not getting out of the penalty box
Question was incorrectly answered
Gatien was sent to the penalty box
Gatien is the current player
They have rolled a 2
Gatien is not getting out of the penalty box
Question was incorrectly answered
Gatien was sent to the penalty box
Gatien is the current player
They have rolled a 2
Gatien is not getting out of the penalty box
Question was incorrectly answered
Gatien was sent to the penalty box
Gatien is the current player
They have rolled a 2
Gatien is not getting out of the penalty box
Question was incorrectly answered
Gatien was sent to the penalty box
Gatien is the current player
They have rolled a 2
Gatien is not getting out of the penalty box
Question was incorrectly answered
Gatien was sent to the penalty box
Gatien is the current player
They have rolled a 2
Gatien is not getting out of the penalty box
Question was incorrectly answered
Gatien was sent to the penalty box
Gatien is the current player
They have rolled a 2
Gatien is not getting out of the penalty box
Question was incorrectly answered
Gatien was sent to the penalty box
Gatien is the current player
They have rolled a 2
Gatien is not getting out of the penalty box
Question was incorrectly answered
Gatien was sent to the penalty box
Gatien is the current player
They have rolled a 2
Gatien is not getting out of the penalty box
Question was incorrectly answered
Gatien was sent to the penalty box
Gatien is the current player
They have rolled a 2
Gatien is not getting out of the penalty box
Question was incorrectly answered
Gatien was sent to the penalty box
Gatien is the current player
They have rolled a 2
Gatien is not getting out of the penalty box
Question was incorrectly answered
Gatien was sent to the penalty box
Gatien is the current player
They have rolled a 2
Gatien is not getting out of the penalty box
Question was incorrectly answered
Gatien was sent to the penalty box
Gatien is the current player
They have rolled a 2
Gatien is not getting out of the penalty box
Question was incorrectly answered
Gatien was sent to the penalty box
Gatien is the current player
They have rolled a 2
Gatien is not getting out of the penalty box
Question was incorrectly answered
Gatien was sent to the penalty box
Gatien is the current player
They have rolled a 2
Gatien is not getting out of the penalty box
Question was incorrectly answered
Gatien was sent to the penalty box
Gatien is the current player
They have rolled a 2
Gatien is not getting out of the penalty box
Question was incorrectly answered
Gatien was sent to the penalty box
Gatien is the current player
They have rolled a 2
Gatien is not getting out of the penalty box
Question was incorrectly answered
Gatien was sent to the penalty box
Gatien is the current player
They have rolled a 2
Gatien is not getting out of the penalty box
Question was incorrectly answered
Gatien was sent to the penalty box
Gatien is the current player
They have rolled a 2
Gatien is not getting out of the penalty box
Question was incorrectly answered
Gatien was sent to the penalty box
Gatien is the current player
They have rolled a 2
Gatien is not getting out of the penalty box
Question was incorrectly answered
Gatien was sent to the penalty box
Gatien is the current player
They have rolled a 2
Gatien is not getting out of the penalty box
Question was incorrectly answered
Gatien was sent to the penalty box
Gatien is the current player
They have rolled a 2
Gatien is not getting out of the penalty box
Question was incorrectly answered
Gatien was sent to the penalty box
Gatien is the current player
They have rolled a 2
Gatien is not getting out of the penalty box
Question was incorrectly answered
Gatien was sent to the penalty box
Gatien is the current player
They have rolled a 2
Gatien is not getting out of the penalty box
Question was incorrectly answered
Gatien was sent to the penalty box
Gatien is the current player
They have rolled a 2
Gatien is not getting out of the penalty box
Question was incorrectly answered
Gatien was sent to the penalty box
Gatien is the current player
They have rolled a 2
Gatien is not getting out of the penalty box
Question was incorrectly answered
Gatien was sent to the penalty box
Gatien is the current player
They have rolled a 2
Gatien is not getting out of the penalty box
Question was incorrectly answered
Gatien was sent to the penalty box
Gatien is the current player
They have rolled a 2
Gatien is not getting out of the penalty box
Question was incorrectly answered
Gatien was sent to the penalty box
Gatien is the current player
They have rolled a 2
Gatien is not getting out of the penalty box
Question was incorrectly answered
Gatien was sent to the penalty box
Gatien is the current player
They have rolled a 2
Gatien is not getting out of the penalty box
Question was incorrectly answered
Gatien was sent to the penalty box
Gatien is the current player
They have rolled a 2
Gatien is not getting out of the penalty box
Question was incorrectly answered
Gatien was sent to the penalty box
Gatien is the current player
They have rolled a 2
Gatien is not getting out of the penalty box
Question was incorrectly answered
Gatien was sent to the penalty box
Gatien is the current player
They have rolled a 2
Gatien is not getting out of the penalty box
Question was incorrectly answered
Gatien was sent to the penalty box
Gatien is the current player
They have rolled a 2
Gatien is not getting out of the penalty box
Question was incorrectly answered
Gatien was sent to the penalty box
Gatien is the current player
They have rolled a 2
Gatien is not getting out of the penalty box
Question was incorrectly answered
Gatien was sent to the penalty box
Gatien is the current player
They have rolled a 2
Gatien is not getting out of the penalty box
Question was incorrectly answered
Gatien was sent to the penalty box
Gatien is the current player
They have rolled a 2
Gatien is not getting out of the penalty box
Question was incorrectly answered
Gatien was sent to the penalty box
Gatien is the current player
They have rolled a 2
Gatien is not getting out of the penalty box
Question was incorrectly answered
Gatien was sent to the penalty box
Gatien is the current player
They have rolled a 2
Gatien is not getting out of the penalty box
Question was incorrectly answered
Gatien was sent to the penalty box
Gatien is the current player
They have rolled a 2
Gatien is not getting out of the penalty box
Question was incorrectly answered
Gatien was sent to the penalty box
Gatien is the current player
They have rolled a 2
Gatien is not getting out of the penalty box
Question was incorrectly answered
Gatien was sent to the penalty box
Gatien is the current player
They have rolled a 2
Gatien is not getting out of the penalty box
Question was incorrectly answered
Gatien was sent to the penalty box
Gatien is the current player
They have rolled a 2
Gatien is not getting out of the penalty box
Question was incorrectly answered
Gatien was sent to the penalty box
Gatien is the current player
They have rolled a 2
Gatien is not getting out of the penalty box
Question was incorrectly answered
Gatien was sent to the penalty box
Gatien is the current player
They have rolled a 2
Gatien is not getting out of the penalty box
Question was incorrectly answered
Gatien was sent to the penalty box
Gatien is the current player
They have rolled a 2
Gatien is not getting out of the penalty box
Question was incorrectly answered
Gatien was sent to the penalty box
Gatien is the current player
They have rolled a 2
Gatien is not getting out of the penalty box
Question was incorrectly answered
Gatien was sent to the penalty box
Gatien is the current player
They have rolled a 2
Gatien is not getting out of the penalty box
Question was incorrectly answered
Gatien was sent to the penalty box
Gatien is the current player
They have rolled a 2
Gatien is not getting out of the penalty box
Question was incorrectly answered
Gatien was sent to the penalty box
Gatien is the current player
They have rolled a 2
Gatien is not getting out of the penalty box
Question was incorrectly answered
Gatien was sent to the penalty box
Gatien is the current player
They have rolled a 2
Gatien is not getting out of the penalty box
Question was incorrectly answered
Gatien was sent to the penalty box
Gatien is the current player
They have rolled a 2
Gatien is not getting out of the penalty box
Question was incorrectly answered
Gatien was sent to the penalty box
Gatien is the current player
They have rolled a 2
Gatien is not getting out of the penalty box
Question was incorrectly answered
Gatien was sent to the penalty box
Gatien is the current player
They have rolled a 2
Gatien is not getting out of the penalty box
Question was incorrectly answered
Gatien was sent to the penalty box
Gatien is the current player
They have rolled a 2
Gatien is not getting out of the penalty box
Question was incorrectly answered
Gatien was sent to the penalty box
Gatien is the current player
They have rolled a 2
Gatien is not getting out of the penalty box
Question was incorrectly answered
Gatien was sent to the penalty box
Gatien is the current player
They have rolled a 2
Gatien is not getting out of the penalty box
Question was incorrectly answered
Gatien was sent to the penalty box
Gatien is the current player
They have rolled a 2
Gatien is not getting out of the penalty box
Question was incorrectly answered
Gatien was sent to the penalty box
Gatien is the current player
They have rolled a 2
Gatien is not getting out of the penalty box
Question was incorrectly answered
Gatien was sent to the penalty box
Gatien is the current player
They have rolled a 2
Gatien is not getting out of the penalty box
Question was incorrectly answered
Gatien was sent to the penalty box
Gatien is the current player
They have rolled a 2
Gatien is not getting out of the penalty box
Question was incorrectly answered
Gatien was sent to the penalty box
Gatien is the current player
They have rolled a 2
Gatien is not getting out of the penalty box
Question was incorrectly answered
Gatien was sent to the penalty box
Gatien is the current player
They have rolled a 2
Gatien is not getting out of the penalty box
Question was incorrectly answered
Gatien was sent to the penalty box
Gatien is the current player
They have rolled a 2
Gatien is not getting out of the penalty box
Question was incorrectly answered
Gatien was sent to the penalty box
Gatien is the current player
They have rolled a 2
Gatien is not getting out of the penalty box
Question was incorrectly answered
Gatien was sent to the penalty box
Gatien is the current player
They have rolled a 2
Gatien is not getting out of the penalty box
Question was incorrectly answered
Gatien was sent to the penalty box
Gatien is the current player
They have rolled a 2
Gatien is not getting out of the penalty box
Question was incorrectly answered
Gatien was sent to the penalty box
Gatien is the current player
They have rolled a 2
Gatien is not getting out of the penalty box
Question was incorrectly answered
Gatien was sent to the penalty box
Gatien is the current player
They have rolled a 2
Gatien is not getting out of the penalty box
Question was incorrectly answered
Gatien was sent to the penalty box
Gatien is the current player
They have rolled a 2
Gatien is not getting out of the penalty box
Question was incorrectly answered
Gatien was sent to the penalty box
Gatien is the current player
They have rolled a 2
Gatien is not getting out of the penalty box
Question was incorrectly answered
Gatien was sent to the penalty box
Gatien is the current player
They have rolled a 2
Gatien is not getting out of the penalty box
Question was incorrectly answered
Gatien was sent to the penalty box
Gatien is the current player
They have rolled a 2
Gatien is not getting out of the penalty box
Question was incorrectly answered
Gatien was sent to the penalty box
Gatien is the current player
They have rolled a 2
Gatien is not getting out of the penalty box
Question was incorrectly answered
Gatien was sent to the penalty box
Gatien is the current player
They have rolled a 2
Gatien is not getting out of the penalty box
Question was incorrectly answered
Gatien was sent to the penalty box
Gatien is the current player
They have rolled a 2
Gatien is not getting out of the penalty box
Question was incorrectly answered
Gatien was sent to the penalty box
Gatien is the current player
They have rolled a 2
Gatien is not getting out of the penalty box
Question was incorrectly answered
Gatien was sent to the penalty box
Gatien is the current player
They have rolled a 2
Gatien is not getting out of the penalty box
Question was incorrectly answered
Gatien was sent to the penalty box
Gatien is the current player
They have rolled a 2
Gatien is not getting out of the penalty box
Question was incorrectly answered
Gatien was sent to the penalty box
Gatien is the current player
They have rolled a 2
Gatien is not getting out of the penalty box
Question was incorrectly answered
Gatien was sent to the penalty box
Gatien is the current player
They have rolled a 2
Gatien is not getting out of the penalty box
Question was incorrectly answered
Gatien was sent to the penalty box
Gatien is the current player
They have rolled a 2
Gatien is not getting out of the penalty box
Question was incorrectly answered
Gatien was sent to the penalty box
Gatien is the current player
They have rolled a 2
Gatien is not getting out of the penalty box
Question was incorrectly answered
Gatien was sent to the penalty box
Gatien is the current player
They have rolled a 2
Gatien is not getting out of the penalty box
Question was incorrectly answered
Gatien was sent to the penalty box
Gatien is the current player
They have rolled a 2
Gatien is not getting out of the penalty box
Question was incorrectly answered
Gatien was sent to the penalty box
Gatien is the current player
They have rolled a 2
Gatien is not getting out of the penalty box
Question was incorrectly answered
Gatien was sent to the penalty box
Gatien is the current player
They have rolled a 2
Gatien is not getting out of the penalty box
Question was incorrectly answered
Gatien was sent to the penalty box
Gatien is the current player
They have rolled a 2
Gatien is not getting out of the penalty box
Question was incorrectly answered
Gatien was sent to the penalty box
Gatien is the current player
They have rolled a 2
Gatien is not getting out of the penalty box
Question was incorrectly answered
Gatien was sent to the penalty box
Gatien is the current player
They have rolled a 2
Gatien is not getting out of the penalty box
Question was incorrectly answered
Gatien was sent to the penalty box
Gatien is the current player
They have rolled a 2
Gatien is not getting out of the penalty box
Question was incorrectly answered
Gatien was sent to the penalty box
Gatien is the current player
They have rolled a 2
Gatien is not getting out of the penalty box
Question was incorrectly answered
Gatien was sent to the penalty box
Gatien is the current player
They have rolled a 2
Gatien is not getting out of the penalty box
Question was incorrectly answered
Gatien was sent to the penalty box
Gatien is the current player
They have rolled a 2
Gatien is not getting out of the penalty box
Question was incorrectly answered
Gatien was sent to the penalty box
Gatien is the current player
They have rolled a 2
Gatien is not getting out of the penalty box
Question was incorrectly answered
Gatien was sent to the penalty box
Gatien is the current player
They have rolled a 2
Gatien is not getting out of the penalty box
Question was incorrectly answered
Gatien was sent to the penalty box
Gatien is the current player
They have rolled a 2
Gatien is not getting out of the penalty box
Question was incorrectly answered
Gatien was sent to the penalty box
Gatien is the current player
They have rolled a 2
Gatien is not getting out of the penalty box
Question was incorrectly answered
Gatien was sent to the penalty box
Gatien is the current player
They have rolled a 2
Gatien is not getting out of the penalty box
Question was incorrectly answered
Gatien was sent to the penalty box
Gatien is the current player
They have rolled a 2
Gatien is not getting out of the penalty box
Question was incorrectly answered
Gatien was sent to the penalty box
Gatien is the current player
They have rolled a 2
Gatien is not getting out of the penalty box
Question was incorrectly answered
Gatien was sent to the penalty box
Gatien is the current player
They have rolled a 2
Gatien is not getting out of the penalty box
Question was incorrectly answered
Gatien was sent to the penalty box
Gatien is the current player
They have rolled a 2
Gatien is not getting out of the penalty box
Question was incorrectly answered
Gatien was sent to the penalty box
Gatien is the current player
They have rolled a 2
Gatien is not getting out of the penalty box
Question was incorrectly answered
Gatien was sent to the penalty box
Gatien is the current player
They have rolled a 2
Gatien is not getting out of the penalty box
Question was incorrectly answered
Gatien was sent to the penalty box
Gatien is the current player
They have rolled a 2
Gatien is not getting out of the penalty box
Question was incorrectly answered
Gatien was sent to the penalty box
Gatien is the current player
They have rolled a 2
Gatien is not getting out of the penalty box
Question was incorrectly answered
Gatien was sent to the penalty box
Gatien is the current player
They have rolled a 2
Gatien is not getting out of the penalty box
Question was incorrectly answered
Gatien was sent to the penalty box
Gatien is the current player
They have rolled a 2
Gatien is not getting out of the penalty box
Question was incorrectly answered
Gatien was sent to the penalty box
Gatien is the current player
They have rolled a 2
Gatien is not getting out of the penalty box
Question was incorrectly answered
Gatien was sent to the penalty box
Gatien is the current player
They have rolled a 2
Gatien is not getting out of the penalty box
Question was incorrectly answered
Gatien was sent to the penalty box
Gatien is the current player
They have rolled a 2
Gatien is not getting out of the penalty box
Question was incorrectly answered
Gatien was sent to the penalty box
Gatien is the current player
They have rolled a 2
Gatien is not getting out of the penalty box
Question was incorrectly answered
Gatien was sent to the penalty box
Gatien is the current player
They have rolled a 2
Gatien is not getting out of the penalty box
Question was incorrectly answered
Gatien was sent to the penalty box
Gatien is the current player
They have rolled a 2
Gatien is not getting out of the penalty box
Question was incorrectly answered
Gatien was sent to the penalty box
Gatien is the current player
They have rolled a 2
Gatien is not getting out of the penalty box
Question was incorrectly answered
Gatien was sent to the penalty box
Gatien is the current player
They have rolled a 2
Gatien is not getting out of the penalty box
Question was incorrectly answered
Gatien was sent to the penalty box
Gatien is the current player
They have rolled a 2
Gatien is not getting out of the penalty box
Question was incorrectly answered
Gatien was sent to the penalty box
Gatien is the current player
They have rolled a 2
Gatien is not getting out of the penalty box
Question was incorrectly answered
Gatien was sent to the penalty box
Gatien is the current player
They have rolled a 2
Gatien is not getting out of the penalty box
Question was incorrectly answered
Gatien was sent to the penalty box
Gatien is the current player
They have rolled a 2
Gatien is not getting out of the penalty box
Question was incorrectly answered
Gatien was sent to the penalty box
Gatien is the current player
They have rolled a 2
Gatien is not getting out of the penalty box
Question was incorrectly answered
Gatien was sent to the penalty box
Gatien is the current player
They have rolled a 2
Gatien is not getting out of the penalty box
Question was incorrectly answered
Gatien was sent to the penalty box
Gatien is the current player
They have rolled a 2
Gatien is not getting out of the penalty box
Question was incorrectly answered
Gatien was sent to the penalty box
Gatien is the current player
They have rolled a 2
Gatien is not getting out of the penalty box
Question was incorrectly answered
Gatien was sent to the penalty box
Gatien is the current player
They have rolled a 2
Gatien is not getting out of the penalty box
Question was incorrectly answered
Gatien was sent to the penalty box
Gatien is the current player
They have rolled a 2
Gatien is not getting out of the penalty box
Question was incorrectly answered
Gatien was sent to the penalty box
Gatien is the current player
They have rolled a 2
Gatien is not getting out of the penalty box
Question was incorrectly answered
Gatien was sent to the penalty box
Gatien is the current player
They have rolled a 2
Gatien is not getting out of the penalty box
Question was incorrectly answered
Gatien was sent to the penalty box
Gatien is the current player
They have rolled a 2
Gatien is not getting out of the penalty box
Question was incorrectly answered
Gatien was sent to the penalty box
Gatien is the current player
They have rolled a 2
Gatien is not getting out of the penalty box
Question was incorrectly answered
Gatien was sent to the penalty box
Gatien is the current player
They have rolled a 2
Gatien is not getting out of the penalty box
Question was incorrectly answered
Gatien was sent to the penalty box
Gatien is the current player
They have rolled a 2
Gatien is not getting out of the penalty box
Question was incorrectly answered
Gatien was sent to the penalty box
Gatien is the current player
They have rolled a 2
Gatien is not getting out of the penalty box
Question was incorrectly answered
Gatien was sent to the penalty box
Gatien is the current player
They have rolled a 2
Gatien is not getting out of the penalty box
Question was incorrectly answered
Gatien was sent to the penalty box
Gatien is the current player
They have rolled a 2
Gatien is not getting out of the penalty box
Question was incorrectly answered
Gatien was sent to the penalty box
Gatien is the current player
They have rolled a 2
Gatien is not getting out of the penalty box
Question was incorrectly answered
Gatien was sent to the penalty box
Gatien is the current player
They have rolled a 2
Gatien is not getting out of the penalty box
Question was incorrectly answered
Gatien was sent to the penalty box
Gatien is the current player
They have rolled a 2
Gatien is not getting out of the penalty box
Question was incorrectly answered
Gatien was sent to the penalty box
Gatien is the current player
They have rolled a 2
Gatien is not getting out of the penalty box
Question was incorrectly answered
Gatien was sent to the penalty box
Gatien is the current player
They have rolled a 2
Gatien is not getting out of the penalty box
Question was incorrectly answered
Gatien was sent to the penalty box
Gatien is the current player
They have rolled a 2
Gatien is not getting out of the penalty box
Question was incorrectly answered
Gatien was sent to the penalty box
Gatien is the current player
They have rolled a 2
Gatien is not getting out of the penalty box
Question was incorrectly answered
Gatien was sent to the penalty box
Gatien is the current player
They have rolled a 2
Gatien is not getting out of the penalty box
Question was incorrectly answered
Gatien was sent to the penalty box
Gatien is the current player
They have rolled a 2
Gatien is not getting out of the penalty box
Question was incorrectly answered
Gatien was sent to the penalty box
Gatien is the current player
They have rolled a 2
Gatien is not getting out of the penalty box
Question was incorrectly answered
Gatien was sent to the penalty box
Gatien is the current player
They have rolled a 2
Gatien is not getting out of the penalty box
Question was incorrectly answered
Gatien was sent to the penalty box
Gatien is the current player
They have rolled a 2
Gatien is not getting out of the penalty box
Question was incorrectly answered
Gatien was sent to the penalty box
Gatien is the current player
They have rolled a 2
Gatien is not getting out of the penalty box
Question was incorrectly answered
Gatien was sent to the penalty box
Gatien is the current player
They have rolled a 2
Gatien is not getting out of the penalty box
Question was incorrectly answered
Gatien was sent to the penalty box
Gatien is the current player
They have rolled a 2
Gatien is not getting out of the penalty box
Question was incorrectly answered
Gatien was sent to the penalty box
Gatien is the current player
They have rolled a 2
Gatien is not getting out of the penalty box
Question was incorrectly answered
Gatien was sent to the penalty box
Gatien is the current player
They have rolled a 2
Gatien is not getting out of the penalty box
Question was incorrectly answered
Gatien was sent to the penalty box
Gatien is the current player
They have rolled a 2
Gatien is not getting out of the penalty box
Question was incorrectly answered
Gatien was sent to the penalty box
Gatien is the current player
They have rolled a 2
Gatien is not getting out of the penalty box
Question was incorrectly answered
Gatien was sent to the penalty box
Gatien is the current player
They have rolled a 2
Gatien is not getting out of the penalty box
Question was incorrectly answered
Gatien was sent to the penalty box
Gatien is the current player
They have rolled a 2
Gatien is not getting out of the penalty box
Question was incorrectly answered
Gatien was sent to the penalty box
Gatien is the current player
They have rolled a 2
Gatien is not getting out of the penalty box
Question was incorrectly answered
Gatien was sent to the penalty box
Gatien is the current player
They have rolled a 2
Gatien is not getting out of the penalty box
Question was incorrectly answered
Gatien was sent to the penalty box
Gatien is the current player
They have rolled a 2
Gatien is not getting out of the penalty box
Question was incorrectly answered
Gatien was sent to the penalty box
Gatien is the current player
They have rolled a 2
Gatien is not getting out of the penalty box
Question was incorrectly answered
Gatien was sent to the penalty box
Gatien is the current player
They have rolled a 2
Gatien is not getting out of the penalty box
Question was incorrectly answered
Gatien was sent to the penalty box
Gatien is the current player
They have rolled a 2
Gatien is not getting out of the penalty box
Question was incorrectly answered
Gatien was sent to the penalty box
Gatien is the current player
They have rolled a 2
Gatien is not getting out of the penalty box
Question was incorrectly answered
Gatien was sent to the penalty box
Gatien is the current player
They have rolled a 2
Gatien is not getting out of the penalty box
Question was incorrectly answered
Gatien was sent to the penalty box
Gatien is the current player
They have rolled a 2
Gatien is not getting out of the penalty box
Question was incorrectly answered
Gatien was sent to the penalty box
Gatien is the current player
They have rolled a 2
Gatien is not getting out of the penalty box
Question was incorrectly answered
Gatien was sent to the penalty box
Gatien is the current player
They have rolled a 2
Gatien is not getting out of the penalty box
Question was incorrectly answered
Gatien was sent to the penalty box
Gatien is the current player
They have rolled a 2
Gatien is not getting out of the penalty box
Question was incorrectly answered
Gatien was sent to the penalty box
Gatien is the current player
They have rolled a 2
Gatien is not getting out of the penalty box
Question was incorrectly answered
Gatien was sent to the penalty box
Gatien is the current player
They have rolled a 2
Gatien is not getting out of the penalty box
Question was incorrectly answered
Gatien was sent to the penalty box
Gatien is the current player
They have rolled a 2
Gatien is not getting out of the penalty box
Question was incorrectly answered
Gatien was sent to the penalty box
Gatien is the current player
They have rolled a 2
Gatien is not getting out of the penalty box
Question was incorrectly answered
Gatien was sent to the penalty box
Gatien is the current player
They have rolled a 2
Gatien is not getting out of the penalty box
Question was incorrectly answered
Gatien was sent to the penalty box
Gatien is the current player
They have rolled a 2
Gatien is not getting out of the penalty box
Question was incorrectly answered
Gatien was sent to the penalty box
Gatien is the current player
They have rolled a 2
Gatien is not getting out of the penalty box
Question was incorrectly answered
Gatien was sent to the penalty box
Gatien is the current player
They have rolled a 2
Gatien is not getting out of the penalty box
Question was incorrectly answered
Gatien was sent to the penalty box
Gatien is the current player
They have rolled a 2
Gatien is not getting out of the penalty box
Question was incorrectly answered
Gatien was sent to the penalty box
Gatien is the current player
They have rolled a 2
Gatien is not getting out of the penalty box
Question was incorrectly answered
Gatien was sent to the penalty box
Gatien is the current player
They have rolled a 2
Gatien is not getting out of the penalty box
Question was incorrectly answered
Gatien was sent to the penalty box
Gatien is the current player
They have rolled a 2
Gatien is not getting out of the penalty box
Question was incorrectly answered
Gatien was sent to the penalty box
Gatien is the current player
They have rolled a 2
Gatien is not getting out of the penalty box
Question was incorrectly answered
Gatien was sent to the penalty box
Gatien is the current player
They have rolled a 2
Gatien is not getting out of the penalty box
Question was incorrectly answered
Gatien was sent to the penalty box
Gatien is the current player
They have rolled a 2
Gatien is not getting out of the penalty box
Question was incorrectly answered
Gatien was sent to the penalty box
Gatien is the current player
They have rolled a 2
Gatien is not getting out of the penalty box
Question was incorrectly answered
Gatien was sent to the penalty box
Gatien is the current player
They have rolled a 2
Gatien is not getting out of the penalty box
Question was incorrectly answered
Gatien was sent to the penalty box
Gatien is the current player
They have rolled a 2
Gatien is not getting out of the penalty box
Question was incorrectly answered
Gatien was sent to the penalty box
Gatien is the current player
They have rolled a 2
Gatien is not getting out of the penalty box
Question was incorrectly answered
Gatien was sent to the penalty box
Gatien is the current player
They have rolled a 2
Gatien is not getting out of the penalty box
Question was incorrectly answered
Gatien was sent to the penalty box
Gatien is the current player
They have rolled a 2
Gatien is not getting out of the penalty box
Question was incorrectly answered
Gatien was sent to the penalty box
Gatien is the current player
They have rolled a 2
Gatien is not getting out of the penalty box
Question was incorrectly answered
Gatien was sent to the penalty box
Gatien is the current player
They have rolled a 2
Gatien is not getting out of the penalty box
Question was incorrectly answered
Gatien was sent to the penalty box
Gatien is the current player
They have rolled a 2
Gatien is not getting out of the penalty box
Question was incorrectly answered
Gatien was sent to the penalty box
Gatien is the current player
They have rolled a 2
Gatien is not getting out of the penalty box
Question was incorrectly answered
Gatien was sent to the penalty box
Gatien is the current player
They have rolled a 2
Gatien is not getting out of the penalty box
Question was incorrectly answered
Gatien was sent to the penalty box
Gatien is the current player
They have rolled a 2
Gatien is not getting out of the penalty box
Question was incorrectly answered
Gatien was sent to the penalty box
Gatien is the current player
They have rolled a 2
Gatien is not getting out of the penalty box
Question was incorrectly answered
Gatien was sent to the penalty box
Gatien is the current player
They have rolled a 2
Gatien is not getting out of the penalty box
Question was incorrectly answered
Gatien was sent to the penalty box
Gatien is the current player
They have rolled a 2
Gatien is not getting out of the penalty box
Question was incorrectly answered
Gatien was sent to the penalty box
Gatien is the current player
They have rolled a 2
Gatien is not getting out of the penalty box
Question was incorrectly answered
Gatien was sent to the penalty box
Gatien is the current player
They have rolled a 2
Gatien is not getting out of the penalty box
Question was incorrectly answered
Gatien was sent to the penalty box
Gatien is the current player
They have rolled a 2
Gatien is not getting out of the penalty box
Question was incorrectly answered
Gatien was sent to the penalty box
Gatien is the current player
They have rolled a 2
Gatien is not getting out of the penalty box
Question was incorrectly answered
Gatien was sent to the penalty box
Gatien is the current player
They have rolled a 2
Gatien is not getting out of the penalty box
Question was incorrectly answered
Gatien was sent to the penalty box
Gatien is the current player
They have rolled a 2
Gatien is not getting out of the penalty box
Question was incorrectly answered
Gatien was sent to the penalty box
Gatien is the current player
They have rolled a 2
Gatien is not getting out of the penalty box
Question was incorrectly answered
Gatien was sent to the penalty box
Gatien is the current player
They have rolled a 2
Gatien is not getting out of the penalty box
Question was incorrectly answered
Gatien was sent to the penalty box
Gatien is the current player
They have rolled a 2
Gatien is not getting out of the penalty box
Question was incorrectly answered
Gatien was sent to the penalty box
Gatien is the current player
They have rolled a 2
Gatien is not getting out of the penalty box
Question was incorrectly answered
Gatien was sent to the penalty box
Gatien is the current player
They have rolled a 2
Gatien is not getting out of the penalty box
Question was incorrectly answered
Gatien was sent to the penalty box
Gatien is the current player
They have rolled a 2
Gatien is not getting out of the penalty box
Question was incorrectly answered
Gatien was sent to the penalty box
Gatien is the current player
They have rolled a 2
Gatien is not getting out of the penalty box
Question was incorrectly answered
Gatien was sent to the penalty box
Gatien is the current player
They have rolled a 2
Gatien is not getting out of the penalty box
Question was incorrectly answered
Gatien was sent to the penalty box
Gatien is the current player
They have rolled a 2
Gatien is not getting out of the penalty box
Question was incorrectly answered
Gatien was sent to the penalty box
Gatien is the current player
They have rolled a 2
Gatien is not getting out of the penalty box
Question was incorrectly answered
Gatien was sent to the penalty box
Gatien is the current player
They have rolled a 2
Gatien is not getting out of the penalty box
Question was incorrectly answered
Gatien was sent to the penalty box
Gatien is the current player
They have rolled a 2
Gatien is not getting out of the penalty box
Question was incorrectly answered
Gatien was sent to the penalty box
Gatien is the current player
They have rolled a 2
Gatien is not getting out of the penalty box
Question was incorrectly answered
Gatien was sent to the penalty box
Gatien is the current player
They have rolled a 2
Gatien is not getting out of the penalty box
Question was incorrectly answered
Gatien was sent to the penalty box
Gatien is the current player
They have rolled a 2
Gatien is not getting out of the penalty box
Question was incorrectly answered
Gatien was sent to the penalty box
Gatien is the current player
They have rolled a 2
Gatien is not getting out of the penalty box
Question was incorrectly answered
Gatien was sent to the penalty box
Gatien is the current player
They have rolled a 2
Gatien is not getting out of the penalty box
Question was incorrectly answered
Gatien was sent to the penalty box
Gatien is the current player
They have rolled a 2
Gatien is not getting out of the penalty box
Question was incorrectly answered
Gatien was sent to the penalty box
Gatien is the current player
They have rolled a 2
Gatien is not getting out of the penalty box
Question was incorrectly answered
Gatien was sent to the penalty box
Gatien is the current player
They have rolled a 2
Gatien is not getting out of the penalty box
Question was incorrectly answered
Gatien was sent to the penalty box
Gatien is the current player
They have rolled a 2
Gatien is not getting out of the penalty box
Question was incorrectly answered
Gatien was sent to the penalty box
Gatien is the current player
They have rolled a 2
Gatien is not getting out of the penalty box
Question was incorrectly answered
Gatien was sent to the penalty box
Gatien is the current player
They have rolled a 2
Gatien is not getting out of the penalty box
Question was incorrectly answered
Gatien was sent to the penalty box
Gatien is the current player
They have rolled a 2
Gatien is not getting out of the penalty box
Question was incorrectly answered
Gatien was sent to the penalty box
Gatien is the current player
They have rolled a 2
Gatien is not getting out of the penalty box
Question was incorrectly answered
Gatien was sent to the penalty box
Gatien is the current player
They have rolled a 2
Gatien is not getting out of the penalty box
Question was incorrectly answered
Gatien was sent to the penalty box
Gatien is the current player
They have rolled a 2
Gatien is not getting out of the penalty box
Question was incorrectly answered
Gatien was sent to the penalty box
Gatien is the current player
They have rolled a 2
Gatien is not getting out of the penalty box
Question was incorrectly answered
Gatien was sent to the penalty box
Gatien is the current player
They have rolled a 2
Gatien is not getting out of the penalty box
Question was incorrectly answered
Gatien was sent to the penalty box
Gatien is the current player
They have rolled a 2
Gatien is not getting out of the penalty box
Question was incorrectly answered
Gatien was sent to the penalty box
Gatien is the current player
They have rolled a 2
Gatien is not getting out of the penalty box
Question was incorrectly answered
Gatien was sent to the penalty box
Gatien is the current player
They have rolled a 2
Gatien is not getting out of the penalty box
Question was incorrectly answered
Gatien was sent to the penalty box
Gatien is the current player
They have rolled a 2
Gatien is not getting out of the penalty box
Question was incorrectly answered
Gatien was sent to the penalty box
Gatien is the current player
They have rolled a 2
Gatien is not getting out of the penalty box
Question was incorrectly answered
Gatien was sent to the penalty box
Gatien is the current player
They have rolled a 2
Gatien is not getting out of the penalty box
Question was incorrectly answered
Gatien was sent to the penalty box
Gatien is the current player
They have rolled a 2
Gatien is not getting out of the penalty box
Question was incorrectly answered
Gatien was sent to the penalty box
Gatien is the current player
They have rolled a 2
Gatien is not getting out of the penalty box
Question was incorrectly answered
Gatien was sent to the penalty box
Gatien is the current player
They have rolled a 2
Gatien is not getting out of the penalty box
Question was incorrectly answered
Gatien was sent to the penalty box
Gatien is the current player
They have rolled a 2
Gatien is not getting out of the penalty box
Question was incorrectly answered
Gatien was sent to the penalty box
Gatien is the current player
They have rolled a 2
Gatien is not getting out of the penalty box
Question was incorrectly answered
Gatien was sent to the penalty box
Gatien is the current player
They have rolled a 2
Gatien is not getting out of the penalty box
Question was incorrectly answered
Gatien was sent to the penalty box
Gatien is the current player
They have rolled a 2
Gatien is not getting out of the penalty box
Question was incorrectly answered
Gatien was sent to the penalty box
Gatien is the current player
They have rolled a 2
Gatien is not getting out of the penalty box
Question was incorrectly answered
Gatien was sent to the penalty box
Gatien is the current player
They have rolled a 2
Gatien is not getting out of the penalty box
Question was incorrectly answered
Gatien was sent to the penalty box
Gatien is the current player
They have rolled a 2
Gatien is not getting out of the penalty box
Question was incorrectly answered
Gatien was sent to the penalty box
Gatien is the current player
They have rolled a 2
Gatien is not getting out of the penalty box
Question was incorrectly answered
Gatien was sent to the penalty box
Gatien is the current player
They have rolled a 2
Gatien is not getting out of the penalty box
Question was incorrectly answered
Gatien was sent to the penalty box
Gatien is the current player
They have rolled a 2
Gatien is not getting out of the penalty box
Question was incorrectly answered
Gatien was sent to the penalty box
Gatien is the current player
They have rolled a 2
Gatien is not getting out of the penalty box
Question was incorrectly answered
Gatien was sent to the penalty box
Gatien is the current player
They have rolled a 2
Gatien is not getting out of the penalty box
Question was incorrectly answered
Gatien was sent to the penalty box
Gatien is the current player
They have rolled a 2
Gatien is not getting out of the penalty box
Question was incorrectly answered
Gatien was sent to the penalty box
Gatien is the current player
They have rolled a 2
Gatien is not getting out of the penalty box
Question was incorrectly answered
Gatien was sent to the penalty box
Gatien is the current player
They have rolled a 2
Gatien is not getting out of the penalty box
Question was incorrectly answered
Gatien was sent to the penalty box
Gatien is the current player
They have rolled a 2
Gatien is not getting out of the penalty box
Question was incorrectly answered
Gatien was sent to the penalty box
Gatien is the current player
They have rolled a 2
Gatien is not getting out of the penalty box
Question was incorrectly answered
Gatien was sent to the penalty box
Gatien is the current player
They have rolled a 2
Gatien is not getting out of the penalty box
Question was incorrectly answered
Gatien was sent to the penalty box
Gatien is the current player
They have rolled a 2
Gatien is not getting out of the penalty box
Question was incorrectly answered
Gatien was sent to the penalty box
Gatien is the current player
They have rolled a 2
Gatien is not getting out of the penalty box
Question was incorrectly answered
Gatien was sent to the penalty box
Gatien is the current player
They have rolled a 2
Gatien is not getting out of the penalty box
Question was incorrectly answered
Gatien was sent to the penalty box
Gatien is the current player
They have rolled a 2
Gatien is not getting out of the penalty box
Question was incorrectly answered
Gatien was sent to the penalty box
Gatien is the current player
They have rolled a 2
Gatien is not getting out of the penalty box
Question was incorrectly answered
Gatien was sent to the penalty box
Gatien is the current player
They have rolled a 2
Gatien is not getting out of the penalty box
Question was incorrectly answered
Gatien was sent to the penalty box
Gatien is the current player
They have rolled a 2
Gatien is not getting out of the penalty box
Question was incorrectly answered
Gatien was sent to the penalty box
Gatien is the current player
They have rolled a 2
Gatien is not getting out of the penalty box
Question was incorrectly answered
Gatien was sent to the penalty box
Gatien is the current player
They have rolled a 2
Gatien is not getting out of the penalty box
Question was incorrectly answered
Gatien was sent to the penalty box
Gatien is the current player
They have rolled a 2
Gatien is not getting out of the penalty box
Question was incorrectly answered
Gatien was sent to the penalty box
Gatien is the current player
They have rolled a 2
Gatien is not getting out of the penalty box
Question was incorrectly answered
Gatien was sent to the penalty box
Gatien is the current player
They have rolled a 2
Gatien is not getting out of the penalty box
Question was incorrectly answered
Gatien was sent to the penalty box
Gatien is the current player
They have rolled a 2
Gatien is not getting out of the penalty box
Question was incorrectly answered
Gatien was sent to the penalty box
Gatien is the current player
They have rolled a 2
Gatien is not getting out of the penalty box
Question was incorrectly answered
Gatien was sent to the penalty box
Gatien is the current player
They have rolled a 2
Gatien is not getting out of the penalty box
Question was incorrectly answered
Gatien was sent to the penalty box
Gatien is the current player
They have rolled a 2
Gatien is not getting out of the penalty box
Question was incorrectly answered
Gatien was sent to the penalty box
Gatien is the current player
They have rolled a 2
Gatien is not getting out of the penalty box
Question was incorrectly answered
Gatien was sent to the penalty box
Gatien is the current player
They have rolled a 2
Gatien is not getting out of the penalty box
Question was incorrectly answered
Gatien was sent to the penalty box
Gatien is the current player
They have rolled a 2
Gatien is not getting out of the penalty box
Question was incorrectly answered
Gatien was sent to the penalty box
Gatien is the current player
They have rolled a 2
Gatien is not getting out of the penalty box
Question was incorrectly answered
Gatien was sent to the penalty box
Gatien is the current player
They have rolled a 2
Gatien is not getting out of the penalty box
Question was incorrectly answered
Gatien was sent to the penalty box
Gatien is the current player
They have rolled a 2
Gatien is not getting out of the penalty box
Question was incorrectly answered
Gatien was sent to the penalty box
Gatien is the current player
They have rolled a 2
Gatien is not getting out of the penalty box
Question was incorrectly answered
Gatien was sent to the penalty box
Gatien is the current player
They have rolled a 2
Gatien is not getting out of the penalty box
Question was incorrectly answered
Gatien was sent to the penalty box
Gatien is the current player
They have rolled a 2
Gatien is not getting out of the penalty box
Question was incorrectly answered
Gatien was sent to the penalty box
Gatien is the current player
They have rolled a 2
Gatien is not getting out of the penalty box
Question was incorrectly answered
Gatien was sent to the penalty box
Gatien is the current player
They have rolled a 2
Gatien is not getting out of the penalty box
Question was incorrectly answered
Gatien was sent to the penalty box
Gatien is the current player
They have rolled a 2
Gatien is not getting out of the penalty box
Question was incorrectly answered
Gatien was sent to the penalty box
Gatien is the current player
They have rolled a 2
Gatien is not getting out of the penalty box
Question was incorrectly answered
Gatien was sent to the penalty box
Gatien is the current player
They have rolled a 2
Gatien is not getting out of the penalty box
Question was incorrectly answered
Gatien was sent to the penalty box
Gatien is the current player
They have rolled a 2
Gatien is not getting out of the penalty box
Question was incorrectly answered
Gatien was sent to the penalty box
Gatien is the current player
They have rolled a 2
Gatien is not getting out of the penalty box
Question was incorrectly answered
Gatien was sent to the penalty box
Gatien is the current player
They have rolled a 2
Gatien is not getting out of the penalty box
Question was incorrectly answered
Gatien was sent to the penalty box
Gatien is the current player
They have rolled a 2
Gatien is not getting out of the penalty box
Question was incorrectly answered
Gatien was sent to the penalty box
Gatien is the current player
They have rolled a 2
Gatien is not getting out of the penalty box
Question was incorrectly answered
Gatien was sent to the penalty box
Gatien is the current player
They have rolled a 2
Gatien is not getting out of the penalty box
Question was incorrectly answered
Gatien was sent to the penalty box
Gatien is the current player
They have rolled a 2
Gatien is not getting out of the penalty box
Question was incorrectly answered
Gatien was sent to the penalty box
Gatien is the current player
They have rolled a 2
Gatien is not getting out of the penalty box
Question was incorrectly answered
Gatien was sent to the penalty box
Gatien is the current player
They have rolled a 2
Gatien is not getting out of the penalty box
Question was incorrectly answered
Gatien was sent to the penalty box
Gatien is the current player
They have rolled a 2
Gatien is not getting out of the penalty box
Question was incorrectly answered
Gatien was sent to the penalty box
Gatien is the current player
They have rolled a 2
Gatien is not getting out of the penalty box
Question was incorrectly answered
Gatien was sent to the penalty box
Gatien is the current player
They have rolled a 2
Gatien is not getting out of the penalty box
Question was incorrectly answered
Gatien was sent to the penalty box
Gatien is the current player
They have rolled a 2
Gatien is not getting out of the penalty box
Question was incorrectly answered
Gatien was sent to the penalty box
Gatien is the current player
They have rolled a 2
Gatien is not getting out of the penalty box
Question was incorrectly answered
Gatien was sent to the penalty box
Gatien is the current player
They have rolled a 2
Gatien is not getting out of the penalty box
Question was incorrectly answered
Gatien was sent to the penalty box
Gatien is the current player
They have rolled a 2
Gatien is not getting out of the penalty box
Question was incorrectly answered
Gatien was sent to the penalty box
Gatien is the current player
They have rolled a 2
Gatien is not getting out of the penalty box
Question was incorrectly answered
Gatien was sent to the penalty box
Gatien is the current player
They have rolled a 2
Gatien is not getting out of the penalty box
Question was incorrectly answered
Gatien was sent to the penalty box
Gatien is the current player
They have rolled a 2
Gatien is not getting out of the penalty box
Question was incorrectly answered
Gatien was sent to the penalty box
Gatien is the current player
They have rolled a 2
Gatien is not getting out of the penalty box
Question was incorrectly answered
Gatien was sent to the penalty box
Gatien is the current player
They have rolled a 2
Gatien is not getting out of the penalty box
Question was incorrectly answered
Gatien was sent to the penalty box
Gatien is the current player
They have rolled a 2
Gatien is not getting out of the penalty box
Question was incorrectly answered
Gatien was sent to the penalty box
Gatien is the current player
They have rolled a 2
Gatien is not getting out of the penalty box
Question was incorrectly answered
Gatien was sent to the penalty box
Gatien is the current player
They have rolled a 2
Gatien is not getting out of the penalty box
Question was incorrectly answered
Gatien was sent to the penalty box
Gatien is the current player
They have rolled a 2
Gatien is not getting out of the penalty box
Question was incorrectly answered
Gatien was sent to the penalty box
Gatien is the current player
They have rolled a 2
Gatien is not getting out of the penalty box
Question was incorrectly answered
Gatien was sent to the penalty box
Gatien is the current player
They have rolled a 2
Gatien is not getting out of the penalty box
Question was incorrectly answered
Gatien was sent to the penalty box
Gatien is the current player
They have rolled a 2
Gatien is not getting out of the penalty box
Question was incorrectly answered
Gatien was sent to the penalty box
Gatien is the current player
They have rolled a 2
Gatien is not getting out of the penalty box
Question was incorrectly answered
Gatien was sent to the penalty box
Gatien is the current player
They have rolled a 2
Gatien is not getting out of the penalty box
Question was incorrectly answered
Gatien was sent to the penalty box
Gatien is the current player
They have rolled a 2
Gatien is not getting out of the penalty box
Question was incorrectly answered
Gatien was sent to the penalty box
Gatien is the current player
They have rolled a 2
Gatien is not getting out of the penalty box
Question was incorrectly answered
Gatien was sent to the penalty box
Gatien is the current player
They have rolled a 2
Gatien is not getting out of the penalty box
Question was incorrectly answered
Gatien was sent to the penalty box
Gatien is the current player
They have rolled a 2
Gatien is not getting out of the penalty box
Question was incorrectly answered
Gatien was sent to the penalty box
Gatien is the current player
They have rolled a 2
Gatien is not getting out of the penalty box
Question was incorrectly answered
Gatien was sent to the penalty box
Gatien is the current player
They have rolled a 2
Gatien is not getting out of the penalty box
Question was incorrectly answered
Gatien was sent to the penalty box
Gatien is the current player
They have rolled a 2
Gatien is not getting out of the penalty box
Question was incorrectly answered
Gatien was sent to the penalty box
Gatien is the current player
They have rolled a 2
Gatien is not getting out of the penalty box
Question was incorrectly answered
Gatien was sent to the penalty box
Gatien is the current player
They have rolled a 2
Gatien is not getting out of the penalty box
Question was incorrectly answered
Gatien was sent to the penalty box
Gatien is the current player
They have rolled a 2
Gatien is not getting out of the penalty box
Question was incorrectly answered
Gatien was sent to the penalty box
Gatien is the current player
They have rolled a 2
Gatien is not getting out of the penalty box
Question was incorrectly answered
Gatien was sent to the penalty box
Gatien is the current player
They have rolled a 2
Gatien is not getting out of the penalty box
Question was incorrectly answered
Gatien was sent to the penalty box
Gatien is the current player
They have rolled a 2
Gatien is not getting out of the penalty box
Question was incorrectly answered
Gatien was sent to the penalty box
Gatien is the current player
They have rolled a 2
Gatien is not getting out of the penalty box
Question was incorrectly answered
Gatien was sent to the penalty box
Gatien is the current player
They have rolled a 2
Gatien is not getting out of the penalty box
Question was incorrectly answered
Gatien was sent to the penalty box
Gatien is the current player
They have rolled a 2
Gatien is not getting out of the penalty box
Question was incorrectly answered
Gatien was sent to the penalty box
Gatien is the current player
They have rolled a 2
Gatien is not getting out of the penalty box
Question was incorrectly answered
Gatien was sent to the penalty box
Gatien is the current player
They have rolled a 2
Gatien is not getting out of the penalty box
Question was incorrectly answered
Gatien was sent to the penalty box
Gatien is the current player
They have rolled a 2
Gatien is not getting out of the penalty box
Question was incorrectly answered
Gatien was sent to the penalty box
Gatien is the current player
They have rolled a 2
Gatien is not getting out of the penalty box
Question was incorrectly answered
Gatien was sent to the penalty box
Gatien is the current player
They have rolled a 2
Gatien is not getting out of the penalty box
Question was incorrectly answered
Gatien was sent to the penalty box
Gatien is the current player
They have rolled a 2
Gatien is not getting out of the penalty box
Question was incorrectly answered
Gatien was sent to the penalty box
Gatien is the current player
They have rolled a 2
Gatien is not getting out of the penalty box
Question was incorrectly answered
Gatien was sent to the penalty box
Gatien is the current player
They have rolled a 2
Gatien is not getting out of the penalty box
Question was incorrectly answered
Gatien was sent to the penalty box
Gatien is the current player
They have rolled a 2
Gatien is not getting out of the penalty box
Question was incorrectly answered
Gatien was sent to the penalty box
Gatien is the current player
They have rolled a 2
Gatien is not getting out of the penalty box
Question was incorrectly answered
Gatien was sent to the penalty box
Gatien is the current player
They have rolled a 2
Gatien is not getting out of the penalty box
Question was incorrectly answered
Gatien was sent to the penalty box
Gatien is the current player
They have rolled a 2
Gatien is not getting out of the penalty box
Question was incorrectly answered
Gatien was sent to the penalty box
Gatien is the current player
They have rolled a 2
Gatien is not getting out of the penalty box
Question was incorrectly answered
Gatien was sent to the penalty box
Gatien is the current player
They have rolled a 2
Gatien is not getting out of the penalty box
Question was incorrectly answered
Gatien was sent to the penalty box
Gatien is the current player
They have rolled a 2
Gatien is not getting out of the penalty box
Question was incorrectly answered
Gatien was sent to the penalty box
Gatien is the current player
They have rolled a 2
Gatien is not getting out of the penalty box
Question was incorrectly answered
Gatien was sent to the penalty box
Gatien is the current player
They have rolled a 2
Gatien is not getting out of the penalty box
Question was incorrectly answered
Gatien was sent to the penalty box
Gatien is the current player
They have rolled a 2
Gatien is not getting out of the penalty box
Question was incorrectly answered
Gatien was sent to the penalty box
Gatien is the current player
They have rolled a 2
Gatien is not getting out of the penalty box
Question was incorrectly answered
Gatien was sent to the penalty box
Gatien is the current player
They have rolled a 2
Gatien is not getting out of the penalty box
Question was incorrectly answered
Gatien was sent to the penalty box
Gatien is the current player
They have rolled a 2
Gatien is not getting out of the penalty box
Question was incorrectly answered
Gatien was sent to the penalty box
Gatien is the current player
They have rolled a 2
Gatien is not getting out of the penalty box
Question was incorrectly answered
Gatien was sent to the penalty box
Gatien is the current player
They have rolled a 2
Gatien is not getting out of the penalty box
Question was incorrectly answered
Gatien was sent to the penalty box
Gatien is the current player
They have rolled a 2
Gatien is not getting out of the penalty box
Question was incorrectly answered
Gatien was sent to the penalty box
Gatien is the current player
They have rolled a 2
Gatien is not getting out of the penalty box
Question was incorrectly answered
Gatien was sent to the penalty box
Gatien is the current player
They have rolled a 2
Gatien is not getting out of the penalty box
Question was incorrectly answered
Gatien was sent to the penalty box
Gatien is the current player
They have rolled a 2
Gatien is not getting out of the penalty box
Question was incorrectly answered
Gatien was sent to the penalty box
Gatien is the current player
They have rolled a 2
Gatien is not getting out of the penalty box
Question was incorrectly answered
Gatien was sent to the penalty box
Gatien is the current player
They have rolled a 2
Gatien is not getting out of the penalty box
Question was incorrectly answered
Gatien was sent to the penalty box
Gatien is the current player
They have rolled a 2
Gatien is not getting out of the penalty box
Question was incorrectly answered
Gatien was sent to the penalty box
Gatien is the current player
They have rolled a 2
Gatien is not getting out of the penalty box
Question was incorrectly answered
Gatien was sent to the penalty box
Gatien is the current player
They have rolled a 2
Gatien is not getting out of the penalty box
Question was incorrectly answered
Gatien was sent to the penalty box
Gatien is the current player
They have rolled a 2
Gatien is not getting out of the penalty box
Question was incorrectly answered
Gatien was sent to the penalty box
Gatien is the current player
They have rolled a 2
Gatien is not getting out of the penalty box
Question was incorrectly answered
Gatien was sent to the penalty box
Gatien is the current player
They have rolled a 2
Gatien is not getting out of the penalty box
Question was incorrectly answered
Gatien was sent to the penalty box
Gatien is the current player
They have rolled a 2
Gatien is not getting out of the penalty box
Question was incorrectly answered
Gatien was sent to the penalty box
Gatien is the current player
They have rolled a 2
Gatien is not getting out of the penalty box
Question was incorrectly answered
Gatien was sent to the penalty box
Gatien is the current player
They have rolled a 2
Gatien is not getting out of the penalty box
Question was incorrectly answered
Gatien was sent to the penalty box
Gatien is the current player
They have rolled a 2
Gatien is not getting out of the penalty box
Question was incorrectly answered
Gatien was sent to the penalty box
Gatien is the current player
They have rolled a 2
Gatien is not getting out of the penalty box
Question was incorrectly answered
Gatien was sent to the penalty box
Gatien is the current player
They have rolled a 2
Gatien is not getting out of the penalty box
Question was incorrectly answered
Gatien was sent to the penalty box
Gatien is the current player
They have rolled a 2
Gatien is not getting out of the penalty box
Question was incorrectly answered
Gatien was sent to the penalty box
Gatien is the current player
They have rolled a 2
Gatien is not getting out of the penalty box
Question was incorrectly answered
Gatien was sent to the penalty box
Gatien is the current player
They have rolled a 2
Gatien is not getting out of the penalty box
Question was incorrectly answered
Gatien was sent to the penalty box
Gatien is the current player
They have rolled a 2
Gatien is not getting out of the penalty box
Question was incorrectly answered
Gatien was sent to the penalty box
Gatien is the current player
They have rolled a 2
Gatien is not getting out of the penalty box
Question was incorrectly answered
Gatien was sent to the penalty box
Gatien is the current player
They have rolled a 2
Gatien is not getting out of the penalty box
Question was incorrectly answered
Gatien was sent to the penalty box
Gatien is the current player
They have rolled a 2
Gatien is not getting out of the penalty box
Question was incorrectly answered
Gatien was sent to the penalty box
Gatien is the current player
They have rolled a 2
Gatien is not getting out of the penalty box
Question was incorrectly answered
Gatien was sent to the penalty box
Gatien is the current player
They have rolled a 2
Gatien is not getting out of the penalty box
Question was incorrectly answered
Gatien was sent to the penalty box
Gatien is the current player
They have rolled a 2
Gatien is not getting out of the penalty box
Question was incorrectly answered
Gatien was sent to the penalty box
Gatien is the current player
They have rolled a 2
Gatien is not getting out of the penalty box
Question was incorrectly answered
Gatien was sent to the penalty box
Gatien is the current player
They have rolled a 2
Gatien is not getting out of the penalty box
Question was incorrectly answered
Gatien was sent to the penalty box
Gatien is the current player
They have rolled a 2
Gatien is not getting out of the penalty box
Question was incorrectly answered
Gatien was sent to the penalty box
Gatien is the current player
They have rolled a 2
Gatien is not getting out of the penalty box
Question was incorrectly answered
Gatien was sent to the penalty box
Gatien is the current player
They have rolled a 2
Gatien is not getting out of the penalty box
Question was incorrectly answered
Gatien was sent to the penalty box
Gatien is the current player
They have rolled a 2
Gatien is not getting out of the penalty box
Question was incorrectly answered
Gatien was sent to the penalty box
Gatien is the current player
They have rolled a 2
Gatien is not getting out of the penalty box
Question was incorrectly answered
Gatien was sent to the penalty box
Gatien is the current player
They have rolled a 2
Gatien is not getting out of the penalty box
Question was incorrectly answered
Gatien was sent to the penalty box
Gatien is the current player
They have rolled a 2
Gatien is not getting out of the penalty box
Question was incorrectly answered
Gatien was sent to the penalty box
Gatien is the current player
They have rolled a 2
Gatien is not getting out of the penalty box
Question was incorrectly answered
Gatien was sent to the penalty box
Gatien is the current player
They have rolled a 2
Gatien is not getting out of the penalty box
Question was incorrectly answered
Gatien was sent to the penalty box
Gatien is the current player
They have rolled a 2
Gatien is not getting out of the penalty box
Question was incorrectly answered
Gatien was sent to the penalty box
Gatien is the current player
They have rolled a 2
Gatien is not getting out of the penalty box
Question was incorrectly answered
Gatien was sent to the penalty box
Gatien is the current player
They have rolled a 2
Gatien is not getting out of the penalty box
Question was incorrectly answered
Gatien was sent to the penalty box
Gatien is the current player
They have rolled a 2
Gatien is not getting out of the penalty box
Question was incorrectly answered
Gatien was sent to the penalty box
Gatien is the current player
They have rolled a 2
Gatien is not getting out of the penalty box
Question was incorrectly answered
Gatien was sent to the penalty box
Gatien is the current player
They have rolled a 2
Gatien is not getting out of the penalty box
Question was incorrectly answered
Gatien was sent to the penalty box
Gatien is the current player
They have rolled a 2
Gatien is not getting out of the penalty box
Question was incorrectly answered
Gatien was sent to the penalty box
Gatien is the current player
They have rolled a 2
Gatien is not getting out of the penalty box
Question was incorrectly answered
Gatien was sent to the penalty box
Gatien is the current player
They have rolled a 2
Gatien is not getting out of the penalty box
Question was incorrectly answered
Gatien was sent to the penalty box
Gatien is the current player
They have rolled a 2
Gatien is not getting out of the penalty box
Question was incorrectly answered
Gatien was sent to the penalty box
Gatien is the current player
They have rolled a 2
Gatien is not getting out of the penalty box
Question was incorrectly answered
Gatien was sent to the penalty box
Gatien is the current player
They have rolled a 2
Gatien is not getting out of the penalty box
Question was incorrectly answered
Gatien was sent to the penalty box
Gatien is the current player
They have rolled a 2
Gatien is not getting out of the penalty box
Question was incorrectly answered
Gatien was sent to the penalty box
Gatien is the current player
They have rolled a 2
Gatien is not getting out of the penalty box
Question was incorrectly answered
Gatien was sent to the penalty box
Gatien is the current player
They have rolled a 2
Gatien is not getting out of the penalty box
Question was incorrectly answered
Gatien was sent to the penalty box
Gatien is the current player
They have rolled a 2
Gatien is not getting out of the penalty box
Question was incorrectly answered
Gatien was sent to the penalty box
Gatien is the current player
They have rolled a 2
Gatien is not getting out of the penalty box
Question was incorrectly answered
Gatien was sent to the penalty box
Gatien is the current player
They have rolled a 2
Gatien is not getting out of the penalty box
Question was incorrectly answered
Gatien was sent to the penalty box
Gatien is the current player
They have rolled a 2
Gatien is not getting out of the penalty box
Question was incorrectly answered
Gatien was sent to the penalty box
Gatien is the current player
They have rolled a 2
Gatien is not getting out of the penalty box
Question was incorrectly answered
Gatien was sent to the penalty box
Gatien is the current player
They have rolled a 2
Gatien is not getting out of the penalty box
Question was incorrectly answered
Gatien was sent to the penalty box
Gatien is the current player
They have rolled a 2
Gatien is not getting out of the penalty box
Question was incorrectly answered
Gatien was sent to the penalty box
Gatien is the current player
They have rolled a 2
Gatien is not getting out of the penalty box
Question was incorrectly answered
Gatien was sent to the penalty box
Gatien is the current player
They have rolled a 2
Gatien is not getting out of the penalty box
Question was incorrectly answered
Gatien was sent to the penalty box
Gatien is the current player
They have rolled a 2
Gatien is not getting out of the penalty box
Question was incorrectly answered
Gatien was sent to the penalty box
Gatien is the current player
They have rolled a 2
Gatien is not getting out of the penalty box
Question was incorrectly answered
Gatien was sent to the penalty box
Gatien is the current player
They have rolled a 2
Gatien is not getting out of the penalty box
Question was incorrectly answered
Gatien was sent to the penalty box
Gatien is the current player
They have rolled a 2
Gatien is not getting out of the penalty box
Question was incorrectly answered
Gatien was sent to the penalty box
Gatien is the current player
They have rolled a 2
Gatien is not getting out of the penalty box
Question was incorrectly answered
Gatien was sent to the penalty box
Gatien is the current player
They have rolled a 2
Gatien is not getting out of the penalty box
Question was incorrectly answered
Gatien was sent to the penalty box
Gatien is the current player
They have rolled a 2
Gatien is not getting out of the penalty box
Question was incorrectly answered
Gatien was sent to the penalty box
Gatien is the current player
They have rolled a 2
Gatien is not getting out of the penalty box
Question was incorrectly answered
Gatien was sent to the penalty box
Gatien is the current player
They have rolled a 2
Gatien is not getting out of the penalty box
Question was incorrectly answered
Gatien was sent to the penalty box
Gatien is the current player
They have rolled a 2
Gatien is not getting out of the penalty box
Question was incorrectly answered
Gatien was sent to the penalty box
Gatien is the current player
They have rolled a 2
Gatien is not getting out of the penalty box
Question was incorrectly answered
Gatien was sent to the penalty box
Gatien is the current player
They have rolled a 2
Gatien is not getting out of the penalty box
Question was incorrectly answered
Gatien was sent to the penalty box
Gatien is the current player
They have rolled a 2
Gatien is not getting out of the penalty box
Question was incorrectly answered
Gatien was sent to the penalty box
Gatien is the current player
They have rolled a 2
Gatien is not getting out of the penalty box
Question was incorrectly answered
Gatien was sent to the penalty box
Gatien is the current player
They have rolled a 2
Gatien is not getting out of the penalty box
Question was incorrectly answered
Gatien was sent to the penalty box
Gatien is the current player
They have rolled a 2
Gatien is not getting out of the penalty box
Question was incorrectly answered
Gatien was sent to the penalty box
Gatien is the current player
They have rolled a 2
Gatien is not getting out of the penalty box
Question was incorrectly answered
Gatien was sent to the penalty box
Gatien is the current player
They have rolled a 2
Gatien is not getting out of the penalty box
Question was incorrectly answered
Gatien was sent to the penalty box
Gatien is the current player
They have rolled a 2
Gatien is not getting out of the penalty box
Question was incorrectly answered
Gatien was sent to the penalty box
Gatien is the current player
They have rolled a 2
Gatien is not getting out of the penalty box
Question was incorrectly answered
Gatien was sent to the penalty box
Gatien is the current player
They have rolled a 2
Gatien is not getting out of the penalty box
Question was incorrectly answered
Gatien was sent to the penalty box
Gatien is the current player
They have rolled a 2
Gatien is not getting out of the penalty box
Question was incorrectly answered
Gatien was sent to the penalty box
Gatien is the current player
They have rolled a 2
Gatien is not getting out of the penalty box
Question was incorrectly answered
Gatien was sent to the penalty box
Gatien is the current player
They have rolled a 2
Gatien is not getting out of the penalty box
Question was incorrectly answered
Gatien was sent to the penalty box
Gatien is the current player
They have rolled a 2
Gatien is not getting out of the penalty box
Question was incorrectly answered
Gatien was sent to the penalty box
Gatien is the current player
They have rolled a 2
Gatien is not getting out of the penalty box
Question was incorrectly answered
Gatien was sent to the penalty box
Gatien is the current player
They have rolled a 2
Gatien is not getting out of the penalty box
Question was incorrectly answered
Gatien was sent to the penalty box
Gatien is the current player
They have rolled a 2
Gatien is not getting out of the penalty box
Question was incorrectly answered
Gatien was sent to the penalty box
Gatien is the current player
They have rolled a 2
Gatien is not getting out of the penalty box
Question was incorrectly answered
Gatien was sent to the penalty box
Gatien is the current player
They have rolled a 2
Gatien is not getting out of the penalty box
Question was incorrectly answered
Gatien was sent to the penalty box
Gatien is the current player
They have rolled a 2
Gatien is not getting out of the penalty box
Question was incorrectly answered
Gatien was sent to the penalty box
Gatien is the current player
They have rolled a 2
Gatien is not getting out of the penalty box
Question was incorrectly answered
Gatien was sent to the penalty box
Gatien is the current player
They have rolled a 2
Gatien is not getting out of the penalty box
Question was incorrectly answered
Gatien was sent to the penalty box
Gatien is the current player
They have rolled a 2
Gatien is not getting out of the penalty box
Question was incorrectly answered
Gatien was sent to the penalty box
Gatien is the current player
They have rolled a 2
Gatien is not getting out of the penalty box
Question was incorrectly answered
Gatien was sent to the penalty box
Gatien is the current player
They have rolled a 2
Gatien is not getting out of the penalty box
Question was incorrectly answered
Gatien was sent to the penalty box
Gatien is the current player
They have rolled a 2
Gatien is not getting out of the penalty box
Question was incorrectly answered
Gatien was sent to the penalty box
Gatien is the current player
They have rolled a 2
Gatien is not getting out of the penalty box
Question was incorrectly answered
Gatien was sent to the penalty box
Gatien is the current player
They have rolled a 2
Gatien is not getting out of the penalty box
Question was incorrectly answered
Gatien was sent to the penalty box
Gatien is the current player
They have rolled a 2
Gatien is not getting out of the penalty box
Question was incorrectly answered
Gatien was sent to the penalty box
Gatien is the current player
They have rolled a 2
Gatien is not getting out of the penalty box
Question was incorrectly answered
Gatien was sent to the penalty box
Gatien is the current player
They have rolled a 2
Gatien is not getting out of the penalty box
Question was incorrectly answered
Gatien was sent to the penalty box
Gatien is the current player
They have rolled a 2
Gatien is not getting out of the penalty box
Question was incorrectly answered
Gatien was sent to the penalty box
Gatien is the current player
They have rolled a 2
Gatien is not getting out of the penalty box
Question was incorrectly answered
Gatien was sent to the penalty box
Gatien is the current player
They have rolled a 2
Gatien is not getting out of the penalty box
Question was incorrectly answered
Gatien was sent to the penalty box
Gatien is the current player
They have rolled a 2
Gatien is not getting out of the penalty box
Question was incorrectly answered
Gatien was sent to the penalty box
Gatien is the current player
They have rolled a 2
Gatien is not getting out of the penalty box
Question was incorrectly answered
Gatien was sent to the penalty box
Gatien is the current player
They have rolled a 2
Gatien is not getting out of the penalty box
Question was incorrectly answered
Gatien was sent to the penalty box
Gatien is the current player
They have rolled a 2
Gatien is not getting out of the penalty box
Question was incorrectly answered
Gatien was sent to the penalty box
Gatien is the current player
They have rolled a 2
Gatien is not getting out of the penalty box
Question was incorrectly answered
Gatien was sent to the penalty box
Gatien is the current player
They have rolled a 2
Gatien is not getting out of the penalty box
Question was incorrectly answered
Gatien was sent to the penalty box
Gatien is the current player
They have rolled a 2
Gatien is not getting out of the penalty box
Question was incorrectly answered
Gatien was sent to the penalty box
]]></system-out>
  <system-err><![CDATA[]]></system-err>
</testsuite>
