<?xml version="1.0" encoding="UTF-8"?>
<testsuite name="com.adaptionsoft.games.trivia.SomeTest" tests="1" skipped="0" failures="0" errors="0" timestamp="2023-03-17T11:06:53" hostname="MacBook-Pro-de-Clement.local" time="0.018">
  <properties/>
  <testcase name="player doesn't want to answer the question and leave the game()" classname="com.adaptionsoft.games.trivia.SomeTest" time="0.018"/>
  <system-out><![CDATA[Louis was added
They are player number 1
Gatien was added
They are player number 2
Louis is the current player
They have rolled a 2
Louis's new location is 2
The category is SPORT
Sports Question 0
Answer was corrent!!!!
Louis now has 1 Gold Coins.
Gatien is the current player
They have rolled a 4
Gatien's new location is 4
The category is POP
Gatien doesn't want to answer and left the game
Louis is the current player
They have rolled a 5
Louis's new location is 7
The category is ROCK
Rock Question 0
Answer was corrent!!!!
Louis now has 2 Gold Coins.
Louis is the current player
They have rolled a 2
Louis's new location is 9
The category is SCIENCE
Science Question 0
Answer was corrent!!!!
Louis now has 3 Gold Coins.
Louis is the current player
They have rolled a 4
Louis's new location is 1
The category is SCIENCE
Science Question 1
Answer was corrent!!!!
Louis now has 4 Gold Coins.
Louis is the current player
They have rolled a 4
Louis's new location is 5
The category is SCIENCE
Science Question 2
Answer was corrent!!!!
Louis now has 5 Gold Coins.
Louis is the current player
They have rolled a 3
Louis's new location is 8
The category is POP
Pop Question 0
Answer was corrent!!!!
Louis now has 6 Gold Coins.
]]></system-out>
  <system-err><![CDATA[]]></system-err>
</testsuite>
